<?xml version="1.0" encoding="UTF-8"?>
<coverage generated="1764092326378" clover="3.2.0">
  <project timestamp="1764092326378" name="All files">
    <metrics statements="12294" coveredstatements="1027" conditionals="9630" coveredconditionals="655" methods="2850" coveredmethods="235" elements="24774" coveredelements="1917" complexity="0" loc="12294" ncloc="12294" packages="37" files="129" classes="129"/>
    <package name="scripts">
      <metrics statements="37" coveredstatements="21" conditionals="12" coveredconditionals="7" methods="10" coveredmethods="6"/>
      <file name="main.js" path="/home/mpb/Documents/GitHub/mpbarbosa_site/src/scripts/main.js">
        <metrics statements="14" coveredstatements="0" conditionals="2" coveredconditionals="0" methods="4" coveredmethods="0"/>
        <line num="4" count="0" type="stmt"/>
        <line num="6" count="0" type="stmt"/>
        <line num="7" count="0" type="stmt"/>
        <line num="8" count="0" type="stmt"/>
        <line num="9" count="0" type="stmt"/>
        <line num="10" count="0" type="stmt"/>
        <line num="11" count="0" type="stmt"/>
        <line num="12" count="0" type="stmt"/>
        <line num="17" count="0" type="stmt"/>
        <line num="18" count="0" type="cond" truecount="0" falsecount="2"/>
        <line num="19" count="0" type="stmt"/>
        <line num="20" count="0" type="stmt"/>
        <line num="22" count="0" type="stmt"/>
        <line num="23" count="0" type="stmt"/>
      </file>
      <file name="main.mjs" path="/home/mpb/Documents/GitHub/mpbarbosa_site/src/scripts/main.mjs">
        <metrics statements="23" coveredstatements="21" conditionals="10" coveredconditionals="7" methods="6" coveredmethods="6"/>
        <line num="7" count="22" type="stmt"/>
        <line num="8" count="22" type="stmt"/>
        <line num="9" count="153" type="stmt"/>
        <line num="10" count="47" type="stmt"/>
        <line num="11" count="47" type="stmt"/>
        <line num="12" count="47" type="stmt"/>
        <line num="13" count="47" type="cond" truecount="2" falsecount="0"/>
        <line num="14" count="45" type="stmt"/>
        <line num="18" count="22" type="stmt"/>
        <line num="25" count="15" type="stmt"/>
        <line num="26" count="15" type="cond" truecount="2" falsecount="0"/>
        <line num="27" count="10" type="stmt"/>
        <line num="28" count="9" type="stmt"/>
        <line num="30" count="9" type="stmt"/>
        <line num="31" count="9" type="stmt"/>
        <line num="33" count="10" type="stmt"/>
        <line num="35" count="5" type="stmt"/>
        <line num="42" count="4" type="stmt"/>
        <line num="43" count="4" type="stmt"/>
        <line num="47" count="1" type="cond" truecount="3" falsecount="1"/>
        <line num="48" count="1" type="stmt"/>
        <line num="49" count="0" type="cond" truecount="0" falsecount="2"/>
        <line num="50" count="0" type="stmt"/>
      </file>
    </package>
    <package name="scripts.initialization">
      <metrics statements="207" coveredstatements="0" conditionals="146" coveredconditionals="0" methods="92" coveredmethods="0"/>
      <file name="InitializationUtilities.js" path="/home/mpb/Documents/GitHub/mpbarbosa_site/src/scripts/initialization/InitializationUtilities.js">
        <metrics statements="207" coveredstatements="0" conditionals="146" coveredconditionals="0" methods="92" coveredmethods="0"/>
        <line num="33" count="0" type="stmt"/>
        <line num="37" count="0" type="cond" truecount="0" falsecount="4"/>
        <line num="39" count="0" type="stmt"/>
        <line num="40" count="0" type="cond" truecount="0" falsecount="4"/>
        <line num="42" count="0" type="stmt"/>
        <line num="45" count="0" type="stmt"/>
        <line num="71" count="0" type="stmt"/>
        <line num="72" count="0" type="stmt"/>
        <line num="85" count="0" type="cond" truecount="0" falsecount="2"/>
        <line num="86" count="0" type="stmt"/>
        <line num="87" count="0" type="stmt"/>
        <line num="88" count="0" type="cond" truecount="0" falsecount="2"/>
        <line num="89" count="0" type="cond" truecount="0" falsecount="2"/>
        <line num="92" count="0" type="cond" truecount="0" falsecount="2"/>
        <line num="93" count="0" type="cond" truecount="0" falsecount="2"/>
        <line num="94" count="0" type="cond" truecount="0" falsecount="2"/>
        <line num="97" count="0" type="stmt"/>
        <line num="99" count="0" type="stmt"/>
        <line num="120" count="0" type="stmt"/>
        <line num="121" count="0" type="stmt"/>
        <line num="129" count="0" type="cond" truecount="0" falsecount="2"/>
        <line num="131" count="0" type="stmt"/>
        <line num="132" count="0" type="cond" truecount="0" falsecount="3"/>
        <line num="137" count="0" type="cond" truecount="0" falsecount="2"/>
        <line num="141" count="0" type="stmt"/>
        <line num="142" count="0" type="cond" truecount="0" falsecount="3"/>
        <line num="147" count="0" type="cond" truecount="0" falsecount="2"/>
        <line num="148" count="0" type="cond" truecount="0" falsecount="2"/>
        <line num="149" count="0" type="cond" truecount="0" falsecount="2"/>
        <line num="150" count="0" type="cond" truecount="0" falsecount="2"/>
        <line num="151" count="0" type="cond" truecount="0" falsecount="2"/>
        <line num="154" count="0" type="stmt"/>
        <line num="156" count="0" type="stmt"/>
        <line num="158" count="0" type="stmt"/>
        <line num="174" count="0" type="stmt"/>
        <line num="175" count="0" type="stmt"/>
        <line num="187" count="0" type="cond" truecount="0" falsecount="2"/>
        <line num="188" count="0" type="stmt"/>
        <line num="189" count="0" type="stmt"/>
        <line num="190" count="0" type="stmt"/>
        <line num="191" count="0" type="stmt"/>
        <line num="192" count="0" type="stmt"/>
        <line num="193" count="0" type="stmt"/>
        <line num="194" count="0" type="stmt"/>
        <line num="195" count="0" type="cond" truecount="0" falsecount="2"/>
        <line num="199" count="0" type="stmt"/>
        <line num="201" count="0" type="stmt"/>
        <line num="226" count="0" type="stmt"/>
        <line num="228" count="0" type="cond" truecount="0" falsecount="4"/>
        <line num="229" count="0" type="stmt"/>
        <line num="232" count="0" type="cond" truecount="0" falsecount="4"/>
        <line num="233" count="0" type="stmt"/>
        <line num="236" count="0" type="cond" truecount="0" falsecount="2"/>
        <line num="237" count="0" type="stmt"/>
        <line num="238" count="0" type="stmt"/>
        <line num="245" count="0" type="stmt"/>
        <line num="246" count="0" type="cond" truecount="0" falsecount="2"/>
        <line num="247" count="0" type="stmt"/>
        <line num="248" count="0" type="stmt"/>
        <line num="249" count="0" type="cond" truecount="0" falsecount="2"/>
        <line num="250" count="0" type="cond" truecount="0" falsecount="2"/>
        <line num="251" count="0" type="cond" truecount="0" falsecount="2"/>
        <line num="252" count="0" type="stmt"/>
        <line num="253" count="0" type="stmt"/>
        <line num="256" count="0" type="stmt"/>
        <line num="257" count="0" type="stmt"/>
        <line num="258" count="0" type="stmt"/>
        <line num="259" count="0" type="stmt"/>
        <line num="260" count="0" type="stmt"/>
        <line num="261" count="0" type="stmt"/>
        <line num="262" count="0" type="stmt"/>
        <line num="263" count="0" type="stmt"/>
        <line num="264" count="0" type="stmt"/>
        <line num="265" count="0" type="stmt"/>
        <line num="275" count="0" type="stmt"/>
        <line num="277" count="0" type="cond" truecount="0" falsecount="4"/>
        <line num="278" count="0" type="stmt"/>
        <line num="281" count="0" type="cond" truecount="0" falsecount="4"/>
        <line num="282" count="0" type="stmt"/>
        <line num="285" count="0" type="cond" truecount="0" falsecount="2"/>
        <line num="286" count="0" type="stmt"/>
        <line num="287" count="0" type="stmt"/>
        <line num="294" count="0" type="stmt"/>
        <line num="295" count="0" type="cond" truecount="0" falsecount="2"/>
        <line num="296" count="0" type="cond" truecount="0" falsecount="2"/>
        <line num="297" count="0" type="cond" truecount="0" falsecount="2"/>
        <line num="298" count="0" type="cond" truecount="0" falsecount="2"/>
        <line num="299" count="0" type="cond" truecount="0" falsecount="2"/>
        <line num="300" count="0" type="cond" truecount="0" falsecount="2"/>
        <line num="301" count="0" type="cond" truecount="0" falsecount="2"/>
        <line num="302" count="0" type="cond" truecount="0" falsecount="2"/>
        <line num="303" count="0" type="cond" truecount="0" falsecount="2"/>
        <line num="304" count="0" type="cond" truecount="0" falsecount="2"/>
        <line num="307" count="0" type="stmt"/>
        <line num="308" count="0" type="stmt"/>
        <line num="309" count="0" type="stmt"/>
        <line num="310" count="0" type="stmt"/>
        <line num="311" count="0" type="stmt"/>
        <line num="312" count="0" type="stmt"/>
        <line num="313" count="0" type="stmt"/>
        <line num="314" count="0" type="stmt"/>
        <line num="315" count="0" type="stmt"/>
        <line num="316" count="0" type="stmt"/>
        <line num="317" count="0" type="stmt"/>
        <line num="318" count="0" type="stmt"/>
        <line num="328" count="0" type="stmt"/>
        <line num="330" count="0" type="cond" truecount="0" falsecount="4"/>
        <line num="331" count="0" type="stmt"/>
        <line num="334" count="0" type="cond" truecount="0" falsecount="4"/>
        <line num="335" count="0" type="stmt"/>
        <line num="338" count="0" type="cond" truecount="0" falsecount="2"/>
        <line num="339" count="0" type="stmt"/>
        <line num="340" count="0" type="stmt"/>
        <line num="347" count="0" type="stmt"/>
        <line num="348" count="0" type="stmt"/>
        <line num="349" count="0" type="stmt"/>
        <line num="350" count="0" type="stmt"/>
        <line num="351" count="0" type="stmt"/>
        <line num="352" count="0" type="stmt"/>
        <line num="353" count="0" type="stmt"/>
        <line num="354" count="0" type="stmt"/>
        <line num="357" count="0" type="stmt"/>
        <line num="358" count="0" type="stmt"/>
        <line num="359" count="0" type="stmt"/>
        <line num="360" count="0" type="stmt"/>
        <line num="361" count="0" type="stmt"/>
        <line num="362" count="0" type="stmt"/>
        <line num="363" count="0" type="stmt"/>
        <line num="364" count="0" type="stmt"/>
        <line num="365" count="0" type="stmt"/>
        <line num="375" count="0" type="stmt"/>
        <line num="377" count="0" type="cond" truecount="0" falsecount="4"/>
        <line num="378" count="0" type="stmt"/>
        <line num="381" count="0" type="cond" truecount="0" falsecount="4"/>
        <line num="382" count="0" type="stmt"/>
        <line num="385" count="0" type="cond" truecount="0" falsecount="2"/>
        <line num="386" count="0" type="stmt"/>
        <line num="387" count="0" type="stmt"/>
        <line num="394" count="0" type="stmt"/>
        <line num="396" count="0" type="stmt"/>
        <line num="400" count="0" type="stmt"/>
        <line num="404" count="0" type="stmt"/>
        <line num="408" count="0" type="stmt"/>
        <line num="412" count="0" type="stmt"/>
        <line num="416" count="0" type="stmt"/>
        <line num="420" count="0" type="stmt"/>
        <line num="424" count="0" type="stmt"/>
        <line num="428" count="0" type="stmt"/>
        <line num="430" count="0" type="stmt"/>
        <line num="431" count="0" type="stmt"/>
        <line num="433" count="0" type="stmt"/>
        <line num="434" count="0" type="stmt"/>
        <line num="435" count="0" type="stmt"/>
        <line num="436" count="0" type="stmt"/>
        <line num="437" count="0" type="stmt"/>
        <line num="438" count="0" type="stmt"/>
        <line num="439" count="0" type="stmt"/>
        <line num="454" count="0" type="stmt"/>
        <line num="455" count="0" type="stmt"/>
        <line num="487" count="0" type="stmt"/>
        <line num="488" count="0" type="stmt"/>
        <line num="490" count="0" type="stmt"/>
        <line num="492" count="0" type="stmt"/>
        <line num="493" count="0" type="stmt"/>
        <line num="502" count="0" type="stmt"/>
        <line num="503" count="0" type="stmt"/>
        <line num="545" count="0" type="stmt"/>
        <line num="546" count="0" type="stmt"/>
        <line num="548" count="0" type="stmt"/>
        <line num="550" count="0" type="stmt"/>
        <line num="551" count="0" type="stmt"/>
        <line num="560" count="0" type="stmt"/>
        <line num="561" count="0" type="stmt"/>
        <line num="602" count="0" type="stmt"/>
        <line num="603" count="0" type="stmt"/>
        <line num="605" count="0" type="stmt"/>
        <line num="607" count="0" type="stmt"/>
        <line num="608" count="0" type="stmt"/>
        <line num="617" count="0" type="stmt"/>
        <line num="658" count="0" type="stmt"/>
        <line num="659" count="0" type="cond" truecount="0" falsecount="4"/>
        <line num="660" count="0" type="stmt"/>
        <line num="662" count="0" type="stmt"/>
        <line num="665" count="0" type="stmt"/>
        <line num="674" count="0" type="stmt"/>
        <line num="675" count="0" type="stmt"/>
        <line num="680" count="0" type="stmt"/>
        <line num="681" count="0" type="cond" truecount="0" falsecount="4"/>
        <line num="682" count="0" type="stmt"/>
        <line num="684" count="0" type="stmt"/>
        <line num="691" count="0" type="stmt"/>
        <line num="692" count="0" type="cond" truecount="0" falsecount="4"/>
        <line num="693" count="0" type="stmt"/>
        <line num="695" count="0" type="stmt"/>
        <line num="696" count="0" type="stmt"/>
        <line num="697" count="0" type="cond" truecount="0" falsecount="4"/>
        <line num="698" count="0" type="stmt"/>
        <line num="706" count="0" type="stmt"/>
        <line num="707" count="0" type="cond" truecount="0" falsecount="4"/>
        <line num="708" count="0" type="stmt"/>
        <line num="710" count="0" type="stmt"/>
        <line num="716" count="0" type="stmt"/>
        <line num="721" count="0" type="stmt"/>
        <line num="723" count="0" type="stmt"/>
        <line num="726" count="0" type="stmt"/>
        <line num="736" count="0" type="stmt"/>
        <line num="761" count="0" type="stmt"/>
      </file>
    </package>
    <package name="submodules.guia_turistico.src.libs.guia_js.src">
      <metrics statements="102" coveredstatements="83" conditionals="44" coveredconditionals="29" methods="15" coveredmethods="8"/>
      <file name="guia.js" path="/home/mpb/Documents/GitHub/mpbarbosa_site/src/submodules/guia_turistico/src/libs/guia_js/src/guia.js">
        <metrics statements="101" coveredstatements="82" conditionals="44" coveredconditionals="29" methods="14" coveredmethods="7"/>
        <line num="56" count="58" type="stmt"/>
        <line num="58" count="58" type="stmt"/>
        <line num="59" count="58" type="stmt"/>
        <line num="60" count="58" type="cond" truecount="2" falsecount="0"/>
        <line num="62" count="14" type="cond" truecount="1" falsecount="1"/>
        <line num="63" count="0" type="stmt"/>
        <line num="69" count="58" type="stmt"/>
        <line num="70" count="102" type="stmt"/>
        <line num="71" count="102" type="cond" truecount="2" falsecount="0"/>
        <line num="72" count="58" type="stmt"/>
        <line num="73" count="58" type="cond" truecount="1" falsecount="1"/>
        <line num="74" count="0" type="stmt"/>
        <line num="82" count="58" type="stmt"/>
        <line num="83" count="58" type="stmt"/>
        <line num="85" count="58" type="cond" truecount="2" falsecount="0"/>
        <line num="86" count="18" type="stmt"/>
        <line num="89" count="40" type="stmt"/>
        <line num="90" count="40" type="stmt"/>
        <line num="91" count="40" type="stmt"/>
        <line num="94" count="0" type="cond" truecount="0" falsecount="4"/>
        <line num="95" count="0" type="stmt"/>
        <line num="97" count="0" type="stmt"/>
        <line num="98" count="0" type="stmt"/>
        <line num="99" count="0" type="stmt"/>
        <line num="101" count="58" type="stmt"/>
        <line num="103" count="58" type="stmt"/>
        <line num="105" count="44" type="stmt"/>
        <line num="106" count="44" type="stmt"/>
        <line num="110" count="0" type="stmt"/>
        <line num="113" count="58" type="stmt"/>
        <line num="118" count="58" type="cond" truecount="2" falsecount="0"/>
        <line num="119" count="40" type="stmt"/>
        <line num="121" count="40" type="stmt"/>
        <line num="122" count="40" type="stmt"/>
        <line num="125" count="40" type="stmt"/>
        <line num="126" count="40" type="cond" truecount="1" falsecount="1"/>
        <line num="127" count="40" type="stmt"/>
        <line num="133" count="58" type="stmt"/>
        <line num="134" count="58" type="stmt"/>
        <line num="135" count="58" type="stmt"/>
        <line num="136" count="58" type="stmt"/>
        <line num="138" count="58" type="stmt"/>
        <line num="139" count="0" type="stmt"/>
        <line num="146" count="58" type="cond" truecount="2" falsecount="0"/>
        <line num="147" count="56" type="stmt"/>
        <line num="148" count="56" type="cond" truecount="2" falsecount="0"/>
        <line num="151" count="56" type="cond" truecount="2" falsecount="0"/>
        <line num="152" count="56" type="stmt"/>
        <line num="155" count="2" type="stmt"/>
        <line num="159" count="58" type="stmt"/>
        <line num="272" count="0" type="stmt"/>
        <line num="275" count="0" type="stmt"/>
        <line num="279" count="0" type="stmt"/>
        <line num="281" count="0" type="cond" truecount="0" falsecount="2"/>
        <line num="282" count="0" type="stmt"/>
        <line num="283" count="0" type="stmt"/>
        <line num="293" count="0" type="stmt"/>
        <line num="311" count="3" type="cond" truecount="5" falsecount="0"/>
        <line num="312" count="1" type="stmt"/>
        <line num="315" count="2" type="stmt"/>
        <line num="316" count="2" type="stmt"/>
        <line num="319" count="2" type="cond" truecount="2" falsecount="0"/>
        <line num="320" count="1" type="stmt"/>
        <line num="324" count="1" type="cond" truecount="3" falsecount="1"/>
        <line num="326" count="0" type="stmt"/>
        <line num="330" count="1" type="stmt"/>
        <line num="345" count="0" type="stmt"/>
        <line num="360" count="0" type="stmt"/>
        <line num="403" count="58" type="cond" truecount="2" falsecount="0"/>
        <line num="404" count="40" type="stmt"/>
        <line num="405" count="40" type="stmt"/>
        <line num="406" count="40" type="stmt"/>
        <line num="407" count="40" type="stmt"/>
        <line num="408" count="40" type="stmt"/>
        <line num="409" count="40" type="stmt"/>
        <line num="410" count="40" type="stmt"/>
        <line num="411" count="40" type="stmt"/>
        <line num="412" count="40" type="stmt"/>
        <line num="413" count="40" type="stmt"/>
        <line num="414" count="40" type="stmt"/>
        <line num="415" count="40" type="stmt"/>
        <line num="416" count="40" type="stmt"/>
        <line num="417" count="40" type="stmt"/>
        <line num="418" count="40" type="stmt"/>
        <line num="419" count="40" type="stmt"/>
        <line num="420" count="40" type="stmt"/>
        <line num="421" count="40" type="stmt"/>
        <line num="422" count="40" type="stmt"/>
        <line num="423" count="40" type="stmt"/>
        <line num="424" count="40" type="stmt"/>
        <line num="425" count="40" type="stmt"/>
        <line num="426" count="40" type="stmt"/>
        <line num="427" count="40" type="stmt"/>
        <line num="428" count="40" type="stmt"/>
        <line num="429" count="40" type="stmt"/>
        <line num="430" count="40" type="stmt"/>
        <line num="431" count="40" type="stmt"/>
        <line num="432" count="40" type="stmt"/>
        <line num="433" count="40" type="stmt"/>
        <line num="434" count="40" type="stmt"/>
        <line num="435" count="40" type="stmt"/>
      </file>
      <file name="guia_ibge.js" path="/home/mpb/Documents/GitHub/mpbarbosa_site/src/submodules/guia_turistico/src/libs/guia_js/src/guia_ibge.js">
        <metrics statements="1" coveredstatements="1" conditionals="0" coveredconditionals="0" methods="1" coveredmethods="1"/>
        <line num="2" count="5" type="stmt"/>
      </file>
    </package>
    <package name="submodules.guia_turistico.src.libs.guia_js.src.config">
      <metrics statements="14" coveredstatements="14" conditionals="0" coveredconditionals="0" methods="2" coveredmethods="2"/>
      <file name="defaults.js" path="/home/mpb/Documents/GitHub/mpbarbosa_site/src/submodules/guia_turistico/src/libs/guia_js/src/config/defaults.js">
        <metrics statements="14" coveredstatements="14" conditionals="0" coveredconditionals="0" methods="2" coveredmethods="2"/>
        <line num="13" count="59" type="stmt"/>
        <line num="19" count="58" type="stmt"/>
        <line num="23" count="59" type="stmt"/>
        <line num="24" count="59" type="stmt"/>
        <line num="28" count="59" type="stmt"/>
        <line num="31" count="59" type="stmt"/>
        <line num="34" count="59" type="stmt"/>
        <line num="38" count="59" type="stmt"/>
        <line num="41" count="59" type="stmt"/>
        <line num="50" count="59" type="stmt"/>
        <line num="57" count="59" type="stmt"/>
        <line num="64" count="59" type="stmt"/>
        <line num="72" count="59" type="stmt"/>
        <line num="83" count="117" type="stmt"/>
      </file>
    </package>
    <package name="submodules.guia_turistico.src.libs.guia_js.src.coordination">
      <metrics statements="141" coveredstatements="74" conditionals="71" coveredconditionals="36" methods="41" coveredmethods="18"/>
      <file name="WebGeocodingManager.js" path="/home/mpb/Documents/GitHub/mpbarbosa_site/src/submodules/guia_turistico/src/libs/guia_js/src/coordination/WebGeocodingManager.js">
        <metrics statements="141" coveredstatements="74" conditionals="71" coveredconditionals="36" methods="41" coveredmethods="18"/>
        <line num="114" count="58" type="stmt"/>
        <line num="133" count="58" type="stmt"/>
        <line num="134" count="58" type="stmt"/>
        <line num="204" count="0" type="cond" truecount="0" falsecount="4"/>
        <line num="205" count="0" type="stmt"/>
        <line num="206" count="0" type="stmt"/>
        <line num="208" count="0" type="stmt"/>
        <line num="210" count="0" type="stmt"/>
        <line num="274" count="44" type="cond" truecount="1" falsecount="1"/>
        <line num="275" count="0" type="stmt"/>
        <line num="277" count="44" type="cond" truecount="3" falsecount="1"/>
        <line num="278" count="0" type="stmt"/>
        <line num="282" count="44" type="stmt"/>
        <line num="283" count="44" type="stmt"/>
        <line num="284" count="44" type="cond" truecount="2" falsecount="0"/>
        <line num="285" count="44" type="cond" truecount="2" falsecount="0"/>
        <line num="288" count="44" type="cond" truecount="2" falsecount="0"/>
        <line num="289" count="44" type="stmt"/>
        <line num="292" count="44" type="cond" truecount="2" falsecount="0"/>
        <line num="295" count="44" type="stmt"/>
        <line num="298" count="44" type="stmt"/>
        <line num="299" count="44" type="stmt"/>
        <line num="302" count="44" type="stmt"/>
        <line num="305" count="44" type="cond" truecount="2" falsecount="0"/>
        <line num="309" count="44" type="stmt"/>
        <line num="312" count="44" type="stmt"/>
        <line num="318" count="44" type="stmt"/>
        <line num="319" count="44" type="stmt"/>
        <line num="320" count="44" type="stmt"/>
        <line num="330" count="44" type="stmt"/>
        <line num="333" count="44" type="cond" truecount="3" falsecount="2"/>
        <line num="337" count="44" type="cond" truecount="1" falsecount="1"/>
        <line num="338" count="44" type="stmt"/>
        <line num="339" count="44" type="stmt"/>
        <line num="347" count="44" type="stmt"/>
        <line num="349" count="0" type="stmt"/>
        <line num="350" count="0" type="stmt"/>
        <line num="353" count="0" type="stmt"/>
        <line num="357" count="44" type="cond" truecount="2" falsecount="0"/>
        <line num="372" count="44" type="stmt"/>
        <line num="375" count="44" type="stmt"/>
        <line num="379" count="44" type="stmt"/>
        <line num="398" count="44" type="stmt"/>
        <line num="399" count="44" type="stmt"/>
        <line num="421" count="44" type="stmt"/>
        <line num="422" count="44" type="stmt"/>
        <line num="423" count="44" type="stmt"/>
        <line num="431" count="44" type="stmt"/>
        <line num="432" count="44" type="cond" truecount="2" falsecount="0"/>
        <line num="433" count="6" type="stmt"/>
        <line num="434" count="6" type="stmt"/>
        <line num="436" count="38" type="stmt"/>
        <line num="445" count="44" type="stmt"/>
        <line num="446" count="44" type="stmt"/>
        <line num="454" count="44" type="stmt"/>
        <line num="455" count="44" type="cond" truecount="2" falsecount="0"/>
        <line num="456" count="5" type="stmt"/>
        <line num="457" count="0" type="stmt"/>
        <line num="460" count="39" type="stmt"/>
        <line num="469" count="0" type="cond" truecount="0" falsecount="2"/>
        <line num="471" count="0" type="cond" truecount="0" falsecount="4"/>
        <line num="472" count="0" type="stmt"/>
        <line num="478" count="0" type="stmt"/>
        <line num="481" count="0" type="stmt"/>
        <line num="490" count="44" type="stmt"/>
        <line num="491" count="44" type="cond" truecount="2" falsecount="0"/>
        <line num="492" count="5" type="stmt"/>
        <line num="493" count="0" type="stmt"/>
        <line num="496" count="39" type="stmt"/>
        <line num="505" count="0" type="cond" truecount="0" falsecount="2"/>
        <line num="507" count="0" type="cond" truecount="0" falsecount="4"/>
        <line num="508" count="0" type="stmt"/>
        <line num="514" count="0" type="stmt"/>
        <line num="517" count="0" type="stmt"/>
        <line num="526" count="44" type="stmt"/>
        <line num="527" count="44" type="cond" truecount="2" falsecount="0"/>
        <line num="528" count="5" type="stmt"/>
        <line num="529" count="5" type="stmt"/>
        <line num="530" count="5" type="stmt"/>
        <line num="531" count="5" type="stmt"/>
        <line num="533" count="39" type="stmt"/>
        <line num="543" count="0" type="stmt"/>
        <line num="544" count="0" type="stmt"/>
        <line num="557" count="4" type="stmt"/>
        <line num="570" count="4" type="stmt"/>
        <line num="592" count="4" type="cond" truecount="2" falsecount="0"/>
        <line num="593" count="2" type="stmt"/>
        <line num="594" count="2" type="stmt"/>
        <line num="596" count="2" type="stmt"/>
        <line num="606" count="1" type="stmt"/>
        <line num="618" count="0" type="stmt"/>
        <line num="640" count="3" type="cond" truecount="2" falsecount="0"/>
        <line num="641" count="1" type="stmt"/>
        <line num="642" count="1" type="stmt"/>
        <line num="644" count="2" type="stmt"/>
        <line num="645" count="2" type="stmt"/>
        <line num="655" count="1" type="stmt"/>
        <line num="667" count="1" type="stmt"/>
        <line num="683" count="0" type="stmt"/>
        <line num="687" count="0" type="stmt"/>
        <line num="688" count="0" type="stmt"/>
        <line num="689" count="0" type="stmt"/>
        <line num="709" count="0" type="cond" truecount="0" falsecount="2"/>
        <line num="712" count="0" type="stmt"/>
        <line num="719" count="0" type="stmt"/>
        <line num="720" count="0" type="stmt"/>
        <line num="721" count="0" type="stmt"/>
        <line num="723" count="0" type="stmt"/>
        <line num="748" count="0" type="stmt"/>
        <line num="751" count="0" type="cond" truecount="0" falsecount="4"/>
        <line num="752" count="0" type="stmt"/>
        <line num="753" count="0" type="stmt"/>
        <line num="754" count="0" type="stmt"/>
        <line num="755" count="0" type="stmt"/>
        <line num="756" count="0" type="stmt"/>
        <line num="757" count="0" type="stmt"/>
        <line num="759" count="0" type="stmt"/>
        <line num="763" count="0" type="cond" truecount="0" falsecount="2"/>
        <line num="764" count="0" type="stmt"/>
        <line num="765" count="0" type="stmt"/>
        <line num="767" count="0" type="stmt"/>
        <line num="768" count="0" type="stmt"/>
        <line num="772" count="0" type="stmt"/>
        <line num="799" count="0" type="stmt"/>
        <line num="804" count="0" type="stmt"/>
        <line num="808" count="0" type="stmt"/>
        <line num="811" count="0" type="stmt"/>
        <line num="822" count="0" type="stmt"/>
        <line num="833" count="0" type="stmt"/>
        <line num="844" count="0" type="stmt"/>
        <line num="855" count="0" type="stmt"/>
        <line num="866" count="0" type="stmt"/>
        <line num="877" count="0" type="stmt"/>
        <line num="888" count="0" type="stmt"/>
        <line num="891" count="0" type="stmt"/>
        <line num="895" count="0" type="stmt"/>
        <line num="897" count="0" type="cond" truecount="0" falsecount="2"/>
        <line num="898" count="0" type="stmt"/>
        <line num="899" count="0" type="stmt"/>
        <line num="909" count="0" type="stmt"/>
        <line num="926" count="4" type="cond" truecount="4" falsecount="0"/>
      </file>
    </package>
    <package name="submodules.guia_turistico.src.libs.guia_js.src.core">
      <metrics statements="113" coveredstatements="95" conditionals="67" coveredconditionals="57" methods="36" coveredmethods="28"/>
      <file name="GeoPosition.js" path="/home/mpb/Documents/GitHub/mpbarbosa_site/src/submodules/guia_turistico/src/libs/guia_js/src/core/GeoPosition.js">
        <metrics statements="27" coveredstatements="26" conditionals="18" coveredconditionals="17" methods="5" coveredmethods="4"/>
        <line num="23" count="65" type="cond" truecount="2" falsecount="0"/>
        <line num="24" count="65" type="cond" truecount="2" falsecount="0"/>
        <line num="25" count="65" type="cond" truecount="1" falsecount="1"/>
        <line num="26" count="65" type="stmt"/>
        <line num="27" count="65" type="stmt"/>
        <line num="28" count="65" type="stmt"/>
        <line num="29" count="65" type="stmt"/>
        <line num="32" count="65" type="stmt"/>
        <line num="33" count="65" type="stmt"/>
        <line num="34" count="65" type="stmt"/>
        <line num="35" count="65" type="stmt"/>
        <line num="36" count="65" type="stmt"/>
        <line num="37" count="65" type="stmt"/>
        <line num="69" count="80" type="cond" truecount="2" falsecount="0"/>
        <line num="70" count="25" type="stmt"/>
        <line num="71" count="55" type="cond" truecount="2" falsecount="0"/>
        <line num="72" count="32" type="stmt"/>
        <line num="73" count="23" type="cond" truecount="2" falsecount="0"/>
        <line num="74" count="8" type="stmt"/>
        <line num="75" count="15" type="cond" truecount="2" falsecount="0"/>
        <line num="76" count="6" type="stmt"/>
        <line num="78" count="9" type="stmt"/>
        <line num="98" count="0" type="stmt"/>
        <line num="123" count="7" type="stmt"/>
        <line num="148" count="7" type="cond" truecount="4" falsecount="0"/>
        <line num="149" count="1" type="stmt"/>
        <line num="151" count="6" type="stmt"/>
      </file>
      <file name="ObserverSubject.js" path="/home/mpb/Documents/GitHub/mpbarbosa_site/src/submodules/guia_turistico/src/libs/guia_js/src/core/ObserverSubject.js">
        <metrics statements="21" coveredstatements="21" conditionals="8" coveredconditionals="7" methods="14" coveredmethods="14"/>
        <line num="60" count="290" type="stmt"/>
        <line num="61" count="290" type="stmt"/>
        <line num="92" count="146" type="cond" truecount="2" falsecount="0"/>
        <line num="93" count="142" type="stmt"/>
        <line num="117" count="11" type="stmt"/>
        <line num="131" count="3246" type="stmt"/>
        <line num="132" count="3246" type="stmt"/>
        <line num="133" count="21" type="cond" truecount="2" falsecount="0"/>
        <line num="134" count="20" type="stmt"/>
        <line num="135" count="20" type="stmt"/>
        <line num="156" count="30" type="cond" truecount="2" falsecount="0"/>
        <line num="157" count="28" type="stmt"/>
        <line num="174" count="3" type="stmt"/>
        <line num="175" count="4" type="stmt"/>
        <line num="189" count="150" type="stmt"/>
        <line num="190" count="3" type="cond" truecount="1" falsecount="1"/>
        <line num="191" count="3" type="stmt"/>
        <line num="202" count="11" type="stmt"/>
        <line num="211" count="10" type="stmt"/>
        <line num="220" count="1" type="stmt"/>
        <line num="221" count="1" type="stmt"/>
      </file>
      <file name="PositionManager.js" path="/home/mpb/Documents/GitHub/mpbarbosa_site/src/submodules/guia_turistico/src/libs/guia_js/src/core/PositionManager.js">
        <metrics statements="65" coveredstatements="48" conditionals="41" coveredconditionals="33" methods="17" coveredmethods="10"/>
        <line num="64" count="59" type="stmt"/>
        <line num="71" count="0" type="stmt"/>
        <line num="75" count="59" type="stmt"/>
        <line num="76" count="59" type="stmt"/>
        <line num="77" count="59" type="stmt"/>
        <line num="80" count="0" type="stmt"/>
        <line num="110" count="59" type="stmt"/>
        <line num="118" count="59" type="stmt"/>
        <line num="126" count="59" type="stmt"/>
        <line num="134" count="59" type="stmt"/>
        <line num="166" count="161" type="cond" truecount="2" falsecount="0"/>
        <line num="167" count="8" type="stmt"/>
        <line num="168" count="153" type="cond" truecount="2" falsecount="0"/>
        <line num="169" count="2" type="stmt"/>
        <line num="171" count="161" type="stmt"/>
        <line num="195" count="20" type="stmt"/>
        <line num="196" count="20" type="stmt"/>
        <line num="197" count="20" type="stmt"/>
        <line num="198" count="20" type="cond" truecount="2" falsecount="0"/>
        <line num="199" count="14" type="stmt"/>
        <line num="209" count="14" type="stmt"/>
        <line num="237" count="106" type="stmt"/>
        <line num="255" count="1" type="stmt"/>
        <line num="262" count="2" type="stmt"/>
        <line num="266" count="1" type="stmt"/>
        <line num="270" count="0" type="stmt"/>
        <line num="274" count="0" type="stmt"/>
        <line num="278" count="0" type="stmt"/>
        <line num="282" count="0" type="stmt"/>
        <line num="286" count="0" type="stmt"/>
        <line num="290" count="0" type="stmt"/>
        <line num="302" count="18" type="stmt"/>
        <line num="346" count="17" type="stmt"/>
        <line num="347" count="17" type="stmt"/>
        <line num="350" count="17" type="cond" truecount="3" falsecount="1"/>
        <line num="351" count="0" type="stmt"/>
        <line num="352" count="0" type="stmt"/>
        <line num="356" count="17" type="cond" truecount="1" falsecount="1"/>
        <line num="363" count="0" type="stmt"/>
        <line num="364" count="0" type="stmt"/>
        <line num="365" count="0" type="stmt"/>
        <line num="371" count="17" type="cond" truecount="2" falsecount="0"/>
        <line num="378" count="3" type="stmt"/>
        <line num="384" count="3" type="cond" truecount="2" falsecount="0"/>
        <line num="385" count="2" type="stmt"/>
        <line num="386" count="2" type="stmt"/>
        <line num="387" count="2" type="stmt"/>
        <line num="394" count="17" type="cond" truecount="2" falsecount="0"/>
        <line num="395" count="2" type="stmt"/>
        <line num="396" count="2" type="stmt"/>
        <line num="399" count="15" type="stmt"/>
        <line num="401" count="15" type="cond" truecount="3" falsecount="1"/>
        <line num="402" count="0" type="cond" truecount="0" falsecount="2"/>
        <line num="403" count="0" type="stmt"/>
        <line num="407" count="0" type="stmt"/>
        <line num="408" count="0" type="stmt"/>
        <line num="410" count="15" type="stmt"/>
        <line num="414" count="15" type="stmt"/>
        <line num="415" count="15" type="stmt"/>
        <line num="416" count="15" type="stmt"/>
        <line num="417" count="15" type="stmt"/>
        <line num="436" count="2" type="cond" truecount="2" falsecount="0"/>
        <line num="437" count="2" type="cond" truecount="5" falsecount="0"/>
        <line num="438" count="1" type="stmt"/>
        <line num="440" count="1" type="stmt"/>
      </file>
    </package>
    <package name="submodules.guia_turistico.src.libs.guia_js.src.data">
      <metrics statements="318" coveredstatements="241" conditionals="202" coveredconditionals="180" methods="138" coveredmethods="67"/>
      <file name="AddressCache.js" path="/home/mpb/Documents/GitHub/mpbarbosa_site/src/submodules/guia_turistico/src/libs/guia_js/src/data/AddressCache.js">
        <metrics statements="211" coveredstatements="159" conditionals="115" coveredconditionals="99" methods="86" coveredmethods="40"/>
        <line num="31" count="58" type="stmt"/>
        <line num="44" count="484" type="cond" truecount="2" falsecount="0"/>
        <line num="45" count="11" type="stmt"/>
        <line num="47" count="484" type="stmt"/>
        <line num="61" count="11" type="stmt"/>
        <line num="62" count="11" type="stmt"/>
        <line num="63" count="11" type="stmt"/>
        <line num="64" count="11" type="stmt"/>
        <line num="65" count="11" type="stmt"/>
        <line num="66" count="11" type="stmt"/>
        <line num="67" count="11" type="stmt"/>
        <line num="68" count="11" type="stmt"/>
        <line num="69" count="11" type="stmt"/>
        <line num="70" count="11" type="stmt"/>
        <line num="71" count="11" type="stmt"/>
        <line num="72" count="11" type="stmt"/>
        <line num="73" count="11" type="stmt"/>
        <line num="74" count="11" type="stmt"/>
        <line num="99" count="153" type="cond" truecount="4" falsecount="0"/>
        <line num="100" count="2" type="stmt"/>
        <line num="103" count="151" type="stmt"/>
        <line num="107" count="151" type="stmt"/>
        <line num="117" count="151" type="stmt"/>
        <line num="118" count="906" type="stmt"/>
        <line num="122" count="151" type="cond" truecount="2" falsecount="0"/>
        <line num="131" count="0" type="stmt"/>
        <line num="145" count="122" type="cond" truecount="2" falsecount="0"/>
        <line num="147" count="1" type="stmt"/>
        <line num="148" count="49" type="stmt"/>
        <line num="151" count="1" type="stmt"/>
        <line num="154" count="1" type="cond" truecount="2" falsecount="0"/>
        <line num="155" count="13" type="stmt"/>
        <line num="168" count="128" type="stmt"/>
        <line num="171" count="128" type="stmt"/>
        <line num="172" count="1704" type="stmt"/>
        <line num="173" count="0" type="stmt"/>
        <line num="175" count="128" type="stmt"/>
        <line num="177" count="128" type="cond" truecount="1" falsecount="1"/>
        <line num="178" count="0" type="stmt"/>
        <line num="188" count="1" type="stmt"/>
        <line num="198" count="121" type="stmt"/>
        <line num="199" count="121" type="stmt"/>
        <line num="200" count="121" type="stmt"/>
        <line num="201" count="121" type="stmt"/>
        <line num="202" count="121" type="stmt"/>
        <line num="203" count="121" type="stmt"/>
        <line num="204" count="121" type="stmt"/>
        <line num="205" count="121" type="stmt"/>
        <line num="214" count="120" type="stmt"/>
        <line num="237" count="31" type="stmt"/>
        <line num="246" count="30" type="stmt"/>
        <line num="269" count="33" type="stmt"/>
        <line num="278" count="33" type="stmt"/>
        <line num="301" count="43" type="stmt"/>
        <line num="310" count="43" type="stmt"/>
        <line num="320" count="7" type="stmt"/>
        <line num="329" count="6" type="stmt"/>
        <line num="339" count="4" type="stmt"/>
        <line num="348" count="4" type="stmt"/>
        <line num="358" count="4" type="stmt"/>
        <line num="367" count="4" type="stmt"/>
        <line num="378" count="5" type="cond" truecount="4" falsecount="0"/>
        <line num="379" count="2" type="stmt"/>
        <line num="382" count="3" type="stmt"/>
        <line num="384" count="3" type="cond" truecount="2" falsecount="0"/>
        <line num="385" count="1" type="stmt"/>
        <line num="389" count="2" type="stmt"/>
        <line num="392" count="2" type="cond" truecount="1" falsecount="1"/>
        <line num="393" count="0" type="stmt"/>
        <line num="397" count="2" type="stmt"/>
        <line num="398" count="2" type="stmt"/>
        <line num="407" count="0" type="stmt"/>
        <line num="418" count="23" type="cond" truecount="4" falsecount="0"/>
        <line num="419" count="5" type="stmt"/>
        <line num="422" count="18" type="stmt"/>
        <line num="424" count="18" type="cond" truecount="2" falsecount="0"/>
        <line num="425" count="2" type="stmt"/>
        <line num="429" count="16" type="stmt"/>
        <line num="432" count="16" type="cond" truecount="2" falsecount="0"/>
        <line num="433" count="6" type="stmt"/>
        <line num="437" count="10" type="stmt"/>
        <line num="438" count="10" type="stmt"/>
        <line num="447" count="15" type="stmt"/>
        <line num="458" count="18" type="cond" truecount="4" falsecount="0"/>
        <line num="459" count="6" type="stmt"/>
        <line num="462" count="12" type="stmt"/>
        <line num="464" count="12" type="cond" truecount="2" falsecount="0"/>
        <line num="465" count="3" type="stmt"/>
        <line num="469" count="9" type="stmt"/>
        <line num="472" count="9" type="cond" truecount="2" falsecount="0"/>
        <line num="473" count="1" type="stmt"/>
        <line num="477" count="8" type="stmt"/>
        <line num="478" count="8" type="stmt"/>
        <line num="487" count="9" type="stmt"/>
        <line num="497" count="2" type="cond" truecount="1" falsecount="1"/>
        <line num="498" count="2" type="cond" truecount="1" falsecount="1"/>
        <line num="500" count="2" type="stmt"/>
        <line num="518" count="0" type="stmt"/>
        <line num="528" count="5" type="cond" truecount="1" falsecount="1"/>
        <line num="529" count="5" type="cond" truecount="1" falsecount="1"/>
        <line num="532" count="5" type="stmt"/>
        <line num="533" count="5" type="stmt"/>
        <line num="535" count="5" type="stmt"/>
        <line num="555" count="1" type="stmt"/>
        <line num="568" count="10" type="cond" truecount="3" falsecount="1"/>
        <line num="569" count="0" type="stmt"/>
        <line num="572" count="10" type="stmt"/>
        <line num="573" count="10" type="cond" truecount="1" falsecount="1"/>
        <line num="574" count="10" type="cond" truecount="2" falsecount="0"/>
        <line num="575" count="10" type="cond" truecount="2" falsecount="0"/>
        <line num="578" count="10" type="cond" truecount="5" falsecount="0"/>
        <line num="579" count="1" type="stmt"/>
        <line num="583" count="9" type="cond" truecount="1" falsecount="3"/>
        <line num="593" count="6" type="cond" truecount="1" falsecount="1"/>
        <line num="594" count="6" type="cond" truecount="2" falsecount="0"/>
        <line num="595" count="6" type="cond" truecount="1" falsecount="1"/>
        <line num="596" count="6" type="cond" truecount="1" falsecount="1"/>
        <line num="598" count="6" type="stmt"/>
        <line num="618" count="3" type="stmt"/>
        <line num="632" count="152" type="stmt"/>
        <line num="634" count="152" type="cond" truecount="2" falsecount="0"/>
        <line num="636" count="127" type="stmt"/>
        <line num="639" count="127" type="stmt"/>
        <line num="640" count="127" type="cond" truecount="2" falsecount="0"/>
        <line num="641" count="5" type="stmt"/>
        <line num="642" count="5" type="cond" truecount="1" falsecount="1"/>
        <line num="644" count="5" type="stmt"/>
        <line num="646" count="5" type="stmt"/>
        <line num="647" count="5" type="stmt"/>
        <line num="649" count="5" type="stmt"/>
        <line num="652" count="0" type="stmt"/>
        <line num="658" count="147" type="stmt"/>
        <line num="661" count="147" type="cond" truecount="2" falsecount="0"/>
        <line num="663" count="122" type="stmt"/>
        <line num="665" count="122" type="stmt"/>
        <line num="666" count="122" type="stmt"/>
        <line num="674" count="122" type="stmt"/>
        <line num="675" count="122" type="stmt"/>
        <line num="676" count="122" type="stmt"/>
        <line num="677" count="122" type="stmt"/>
        <line num="681" count="122" type="stmt"/>
        <line num="682" count="122" type="stmt"/>
        <line num="683" count="122" type="stmt"/>
        <line num="687" count="122" type="cond" truecount="4" falsecount="0"/>
        <line num="689" count="2" type="stmt"/>
        <line num="690" count="2" type="stmt"/>
        <line num="691" count="2" type="stmt"/>
        <line num="692" count="2" type="stmt"/>
        <line num="694" count="0" type="stmt"/>
        <line num="703" count="122" type="cond" truecount="4" falsecount="0"/>
        <line num="705" count="4" type="stmt"/>
        <line num="706" count="4" type="stmt"/>
        <line num="707" count="4" type="stmt"/>
        <line num="709" count="0" type="stmt"/>
        <line num="718" count="122" type="cond" truecount="4" falsecount="0"/>
        <line num="720" count="3" type="stmt"/>
        <line num="721" count="3" type="stmt"/>
        <line num="722" count="3" type="stmt"/>
        <line num="724" count="0" type="stmt"/>
        <line num="732" count="147" type="stmt"/>
        <line num="734" count="147" type="stmt"/>
        <line num="738" count="147" type="stmt"/>
        <line num="747" count="152" type="stmt"/>
        <line num="751" count="0" type="stmt"/>
        <line num="764" count="0" type="stmt"/>
        <line num="768" count="0" type="stmt"/>
        <line num="777" count="0" type="stmt"/>
        <line num="781" count="0" type="stmt"/>
        <line num="790" count="0" type="stmt"/>
        <line num="794" count="147" type="stmt"/>
        <line num="803" count="0" type="stmt"/>
        <line num="807" count="294" type="stmt"/>
        <line num="816" count="0" type="stmt"/>
        <line num="820" count="0" type="stmt"/>
        <line num="829" count="0" type="stmt"/>
        <line num="833" count="0" type="stmt"/>
        <line num="842" count="0" type="stmt"/>
        <line num="846" count="147" type="stmt"/>
        <line num="855" count="0" type="stmt"/>
        <line num="864" count="4" type="stmt"/>
        <line num="873" count="0" type="stmt"/>
        <line num="882" count="0" type="stmt"/>
        <line num="891" count="0" type="stmt"/>
        <line num="900" count="0" type="stmt"/>
        <line num="909" count="0" type="stmt"/>
        <line num="918" count="0" type="stmt"/>
        <line num="927" count="0" type="stmt"/>
        <line num="936" count="0" type="stmt"/>
        <line num="945" count="0" type="stmt"/>
        <line num="954" count="0" type="stmt"/>
        <line num="963" count="0" type="stmt"/>
        <line num="972" count="0" type="stmt"/>
        <line num="981" count="0" type="stmt"/>
        <line num="990" count="0" type="stmt"/>
        <line num="999" count="0" type="stmt"/>
        <line num="1008" count="0" type="stmt"/>
        <line num="1017" count="0" type="stmt"/>
        <line num="1026" count="0" type="stmt"/>
        <line num="1035" count="0" type="stmt"/>
        <line num="1044" count="0" type="stmt"/>
        <line num="1053" count="0" type="stmt"/>
        <line num="1062" count="0" type="stmt"/>
        <line num="1071" count="0" type="stmt"/>
        <line num="1080" count="0" type="stmt"/>
        <line num="1089" count="0" type="stmt"/>
        <line num="1098" count="0" type="stmt"/>
        <line num="1107" count="0" type="stmt"/>
        <line num="1114" count="58" type="stmt"/>
        <line num="1115" count="0" type="stmt"/>
        <line num="1119" count="58" type="cond" truecount="2" falsecount="0"/>
        <line num="1120" count="44" type="stmt"/>
      </file>
      <file name="AddressDataExtractor.js" path="/home/mpb/Documents/GitHub/mpbarbosa_site/src/submodules/guia_turistico/src/libs/guia_js/src/data/AddressDataExtractor.js">
        <metrics statements="44" coveredstatements="21" conditionals="0" coveredconditionals="0" methods="39" coveredmethods="16"/>
        <line num="53" count="13" type="stmt"/>
        <line num="54" count="13" type="stmt"/>
        <line num="55" count="13" type="stmt"/>
        <line num="56" count="13" type="stmt"/>
        <line num="57" count="13" type="stmt"/>
        <line num="65" count="0" type="stmt"/>
        <line num="73" count="116" type="stmt"/>
        <line num="81" count="30" type="stmt"/>
        <line num="89" count="33" type="stmt"/>
        <line num="97" count="43" type="stmt"/>
        <line num="105" count="6" type="stmt"/>
        <line num="113" count="4" type="stmt"/>
        <line num="121" count="4" type="stmt"/>
        <line num="129" count="0" type="stmt"/>
        <line num="137" count="15" type="stmt"/>
        <line num="145" count="9" type="stmt"/>
        <line num="153" count="0" type="stmt"/>
        <line num="161" count="1" type="stmt"/>
        <line num="169" count="3" type="stmt"/>
        <line num="178" count="90" type="stmt"/>
        <line num="188" count="0" type="stmt"/>
        <line num="195" count="58" type="stmt"/>
        <line num="197" count="0" type="stmt"/>
        <line num="198" count="0" type="stmt"/>
        <line num="201" count="0" type="stmt"/>
        <line num="202" count="0" type="stmt"/>
        <line num="205" count="0" type="stmt"/>
        <line num="206" count="0" type="stmt"/>
        <line num="209" count="0" type="stmt"/>
        <line num="210" count="0" type="stmt"/>
        <line num="213" count="0" type="stmt"/>
        <line num="214" count="22" type="stmt"/>
        <line num="217" count="0" type="stmt"/>
        <line num="218" count="28" type="stmt"/>
        <line num="221" count="0" type="stmt"/>
        <line num="222" count="0" type="stmt"/>
        <line num="225" count="0" type="stmt"/>
        <line num="226" count="0" type="stmt"/>
        <line num="229" count="3" type="stmt"/>
        <line num="230" count="0" type="stmt"/>
        <line num="233" count="0" type="stmt"/>
        <line num="234" count="0" type="stmt"/>
        <line num="237" count="0" type="stmt"/>
        <line num="238" count="0" type="stmt"/>
      </file>
      <file name="AddressExtractor.js" path="/home/mpb/Documents/GitHub/mpbarbosa_site/src/submodules/guia_turistico/src/libs/guia_js/src/data/AddressExtractor.js">
        <metrics statements="23" coveredstatements="22" conditionals="48" coveredconditionals="48" methods="4" coveredmethods="3"/>
        <line num="35" count="164" type="stmt"/>
        <line num="36" count="164" type="stmt"/>
        <line num="37" count="164" type="stmt"/>
        <line num="38" count="164" type="stmt"/>
        <line num="59" count="149" type="cond" truecount="4" falsecount="0"/>
        <line num="60" count="135" type="stmt"/>
        <line num="64" count="14" type="stmt"/>
        <line num="65" count="14" type="cond" truecount="2" falsecount="0"/>
        <line num="81" count="164" type="cond" truecount="4" falsecount="0"/>
        <line num="82" count="14" type="stmt"/>
        <line num="85" count="150" type="stmt"/>
        <line num="89" count="150" type="cond" truecount="5" falsecount="0"/>
        <line num="93" count="150" type="cond" truecount="3" falsecount="0"/>
        <line num="97" count="150" type="cond" truecount="5" falsecount="0"/>
        <line num="101" count="150" type="cond" truecount="6" falsecount="0"/>
        <line num="107" count="150" type="cond" truecount="3" falsecount="0"/>
        <line num="112" count="150" type="cond" truecount="3" falsecount="0"/>
        <line num="115" count="150" type="cond" truecount="4" falsecount="0"/>
        <line num="116" count="58" type="stmt"/>
        <line num="121" count="150" type="cond" truecount="3" falsecount="0"/>
        <line num="124" count="150" type="cond" truecount="6" falsecount="0"/>
        <line num="126" count="150" type="stmt"/>
        <line num="136" count="0" type="stmt"/>
      </file>
      <file name="BrazilianStandardAddress.js" path="/home/mpb/Documents/GitHub/mpbarbosa_site/src/submodules/guia_turistico/src/libs/guia_js/src/data/BrazilianStandardAddress.js">
        <metrics statements="20" coveredstatements="19" conditionals="12" coveredconditionals="7" methods="6" coveredmethods="5"/>
        <line num="33" count="179" type="stmt"/>
        <line num="34" count="179" type="stmt"/>
        <line num="35" count="179" type="stmt"/>
        <line num="36" count="179" type="stmt"/>
        <line num="37" count="179" type="stmt"/>
        <line num="38" count="179" type="stmt"/>
        <line num="39" count="179" type="stmt"/>
        <line num="40" count="179" type="stmt"/>
        <line num="41" count="179" type="stmt"/>
        <line num="51" count="10" type="cond" truecount="1" falsecount="1"/>
        <line num="52" count="10" type="cond" truecount="2" falsecount="0"/>
        <line num="53" count="7" type="stmt"/>
        <line num="55" count="3" type="stmt"/>
        <line num="65" count="1" type="cond" truecount="1" falsecount="1"/>
        <line num="75" count="10" type="cond" truecount="1" falsecount="1"/>
        <line num="76" count="10" type="cond" truecount="2" falsecount="0"/>
        <line num="77" count="8" type="stmt"/>
        <line num="79" count="2" type="stmt"/>
        <line num="90" count="8" type="stmt"/>
        <line num="101" count="0" type="cond" truecount="0" falsecount="2"/>
      </file>
      <file name="ReferencePlace.js" path="/home/mpb/Documents/GitHub/mpbarbosa_site/src/submodules/guia_turistico/src/libs/guia_js/src/data/ReferencePlace.js">
        <metrics statements="20" coveredstatements="20" conditionals="27" coveredconditionals="26" methods="3" coveredmethods="3"/>
        <line num="47" count="58" type="stmt"/>
        <line num="74" count="189" type="cond" truecount="3" falsecount="0"/>
        <line num="75" count="189" type="cond" truecount="3" falsecount="0"/>
        <line num="76" count="189" type="cond" truecount="3" falsecount="0"/>
        <line num="77" count="189" type="stmt"/>
        <line num="78" count="189" type="stmt"/>
        <line num="93" count="189" type="cond" truecount="4" falsecount="0"/>
        <line num="94" count="157" type="stmt"/>
        <line num="98" count="32" type="cond" truecount="2" falsecount="0"/>
        <line num="99" count="3" type="stmt"/>
        <line num="102" count="29" type="cond" truecount="3" falsecount="1"/>
        <line num="104" count="29" type="cond" truecount="4" falsecount="0"/>
        <line num="106" count="24" type="cond" truecount="2" falsecount="0"/>
        <line num="107" count="21" type="stmt"/>
        <line num="109" count="3" type="stmt"/>
        <line num="115" count="5" type="stmt"/>
        <line num="133" count="3" type="stmt"/>
        <line num="134" count="3" type="cond" truecount="2" falsecount="0"/>
        <line num="135" count="1" type="stmt"/>
        <line num="137" count="2" type="stmt"/>
      </file>
    </package>
    <package name="submodules.guia_turistico.src.libs.guia_js.src.html">
      <metrics statements="276" coveredstatements="182" conditionals="238" coveredconditionals="163" methods="40" coveredmethods="25"/>
      <file name="DisplayerFactory.js" path="/home/mpb/Documents/GitHub/mpbarbosa_site/src/submodules/guia_turistico/src/libs/guia_js/src/html/DisplayerFactory.js">
        <metrics statements="12" coveredstatements="11" conditionals="4" coveredconditionals="4" methods="5" coveredmethods="4"/>
        <line num="71" count="1298" type="stmt"/>
        <line num="72" count="1298" type="stmt"/>
        <line num="105" count="1286" type="stmt"/>
        <line num="106" count="1286" type="stmt"/>
        <line num="140" count="1277" type="stmt"/>
        <line num="141" count="1277" type="stmt"/>
        <line num="160" count="1" type="stmt"/>
        <line num="165" count="59" type="stmt"/>
        <line num="166" count="0" type="stmt"/>
        <line num="170" count="59" type="stmt"/>
        <line num="177" count="59" type="cond" truecount="2" falsecount="0"/>
        <line num="178" count="41" type="stmt"/>
      </file>
      <file name="HTMLAddressDisplayer.js" path="/home/mpb/Documents/GitHub/mpbarbosa_site/src/submodules/guia_turistico/src/libs/guia_js/src/html/HTMLAddressDisplayer.js">
        <metrics statements="39" coveredstatements="39" conditionals="30" coveredconditionals="29" methods="4" coveredmethods="4"/>
        <line num="60" count="1351" type="stmt"/>
        <line num="61" count="1351" type="stmt"/>
        <line num="62" count="1351" type="stmt"/>
        <line num="96" count="1145" type="stmt"/>
        <line num="98" count="1145" type="cond" truecount="2" falsecount="0"/>
        <line num="99" count="2" type="stmt"/>
        <line num="103" count="1143" type="cond" truecount="4" falsecount="0"/>
        <line num="104" count="2" type="stmt"/>
        <line num="105" count="2" type="stmt"/>
        <line num="109" count="1143" type="stmt"/>
        <line num="113" count="1143" type="stmt"/>
        <line num="118" count="1143" type="stmt"/>
        <line num="119" count="2307" type="cond" truecount="1" falsecount="1"/>
        <line num="120" count="2307" type="stmt"/>
        <line num="121" count="2307" type="cond" truecount="4" falsecount="0"/>
        <line num="123" count="1141" type="stmt"/>
        <line num="126" count="1166" type="stmt"/>
        <line num="130" count="1143" type="stmt"/>
        <line num="133" count="1143" type="cond" truecount="2" falsecount="0"/>
        <line num="134" count="1139" type="stmt"/>
        <line num="140" count="1143" type="stmt"/>
        <line num="141" count="1143" type="stmt"/>
        <line num="184" count="1013" type="stmt"/>
        <line num="186" count="1013" type="cond" truecount="2" falsecount="0"/>
        <line num="187" count="1" type="stmt"/>
        <line num="188" count="1" type="stmt"/>
        <line num="192" count="1012" type="cond" truecount="2" falsecount="0"/>
        <line num="193" count="4" type="stmt"/>
        <line num="194" count="4" type="stmt"/>
        <line num="198" count="1008" type="cond" truecount="2" falsecount="0"/>
        <line num="199" count="2" type="stmt"/>
        <line num="200" count="2" type="stmt"/>
        <line num="204" count="1006" type="cond" truecount="5" falsecount="0"/>
        <line num="205" count="1004" type="stmt"/>
        <line num="208" count="1004" type="stmt"/>
        <line num="209" count="1004" type="stmt"/>
        <line num="232" count="129" type="cond" truecount="2" falsecount="0"/>
        <line num="241" count="60" type="cond" truecount="2" falsecount="0"/>
        <line num="242" count="42" type="stmt"/>
      </file>
      <file name="HTMLPositionDisplayer.js" path="/home/mpb/Documents/GitHub/mpbarbosa_site/src/submodules/guia_turistico/src/libs/guia_js/src/html/HTMLPositionDisplayer.js">
        <metrics statements="40" coveredstatements="40" conditionals="52" coveredconditionals="52" methods="5" coveredmethods="5"/>
        <line num="52" count="1337" type="stmt"/>
        <line num="53" count="1337" type="stmt"/>
        <line num="78" count="1018" type="cond" truecount="4" falsecount="0"/>
        <line num="79" count="2" type="stmt"/>
        <line num="82" count="1016" type="stmt"/>
        <line num="83" count="1016" type="stmt"/>
        <line num="84" count="1016" type="stmt"/>
        <line num="86" count="1016" type="stmt"/>
        <line num="89" count="1016" type="stmt"/>
        <line num="94" count="1016" type="stmt"/>
        <line num="101" count="1016" type="stmt"/>
        <line num="108" count="1016" type="cond" truecount="5" falsecount="0"/>
        <line num="109" count="7" type="stmt"/>
        <line num="113" count="7" type="cond" truecount="4" falsecount="0"/>
        <line num="114" count="6" type="stmt"/>
        <line num="116" count="7" type="stmt"/>
        <line num="120" count="1016" type="cond" truecount="5" falsecount="0"/>
        <line num="121" count="7" type="stmt"/>
        <line num="122" count="7" type="stmt"/>
        <line num="126" count="7" type="cond" truecount="4" falsecount="0"/>
        <line num="127" count="6" type="stmt"/>
        <line num="129" count="7" type="stmt"/>
        <line num="132" count="1016" type="stmt"/>
        <line num="133" count="1016" type="stmt"/>
        <line num="152" count="1125" type="stmt"/>
        <line num="159" count="1125" type="cond" truecount="2" falsecount="0"/>
        <line num="193" count="1009" type="cond" truecount="2" falsecount="0"/>
        <line num="194" count="3" type="stmt"/>
        <line num="195" count="3" type="stmt"/>
        <line num="199" count="1006" type="cond" truecount="2" falsecount="0"/>
        <line num="200" count="1" type="stmt"/>
        <line num="201" count="1" type="stmt"/>
        <line num="205" count="1005" type="cond" truecount="4" falsecount="0"/>
        <line num="206" count="1004" type="cond" truecount="4" falsecount="0"/>
        <line num="207" count="1002" type="stmt"/>
        <line num="208" count="1002" type="stmt"/>
        <line num="210" count="2" type="stmt"/>
        <line num="231" count="121" type="cond" truecount="2" falsecount="0"/>
        <line num="240" count="60" type="cond" truecount="2" falsecount="0"/>
        <line num="241" count="42" type="stmt"/>
      </file>
      <file name="HTMLReferencePlaceDisplayer.js" path="/home/mpb/Documents/GitHub/mpbarbosa_site/src/submodules/guia_turistico/src/libs/guia_js/src/html/HTMLReferencePlaceDisplayer.js">
        <metrics statements="43" coveredstatements="43" conditionals="37" coveredconditionals="34" methods="4" coveredmethods="4"/>
        <line num="59" count="1331" type="stmt"/>
        <line num="60" count="1331" type="stmt"/>
        <line num="61" count="1331" type="stmt"/>
        <line num="90" count="1138" type="cond" truecount="2" falsecount="0"/>
        <line num="91" count="3" type="stmt"/>
        <line num="95" count="1135" type="cond" truecount="4" falsecount="0"/>
        <line num="96" count="3" type="stmt"/>
        <line num="100" count="1132" type="stmt"/>
        <line num="103" count="1132" type="stmt"/>
        <line num="106" count="1132" type="cond" truecount="2" falsecount="0"/>
        <line num="107" count="1131" type="stmt"/>
        <line num="110" count="1131" type="cond" truecount="4" falsecount="0"/>
        <line num="111" count="1028" type="stmt"/>
        <line num="113" count="1" type="cond" truecount="1" falsecount="1"/>
        <line num="115" count="1" type="stmt"/>
        <line num="118" count="1132" type="stmt"/>
        <line num="121" count="1132" type="cond" truecount="4" falsecount="0"/>
        <line num="122" count="8" type="stmt"/>
        <line num="123" count="8" type="cond" truecount="1" falsecount="1"/>
        <line num="124" count="8" type="stmt"/>
        <line num="126" count="8" type="cond" truecount="1" falsecount="1"/>
        <line num="127" count="8" type="stmt"/>
        <line num="129" count="8" type="stmt"/>
        <line num="132" count="1132" type="stmt"/>
        <line num="133" count="1132" type="stmt"/>
        <line num="176" count="1010" type="stmt"/>
        <line num="178" count="1010" type="cond" truecount="2" falsecount="0"/>
        <line num="179" count="1004" type="stmt"/>
        <line num="180" count="1004" type="stmt"/>
        <line num="184" count="1010" type="cond" truecount="2" falsecount="0"/>
        <line num="185" count="2" type="stmt"/>
        <line num="186" count="2" type="stmt"/>
        <line num="190" count="1008" type="cond" truecount="2" falsecount="0"/>
        <line num="191" count="2" type="stmt"/>
        <line num="192" count="2" type="stmt"/>
        <line num="196" count="1006" type="cond" truecount="4" falsecount="0"/>
        <line num="197" count="1003" type="stmt"/>
        <line num="200" count="1003" type="stmt"/>
        <line num="203" count="1003" type="stmt"/>
        <line num="204" count="1003" type="stmt"/>
        <line num="227" count="129" type="cond" truecount="2" falsecount="0"/>
        <line num="236" count="60" type="cond" truecount="2" falsecount="0"/>
        <line num="237" count="42" type="stmt"/>
      </file>
      <file name="HtmlSpeechSynthesisDisplayer.js" path="/home/mpb/Documents/GitHub/mpbarbosa_site/src/submodules/guia_turistico/src/libs/guia_js/src/html/HtmlSpeechSynthesisDisplayer.js">
        <metrics statements="130" coveredstatements="37" conditionals="98" coveredconditionals="27" methods="19" coveredmethods="5"/>
        <line num="157" count="8" type="cond" truecount="1" falsecount="1"/>
        <line num="158" count="0" type="stmt"/>
        <line num="161" count="8" type="cond" truecount="1" falsecount="1"/>
        <line num="162" count="0" type="stmt"/>
        <line num="165" count="8" type="cond" truecount="1" falsecount="1"/>
        <line num="166" count="0" type="stmt"/>
        <line num="174" count="8" type="stmt"/>
        <line num="181" count="8" type="stmt"/>
        <line num="188" count="8" type="stmt"/>
        <line num="196" count="8" type="stmt"/>
        <line num="203" count="8" type="stmt"/>
        <line num="210" count="8" type="stmt"/>
        <line num="217" count="8" type="stmt"/>
        <line num="224" count="8" type="stmt"/>
        <line num="231" count="8" type="stmt"/>
        <line num="238" count="8" type="stmt"/>
        <line num="245" count="8" type="stmt"/>
        <line num="252" count="8" type="stmt"/>
        <line num="259" count="8" type="stmt"/>
        <line num="266" count="8" type="stmt"/>
        <line num="269" count="8" type="stmt"/>
        <line num="272" count="8" type="stmt"/>
        <line num="292" count="8" type="stmt"/>
        <line num="293" count="8" type="stmt"/>
        <line num="294" count="8" type="stmt"/>
        <line num="328" count="8" type="cond" truecount="1" falsecount="1"/>
        <line num="331" count="0" type="stmt"/>
        <line num="334" count="0" type="stmt"/>
        <line num="337" count="0" type="stmt"/>
        <line num="340" count="0" type="stmt"/>
        <line num="341" count="0" type="stmt"/>
        <line num="342" count="0" type="stmt"/>
        <line num="343" count="0" type="stmt"/>
        <line num="346" count="0" type="cond" truecount="0" falsecount="2"/>
        <line num="347" count="0" type="stmt"/>
        <line num="348" count="0" type="stmt"/>
        <line num="349" count="0" type="stmt"/>
        <line num="352" count="0" type="cond" truecount="0" falsecount="4"/>
        <line num="353" count="0" type="stmt"/>
        <line num="354" count="0" type="stmt"/>
        <line num="357" count="0" type="stmt"/>
        <line num="385" count="8" type="cond" truecount="1" falsecount="1"/>
        <line num="386" count="0" type="stmt"/>
        <line num="387" count="0" type="stmt"/>
        <line num="388" count="0" type="stmt"/>
        <line num="389" count="0" type="stmt"/>
        <line num="394" count="8" type="cond" truecount="2" falsecount="2"/>
        <line num="395" count="0" type="stmt"/>
        <line num="396" count="0" type="stmt"/>
        <line num="397" count="0" type="cond" truecount="0" falsecount="2"/>
        <line num="398" count="0" type="stmt"/>
        <line num="404" count="8" type="cond" truecount="1" falsecount="1"/>
        <line num="405" count="0" type="stmt"/>
        <line num="406" count="0" type="stmt"/>
        <line num="410" count="8" type="cond" truecount="1" falsecount="1"/>
        <line num="411" count="0" type="stmt"/>
        <line num="412" count="0" type="stmt"/>
        <line num="416" count="8" type="cond" truecount="1" falsecount="1"/>
        <line num="417" count="0" type="stmt"/>
        <line num="418" count="0" type="stmt"/>
        <line num="423" count="8" type="cond" truecount="2" falsecount="2"/>
        <line num="424" count="0" type="stmt"/>
        <line num="425" count="0" type="stmt"/>
        <line num="426" count="0" type="stmt"/>
        <line num="427" count="0" type="stmt"/>
        <line num="432" count="8" type="cond" truecount="2" falsecount="2"/>
        <line num="433" count="0" type="stmt"/>
        <line num="434" count="0" type="stmt"/>
        <line num="435" count="0" type="stmt"/>
        <line num="436" count="0" type="stmt"/>
        <line num="441" count="8" type="cond" truecount="4" falsecount="1"/>
        <line num="442" count="8" type="stmt"/>
        <line num="443" count="0" type="stmt"/>
        <line num="478" count="0" type="cond" truecount="0" falsecount="4"/>
        <line num="479" count="0" type="stmt"/>
        <line num="481" count="0" type="stmt"/>
        <line num="513" count="0" type="cond" truecount="0" falsecount="4"/>
        <line num="514" count="0" type="stmt"/>
        <line num="516" count="0" type="stmt"/>
        <line num="564" count="7" type="cond" truecount="4" falsecount="0"/>
        <line num="565" count="1" type="stmt"/>
        <line num="569" count="6" type="cond" truecount="5" falsecount="0"/>
        <line num="570" count="4" type="stmt"/>
        <line num="574" count="2" type="stmt"/>
        <line num="620" count="0" type="cond" truecount="0" falsecount="2"/>
        <line num="621" count="0" type="stmt"/>
        <line num="624" count="0" type="stmt"/>
        <line num="626" count="0" type="cond" truecount="0" falsecount="2"/>
        <line num="627" count="0" type="stmt"/>
        <line num="628" count="0" type="cond" truecount="0" falsecount="2"/>
        <line num="629" count="0" type="stmt"/>
        <line num="631" count="0" type="cond" truecount="0" falsecount="2"/>
        <line num="632" count="0" type="stmt"/>
        <line num="634" count="0" type="cond" truecount="0" falsecount="2"/>
        <line num="635" count="0" type="stmt"/>
        <line num="636" count="0" type="cond" truecount="0" falsecount="2"/>
        <line num="637" count="0" type="stmt"/>
        <line num="639" count="0" type="cond" truecount="0" falsecount="2"/>
        <line num="640" count="0" type="stmt"/>
        <line num="642" count="0" type="stmt"/>
        <line num="645" count="0" type="stmt"/>
        <line num="716" count="0" type="cond" truecount="0" falsecount="4"/>
        <line num="717" count="0" type="stmt"/>
        <line num="718" count="0" type="stmt"/>
        <line num="719" count="0" type="stmt"/>
        <line num="720" count="0" type="stmt"/>
        <line num="724" count="0" type="cond" truecount="0" falsecount="2"/>
        <line num="725" count="0" type="stmt"/>
        <line num="728" count="0" type="stmt"/>
        <line num="729" count="0" type="stmt"/>
        <line num="733" count="0" type="cond" truecount="0" falsecount="2"/>
        <line num="734" count="0" type="cond" truecount="0" falsecount="4"/>
        <line num="735" count="0" type="stmt"/>
        <line num="739" count="0" type="cond" truecount="0" falsecount="2"/>
        <line num="740" count="0" type="stmt"/>
        <line num="741" count="0" type="stmt"/>
        <line num="742" count="0" type="cond" truecount="0" falsecount="2"/>
        <line num="743" count="0" type="stmt"/>
        <line num="744" count="0" type="stmt"/>
        <line num="745" count="0" type="cond" truecount="0" falsecount="2"/>
        <line num="746" count="0" type="stmt"/>
        <line num="747" count="0" type="stmt"/>
        <line num="749" count="0" type="cond" truecount="0" falsecount="2"/>
        <line num="752" count="0" type="stmt"/>
        <line num="753" count="0" type="stmt"/>
        <line num="759" count="0" type="cond" truecount="0" falsecount="4"/>
        <line num="760" count="0" type="stmt"/>
        <line num="761" count="0" type="stmt"/>
        <line num="785" count="0" type="cond" truecount="0" falsecount="2"/>
        <line num="786" count="0" type="stmt"/>
      </file>
      <file name="HtmlText.js" path="/home/mpb/Documents/GitHub/mpbarbosa_site/src/submodules/guia_turistico/src/libs/guia_js/src/html/HtmlText.js">
        <metrics statements="12" coveredstatements="12" conditionals="17" coveredconditionals="17" methods="3" coveredmethods="3"/>
        <line num="58" count="48" type="stmt"/>
        <line num="59" count="48" type="stmt"/>
        <line num="62" count="48" type="stmt"/>
        <line num="67" count="48" type="stmt"/>
        <line num="98" count="1026" type="cond" truecount="2" falsecount="0"/>
        <line num="99" count="1025" type="cond" truecount="2" falsecount="0"/>
        <line num="100" count="3" type="stmt"/>
        <line num="101" count="1022" type="cond" truecount="2" falsecount="0"/>
        <line num="102" count="1" type="stmt"/>
        <line num="103" count="1021" type="cond" truecount="4" falsecount="0"/>
        <line num="105" count="1017" type="stmt"/>
        <line num="126" count="6" type="cond" truecount="2" falsecount="0"/>
      </file>
    </package>
    <package name="submodules.guia_turistico.src.libs.guia_js.src.services">
      <metrics statements="197" coveredstatements="87" conditionals="93" coveredconditionals="31" methods="62" coveredmethods="30"/>
      <file name="ChangeDetectionCoordinator.js" path="/home/mpb/Documents/GitHub/mpbarbosa_site/src/submodules/guia_turistico/src/libs/guia_js/src/services/ChangeDetectionCoordinator.js">
        <metrics statements="55" coveredstatements="43" conditionals="16" coveredconditionals="9" methods="22" coveredmethods="18"/>
        <line num="30" count="76" type="stmt"/>
        <line num="31" count="76" type="stmt"/>
        <line num="32" count="76" type="stmt"/>
        <line num="36" count="76" type="stmt"/>
        <line num="49" count="0" type="stmt"/>
        <line num="59" count="3" type="stmt"/>
        <line num="72" count="2" type="stmt"/>
        <line num="73" count="2" type="stmt"/>
        <line num="74" count="2" type="stmt"/>
        <line num="86" count="1" type="stmt"/>
        <line num="87" count="1" type="stmt"/>
        <line num="88" count="1" type="stmt"/>
        <line num="101" count="6" type="cond" truecount="1" falsecount="1"/>
        <line num="102" count="6" type="stmt"/>
        <line num="103" count="6" type="stmt"/>
        <line num="106" count="0" type="stmt"/>
        <line num="107" count="0" type="stmt"/>
        <line num="120" count="3" type="cond" truecount="1" falsecount="1"/>
        <line num="121" count="0" type="stmt"/>
        <line num="133" count="4" type="cond" truecount="1" falsecount="1"/>
        <line num="134" count="4" type="stmt"/>
        <line num="135" count="4" type="stmt"/>
        <line num="138" count="0" type="stmt"/>
        <line num="139" count="0" type="stmt"/>
        <line num="149" count="2" type="cond" truecount="1" falsecount="1"/>
        <line num="150" count="0" type="stmt"/>
        <line num="162" count="4" type="cond" truecount="1" falsecount="1"/>
        <line num="163" count="4" type="stmt"/>
        <line num="164" count="4" type="stmt"/>
        <line num="167" count="0" type="stmt"/>
        <line num="168" count="0" type="stmt"/>
        <line num="178" count="2" type="cond" truecount="1" falsecount="1"/>
        <line num="179" count="0" type="stmt"/>
        <line num="196" count="2" type="stmt"/>
        <line num="197" count="2" type="stmt"/>
        <line num="199" count="1" type="stmt"/>
        <line num="219" count="1" type="stmt"/>
        <line num="220" count="1" type="stmt"/>
        <line num="222" count="0" type="stmt"/>
        <line num="242" count="1" type="stmt"/>
        <line num="243" count="1" type="stmt"/>
        <line num="245" count="0" type="stmt"/>
        <line num="272" count="12" type="cond" truecount="2" falsecount="0"/>
        <line num="273" count="4" type="stmt"/>
        <line num="278" count="12" type="stmt"/>
        <line num="279" count="5" type="cond" truecount="1" falsecount="1"/>
        <line num="280" count="5" type="stmt"/>
        <line num="285" count="11" type="stmt"/>
        <line num="300" count="11" type="stmt"/>
        <line num="301" count="4" type="stmt"/>
        <line num="302" count="4" type="stmt"/>
        <line num="309" count="2" type="stmt"/>
        <line num="327" count="8" type="stmt"/>
        <line num="345" count="2" type="stmt"/>
        <line num="363" count="2" type="stmt"/>
      </file>
      <file name="GeolocationService.js" path="/home/mpb/Documents/GitHub/mpbarbosa_site/src/submodules/guia_turistico/src/libs/guia_js/src/services/GeolocationService.js">
        <metrics statements="90" coveredstatements="23" conditionals="47" coveredconditionals="11" methods="22" coveredmethods="5"/>
        <line num="50" count="58" type="stmt"/>
        <line num="52" count="0" type="stmt"/>
        <line num="68" count="0" type="cond" truecount="0" falsecount="2"/>
        <line num="81" count="58" type="stmt"/>
        <line num="82" count="0" type="stmt"/>
        <line num="84" count="0" type="stmt"/>
        <line num="85" count="0" type="stmt"/>
        <line num="86" count="0" type="stmt"/>
        <line num="87" count="0" type="stmt"/>
        <line num="89" count="0" type="stmt"/>
        <line num="110" count="58" type="stmt"/>
        <line num="112" count="0" type="stmt"/>
        <line num="119" count="0" type="cond" truecount="0" falsecount="2"/>
        <line num="138" count="58" type="stmt"/>
        <line num="140" count="0" type="stmt"/>
        <line num="143" count="0" type="stmt"/>
        <line num="171" count="58" type="stmt"/>
        <line num="173" count="0" type="cond" truecount="0" falsecount="2"/>
        <line num="183" count="58" type="stmt"/>
        <line num="184" count="1" type="cond" truecount="2" falsecount="0"/>
        <line num="250" count="45" type="stmt"/>
        <line num="253" count="45" type="stmt"/>
        <line num="254" count="45" type="stmt"/>
        <line num="255" count="45" type="stmt"/>
        <line num="256" count="45" type="stmt"/>
        <line num="261" count="45" type="stmt"/>
        <line num="267" count="45" type="stmt"/>
        <line num="275" count="45" type="cond" truecount="3" falsecount="1"/>
        <line num="281" count="45" type="cond" truecount="2" falsecount="0"/>
        <line num="303" count="1" type="stmt"/>
[...]
        <line num="38" count="0" type="stmt"/>
        <line num="41" count="0" type="stmt"/>
        <line num="42" count="0" type="cond" truecount="0" falsecount="2"/>
        <line num="43" count="0" type="stmt"/>
        <line num="44" count="0" type="stmt"/>
        <line num="48" count="0" type="stmt"/>
        <line num="49" count="0" type="stmt"/>
        <line num="50" count="0" type="stmt"/>
        <line num="51" count="0" type="stmt"/>
        <line num="54" count="0" type="stmt"/>
        <line num="57" count="0" type="stmt"/>
        <line num="58" count="0" type="stmt"/>
        <line num="60" count="0" type="stmt"/>
        <line num="61" count="0" type="stmt"/>
        <line num="62" count="0" type="stmt"/>
        <line num="63" count="0" type="stmt"/>
        <line num="66" count="0" type="stmt"/>
        <line num="67" count="0" type="stmt"/>
        <line num="69" count="0" type="stmt"/>
        <line num="72" count="0" type="stmt"/>
        <line num="73" count="0" type="stmt"/>
        <line num="74" count="0" type="stmt"/>
        <line num="91" count="0" type="stmt"/>
        <line num="93" count="0" type="stmt"/>
        <line num="95" count="0" type="stmt"/>
        <line num="96" count="0" type="stmt"/>
        <line num="97" count="0" type="cond" truecount="0" falsecount="2"/>
        <line num="98" count="0" type="stmt"/>
        <line num="99" count="0" type="stmt"/>
        <line num="103" count="0" type="cond" truecount="0" falsecount="2"/>
        <line num="104" count="0" type="cond" truecount="0" falsecount="2"/>
        <line num="105" count="0" type="cond" truecount="0" falsecount="2"/>
        <line num="108" count="0" type="cond" truecount="0" falsecount="2"/>
        <line num="111" count="0" type="stmt"/>
        <line num="119" count="0" type="stmt"/>
        <line num="120" count="0" type="cond" truecount="0" falsecount="2"/>
        <line num="121" count="0" type="stmt"/>
        <line num="122" count="0" type="stmt"/>
        <line num="126" count="0" type="stmt"/>
        <line num="127" count="0" type="stmt"/>
        <line num="128" count="0" type="stmt"/>
        <line num="129" count="0" type="stmt"/>
        <line num="132" count="0" type="stmt"/>
        <line num="135" count="0" type="stmt"/>
        <line num="136" count="0" type="stmt"/>
        <line num="138" count="0" type="stmt"/>
        <line num="139" count="0" type="stmt"/>
        <line num="140" count="0" type="stmt"/>
        <line num="141" count="0" type="stmt"/>
        <line num="144" count="0" type="stmt"/>
        <line num="145" count="0" type="stmt"/>
        <line num="147" count="0" type="stmt"/>
        <line num="150" count="0" type="stmt"/>
        <line num="151" count="0" type="stmt"/>
        <line num="152" count="0" type="stmt"/>
        <line num="165" count="0" type="stmt"/>
        <line num="167" count="0" type="stmt"/>
        <line num="169" count="0" type="cond" truecount="0" falsecount="2"/>
        <line num="172" count="0" type="stmt"/>
        <line num="173" count="0" type="stmt"/>
        <line num="174" count="0" type="cond" truecount="0" falsecount="2"/>
        <line num="175" count="0" type="stmt"/>
        <line num="176" count="0" type="stmt"/>
        <line num="180" count="0" type="stmt"/>
        <line num="181" count="0" type="stmt"/>
        <line num="184" count="0" type="stmt"/>
        <line num="191" count="0" type="stmt"/>
        <line num="194" count="0" type="stmt"/>
        <line num="195" count="0" type="stmt"/>
        <line num="198" count="0" type="stmt"/>
        <line num="199" count="0" type="stmt"/>
        <line num="200" count="0" type="stmt"/>
        <line num="201" count="0" type="stmt"/>
        <line num="204" count="0" type="stmt"/>
        <line num="205" count="0" type="stmt"/>
        <line num="207" count="0" type="stmt"/>
        <line num="210" count="0" type="stmt"/>
        <line num="211" count="0" type="stmt"/>
        <line num="212" count="0" type="stmt"/>
        <line num="227" count="0" type="stmt"/>
        <line num="229" count="0" type="stmt"/>
        <line num="231" count="0" type="stmt"/>
        <line num="234" count="0" type="stmt"/>
        <line num="235" count="0" type="cond" truecount="0" falsecount="2"/>
        <line num="236" count="0" type="stmt"/>
        <line num="237" count="0" type="stmt"/>
        <line num="241" count="0" type="stmt"/>
        <line num="244" count="0" type="stmt"/>
        <line num="245" count="0" type="stmt"/>
        <line num="246" count="0" type="stmt"/>
        <line num="249" count="0" type="stmt"/>
        <line num="252" count="0" type="stmt"/>
        <line num="253" count="0" type="stmt"/>
        <line num="255" count="0" type="stmt"/>
        <line num="256" count="0" type="stmt"/>
        <line num="257" count="0" type="stmt"/>
        <line num="258" count="0" type="stmt"/>
        <line num="261" count="0" type="stmt"/>
        <line num="262" count="0" type="stmt"/>
        <line num="264" count="0" type="stmt"/>
        <line num="267" count="0" type="stmt"/>
        <line num="268" count="0" type="stmt"/>
        <line num="269" count="0" type="stmt"/>
        <line num="283" count="0" type="stmt"/>
        <line num="285" count="0" type="stmt"/>
        <line num="287" count="0" type="stmt"/>
        <line num="288" count="0" type="cond" truecount="0" falsecount="2"/>
        <line num="289" count="0" type="stmt"/>
        <line num="290" count="0" type="stmt"/>
        <line num="294" count="0" type="stmt"/>
        <line num="295" count="0" type="cond" truecount="0" falsecount="2"/>
        <line num="296" count="0" type="stmt"/>
        <line num="297" count="0" type="stmt"/>
        <line num="301" count="0" type="stmt"/>
        <line num="302" count="0" type="stmt"/>
        <line num="305" count="0" type="stmt"/>
        <line num="306" count="0" type="stmt"/>
        <line num="307" count="0" type="stmt"/>
        <line num="310" count="0" type="stmt"/>
        <line num="311" count="0" type="stmt"/>
        <line num="315" count="0" type="cond" truecount="0" falsecount="2"/>
        <line num="316" count="0" type="cond" truecount="0" falsecount="2"/>
        <line num="317" count="0" type="stmt"/>
        <line num="319" count="0" type="stmt"/>
        <line num="322" count="0" type="stmt"/>
        <line num="323" count="0" type="stmt"/>
        <line num="328" count="0" type="stmt"/>
        <line num="329" count="0" type="stmt"/>
        <line num="332" count="0" type="stmt"/>
        <line num="333" count="0" type="cond" truecount="0" falsecount="2"/>
        <line num="334" count="0" type="stmt"/>
        <line num="335" count="0" type="cond" truecount="0" falsecount="2"/>
        <line num="336" count="0" type="stmt"/>
        <line num="340" count="0" type="cond" truecount="0" falsecount="2"/>
        <line num="341" count="0" type="stmt"/>
        <line num="345" count="0" type="stmt"/>
        <line num="348" count="0" type="stmt"/>
        <line num="349" count="0" type="stmt"/>
        <line num="362" count="0" type="stmt"/>
        <line num="364" count="0" type="stmt"/>
        <line num="366" count="0" type="stmt"/>
        <line num="367" count="0" type="cond" truecount="0" falsecount="2"/>
        <line num="368" count="0" type="stmt"/>
        <line num="372" count="0" type="stmt"/>
        <line num="373" count="0" type="stmt"/>
        <line num="374" count="0" type="stmt"/>
        <line num="376" count="0" type="stmt"/>
        <line num="381" count="0" type="stmt"/>
        <line num="384" count="0" type="stmt"/>
        <line num="390" count="0" type="cond" truecount="0" falsecount="4"/>
        <line num="391" count="0" type="stmt"/>
        <line num="394" count="0" type="cond" truecount="0" falsecount="2"/>
        <line num="395" count="0" type="stmt"/>
      </file>
      <file name="UtilsProcessors.js" path="/home/mpb/Documents/GitHub/mpbarbosa_site/src/submodules/music_in_numbers/src/scripts/utils/UtilsProcessors.js">
        <metrics statements="42" coveredstatements="0" conditionals="82" coveredconditionals="0" methods="12" coveredmethods="0"/>
        <line num="18" count="0" type="stmt"/>
        <line num="19" count="0" type="cond" truecount="0" falsecount="4"/>
        <line num="20" count="0" type="stmt"/>
        <line num="23" count="0" type="stmt"/>
        <line num="24" count="0" type="stmt"/>
        <line num="25" count="0" type="stmt"/>
        <line num="27" count="0" type="stmt"/>
        <line num="41" count="0" type="cond" truecount="0" falsecount="2"/>
        <line num="43" count="0" type="stmt"/>
        <line num="66" count="0" type="stmt"/>
        <line num="68" count="0" type="stmt"/>
        <line num="89" count="0" type="cond" truecount="0" falsecount="2"/>
        <line num="90" count="0" type="stmt"/>
        <line num="93" count="0" type="stmt"/>
        <line num="94" count="0" type="stmt"/>
        <line num="96" count="0" type="stmt"/>
        <line num="133" count="0" type="cond" truecount="0" falsecount="2"/>
        <line num="146" count="0" type="cond" truecount="0" falsecount="4"/>
        <line num="147" count="0" type="stmt"/>
        <line num="150" count="0" type="stmt"/>
        <line num="151" count="0" type="stmt"/>
        <line num="152" count="0" type="stmt"/>
        <line num="163" count="0" type="stmt"/>
        <line num="164" count="0" type="stmt"/>
        <line num="176" count="0" type="cond" truecount="0" falsecount="3"/>
        <line num="178" count="0" type="stmt"/>
        <line num="205" count="0" type="stmt"/>
        <line num="236" count="0" type="cond" truecount="0" falsecount="2"/>
        <line num="246" count="0" type="stmt"/>
        <line num="253" count="0" type="cond" truecount="0" falsecount="3"/>
        <line num="255" count="0" type="stmt"/>
        <line num="269" count="0" type="stmt"/>
        <line num="286" count="0" type="cond" truecount="0" falsecount="2"/>
        <line num="287" count="0" type="stmt"/>
        <line num="291" count="0" type="stmt"/>
        <line num="292" count="0" type="stmt"/>
        <line num="293" count="0" type="stmt"/>
        <line num="295" count="0" type="stmt"/>
        <line num="300" count="0" type="cond" truecount="0" falsecount="4"/>
        <line num="301" count="0" type="stmt"/>
        <line num="304" count="0" type="cond" truecount="0" falsecount="2"/>
        <line num="305" count="0" type="stmt"/>
      </file>
      <file name="UtilsUtilities.js" path="/home/mpb/Documents/GitHub/mpbarbosa_site/src/submodules/music_in_numbers/src/scripts/utils/UtilsUtilities.js">
        <metrics statements="104" coveredstatements="0" conditionals="60" coveredconditionals="0" methods="63" coveredmethods="0"/>
        <line num="18" count="0" type="stmt"/>
        <line num="20" count="0" type="stmt"/>
        <line num="21" count="0" type="stmt"/>
        <line num="24" count="0" type="stmt"/>
        <line num="25" count="0" type="stmt"/>
        <line num="26" count="0" type="stmt"/>
        <line num="27" count="0" type="stmt"/>
        <line num="42" count="0" type="stmt"/>
        <line num="43" count="0" type="stmt"/>
        <line num="44" count="0" type="stmt"/>
        <line num="47" count="0" type="cond" truecount="0" falsecount="2"/>
        <line num="56" count="0" type="stmt"/>
        <line num="57" count="0" type="stmt"/>
        <line num="61" count="0" type="stmt"/>
        <line num="70" count="0" type="stmt"/>
        <line num="81" count="0" type="stmt"/>
        <line num="84" count="0" type="stmt"/>
        <line num="96" count="0" type="cond" truecount="0" falsecount="2"/>
        <line num="99" count="0" type="stmt"/>
        <line num="102" count="0" type="stmt"/>
        <line num="103" count="0" type="stmt"/>
        <line num="105" count="0" type="stmt"/>
        <line num="132" count="0" type="stmt"/>
        <line num="136" count="0" type="stmt"/>
        <line num="139" count="0" type="stmt"/>
        <line num="140" count="0" type="stmt"/>
        <line num="148" count="0" type="stmt"/>
        <line num="156" count="0" type="stmt"/>
        <line num="159" count="0" type="stmt"/>
        <line num="168" count="0" type="stmt"/>
        <line num="170" count="0" type="stmt"/>
        <line num="173" count="0" type="stmt"/>
        <line num="174" count="0" type="stmt"/>
        <line num="178" count="0" type="stmt"/>
        <line num="179" count="0" type="stmt"/>
        <line num="180" count="0" type="stmt"/>
        <line num="184" count="0" type="stmt"/>
        <line num="185" count="0" type="stmt"/>
        <line num="190" count="0" type="stmt"/>
        <line num="191" count="0" type="stmt"/>
        <line num="192" count="0" type="stmt"/>
        <line num="193" count="0" type="stmt"/>
        <line num="194" count="0" type="stmt"/>
        <line num="199" count="0" type="stmt"/>
        <line num="200" count="0" type="stmt"/>
        <line num="201" count="0" type="stmt"/>
        <line num="202" count="0" type="stmt"/>
        <line num="203" count="0" type="stmt"/>
        <line num="204" count="0" type="stmt"/>
        <line num="205" count="0" type="stmt"/>
        <line num="213" count="0" type="stmt"/>
        <line num="223" count="0" type="cond" truecount="0" falsecount="3"/>
        <line num="228" count="0" type="cond" truecount="0" falsecount="2"/>
        <line num="231" count="0" type="cond" truecount="0" falsecount="2"/>
        <line num="232" count="0" type="stmt"/>
        <line num="233" count="0" type="cond" truecount="0" falsecount="2"/>
        <line num="234" count="0" type="stmt"/>
        <line num="236" count="0" type="stmt"/>
        <line num="247" count="0" type="stmt"/>
        <line num="249" count="0" type="stmt"/>
        <line num="254" count="0" type="stmt"/>
        <line num="256" count="0" type="stmt"/>
        <line num="257" count="0" type="cond" truecount="0" falsecount="4"/>
        <line num="258" count="0" type="stmt"/>
        <line num="262" count="0" type="cond" truecount="0" falsecount="2"/>
        <line num="263" count="0" type="stmt"/>
        <line num="269" count="0" type="stmt"/>
        <line num="279" count="0" type="stmt"/>
        <line num="280" count="0" type="stmt"/>
        <line num="281" count="0" type="stmt"/>
        <line num="282" count="0" type="stmt"/>
        <line num="283" count="0" type="stmt"/>
        <line num="284" count="0" type="stmt"/>
        <line num="285" count="0" type="stmt"/>
        <line num="287" count="0" type="stmt"/>
        <line num="288" count="0" type="stmt"/>
        <line num="289" count="0" type="stmt"/>
        <line num="301" count="0" type="stmt"/>
        <line num="302" count="0" type="stmt"/>
        <line num="303" count="0" type="stmt"/>
        <line num="305" count="0" type="stmt"/>
        <line num="306" count="0" type="stmt"/>
        <line num="319" count="0" type="stmt"/>
        <line num="322" count="0" type="stmt"/>
        <line num="323" count="0" type="stmt"/>
        <line num="324" count="0" type="stmt"/>
        <line num="326" count="0" type="stmt"/>
        <line num="327" count="0" type="stmt"/>
        <line num="329" count="0" type="cond" truecount="0" falsecount="2"/>
        <line num="330" count="0" type="stmt"/>
        <line num="335" count="0" type="stmt"/>
        <line num="344" count="0" type="stmt"/>
        <line num="362" count="0" type="stmt"/>
        <line num="364" count="0" type="stmt"/>
        <line num="365" count="0" type="stmt"/>
        <line num="370" count="0" type="stmt"/>
        <line num="375" count="0" type="stmt"/>
        <line num="376" count="0" type="cond" truecount="0" falsecount="2"/>
        <line num="383" count="0" type="stmt"/>
        <line num="387" count="0" type="stmt"/>
        <line num="393" count="0" type="cond" truecount="0" falsecount="4"/>
        <line num="394" count="0" type="stmt"/>
        <line num="397" count="0" type="cond" truecount="0" falsecount="2"/>
        <line num="398" count="0" type="stmt"/>
      </file>
      <file name="UtilsValidators.js" path="/home/mpb/Documents/GitHub/mpbarbosa_site/src/submodules/music_in_numbers/src/scripts/utils/UtilsValidators.js">
        <metrics statements="59" coveredstatements="0" conditionals="74" coveredconditionals="0" methods="8" coveredmethods="0"/>
        <line num="17" count="0" type="cond" truecount="0" falsecount="4"/>
        <line num="18" count="0" type="stmt"/>
        <line num="24" count="0" type="cond" truecount="0" falsecount="2"/>
        <line num="25" count="0" type="stmt"/>
        <line num="31" count="0" type="stmt"/>
        <line num="40" count="0" type="cond" truecount="0" falsecount="4"/>
        <line num="41" count="0" type="stmt"/>
        <line num="48" count="0" type="cond" truecount="0" falsecount="4"/>
        <line num="49" count="0" type="stmt"/>
        <line num="56" count="0" type="stmt"/>
        <line num="57" count="0" type="cond" truecount="0" falsecount="2"/>
        <line num="58" count="0" type="stmt"/>
        <line num="64" count="0" type="stmt"/>
        <line num="73" count="0" type="cond" truecount="0" falsecount="4"/>
        <line num="74" count="0" type="stmt"/>
        <line num="80" count="0" type="stmt"/>
        <line num="81" count="0" type="stmt"/>
        <line num="82" count="0" type="cond" truecount="0" falsecount="2"/>
        <line num="83" count="0" type="stmt"/>
        <line num="90" count="0" type="stmt"/>
        <line num="99" count="0" type="cond" truecount="0" falsecount="4"/>
        <line num="100" count="0" type="stmt"/>
        <line num="106" count="0" type="stmt"/>
        <line num="107" count="0" type="stmt"/>
        <line num="108" count="0" type="cond" truecount="0" falsecount="2"/>
        <line num="109" count="0" type="stmt"/>
        <line num="117" count="0" type="cond" truecount="0" falsecount="4"/>
        <line num="118" count="0" type="stmt"/>
        <line num="124" count="0" type="stmt"/>
        <line num="134" count="0" type="cond" truecount="0" falsecount="4"/>
        <line num="135" count="0" type="stmt"/>
        <line num="141" count="0" type="stmt"/>
        <line num="142" count="0" type="cond" truecount="0" falsecount="4"/>
        <line num="143" count="0" type="stmt"/>
        <line num="149" count="0" type="stmt"/>
        <line num="159" count="0" type="cond" truecount="0" falsecount="4"/>
        <line num="160" count="0" type="stmt"/>
        <line num="166" count="0" type="cond" truecount="0" falsecount="4"/>
        <line num="167" count="0" type="stmt"/>
        <line num="174" count="0" type="cond" truecount="0" falsecount="4"/>
        <line num="175" count="0" type="stmt"/>
        <line num="181" count="0" type="stmt"/>
        <line num="190" count="0" type="cond" truecount="0" falsecount="4"/>
        <line num="191" count="0" type="stmt"/>
        <line num="198" count="0" type="stmt"/>
        <line num="199" count="0" type="cond" truecount="0" falsecount="2"/>
        <line num="200" count="0" type="stmt"/>
        <line num="207" count="0" type="cond" truecount="0" falsecount="2"/>
        <line num="208" count="0" type="stmt"/>
        <line num="214" count="0" type="stmt"/>
        <line num="223" count="0" type="cond" truecount="0" falsecount="4"/>
        <line num="224" count="0" type="stmt"/>
        <line num="230" count="0" type="cond" truecount="0" falsecount="4"/>
        <line num="231" count="0" type="stmt"/>
        <line num="237" count="0" type="stmt"/>
        <line num="242" count="0" type="cond" truecount="0" falsecount="4"/>
        <line num="243" count="0" type="stmt"/>
        <line num="246" count="0" type="cond" truecount="0" falsecount="2"/>
        <line num="247" count="0" type="stmt"/>
      </file>
    </package>
  </project>
</coverage>
