<?xml version="1.0" encoding="UTF-8"?>
<coverage generated="1762747807772" clover="3.2.0">
  <project timestamp="1762747807772" name="All files">
    <metrics statements="23" coveredstatements="21" conditionals="10" coveredconditionals="7" methods="6" coveredmethods="6" elements="39" coveredelements="34" complexity="0" loc="23" ncloc="23" packages="1" files="1" classes="1"/>
    <file name="main.mjs" path="/home/mpb/Documents/GitHub/mpbarbosa_site/src/scripts/main.mjs">
      <metrics statements="23" coveredstatements="21" conditionals="10" coveredconditionals="7" methods="6" coveredmethods="6"/>
      <line num="7" count="22" type="stmt"/>
      <line num="8" count="22" type="stmt"/>
      <line num="9" count="153" type="stmt"/>
      <line num="10" count="47" type="stmt"/>
      <line num="11" count="47" type="stmt"/>
      <line num="12" count="47" type="stmt"/>
      <line num="13" count="47" type="cond" truecount="2" falsecount="0"/>
      <line num="14" count="45" type="stmt"/>
      <line num="18" count="22" type="stmt"/>
      <line num="25" count="15" type="stmt"/>
      <line num="26" count="15" type="cond" truecount="2" falsecount="0"/>
      <line num="27" count="10" type="stmt"/>
      <line num="28" count="9" type="stmt"/>
      <line num="30" count="9" type="stmt"/>
      <line num="31" count="9" type="stmt"/>
      <line num="33" count="10" type="stmt"/>
      <line num="35" count="5" type="stmt"/>
      <line num="42" count="4" type="stmt"/>
      <line num="43" count="4" type="stmt"/>
      <line num="47" count="1" type="cond" truecount="3" falsecount="1"/>
      <line num="48" count="1" type="stmt"/>
      <line num="49" count="0" type="cond" truecount="0" falsecount="2"/>
      <line num="50" count="0" type="stmt"/>
    </file>
  </project>
</coverage>
