{"/home/mpb/Documents/GitHub/mpbarbosa_site/src/scripts/main.mjs": {"path":"/home/mpb/Documents/GitHub/mpbarbosa_site/src/scripts/main.mjs","statementMap":{"0":{"start":{"line":7,"column":18},"end":{"line":7,"column":59}},"1":{"start":{"line":8,"column":4},"end":{"line":17,"column":7}},"2":{"start":{"line":9,"column":8},"end":{"line":16,"column":11}},"3":{"start":{"line":10,"column":12},"end":{"line":10,"column":31}},"4":{"start":{"line":11,"column":29},"end":{"line":11,"column":54}},"5":{"start":{"line":12,"column":34},"end":{"line":12,"column":66}},"6":{"start":{"line":13,"column":12},"end":{"line":15,"column":13}},"7":{"start":{"line":14,"column":16},"end":{"line":14,"column":69}},"8":{"start":{"line":18,"column":4},"end":{"line":18,"column":24}},"9":{"start":{"line":25,"column":24},"end":{"line":25,"column":63}},"10":{"start":{"line":26,"column":4},"end":{"line":34,"column":5}},"11":{"start":{"line":27,"column":8},"end":{"line":32,"column":11}},"12":{"start":{"line":28,"column":12},"end":{"line":28,"column":31}},"13":{"start":{"line":30,"column":12},"end":{"line":30,"column":65}},"14":{"start":{"line":31,"column":12},"end":{"line":31,"column":32}},"15":{"start":{"line":33,"column":8},"end":{"line":33,"column":20}},"16":{"start":{"line":35,"column":4},"end":{"line":35,"column":17}},"17":{"start":{"line":42,"column":4},"end":{"line":42,"column":27}},"18":{"start":{"line":43,"column":4},"end":{"line":43,"column":23}},"19":{"start":{"line":47,"column":0},"end":{"line":51,"column":1}},"20":{"start":{"line":48,"column":4},"end":{"line":48,"column":21}},"21":{"start":{"line":49,"column":7},"end":{"line":51,"column":1}},"22":{"start":{"line":50,"column":4},"end":{"line":50,"column":66}}},"fnMap":{"0":{"name":"setupSmoothScrolling","decl":{"start":{"line":6,"column":16},"end":{"line":6,"column":36}},"loc":{"start":{"line":6,"column":39},"end":{"line":19,"column":1}},"line":6},"1":{"name":"(anonymous_1)","decl":{"start":{"line":8,"column":18},"end":{"line":8,"column":19}},"loc":{"start":{"line":8,"column":26},"end":{"line":17,"column":5}},"line":8},"2":{"name":"(anonymous_2)","decl":{"start":{"line":9,"column":39},"end":{"line":9,"column":40}},"loc":{"start":{"line":9,"column":51},"end":{"line":16,"column":9}},"line":9},"3":{"name":"setupContactForm","decl":{"start":{"line":24,"column":16},"end":{"line":24,"column":32}},"loc":{"start":{"line":24,"column":35},"end":{"line":36,"column":1}},"line":24},"4":{"name":"(anonymous_4)","decl":{"start":{"line":27,"column":47},"end":{"line":27,"column":48}},"loc":{"start":{"line":27,"column":59},"end":{"line":32,"column":9}},"line":27},"5":{"name":"initializeSite","decl":{"start":{"line":41,"column":16},"end":{"line":41,"column":30}},"loc":{"start":{"line":41,"column":33},"end":{"line":44,"column":1}},"line":41}},"branchMap":{"0":{"loc":{"start":{"line":13,"column":12},"end":{"line":15,"column":13}},"type":"if","locations":[{"start":{"line":13,"column":12},"end":{"line":15,"column":13}},{"start":{},"end":{}}],"line":13},"1":{"loc":{"start":{"line":26,"column":4},"end":{"line":34,"column":5}},"type":"if","locations":[{"start":{"line":26,"column":4},"end":{"line":34,"column":5}},{"start":{},"end":{}}],"line":26},"2":{"loc":{"start":{"line":47,"column":0},"end":{"line":51,"column":1}},"type":"if","locations":[{"start":{"line":47,"column":0},"end":{"line":51,"column":1}},{"start":{"line":49,"column":7},"end":{"line":51,"column":1}}],"line":47},"3":{"loc":{"start":{"line":47,"column":4},"end":{"line":47,"column":70}},"type":"binary-expr","locations":[{"start":{"line":47,"column":4},"end":{"line":47,"column":33}},{"start":{"line":47,"column":37},"end":{"line":47,"column":70}}],"line":47},"4":{"loc":{"start":{"line":49,"column":7},"end":{"line":51,"column":1}},"type":"if","locations":[{"start":{"line":49,"column":7},"end":{"line":51,"column":1}},{"start":{},"end":{}}],"line":49}},"s":{"0":22,"1":22,"2":153,"3":47,"4":47,"5":47,"6":47,"7":45,"8":22,"9":15,"10":15,"11":10,"12":9,"13":9,"14":9,"15":10,"16":5,"17":4,"18":4,"19":1,"20":1,"21":0,"22":0},"f":{"0":22,"1":153,"2":47,"3":15,"4":9,"5":4},"b":{"0":[45,2],"1":[10,5],"2":[1,0],"3":[1,1],"4":[0,0]},"inputSourceMap":null,"_coverageSchema":"1a1c01bbd47fc00a2c39e90264f33305004495a9","hash":"aa1956440434c327cd7fc00a2f51eeedec6c6224"}
}
