{"/home/mpb/Documents/GitHub/mpbarbosa_site/src/submodules/guia_turistico/src/libs/guia_js/src/guia.js": {"path":"/home/mpb/Documents/GitHub/mpbarbosa_site/src/submodules/guia_turistico/src/libs/guia_js/src/guia.js","statementMap":{"0":{"start":{"line":3,"column":20},"end":{"line":11,"column":1}},"1":{"start":{"line":9,"column":2},"end":{"line":9,"column":72}},"2":{"start":{"line":13,"column":17},"end":{"line":13,"column":28}},"3":{"start":{"line":14,"column":19},"end":{"line":14,"column":44}},"4":{"start":{"line":15,"column":20},"end":{"line":42,"column":1}},"5":{"start":{"line":44,"column":28},"end":{"line":45,"column":96}},"6":{"start":{"line":45,"column":1},"end":{"line":45,"column":96}},"7":{"start":{"line":81,"column":26},"end":{"line":94,"column":1}},"8":{"start":{"line":82,"column":11},"end":{"line":82,"column":17}},"9":{"start":{"line":83,"column":12},"end":{"line":83,"column":34}},"10":{"start":{"line":84,"column":12},"end":{"line":84,"column":34}},"11":{"start":{"line":85,"column":12},"end":{"line":85,"column":43}},"12":{"start":{"line":86,"column":12},"end":{"line":86,"column":43}},"13":{"start":{"line":89,"column":11},"end":{"line":90,"column":67}},"14":{"start":{"line":91,"column":11},"end":{"line":91,"column":57}},"15":{"start":{"line":93,"column":1},"end":{"line":93,"column":14}},"16":{"start":{"line":96,"column":14},"end":{"line":96,"column":63}},"17":{"start":{"line":96,"column":22},"end":{"line":96,"column":63}},"18":{"start":{"line":96,"column":43},"end":{"line":96,"column":62}},"19":{"start":{"line":123,"column":23},"end":{"line":144,"column":1}},"20":{"start":{"line":125,"column":1},"end":{"line":127,"column":2}},"21":{"start":{"line":126,"column":2},"end":{"line":126,"column":15}},"22":{"start":{"line":130,"column":19},"end":{"line":130,"column":80}},"23":{"start":{"line":131,"column":21},"end":{"line":131,"column":99}},"24":{"start":{"line":132,"column":20},"end":{"line":132,"column":61}},"25":{"start":{"line":135,"column":24},"end":{"line":135,"column":85}},"26":{"start":{"line":138,"column":23},"end":{"line":138,"column":46}},"27":{"start":{"line":141,"column":24},"end":{"line":141,"column":90}},"28":{"start":{"line":143,"column":1},"end":{"line":143,"column":28}},"29":{"start":{"line":146,"column":12},"end":{"line":157,"column":1}},"30":{"start":{"line":148,"column":21},"end":{"line":148,"column":83}},"31":{"start":{"line":149,"column":1},"end":{"line":149,"column":26}},"32":{"start":{"line":150,"column":1},"end":{"line":156,"column":2}},"33":{"start":{"line":152,"column":2},"end":{"line":155,"column":3}},"34":{"start":{"line":153,"column":3},"end":{"line":154,"column":23}},"35":{"start":{"line":159,"column":13},"end":{"line":167,"column":1}},"36":{"start":{"line":160,"column":1},"end":{"line":160,"column":34}},"37":{"start":{"line":161,"column":1},"end":{"line":166,"column":2}},"38":{"start":{"line":162,"column":23},"end":{"line":162,"column":72}},"39":{"start":{"line":163,"column":2},"end":{"line":165,"column":3}},"40":{"start":{"line":164,"column":3},"end":{"line":164,"column":64}},"41":{"start":{"line":172,"column":0},"end":{"line":182,"column":1}},"42":{"start":{"line":173,"column":18},"end":{"line":173,"column":34}},"43":{"start":{"line":174,"column":1},"end":{"line":176,"column":43}},"44":{"start":{"line":177,"column":1},"end":{"line":177,"column":90}},"45":{"start":{"line":178,"column":1},"end":{"line":178,"column":108}},"46":{"start":{"line":181,"column":1},"end":{"line":181,"column":73}},"47":{"start":{"line":185,"column":0},"end":{"line":185,"column":48}},"48":{"start":{"line":194,"column":2},"end":{"line":196,"column":4}},"49":{"start":{"line":195,"column":3},"end":{"line":195,"column":143}},"50":{"start":{"line":197,"column":2},"end":{"line":197,"column":38}},"51":{"start":{"line":198,"column":2},"end":{"line":198,"column":32}},"52":{"start":{"line":199,"column":2},"end":{"line":199,"column":43}},"53":{"start":{"line":200,"column":2},"end":{"line":200,"column":45}},"54":{"start":{"line":201,"column":2},"end":{"line":201,"column":43}},"55":{"start":{"line":202,"column":2},"end":{"line":204,"column":4}},"56":{"start":{"line":205,"column":2},"end":{"line":205,"column":43}},"57":{"start":{"line":206,"column":2},"end":{"line":206,"column":59}},"58":{"start":{"line":207,"column":2},"end":{"line":207,"column":41}},"59":{"start":{"line":208,"column":2},"end":{"line":208,"column":37}},"60":{"start":{"line":209,"column":2},"end":{"line":209,"column":38}},"61":{"start":{"line":210,"column":2},"end":{"line":210,"column":57}},"62":{"start":{"line":242,"column":2},"end":{"line":252,"column":3}},"63":{"start":{"line":243,"column":3},"end":{"line":243,"column":22}},"64":{"start":{"line":244,"column":9},"end":{"line":252,"column":3}},"65":{"start":{"line":245,"column":3},"end":{"line":245,"column":17}},"66":{"start":{"line":246,"column":9},"end":{"line":252,"column":3}},"67":{"start":{"line":247,"column":3},"end":{"line":247,"column":19}},"68":{"start":{"line":248,"column":9},"end":{"line":252,"column":3}},"69":{"start":{"line":249,"column":3},"end":{"line":249,"column":16}},"70":{"start":{"line":251,"column":3},"end":{"line":251,"column":21}},"71":{"start":{"line":271,"column":2},"end":{"line":271,"column":43}},"72":{"start":{"line":296,"column":2},"end":{"line":301,"column":4}},"73":{"start":{"line":321,"column":2},"end":{"line":321,"column":25}},"74":{"start":{"line":322,"column":2},"end":{"line":322,"column":63}},"75":{"start":{"line":342,"column":2},"end":{"line":344,"column":3}},"76":{"start":{"line":343,"column":3},"end":{"line":343,"column":55}},"77":{"start":{"line":345,"column":2},"end":{"line":345,"column":167}},"78":{"start":{"line":421,"column":2},"end":{"line":421,"column":22}},"79":{"start":{"line":422,"column":2},"end":{"line":422,"column":30}},"80":{"start":{"line":443,"column":2},"end":{"line":445,"column":3}},"81":{"start":{"line":444,"column":3},"end":{"line":444,"column":50}},"82":{"start":{"line":458,"column":2},"end":{"line":458,"column":64}},"83":{"start":{"line":458,"column":48},"end":{"line":458,"column":62}},"84":{"start":{"line":472,"column":2},"end":{"line":472,"column":74}},"85":{"start":{"line":473,"column":2},"end":{"line":478,"column":5}},"86":{"start":{"line":474,"column":3},"end":{"line":477,"column":4}},"87":{"start":{"line":475,"column":4},"end":{"line":475,"column":69}},"88":{"start":{"line":476,"column":4},"end":{"line":476,"column":29}},"89":{"start":{"line":495,"column":2},"end":{"line":497,"column":3}},"90":{"start":{"line":496,"column":3},"end":{"line":496,"column":74}},"91":{"start":{"line":510,"column":2},"end":{"line":512,"column":4}},"92":{"start":{"line":511,"column":11},"end":{"line":511,"column":34}},"93":{"start":{"line":525,"column":2},"end":{"line":529,"column":5}},"94":{"start":{"line":526,"column":3},"end":{"line":528,"column":4}},"95":{"start":{"line":527,"column":4},"end":{"line":527,"column":16}},"96":{"start":{"line":538,"column":2},"end":{"line":538,"column":31}},"97":{"start":{"line":547,"column":2},"end":{"line":547,"column":39}},"98":{"start":{"line":556,"column":2},"end":{"line":556,"column":22}},"99":{"start":{"line":557,"column":2},"end":{"line":557,"column":30}},"100":{"start":{"line":568,"column":19},"end":{"line":568,"column":23}},"101":{"start":{"line":576,"column":27},"end":{"line":576,"column":52}},"102":{"start":{"line":584,"column":30},"end":{"line":584,"column":59}},"103":{"start":{"line":592,"column":36},"end":{"line":592,"column":62}},"104":{"start":{"line":624,"column":2},"end":{"line":628,"column":3}},"105":{"start":{"line":625,"column":3},"end":{"line":625,"column":60}},"106":{"start":{"line":626,"column":9},"end":{"line":628,"column":3}},"107":{"start":{"line":627,"column":3},"end":{"line":627,"column":45}},"108":{"start":{"line":629,"column":2},"end":{"line":629,"column":34}},"109":{"start":{"line":653,"column":2},"end":{"line":653,"column":47}},"110":{"start":{"line":654,"column":2},"end":{"line":654,"column":29}},"111":{"start":{"line":655,"column":2},"end":{"line":655,"column":27}},"112":{"start":{"line":656,"column":2},"end":{"line":658,"column":3}},"113":{"start":{"line":657,"column":3},"end":{"line":657,"column":25}},"114":{"start":{"line":667,"column":2},"end":{"line":667,"column":40}},"115":{"start":{"line":692,"column":2},"end":{"line":692,"column":43}},"116":{"start":{"line":714,"column":2},"end":{"line":714,"column":45}},"117":{"start":{"line":731,"column":2},"end":{"line":731,"column":54}},"118":{"start":{"line":775,"column":23},"end":{"line":775,"column":27}},"119":{"start":{"line":776,"column":14},"end":{"line":776,"column":18}},"120":{"start":{"line":779,"column":2},"end":{"line":782,"column":3}},"121":{"start":{"line":780,"column":3},"end":{"line":780,"column":62}},"122":{"start":{"line":781,"column":3},"end":{"line":781,"column":10}},"123":{"start":{"line":785,"column":2},"end":{"line":796,"column":3}},"124":{"start":{"line":790,"column":3},"end":{"line":790,"column":26}},"125":{"start":{"line":791,"column":3},"end":{"line":791,"column":77}},"126":{"start":{"line":792,"column":3},"end":{"line":795,"column":5}},"127":{"start":{"line":798,"column":2},"end":{"line":819,"column":3}},"128":{"start":{"line":805,"column":20},"end":{"line":810,"column":4}},"129":{"start":{"line":811,"column":3},"end":{"line":818,"column":4}},"130":{"start":{"line":812,"column":4},"end":{"line":812,"column":27}},"131":{"start":{"line":813,"column":4},"end":{"line":813,"column":85}},"132":{"start":{"line":814,"column":4},"end":{"line":817,"column":6}},"133":{"start":{"line":821,"column":2},"end":{"line":824,"column":3}},"134":{"start":{"line":822,"column":3},"end":{"line":822,"column":74}},"135":{"start":{"line":823,"column":3},"end":{"line":823,"column":10}},"136":{"start":{"line":826,"column":17},"end":{"line":826,"column":19}},"137":{"start":{"line":828,"column":2},"end":{"line":838,"column":3}},"138":{"start":{"line":829,"column":22},"end":{"line":829,"column":165}},"139":{"start":{"line":830,"column":3},"end":{"line":833,"column":5}},"140":{"start":{"line":834,"column":3},"end":{"line":834,"column":45}},"141":{"start":{"line":835,"column":3},"end":{"line":835,"column":56}},"142":{"start":{"line":837,"column":3},"end":{"line":837,"column":47}},"143":{"start":{"line":841,"column":2},"end":{"line":841,"column":48}},"144":{"start":{"line":842,"column":2},"end":{"line":842,"column":36}},"145":{"start":{"line":843,"column":2},"end":{"line":843,"column":41}},"146":{"start":{"line":844,"column":2},"end":{"line":844,"column":46}},"147":{"start":{"line":863,"column":17},"end":{"line":863,"column":40}},"148":{"start":{"line":864,"column":2},"end":{"line":866,"column":3}},"149":{"start":{"line":865,"column":3},"end":{"line":865,"column":55}},"150":{"start":{"line":867,"column":2},"end":{"line":867,"column":195}},"151":{"start":{"line":879,"column":2},"end":{"line":881,"column":3}},"152":{"start":{"line":880,"column":3},"end":{"line":880,"column":42}},"153":{"start":{"line":883,"column":2},"end":{"line":883,"column":31}},"154":{"start":{"line":884,"column":2},"end":{"line":884,"column":41}},"155":{"start":{"line":888,"column":2},"end":{"line":888,"column":30}},"156":{"start":{"line":892,"column":2},"end":{"line":892,"column":32}},"157":{"start":{"line":893,"column":2},"end":{"line":897,"column":3}},"158":{"start":{"line":894,"column":3},"end":{"line":894,"column":38}},"159":{"start":{"line":896,"column":3},"end":{"line":896,"column":44}},"160":{"start":{"line":901,"column":2},"end":{"line":901,"column":32}},"161":{"start":{"line":905,"column":2},"end":{"line":905,"column":64}},"162":{"start":{"line":906,"column":2},"end":{"line":906,"column":23}},"163":{"start":{"line":912,"column":2},"end":{"line":912,"column":17}},"164":{"start":{"line":913,"column":2},"end":{"line":913,"column":47}},"165":{"start":{"line":914,"column":2},"end":{"line":914,"column":24}},"166":{"start":{"line":915,"column":2},"end":{"line":915,"column":19}},"167":{"start":{"line":916,"column":2},"end":{"line":916,"column":20}},"168":{"start":{"line":917,"column":2},"end":{"line":917,"column":23}},"169":{"start":{"line":918,"column":2},"end":{"line":918,"column":21}},"170":{"start":{"line":919,"column":2},"end":{"line":919,"column":23}},"171":{"start":{"line":920,"column":2},"end":{"line":920,"column":25}},"172":{"start":{"line":921,"column":2},"end":{"line":921,"column":27}},"173":{"start":{"line":930,"column":2},"end":{"line":930,"column":40}},"174":{"start":{"line":935,"column":2},"end":{"line":935,"column":18}},"175":{"start":{"line":939,"column":2},"end":{"line":939,"column":17}},"176":{"start":{"line":940,"column":2},"end":{"line":940,"column":19}},"177":{"start":{"line":941,"column":2},"end":{"line":941,"column":20}},"178":{"start":{"line":942,"column":2},"end":{"line":942,"column":23}},"179":{"start":{"line":943,"column":2},"end":{"line":943,"column":21}},"180":{"start":{"line":944,"column":2},"end":{"line":944,"column":21}},"181":{"start":{"line":948,"column":2},"end":{"line":948,"column":43}},"182":{"start":{"line":952,"column":2},"end":{"line":952,"column":45}},"183":{"start":{"line":956,"column":2},"end":{"line":956,"column":126}},"184":{"start":{"line":960,"column":2},"end":{"line":960,"column":19}},"185":{"start":{"line":964,"column":2},"end":{"line":964,"column":14}},"186":{"start":{"line":1033,"column":19},"end":{"line":1033,"column":37}},"187":{"start":{"line":1036,"column":2},"end":{"line":1039,"column":3}},"188":{"start":{"line":1037,"column":3},"end":{"line":1037,"column":40}},"189":{"start":{"line":1038,"column":3},"end":{"line":1038,"column":10}},"190":{"start":{"line":1043,"column":2},"end":{"line":1043,"column":22}},"191":{"start":{"line":1045,"column":2},"end":{"line":1071,"column":3}},"192":{"start":{"line":1047,"column":20},"end":{"line":1047,"column":41}},"193":{"start":{"line":1050,"column":3},"end":{"line":1052,"column":4}},"194":{"start":{"line":1051,"column":4},"end":{"line":1051,"column":62}},"195":{"start":{"line":1055,"column":16},"end":{"line":1055,"column":37}},"196":{"start":{"line":1058,"column":3},"end":{"line":1058,"column":20}},"197":{"start":{"line":1061,"column":3},"end":{"line":1061,"column":34}},"198":{"start":{"line":1066,"column":3},"end":{"line":1066,"column":22}},"199":{"start":{"line":1070,"column":3},"end":{"line":1070,"column":24}},"200":{"start":{"line":1077,"column":2},"end":{"line":1077,"column":12}},"201":{"start":{"line":1078,"column":2},"end":{"line":1083,"column":5}},"202":{"start":{"line":1079,"column":14},"end":{"line":1079,"column":23}},"203":{"start":{"line":1081,"column":4},"end":{"line":1081,"column":22}},"204":{"start":{"line":1084,"column":2},"end":{"line":1084,"column":43}},"205":{"start":{"line":1088,"column":2},"end":{"line":1088,"column":34}},"206":{"start":{"line":1092,"column":2},"end":{"line":1094,"column":3}},"207":{"start":{"line":1093,"column":3},"end":{"line":1093,"column":10}},"208":{"start":{"line":1095,"column":2},"end":{"line":1095,"column":27}},"209":{"start":{"line":1096,"column":2},"end":{"line":1096,"column":29}},"210":{"start":{"line":1097,"column":2},"end":{"line":1097,"column":64}},"211":{"start":{"line":1098,"column":2},"end":{"line":1098,"column":19}},"212":{"start":{"line":1099,"column":2},"end":{"line":1099,"column":20}},"213":{"start":{"line":1100,"column":2},"end":{"line":1100,"column":23}},"214":{"start":{"line":1101,"column":2},"end":{"line":1101,"column":21}},"215":{"start":{"line":1105,"column":2},"end":{"line":1105,"column":46}},"216":{"start":{"line":1109,"column":2},"end":{"line":1109,"column":27}},"217":{"start":{"line":1128,"column":2},"end":{"line":1131,"column":3}},"218":{"start":{"line":1129,"column":3},"end":{"line":1129,"column":74}},"219":{"start":{"line":1130,"column":3},"end":{"line":1130,"column":10}},"220":{"start":{"line":1134,"column":17},"end":{"line":1134,"column":52}},"221":{"start":{"line":1135,"column":2},"end":{"line":1153,"column":3}},"222":{"start":{"line":1137,"column":3},"end":{"line":1137,"column":58}},"223":{"start":{"line":1140,"column":3},"end":{"line":1152,"column":7}},"224":{"start":{"line":1142,"column":5},"end":{"line":1142,"column":39}},"225":{"start":{"line":1143,"column":5},"end":{"line":1143,"column":94}},"226":{"start":{"line":1145,"column":5},"end":{"line":1145,"column":98}},"227":{"start":{"line":1146,"column":5},"end":{"line":1146,"column":36}},"228":{"start":{"line":1149,"column":5},"end":{"line":1149,"column":73}},"229":{"start":{"line":1150,"column":5},"end":{"line":1150,"column":24}},"230":{"start":{"line":1151,"column":5},"end":{"line":1151,"column":36}},"231":{"start":{"line":1218,"column":2},"end":{"line":1220,"column":3}},"232":{"start":{"line":1219,"column":3},"end":{"line":1219,"column":42}},"233":{"start":{"line":1224,"column":2},"end":{"line":1226,"column":3}},"234":{"start":{"line":1225,"column":3},"end":{"line":1225,"column":65}},"235":{"start":{"line":1231,"column":2},"end":{"line":1248,"column":3}},"236":{"start":{"line":1233,"column":3},"end":{"line":1233,"column":26}},"237":{"start":{"line":1237,"column":3},"end":{"line":1239,"column":4}},"238":{"start":{"line":1238,"column":4},"end":{"line":1238,"column":21}},"239":{"start":{"line":1242,"column":3},"end":{"line":1242,"column":20}},"240":{"start":{"line":1247,"column":3},"end":{"line":1247,"column":15}},"241":{"start":{"line":1249,"column":2},"end":{"line":1249,"column":3}},"242":{"start":{"line":1274,"column":2},"end":{"line":1276,"column":3}},"243":{"start":{"line":1275,"column":3},"end":{"line":1275,"column":57}},"244":{"start":{"line":1277,"column":2},"end":{"line":1277,"column":73}},"245":{"start":{"line":1300,"column":2},"end":{"line":1300,"column":25}},"246":{"start":{"line":1301,"column":2},"end":{"line":1301,"column":21}},"247":{"start":{"line":1302,"column":2},"end":{"line":1302,"column":26}},"248":{"start":{"line":1303,"column":2},"end":{"line":1303,"column":21}},"249":{"start":{"line":1304,"column":2},"end":{"line":1304,"column":24}},"250":{"start":{"line":1305,"column":2},"end":{"line":1305,"column":17}},"251":{"start":{"line":1306,"column":2},"end":{"line":1306,"column":18}},"252":{"start":{"line":1307,"column":2},"end":{"line":1307,"column":23}},"253":{"start":{"line":1317,"column":2},"end":{"line":1317,"column":34}},"254":{"start":{"line":1317,"column":24},"end":{"line":1317,"column":34}},"255":{"start":{"line":1318,"column":2},"end":{"line":1320,"column":3}},"256":{"start":{"line":1319,"column":3},"end":{"line":1319,"column":47}},"257":{"start":{"line":1321,"column":2},"end":{"line":1321,"column":25}},"258":{"start":{"line":1331,"column":2},"end":{"line":1331,"column":27}},"259":{"start":{"line":1341,"column":2},"end":{"line":1341,"column":33}},"260":{"start":{"line":1341,"column":23},"end":{"line":1341,"column":33}},"261":{"start":{"line":1342,"column":2},"end":{"line":1344,"column":3}},"262":{"start":{"line":1343,"column":3},"end":{"line":1343,"column":42}},"263":{"start":{"line":1345,"column":2},"end":{"line":1345,"column":24}},"264":{"start":{"line":1356,"column":2},"end":{"line":1363,"column":14}},"265":{"start":{"line":1367,"column":2},"end":{"line":1367,"column":83}},"266":{"start":{"line":1412,"column":2},"end":{"line":1412,"column":48}},"267":{"start":{"line":1413,"column":2},"end":{"line":1413,"column":46}},"268":{"start":{"line":1414,"column":2},"end":{"line":1414,"column":42}},"269":{"start":{"line":1415,"column":2},"end":{"line":1415,"column":49}},"270":{"start":{"line":1416,"column":2},"end":{"line":1416,"column":22}},"271":{"start":{"line":1431,"column":2},"end":{"line":1433,"column":3}},"272":{"start":{"line":1432,"column":3},"end":{"line":1432,"column":39}},"273":{"start":{"line":1436,"column":2},"end":{"line":1438,"column":3}},"274":{"start":{"line":1437,"column":3},"end":{"line":1437,"column":39}},"275":{"start":{"line":1440,"column":2},"end":{"line":1450,"column":3}},"276":{"start":{"line":1442,"column":3},"end":{"line":1449,"column":4}},"277":{"start":{"line":1444,"column":5},"end":{"line":1448,"column":6}},"278":{"start":{"line":1445,"column":6},"end":{"line":1445,"column":92}},"279":{"start":{"line":1447,"column":6},"end":{"line":1447,"column":74}},"280":{"start":{"line":1453,"column":2},"end":{"line":1453,"column":47}},"281":{"start":{"line":1471,"column":19},"end":{"line":1471,"column":66}},"282":{"start":{"line":1472,"column":2},"end":{"line":1474,"column":3}},"283":{"start":{"line":1473,"column":3},"end":{"line":1473,"column":39}},"284":{"start":{"line":1475,"column":2},"end":{"line":1475,"column":18}},"285":{"start":{"line":1497,"column":2},"end":{"line":1497,"column":45}},"286":{"start":{"line":1498,"column":2},"end":{"line":1498,"column":25}},"287":{"start":{"line":1499,"column":2},"end":{"line":1499,"column":24}},"288":{"start":{"line":1500,"column":2},"end":{"line":1500,"column":29}},"289":{"start":{"line":1501,"column":2},"end":{"line":1501,"column":25}},"290":{"start":{"line":1502,"column":2},"end":{"line":1502,"column":25}},"291":{"start":{"line":1512,"column":2},"end":{"line":1524,"column":3}},"292":{"start":{"line":1513,"column":3},"end":{"line":1513,"column":31}},"293":{"start":{"line":1514,"column":3},"end":{"line":1514,"column":40}},"294":{"start":{"line":1515,"column":3},"end":{"line":1515,"column":25}},"295":{"start":{"line":1518,"column":3},"end":{"line":1518,"column":24}},"296":{"start":{"line":1521,"column":3},"end":{"line":1523,"column":12}},"297":{"start":{"line":1522,"column":4},"end":{"line":1522,"column":25}},"298":{"start":{"line":1534,"column":2},"end":{"line":1540,"column":3}},"299":{"start":{"line":1535,"column":3},"end":{"line":1535,"column":26}},"300":{"start":{"line":1536,"column":3},"end":{"line":1539,"column":4}},"301":{"start":{"line":1537,"column":4},"end":{"line":1537,"column":35}},"302":{"start":{"line":1538,"column":4},"end":{"line":1538,"column":27}},"303":{"start":{"line":1550,"column":2},"end":{"line":1550,"column":14}},"304":{"start":{"line":1551,"column":2},"end":{"line":1551,"column":24}},"305":{"start":{"line":1552,"column":2},"end":{"line":1552,"column":29}},"306":{"start":{"line":1553,"column":2},"end":{"line":1555,"column":3}},"307":{"start":{"line":1554,"column":3},"end":{"line":1554,"column":41}},"308":{"start":{"line":1565,"column":2},"end":{"line":1567,"column":3}},"309":{"start":{"line":1566,"column":3},"end":{"line":1566,"column":12}},"310":{"start":{"line":1568,"column":2},"end":{"line":1568,"column":37}},"311":{"start":{"line":1579,"column":23},"end":{"line":1579,"column":54}},"312":{"start":{"line":1580,"column":16},"end":{"line":1580,"column":47}},"313":{"start":{"line":1581,"column":18},"end":{"line":1581,"column":56}},"314":{"start":{"line":1582,"column":18},"end":{"line":1582,"column":35}},"315":{"start":{"line":1584,"column":2},"end":{"line":1586,"column":14}},"316":{"start":{"line":1585,"column":16},"end":{"line":1585,"column":48}},"317":{"start":{"line":1597,"column":2},"end":{"line":1601,"column":3}},"318":{"start":{"line":1598,"column":19},"end":{"line":1598,"column":40}},"319":{"start":{"line":1599,"column":25},"end":{"line":1599,"column":49}},"320":{"start":{"line":1600,"column":3},"end":{"line":1600,"column":44}},"321":{"start":{"line":1619,"column":2},"end":{"line":1629,"column":3}},"322":{"start":{"line":1622,"column":3},"end":{"line":1622,"column":16}},"323":{"start":{"line":1623,"column":3},"end":{"line":1623,"column":16}},"324":{"start":{"line":1624,"column":9},"end":{"line":1629,"column":3}},"325":{"start":{"line":1626,"column":3},"end":{"line":1628,"column":4}},"326":{"start":{"line":1627,"column":4},"end":{"line":1627,"column":17}},"327":{"start":{"line":1632,"column":2},"end":{"line":1637,"column":3}},"328":{"start":{"line":1633,"column":3},"end":{"line":1633,"column":15}},"329":{"start":{"line":1634,"column":3},"end":{"line":1636,"column":4}},"330":{"start":{"line":1635,"column":4},"end":{"line":1635,"column":39}},"331":{"start":{"line":1640,"column":2},"end":{"line":1644,"column":3}},"332":{"start":{"line":1641,"column":3},"end":{"line":1643,"column":4}},"333":{"start":{"line":1642,"column":4},"end":{"line":1642,"column":44}},"334":{"start":{"line":1648,"column":16},"end":{"line":1648,"column":54}},"335":{"start":{"line":1649,"column":18},"end":{"line":1649,"column":56}},"336":{"start":{"line":1650,"column":2},"end":{"line":1650,"column":67}},"337":{"start":{"line":1669,"column":2},"end":{"line":1669,"column":27}},"338":{"start":{"line":1670,"column":2},"end":{"line":1670,"column":25}},"339":{"start":{"line":1671,"column":2},"end":{"line":1671,"column":22}},"340":{"start":{"line":1685,"column":2},"end":{"line":1694,"column":3}},"341":{"start":{"line":1686,"column":3},"end":{"line":1693,"column":4}},"342":{"start":{"line":1687,"column":4},"end":{"line":1687,"column":57}},"343":{"start":{"line":1688,"column":10},"end":{"line":1693,"column":4}},"344":{"start":{"line":1689,"column":4},"end":{"line":1689,"column":44}},"345":{"start":{"line":1690,"column":10},"end":{"line":1693,"column":4}},"346":{"start":{"line":1692,"column":4},"end":{"line":1692,"column":59}},"347":{"start":{"line":1698,"column":2},"end":{"line":1698,"column":67}},"348":{"start":{"line":1711,"column":2},"end":{"line":1711,"column":25}},"349":{"start":{"line":1712,"column":2},"end":{"line":1712,"column":22}},"350":{"start":{"line":1723,"column":2},"end":{"line":1725,"column":3}},"351":{"start":{"line":1724,"column":3},"end":{"line":1724,"column":61}},"352":{"start":{"line":1727,"column":22},"end":{"line":1727,"column":50}},"353":{"start":{"line":1728,"column":19},"end":{"line":1728,"column":50}},"354":{"start":{"line":1729,"column":17},"end":{"line":1729,"column":32}},"355":{"start":{"line":1731,"column":13},"end":{"line":1732,"column":62}},"356":{"start":{"line":1734,"column":2},"end":{"line":1736,"column":10}},"357":{"start":{"line":1739,"column":2},"end":{"line":1743,"column":16}},"358":{"start":{"line":1746,"column":2},"end":{"line":1750,"column":16}},"359":{"start":{"line":1753,"column":2},"end":{"line":1762,"column":3}},"360":{"start":{"line":1754,"column":3},"end":{"line":1756,"column":90}},"361":{"start":{"line":1758,"column":3},"end":{"line":1760,"column":4}},"362":{"start":{"line":1759,"column":4},"end":{"line":1759,"column":107}},"363":{"start":{"line":1761,"column":3},"end":{"line":1761,"column":20}},"364":{"start":{"line":1765,"column":2},"end":{"line":1775,"column":3}},"365":{"start":{"line":1766,"column":21},"end":{"line":1766,"column":41}},"366":{"start":{"line":1767,"column":3},"end":{"line":1769,"column":81}},"367":{"start":{"line":1771,"column":3},"end":{"line":1773,"column":4}},"368":{"start":{"line":1772,"column":4},"end":{"line":1772,"column":79}},"369":{"start":{"line":1774,"column":3},"end":{"line":1774,"column":20}},"370":{"start":{"line":1777,"column":2},"end":{"line":1777,"column":23}},"371":{"start":{"line":1778,"column":2},"end":{"line":1778,"column":14}},"372":{"start":{"line":1782,"column":21},"end":{"line":1788,"column":3}},"373":{"start":{"line":1789,"column":2},"end":{"line":1789,"column":40}},"374":{"start":{"line":1804,"column":2},"end":{"line":1807,"column":3}},"375":{"start":{"line":1805,"column":3},"end":{"line":1805,"column":72}},"376":{"start":{"line":1806,"column":3},"end":{"line":1806,"column":10}},"377":{"start":{"line":1810,"column":2},"end":{"line":1813,"column":3}},"378":{"start":{"line":1811,"column":3},"end":{"line":1811,"column":91}},"379":{"start":{"line":1812,"column":3},"end":{"line":1812,"column":10}},"380":{"start":{"line":1816,"column":2},"end":{"line":1824,"column":3}},"381":{"start":{"line":1818,"column":3},"end":{"line":1823,"column":4}},"382":{"start":{"line":1819,"column":17},"end":{"line":1819,"column":57}},"383":{"start":{"line":1820,"column":4},"end":{"line":1820,"column":34}},"384":{"start":{"line":1822,"column":4},"end":{"line":1822,"column":88}},"385":{"start":{"line":1828,"column":2},"end":{"line":1828,"column":67}},"386":{"start":{"line":1835,"column":2},"end":{"line":1835,"column":25}},"387":{"start":{"line":1836,"column":2},"end":{"line":1836,"column":53}},"388":{"start":{"line":1837,"column":2},"end":{"line":1837,"column":22}},"389":{"start":{"line":1841,"column":2},"end":{"line":1843,"column":3}},"390":{"start":{"line":1842,"column":3},"end":{"line":1842,"column":68}},"391":{"start":{"line":1847,"column":13},"end":{"line":1847,"column":55}},"392":{"start":{"line":1848,"column":2},"end":{"line":1848,"column":37}},"393":{"start":{"line":1849,"column":2},"end":{"line":1849,"column":19}},"394":{"start":{"line":1850,"column":2},"end":{"line":1850,"column":14}},"395":{"start":{"line":1854,"column":2},"end":{"line":1854,"column":89}},"396":{"start":{"line":1855,"column":2},"end":{"line":1855,"column":122}},"397":{"start":{"line":1856,"column":2},"end":{"line":1856,"column":109}},"398":{"start":{"line":1858,"column":2},"end":{"line":1861,"column":3}},"399":{"start":{"line":1859,"column":3},"end":{"line":1859,"column":87}},"400":{"start":{"line":1860,"column":3},"end":{"line":1860,"column":10}},"401":{"start":{"line":1864,"column":2},"end":{"line":1867,"column":3}},"402":{"start":{"line":1865,"column":3},"end":{"line":1865,"column":106}},"403":{"start":{"line":1866,"column":3},"end":{"line":1866,"column":10}},"404":{"start":{"line":1870,"column":2},"end":{"line":1874,"column":3}},"405":{"start":{"line":1871,"column":3},"end":{"line":1871,"column":107}},"406":{"start":{"line":1872,"column":16},"end":{"line":1872,"column":86}},"407":{"start":{"line":1873,"column":3},"end":{"line":1873,"column":33}},"408":{"start":{"line":1878,"column":2},"end":{"line":1878,"column":67}},"409":{"start":{"line":1891,"column":2},"end":{"line":1891,"column":25}},"410":{"start":{"line":1892,"column":2},"end":{"line":1892,"column":63}},"411":{"start":{"line":1893,"column":2},"end":{"line":1893,"column":22}},"412":{"start":{"line":1897,"column":2},"end":{"line":1899,"column":3}},"413":{"start":{"line":1898,"column":3},"end":{"line":1898,"column":60}},"414":{"start":{"line":1901,"column":2},"end":{"line":1903,"column":3}},"415":{"start":{"line":1902,"column":3},"end":{"line":1902,"column":86}},"416":{"start":{"line":1905,"column":13},"end":{"line":1906,"column":63}},"417":{"start":{"line":1909,"column":2},"end":{"line":1911,"column":9}},"418":{"start":{"line":1912,"column":2},"end":{"line":1921,"column":3}},"419":{"start":{"line":1913,"column":3},"end":{"line":1920,"column":4}},"420":{"start":{"line":1914,"column":18},"end":{"line":1914,"column":34}},"421":{"start":{"line":1915,"column":4},"end":{"line":1919,"column":5}},"422":{"start":{"line":1916,"column":5},"end":{"line":1916,"column":94}},"423":{"start":{"line":1918,"column":5},"end":{"line":1918,"column":58}},"424":{"start":{"line":1922,"column":2},"end":{"line":1922,"column":24}},"425":{"start":{"line":1925,"column":2},"end":{"line":1930,"column":3}},"426":{"start":{"line":1926,"column":3},"end":{"line":1929,"column":20}},"427":{"start":{"line":1932,"column":2},"end":{"line":1932,"column":23}},"428":{"start":{"line":1933,"column":2},"end":{"line":1933,"column":14}},"429":{"start":{"line":1937,"column":2},"end":{"line":1937,"column":82}},"430":{"start":{"line":1939,"column":2},"end":{"line":1942,"column":3}},"431":{"start":{"line":1940,"column":3},"end":{"line":1940,"column":76}},"432":{"start":{"line":1941,"column":3},"end":{"line":1941,"column":10}},"433":{"start":{"line":1945,"column":2},"end":{"line":1948,"column":3}},"434":{"start":{"line":1946,"column":3},"end":{"line":1946,"column":95}},"435":{"start":{"line":1947,"column":3},"end":{"line":1947,"column":10}},"436":{"start":{"line":1951,"column":2},"end":{"line":1955,"column":3}},"437":{"start":{"line":1952,"column":3},"end":{"line":1952,"column":79}},"438":{"start":{"line":1953,"column":16},"end":{"line":1953,"column":72}},"439":{"start":{"line":1954,"column":3},"end":{"line":1954,"column":34}},"440":{"start":{"line":1959,"column":2},"end":{"line":1959,"column":67}},"441":{"start":{"line":1994,"column":2},"end":{"line":1994,"column":19}},"442":{"start":{"line":1995,"column":2},"end":{"line":1995,"column":60}},"443":{"start":{"line":1996,"column":2},"end":{"line":1996,"column":27}},"444":{"start":{"line":1997,"column":2},"end":{"line":1997,"column":22}},"445":{"start":{"line":2013,"column":2},"end":{"line":2015,"column":3}},"446":{"start":{"line":2014,"column":3},"end":{"line":2014,"column":10}},"447":{"start":{"line":2017,"column":18},"end":{"line":2017,"column":35}},"448":{"start":{"line":2021,"column":2},"end":{"line":2021,"column":127}},"449":{"start":{"line":2025,"column":2},"end":{"line":2025,"column":96}},"450":{"start":{"line":2029,"column":2},"end":{"line":2029,"column":136}},"451":{"start":{"line":2033,"column":2},"end":{"line":2033,"column":143}},"452":{"start":{"line":2037,"column":2},"end":{"line":2037,"column":101}},"453":{"start":{"line":2041,"column":2},"end":{"line":2041,"column":86}},"454":{"start":{"line":2044,"column":2},"end":{"line":2044,"column":138}},"455":{"start":{"line":2046,"column":2},"end":{"line":2046,"column":74}},"456":{"start":{"line":2056,"column":2},"end":{"line":2056,"column":84}},"457":{"start":{"line":2095,"column":19},"end":{"line":2095,"column":23}},"458":{"start":{"line":2108,"column":2},"end":{"line":2110,"column":3}},"459":{"start":{"line":2109,"column":3},"end":{"line":2109,"column":46}},"460":{"start":{"line":2111,"column":2},"end":{"line":2111,"column":31}},"461":{"start":{"line":2125,"column":2},"end":{"line":2125,"column":47}},"462":{"start":{"line":2126,"column":2},"end":{"line":2126,"column":25}},"463":{"start":{"line":2127,"column":2},"end":{"line":2127,"column":25}},"464":{"start":{"line":2128,"column":2},"end":{"line":2128,"column":34}},"465":{"start":{"line":2129,"column":2},"end":{"line":2129,"column":42}},"466":{"start":{"line":2130,"column":2},"end":{"line":2130,"column":48}},"467":{"start":{"line":2131,"column":2},"end":{"line":2131,"column":51}},"468":{"start":{"line":2132,"column":2},"end":{"line":2132,"column":39}},"469":{"start":{"line":2133,"column":2},"end":{"line":2133,"column":35}},"470":{"start":{"line":2134,"column":2},"end":{"line":2134,"column":38}},"471":{"start":{"line":2135,"column":2},"end":{"line":2135,"column":29}},"472":{"start":{"line":2136,"column":2},"end":{"line":2136,"column":30}},"473":{"start":{"line":2137,"column":2},"end":{"line":2137,"column":29}},"474":{"start":{"line":2138,"column":2},"end":{"line":2138,"column":30}},"475":{"start":{"line":2163,"column":2},"end":{"line":2165,"column":3}},"476":{"start":{"line":2164,"column":3},"end":{"line":2164,"column":15}},"477":{"start":{"line":2167,"column":18},"end":{"line":2167,"column":30}},"478":{"start":{"line":2171,"column":24},"end":{"line":2178,"column":3}},"479":{"start":{"line":2181,"column":19},"end":{"line":2183,"column":13}},"480":{"start":{"line":2182,"column":24},"end":{"line":2182,"column":47}},"481":{"start":{"line":2186,"column":2},"end":{"line":2186,"column":47}},"482":{"start":{"line":2195,"column":2},"end":{"line":2195,"column":59}},"483":{"start":{"line":2209,"column":2},"end":{"line":2221,"column":3}},"484":{"start":{"line":2211,"column":19},"end":{"line":2211,"column":51}},"485":{"start":{"line":2212,"column":3},"end":{"line":2212,"column":65}},"486":{"start":{"line":2212,"column":26},"end":{"line":2212,"column":63}},"487":{"start":{"line":2215,"column":27},"end":{"line":2215,"column":62}},"488":{"start":{"line":2218,"column":3},"end":{"line":2220,"column":4}},"489":{"start":{"line":2218,"column":16},"end":{"line":2218,"column":17}},"490":{"start":{"line":2219,"column":4},"end":{"line":2219,"column":37}},"491":{"start":{"line":2232,"column":14},"end":{"line":2232,"column":24}},"492":{"start":{"line":2235,"column":22},"end":{"line":2237,"column":23}},"493":{"start":{"line":2236,"column":29},"end":{"line":2236,"column":75}},"494":{"start":{"line":2237,"column":19},"end":{"line":2237,"column":22}},"495":{"start":{"line":2239,"column":2},"end":{"line":2239,"column":53}},"496":{"start":{"line":2239,"column":29},"end":{"line":2239,"column":51}},"497":{"start":{"line":2241,"column":2},"end":{"line":2243,"column":3}},"498":{"start":{"line":2242,"column":3},"end":{"line":2242,"column":77}},"499":{"start":{"line":2252,"column":2},"end":{"line":2252,"column":58}},"500":{"start":{"line":2262,"column":2},"end":{"line":2262,"column":21}},"501":{"start":{"line":2263,"column":2},"end":{"line":2263,"column":29}},"502":{"start":{"line":2264,"column":2},"end":{"line":2264,"column":30}},"503":{"start":{"line":2265,"column":2},"end":{"line":2265,"column":29}},"504":{"start":{"line":2266,"column":2},"end":{"line":2266,"column":30}},"505":{"start":{"line":2267,"column":2},"end":{"line":2267,"column":42}},"506":{"start":{"line":2268,"column":2},"end":{"line":2268,"column":48}},"507":{"start":{"line":2269,"column":2},"end":{"line":2269,"column":51}},"508":{"start":{"line":2278,"column":2},"end":{"line":2278,"column":49}},"509":{"start":{"line":2301,"column":2},"end":{"line":2301,"column":43}},"510":{"start":{"line":2310,"column":2},"end":{"line":2310,"column":74}},"511":{"start":{"line":2333,"column":2},"end":{"line":2333,"column":39}},"512":{"start":{"line":2342,"column":2},"end":{"line":2342,"column":70}},"513":{"start":{"line":2365,"column":2},"end":{"line":2365,"column":42}},"514":{"start":{"line":2374,"column":2},"end":{"line":2374,"column":73}},"515":{"start":{"line":2384,"column":2},"end":{"line":2384,"column":39}},"516":{"start":{"line":2393,"column":2},"end":{"line":2393,"column":66}},"517":{"start":{"line":2403,"column":2},"end":{"line":2403,"column":35}},"518":{"start":{"line":2412,"column":2},"end":{"line":2412,"column":62}},"519":{"start":{"line":2422,"column":2},"end":{"line":2422,"column":38}},"520":{"start":{"line":2431,"column":2},"end":{"line":2431,"column":65}},"521":{"start":{"line":2442,"column":2},"end":{"line":2444,"column":3}},"522":{"start":{"line":2443,"column":3},"end":{"line":2443,"column":16}},"523":{"start":{"line":2446,"column":21},"end":{"line":2446,"column":87}},"524":{"start":{"line":2448,"column":2},"end":{"line":2450,"column":3}},"525":{"start":{"line":2449,"column":3},"end":{"line":2449,"column":16}},"526":{"start":{"line":2453,"column":26},"end":{"line":2453,"column":97}},"527":{"start":{"line":2456,"column":2},"end":{"line":2458,"column":3}},"528":{"start":{"line":2457,"column":3},"end":{"line":2457,"column":16}},"529":{"start":{"line":2461,"column":2},"end":{"line":2461,"column":53}},"530":{"start":{"line":2462,"column":2},"end":{"line":2462,"column":14}},"531":{"start":{"line":2471,"column":2},"end":{"line":2471,"column":59}},"532":{"start":{"line":2482,"column":2},"end":{"line":2484,"column":3}},"533":{"start":{"line":2483,"column":3},"end":{"line":2483,"column":16}},"534":{"start":{"line":2486,"column":21},"end":{"line":2486,"column":79}},"535":{"start":{"line":2488,"column":2},"end":{"line":2490,"column":3}},"536":{"start":{"line":2489,"column":3},"end":{"line":2489,"column":16}},"537":{"start":{"line":2493,"column":26},"end":{"line":2493,"column":89}},"538":{"start":{"line":2496,"column":2},"end":{"line":2498,"column":3}},"539":{"start":{"line":2497,"column":3},"end":{"line":2497,"column":16}},"540":{"start":{"line":2501,"column":2},"end":{"line":2501,"column":59}},"541":{"start":{"line":2502,"column":2},"end":{"line":2502,"column":14}},"542":{"start":{"line":2511,"column":2},"end":{"line":2511,"column":55}},"543":{"start":{"line":2522,"column":2},"end":{"line":2524,"column":3}},"544":{"start":{"line":2523,"column":3},"end":{"line":2523,"column":16}},"545":{"start":{"line":2526,"column":21},"end":{"line":2526,"column":85}},"546":{"start":{"line":2528,"column":2},"end":{"line":2530,"column":3}},"547":{"start":{"line":2529,"column":3},"end":{"line":2529,"column":16}},"548":{"start":{"line":2533,"column":26},"end":{"line":2533,"column":95}},"549":{"start":{"line":2536,"column":2},"end":{"line":2538,"column":3}},"550":{"start":{"line":2537,"column":3},"end":{"line":2537,"column":16}},"551":{"start":{"line":2541,"column":2},"end":{"line":2541,"column":62}},"552":{"start":{"line":2542,"column":2},"end":{"line":2542,"column":14}},"553":{"start":{"line":2551,"column":2},"end":{"line":2551,"column":58}},"554":{"start":{"line":2561,"column":28},"end":{"line":2561,"column":67}},"555":{"start":{"line":2562,"column":29},"end":{"line":2562,"column":69}},"556":{"start":{"line":2564,"column":2},"end":{"line":2573,"column":4}},"557":{"start":{"line":2582,"column":2},"end":{"line":2582,"column":65}},"558":{"start":{"line":2592,"column":24},"end":{"line":2592,"column":59}},"559":{"start":{"line":2593,"column":25},"end":{"line":2593,"column":61}},"560":{"start":{"line":2596,"column":32},"end":{"line":2596,"column":80}},"561":{"start":{"line":2597,"column":33},"end":{"line":2597,"column":82}},"562":{"start":{"line":2599,"column":2},"end":{"line":2610,"column":4}},"563":{"start":{"line":2619,"column":2},"end":{"line":2619,"column":61}},"564":{"start":{"line":2632,"column":2},"end":{"line":2634,"column":3}},"565":{"start":{"line":2633,"column":3},"end":{"line":2633,"column":15}},"566":{"start":{"line":2636,"column":18},"end":{"line":2636,"column":33}},"567":{"start":{"line":2637,"column":24},"end":{"line":2637,"column":53}},"568":{"start":{"line":2638,"column":17},"end":{"line":2638,"column":39}},"569":{"start":{"line":2639,"column":18},"end":{"line":2639,"column":41}},"570":{"start":{"line":2642,"column":2},"end":{"line":2644,"column":3}},"571":{"start":{"line":2643,"column":3},"end":{"line":2643,"column":40}},"572":{"start":{"line":2647,"column":2},"end":{"line":2647,"column":52}},"573":{"start":{"line":2657,"column":27},"end":{"line":2657,"column":70}},"574":{"start":{"line":2658,"column":28},"end":{"line":2658,"column":72}},"575":{"start":{"line":2659,"column":20},"end":{"line":2659,"column":56}},"576":{"start":{"line":2660,"column":21},"end":{"line":2660,"column":58}},"577":{"start":{"line":2662,"column":2},"end":{"line":2673,"column":4}},"578":{"start":{"line":2682,"column":2},"end":{"line":2682,"column":64}},"579":{"start":{"line":2696,"column":19},"end":{"line":2696,"column":46}},"580":{"start":{"line":2698,"column":2},"end":{"line":2719,"column":3}},"581":{"start":{"line":2700,"column":3},"end":{"line":2700,"column":30}},"582":{"start":{"line":2703,"column":22},"end":{"line":2703,"column":46}},"583":{"start":{"line":2704,"column":3},"end":{"line":2718,"column":4}},"584":{"start":{"line":2705,"column":16},"end":{"line":2705,"column":26}},"585":{"start":{"line":2706,"column":4},"end":{"line":2717,"column":5}},"586":{"start":{"line":2708,"column":5},"end":{"line":2708,"column":35}},"587":{"start":{"line":2710,"column":5},"end":{"line":2710,"column":33}},"588":{"start":{"line":2711,"column":5},"end":{"line":2711,"column":42}},"589":{"start":{"line":2713,"column":5},"end":{"line":2713,"column":31}},"590":{"start":{"line":2716,"column":5},"end":{"line":2716,"column":33}},"591":{"start":{"line":2722,"column":20},"end":{"line":2722,"column":46}},"592":{"start":{"line":2725,"column":2},"end":{"line":2794,"column":3}},"593":{"start":{"line":2727,"column":3},"end":{"line":2727,"column":41}},"594":{"start":{"line":2729,"column":15},"end":{"line":2729,"column":25}},"595":{"start":{"line":2730,"column":3},"end":{"line":2735,"column":6}},"596":{"start":{"line":2738,"column":3},"end":{"line":2738,"column":46}},"597":{"start":{"line":2739,"column":3},"end":{"line":2739,"column":46}},"598":{"start":{"line":2740,"column":3},"end":{"line":2740,"column":55}},"599":{"start":{"line":2741,"column":3},"end":{"line":2741,"column":30}},"600":{"start":{"line":2745,"column":3},"end":{"line":2745,"column":43}},"601":{"start":{"line":2746,"column":3},"end":{"line":2746,"column":49}},"602":{"start":{"line":2747,"column":3},"end":{"line":2747,"column":52}},"603":{"start":{"line":2751,"column":3},"end":{"line":2763,"column":4}},"604":{"start":{"line":2753,"column":4},"end":{"line":2753,"column":82}},"605":{"start":{"line":2754,"column":26},"end":{"line":2754,"column":59}},"606":{"start":{"line":2755,"column":4},"end":{"line":2762,"column":5}},"607":{"start":{"line":2756,"column":5},"end":{"line":2756,"column":50}},"608":{"start":{"line":2758,"column":5},"end":{"line":2761,"column":7}},"609":{"start":{"line":2767,"column":3},"end":{"line":2778,"column":4}},"610":{"start":{"line":2769,"column":26},"end":{"line":2769,"column":55}},"611":{"start":{"line":2770,"column":4},"end":{"line":2777,"column":5}},"612":{"start":{"line":2771,"column":5},"end":{"line":2771,"column":46}},"613":{"start":{"line":2773,"column":5},"end":{"line":2776,"column":7}},"614":{"start":{"line":2782,"column":3},"end":{"line":2793,"column":4}},"615":{"start":{"line":2784,"column":26},"end":{"line":2784,"column":58}},"616":{"start":{"line":2785,"column":4},"end":{"line":2792,"column":5}},"617":{"start":{"line":2786,"column":5},"end":{"line":2786,"column":49}},"618":{"start":{"line":2788,"column":5},"end":{"line":2791,"column":7}},"619":{"start":{"line":2796,"column":2},"end":{"line":2796,"column":123}},"620":{"start":{"line":2798,"column":2},"end":{"line":2798,"column":123}},"621":{"start":{"line":2802,"column":2},"end":{"line":2802,"column":39}},"622":{"start":{"line":2811,"column":2},"end":{"line":2811,"column":70}},"623":{"start":{"line":2815,"column":2},"end":{"line":2819,"column":5}},"624":{"start":{"line":2828,"column":2},"end":{"line":2828,"column":47}},"625":{"start":{"line":2832,"column":2},"end":{"line":2832,"column":50}},"626":{"start":{"line":2841,"column":2},"end":{"line":2841,"column":56}},"627":{"start":{"line":2845,"column":2},"end":{"line":2845,"column":52}},"628":{"start":{"line":2854,"column":2},"end":{"line":2854,"column":58}},"629":{"start":{"line":2858,"column":2},"end":{"line":2858,"column":46}},"630":{"start":{"line":2867,"column":2},"end":{"line":2867,"column":59}},"631":{"start":{"line":2871,"column":2},"end":{"line":2871,"column":25}},"632":{"start":{"line":2880,"column":2},"end":{"line":2880,"column":51}},"633":{"start":{"line":2884,"column":2},"end":{"line":2884,"column":52}},"634":{"start":{"line":2893,"column":2},"end":{"line":2893,"column":58}},"635":{"start":{"line":2897,"column":2},"end":{"line":2897,"column":54}},"636":{"start":{"line":2906,"column":2},"end":{"line":2906,"column":60}},"637":{"start":{"line":2910,"column":2},"end":{"line":2910,"column":54}},"638":{"start":{"line":2919,"column":2},"end":{"line":2919,"column":59}},"639":{"start":{"line":2928,"column":2},"end":{"line":2928,"column":42}},"640":{"start":{"line":2937,"column":2},"end":{"line":2937,"column":43}},"641":{"start":{"line":2946,"column":2},"end":{"line":2946,"column":49}},"642":{"start":{"line":2955,"column":2},"end":{"line":2955,"column":50}},"643":{"start":{"line":2964,"column":2},"end":{"line":2964,"column":54}},"644":{"start":{"line":2973,"column":2},"end":{"line":2973,"column":55}},"645":{"start":{"line":2982,"column":2},"end":{"line":2982,"column":64}},"646":{"start":{"line":2991,"column":2},"end":{"line":2991,"column":65}},"647":{"start":{"line":3000,"column":2},"end":{"line":3000,"column":70}},"648":{"start":{"line":3009,"column":2},"end":{"line":3009,"column":71}},"649":{"start":{"line":3018,"column":2},"end":{"line":3018,"column":73}},"650":{"start":{"line":3027,"column":2},"end":{"line":3027,"column":74}},"651":{"start":{"line":3036,"column":2},"end":{"line":3036,"column":61}},"652":{"start":{"line":3045,"column":2},"end":{"line":3045,"column":62}},"653":{"start":{"line":3054,"column":2},"end":{"line":3054,"column":57}},"654":{"start":{"line":3063,"column":2},"end":{"line":3063,"column":58}},"655":{"start":{"line":3072,"column":2},"end":{"line":3072,"column":60}},"656":{"start":{"line":3081,"column":2},"end":{"line":3081,"column":61}},"657":{"start":{"line":3090,"column":2},"end":{"line":3090,"column":51}},"658":{"start":{"line":3099,"column":2},"end":{"line":3099,"column":52}},"659":{"start":{"line":3108,"column":2},"end":{"line":3108,"column":52}},"660":{"start":{"line":3117,"column":2},"end":{"line":3117,"column":53}},"661":{"start":{"line":3126,"column":2},"end":{"line":3126,"column":51}},"662":{"start":{"line":3135,"column":2},"end":{"line":3135,"column":52}},"663":{"start":{"line":3144,"column":2},"end":{"line":3144,"column":52}},"664":{"start":{"line":3153,"column":2},"end":{"line":3153,"column":53}},"665":{"start":{"line":3162,"column":2},"end":{"line":3162,"column":52}},"666":{"start":{"line":3171,"column":2},"end":{"line":3171,"column":53}},"667":{"start":{"line":3178,"column":0},"end":{"line":3180,"column":10}},"668":{"start":{"line":3179,"column":1},"end":{"line":3179,"column":36}},"669":{"start":{"line":3183,"column":0},"end":{"line":3185,"column":1}},"670":{"start":{"line":3184,"column":1},"end":{"line":3184,"column":38}},"671":{"start":{"line":3214,"column":20},"end":{"line":3214,"column":46}},"672":{"start":{"line":3215,"column":2},"end":{"line":3215,"column":29}},"673":{"start":{"line":3216,"column":2},"end":{"line":3216,"column":59}},"674":{"start":{"line":3217,"column":2},"end":{"line":3217,"column":49}},"675":{"start":{"line":3218,"column":2},"end":{"line":3218,"column":22}},"676":{"start":{"line":3226,"column":2},"end":{"line":3226,"column":45}},"677":{"start":{"line":3234,"column":2},"end":{"line":3234,"column":35}},"678":{"start":{"line":3242,"column":2},"end":{"line":3242,"column":60}},"679":{"start":{"line":3250,"column":2},"end":{"line":3250,"column":56}},"680":{"start":{"line":3258,"column":2},"end":{"line":3258,"column":59}},"681":{"start":{"line":3266,"column":2},"end":{"line":3266,"column":52}},"682":{"start":{"line":3274,"column":2},"end":{"line":3274,"column":48}},"683":{"start":{"line":3282,"column":2},"end":{"line":3282,"column":51}},"684":{"start":{"line":3290,"column":2},"end":{"line":3290,"column":45}},"685":{"start":{"line":3298,"column":2},"end":{"line":3298,"column":41}},"686":{"start":{"line":3306,"column":2},"end":{"line":3306,"column":44}},"687":{"start":{"line":3314,"column":2},"end":{"line":3314,"column":51}},"688":{"start":{"line":3322,"column":2},"end":{"line":3322,"column":47}},"689":{"start":{"line":3330,"column":2},"end":{"line":3330,"column":50}},"690":{"start":{"line":3339,"column":2},"end":{"line":3339,"column":56}},"691":{"start":{"line":3349,"column":2},"end":{"line":3349,"column":84}},"692":{"start":{"line":3356,"column":0},"end":{"line":3401,"column":3}},"693":{"start":{"line":3358,"column":13},"end":{"line":3358,"column":45}},"694":{"start":{"line":3359,"column":20},"end":{"line":3359,"column":61}},"695":{"start":{"line":3362,"column":13},"end":{"line":3362,"column":52}},"696":{"start":{"line":3363,"column":20},"end":{"line":3363,"column":68}},"697":{"start":{"line":3366,"column":13},"end":{"line":3366,"column":57}},"698":{"start":{"line":3367,"column":20},"end":{"line":3367,"column":73}},"699":{"start":{"line":3370,"column":13},"end":{"line":3370,"column":67}},"700":{"start":{"line":3371,"column":20},"end":{"line":3371,"column":83}},"701":{"start":{"line":3374,"column":13},"end":{"line":3374,"column":73}},"702":{"start":{"line":3375,"column":20},"end":{"line":3375,"column":89}},"703":{"start":{"line":3378,"column":13},"end":{"line":3378,"column":76}},"704":{"start":{"line":3379,"column":20},"end":{"line":3379,"column":92}},"705":{"start":{"line":3382,"column":13},"end":{"line":3382,"column":64}},"706":{"start":{"line":3383,"column":20},"end":{"line":3383,"column":80}},"707":{"start":{"line":3386,"column":13},"end":{"line":3386,"column":60}},"708":{"start":{"line":3387,"column":20},"end":{"line":3387,"column":76}},"709":{"start":{"line":3390,"column":13},"end":{"line":3390,"column":63}},"710":{"start":{"line":3391,"column":20},"end":{"line":3391,"column":79}},"711":{"start":{"line":3394,"column":13},"end":{"line":3394,"column":54}},"712":{"start":{"line":3395,"column":20},"end":{"line":3395,"column":70}},"713":{"start":{"line":3398,"column":13},"end":{"line":3398,"column":55}},"714":{"start":{"line":3399,"column":20},"end":{"line":3399,"column":71}},"715":{"start":{"line":3410,"column":2},"end":{"line":3410,"column":27}},"716":{"start":{"line":3411,"column":2},"end":{"line":3411,"column":46}},"717":{"start":{"line":3412,"column":2},"end":{"line":3412,"column":78}},"718":{"start":{"line":3413,"column":2},"end":{"line":3413,"column":68}},"719":{"start":{"line":3414,"column":2},"end":{"line":3414,"column":47}},"720":{"start":{"line":3415,"column":2},"end":{"line":3415,"column":30}},"721":{"start":{"line":3416,"column":2},"end":{"line":3416,"column":28}},"722":{"start":{"line":3418,"column":2},"end":{"line":3418,"column":22}},"723":{"start":{"line":3420,"column":2},"end":{"line":3420,"column":72}},"724":{"start":{"line":3421,"column":2},"end":{"line":3421,"column":47}},"725":{"start":{"line":3423,"column":2},"end":{"line":3423,"column":74}},"726":{"start":{"line":3424,"column":2},"end":{"line":3424,"column":105}},"727":{"start":{"line":3425,"column":2},"end":{"line":3425,"column":93}},"728":{"start":{"line":3426,"column":2},"end":{"line":3426,"column":66}},"729":{"start":{"line":3427,"column":2},"end":{"line":3427,"column":64}},"730":{"start":{"line":3428,"column":2},"end":{"line":3428,"column":63}},"731":{"start":{"line":3429,"column":2},"end":{"line":3429,"column":56}},"732":{"start":{"line":3433,"column":20},"end":{"line":3433,"column":63}},"733":{"start":{"line":3434,"column":2},"end":{"line":3439,"column":3}},"734":{"start":{"line":3435,"column":3},"end":{"line":3435,"column":51}},"735":{"start":{"line":3436,"column":3},"end":{"line":3436,"column":61}},"736":{"start":{"line":3438,"column":3},"end":{"line":3438,"column":50}},"737":{"start":{"line":3441,"column":2},"end":{"line":3441,"column":76}},"738":{"start":{"line":3442,"column":2},"end":{"line":3455,"column":3}},"739":{"start":{"line":3443,"column":3},"end":{"line":3452,"column":6}},"740":{"start":{"line":3444,"column":4},"end":{"line":3451,"column":5}},"741":{"start":{"line":3445,"column":5},"end":{"line":3448,"column":7}},"742":{"start":{"line":3450,"column":5},"end":{"line":3450,"column":49}},"743":{"start":{"line":3454,"column":3},"end":{"line":3454,"column":54}},"744":{"start":{"line":3457,"column":2},"end":{"line":3457,"column":64}},"745":{"start":{"line":3458,"column":2},"end":{"line":3471,"column":3}},"746":{"start":{"line":3459,"column":3},"end":{"line":3468,"column":6}},"747":{"start":{"line":3460,"column":4},"end":{"line":3467,"column":5}},"748":{"start":{"line":3461,"column":5},"end":{"line":3464,"column":7}},"749":{"start":{"line":3466,"column":5},"end":{"line":3466,"column":49}},"750":{"start":{"line":3470,"column":3},"end":{"line":3470,"column":48}},"751":{"start":{"line":3473,"column":2},"end":{"line":3473,"column":67}},"752":{"start":{"line":3474,"column":2},"end":{"line":3481,"column":3}},"753":{"start":{"line":3475,"column":3},"end":{"line":3475,"column":63}},"754":{"start":{"line":3476,"column":3},"end":{"line":3476,"column":76}},"755":{"start":{"line":3477,"column":3},"end":{"line":3477,"column":68}},"756":{"start":{"line":3478,"column":3},"end":{"line":3478,"column":42}},"757":{"start":{"line":3480,"column":3},"end":{"line":3480,"column":51}},"758":{"start":{"line":3490,"column":2},"end":{"line":3490,"column":40}},"759":{"start":{"line":3499,"column":2},"end":{"line":3499,"column":48}},"760":{"start":{"line":3503,"column":2},"end":{"line":3508,"column":3}},"761":{"start":{"line":3504,"column":3},"end":{"line":3506,"column":5}},"762":{"start":{"line":3507,"column":3},"end":{"line":3507,"column":10}},"763":{"start":{"line":3509,"column":2},"end":{"line":3509,"column":43}},"764":{"start":{"line":3513,"column":2},"end":{"line":3513,"column":45}},"765":{"start":{"line":3517,"column":2},"end":{"line":3517,"column":138}},"766":{"start":{"line":3521,"column":2},"end":{"line":3526,"column":3}},"767":{"start":{"line":3522,"column":3},"end":{"line":3524,"column":5}},"768":{"start":{"line":3525,"column":3},"end":{"line":3525,"column":10}},"769":{"start":{"line":3527,"column":2},"end":{"line":3529,"column":4}},"770":{"start":{"line":3530,"column":2},"end":{"line":3530,"column":59}},"771":{"start":{"line":3534,"column":2},"end":{"line":3534,"column":61}},"772":{"start":{"line":3538,"column":2},"end":{"line":3538,"column":50}},"773":{"start":{"line":3542,"column":2},"end":{"line":3557,"column":4}},"774":{"start":{"line":3558,"column":2},"end":{"line":3558,"column":68}},"775":{"start":{"line":3559,"column":2},"end":{"line":3559,"column":52}},"776":{"start":{"line":3560,"column":2},"end":{"line":3560,"column":51}},"777":{"start":{"line":3564,"column":2},"end":{"line":3570,"column":3}},"778":{"start":{"line":3565,"column":3},"end":{"line":3569,"column":5}},"779":{"start":{"line":3574,"column":2},"end":{"line":3595,"column":6}},"780":{"start":{"line":3577,"column":4},"end":{"line":3584,"column":5}},"781":{"start":{"line":3578,"column":5},"end":{"line":3578,"column":37}},"782":{"start":{"line":3579,"column":5},"end":{"line":3579,"column":62}},"783":{"start":{"line":3580,"column":5},"end":{"line":3580,"column":64}},"784":{"start":{"line":3581,"column":5},"end":{"line":3581,"column":50}},"785":{"start":{"line":3583,"column":5},"end":{"line":3583,"column":17}},"786":{"start":{"line":3587,"column":4},"end":{"line":3587,"column":54}},"787":{"start":{"line":3588,"column":4},"end":{"line":3589,"column":67}},"788":{"start":{"line":3590,"column":4},"end":{"line":3590,"column":43}},"789":{"start":{"line":3591,"column":4},"end":{"line":3591,"column":35}},"790":{"start":{"line":3594,"column":4},"end":{"line":3594,"column":24}},"791":{"start":{"line":3599,"column":2},"end":{"line":3599,"column":29}},"792":{"start":{"line":3607,"column":2},"end":{"line":3607,"column":33}},"793":{"start":{"line":3610,"column":2},"end":{"line":3612,"column":12}},"794":{"start":{"line":3611,"column":3},"end":{"line":3611,"column":8}},"795":{"start":{"line":3615,"column":16},"end":{"line":3615,"column":62}},"796":{"start":{"line":3618,"column":2},"end":{"line":3618,"column":40}},"797":{"start":{"line":3621,"column":2},"end":{"line":3621,"column":36}},"798":{"start":{"line":3624,"column":2},"end":{"line":3624,"column":39}},"799":{"start":{"line":3632,"column":2},"end":{"line":3634,"column":5}},"800":{"start":{"line":3633,"column":3},"end":{"line":3633,"column":46}},"801":{"start":{"line":3641,"column":2},"end":{"line":3641,"column":57}},"802":{"start":{"line":3649,"column":2},"end":{"line":3651,"column":5}},"803":{"start":{"line":3650,"column":3},"end":{"line":3650,"column":42}},"804":{"start":{"line":3658,"column":2},"end":{"line":3658,"column":53}},"805":{"start":{"line":3666,"column":2},"end":{"line":3668,"column":5}},"806":{"start":{"line":3667,"column":3},"end":{"line":3667,"column":45}},"807":{"start":{"line":3675,"column":2},"end":{"line":3675,"column":56}},"808":{"start":{"line":3683,"column":2},"end":{"line":3691,"column":3}},"809":{"start":{"line":3685,"column":3},"end":{"line":3685,"column":55}},"810":{"start":{"line":3687,"column":3},"end":{"line":3690,"column":5}},"811":{"start":{"line":3699,"column":2},"end":{"line":3707,"column":3}},"812":{"start":{"line":3701,"column":3},"end":{"line":3701,"column":51}},"813":{"start":{"line":3703,"column":3},"end":{"line":3706,"column":5}},"814":{"start":{"line":3715,"column":2},"end":{"line":3723,"column":3}},"815":{"start":{"line":3717,"column":3},"end":{"line":3717,"column":54}},"816":{"start":{"line":3719,"column":3},"end":{"line":3722,"column":5}},"817":{"start":{"line":3732,"column":2},"end":{"line":3732,"column":106}},"818":{"start":{"line":3733,"column":2},"end":{"line":3733,"column":163}},"819":{"start":{"line":3742,"column":2},"end":{"line":3742,"column":81}},"820":{"start":{"line":3743,"column":2},"end":{"line":3752,"column":3}},"821":{"start":{"line":3744,"column":3},"end":{"line":3751,"column":4}},"822":{"start":{"line":3745,"column":4},"end":{"line":3750,"column":6}},"823":{"start":{"line":3755,"column":2},"end":{"line":3769,"column":3}},"824":{"start":{"line":3756,"column":3},"end":{"line":3768,"column":4}},"825":{"start":{"line":3757,"column":4},"end":{"line":3762,"column":6}},"826":{"start":{"line":3764,"column":4},"end":{"line":3767,"column":6}},"827":{"start":{"line":3778,"column":2},"end":{"line":3778,"column":84}},"828":{"start":{"line":3779,"column":2},"end":{"line":3788,"column":3}},"829":{"start":{"line":3780,"column":3},"end":{"line":3787,"column":4}},"830":{"start":{"line":3781,"column":4},"end":{"line":3786,"column":6}},"831":{"start":{"line":3791,"column":2},"end":{"line":3805,"column":3}},"832":{"start":{"line":3792,"column":3},"end":{"line":3804,"column":4}},"833":{"start":{"line":3793,"column":4},"end":{"line":3798,"column":6}},"834":{"start":{"line":3800,"column":4},"end":{"line":3803,"column":6}},"835":{"start":{"line":3809,"column":2},"end":{"line":3809,"column":159}},"836":{"start":{"line":3833,"column":2},"end":{"line":3833,"column":19}},"837":{"start":{"line":3834,"column":2},"end":{"line":3834,"column":27}},"838":{"start":{"line":3835,"column":2},"end":{"line":3835,"column":29}},"839":{"start":{"line":3836,"column":2},"end":{"line":3836,"column":22}},"840":{"start":{"line":3846,"column":2},"end":{"line":3846,"column":52}},"841":{"start":{"line":3850,"column":2},"end":{"line":3850,"column":81}},"842":{"start":{"line":3874,"column":2},"end":{"line":3874,"column":18}},"843":{"start":{"line":3875,"column":2},"end":{"line":3875,"column":25}},"844":{"start":{"line":3876,"column":2},"end":{"line":3876,"column":35}},"845":{"start":{"line":3877,"column":2},"end":{"line":3877,"column":47}},"846":{"start":{"line":3886,"column":2},"end":{"line":3886,"column":40}},"847":{"start":{"line":3895,"column":2},"end":{"line":3895,"column":48}},"848":{"start":{"line":3899,"column":2},"end":{"line":3902,"column":3}},"849":{"start":{"line":3900,"column":3},"end":{"line":3900,"column":73}},"850":{"start":{"line":3901,"column":3},"end":{"line":3901,"column":10}},"851":{"start":{"line":3903,"column":2},"end":{"line":3903,"column":43}},"852":{"start":{"line":3907,"column":2},"end":{"line":3907,"column":45}},"853":{"start":{"line":3911,"column":2},"end":{"line":3911,"column":45}},"854":{"start":{"line":3915,"column":2},"end":{"line":3918,"column":3}},"855":{"start":{"line":3916,"column":3},"end":{"line":3916,"column":82}},"856":{"start":{"line":3917,"column":3},"end":{"line":3917,"column":10}},"857":{"start":{"line":3919,"column":2},"end":{"line":3919,"column":59}},"858":{"start":{"line":3923,"column":2},"end":{"line":3926,"column":3}},"859":{"start":{"line":3924,"column":3},"end":{"line":3924,"column":84}},"860":{"start":{"line":3925,"column":3},"end":{"line":3925,"column":10}},"861":{"start":{"line":3927,"column":2},"end":{"line":3927,"column":61}},"862":{"start":{"line":3931,"column":2},"end":{"line":3933,"column":5}},"863":{"start":{"line":3932,"column":3},"end":{"line":3932,"column":12}},"864":{"start":{"line":3944,"column":2},"end":{"line":3944,"column":22}},"865":{"start":{"line":3947,"column":15},"end":{"line":3947,"column":45}},"866":{"start":{"line":3950,"column":20},"end":{"line":3950,"column":21}},"867":{"start":{"line":3951,"column":2},"end":{"line":3957,"column":3}},"868":{"start":{"line":3951,"column":15},"end":{"line":3951,"column":16}},"869":{"start":{"line":3952,"column":3},"end":{"line":3955,"column":4}},"870":{"start":{"line":3953,"column":4},"end":{"line":3953,"column":20}},"871":{"start":{"line":3954,"column":4},"end":{"line":3954,"column":10}},"872":{"start":{"line":3956,"column":3},"end":{"line":3956,"column":23}},"873":{"start":{"line":3960,"column":2},"end":{"line":3960,"column":42}},"874":{"start":{"line":3963,"column":2},"end":{"line":3965,"column":3}},"875":{"start":{"line":3964,"column":3},"end":{"line":3964,"column":50}},"876":{"start":{"line":3967,"column":2},"end":{"line":3967,"column":25}},"877":{"start":{"line":3968,"column":2},"end":{"line":3968,"column":33}},"878":{"start":{"line":3979,"column":2},"end":{"line":3979,"column":22}},"879":{"start":{"line":3982,"column":15},"end":{"line":3982,"column":33}},"880":{"start":{"line":3984,"column":2},"end":{"line":3984,"column":25}},"881":{"start":{"line":3985,"column":2},"end":{"line":3985,"column":33}},"882":{"start":{"line":3987,"column":2},"end":{"line":3987,"column":22}},"883":{"start":{"line":3996,"column":2},"end":{"line":3996,"column":22}},"884":{"start":{"line":3997,"column":2},"end":{"line":3997,"column":33}},"885":{"start":{"line":4006,"column":2},"end":{"line":4006,"column":22}},"886":{"start":{"line":4007,"column":2},"end":{"line":4007,"column":27}},"887":{"start":{"line":4016,"column":23},"end":{"line":4016,"column":40}},"888":{"start":{"line":4017,"column":2},"end":{"line":4017,"column":77}},"889":{"start":{"line":4017,"column":41},"end":{"line":4017,"column":75}},"890":{"start":{"line":4019,"column":23},"end":{"line":4019,"column":55}},"891":{"start":{"line":4020,"column":2},"end":{"line":4022,"column":3}},"892":{"start":{"line":4021,"column":3},"end":{"line":4021,"column":62}},"893":{"start":{"line":4029,"column":2},"end":{"line":4029,"column":18}},"894":{"start":{"line":4046,"column":2},"end":{"line":4046,"column":38}},"895":{"start":{"line":4047,"column":2},"end":{"line":4047,"column":19}},"896":{"start":{"line":4048,"column":2},"end":{"line":4048,"column":20}},"897":{"start":{"line":4049,"column":2},"end":{"line":4049,"column":18}},"898":{"start":{"line":4050,"column":2},"end":{"line":4050,"column":19}},"899":{"start":{"line":4051,"column":2},"end":{"line":4051,"column":35}},"900":{"start":{"line":4052,"column":2},"end":{"line":4052,"column":39}},"901":{"start":{"line":4053,"column":2},"end":{"line":4053,"column":25}},"902":{"start":{"line":4054,"column":2},"end":{"line":4054,"column":81}},"903":{"start":{"line":4055,"column":2},"end":{"line":4055,"column":30}},"904":{"start":{"line":4056,"column":2},"end":{"line":4056,"column":30}},"905":{"start":{"line":4057,"column":2},"end":{"line":4057,"column":34}},"906":{"start":{"line":4058,"column":2},"end":{"line":4058,"column":33}},"907":{"start":{"line":4059,"column":2},"end":{"line":4059,"column":20}},"908":{"start":{"line":4068,"column":23},"end":{"line":4093,"column":3}},"909":{"start":{"line":4069,"column":3},"end":{"line":4069,"column":40}},"910":{"start":{"line":4072,"column":25},"end":{"line":4074,"column":4}},"911":{"start":{"line":4073,"column":4},"end":{"line":4073,"column":54}},"912":{"start":{"line":4077,"column":3},"end":{"line":4081,"column":4}},"913":{"start":{"line":4078,"column":4},"end":{"line":4080,"column":6}},"914":{"start":{"line":4079,"column":5},"end":{"line":4079,"column":60}},"915":{"start":{"line":4083,"column":3},"end":{"line":4083,"column":58}},"916":{"start":{"line":4086,"column":3},"end":{"line":4092,"column":4}},"917":{"start":{"line":4087,"column":4},"end":{"line":4087,"column":31}},"918":{"start":{"line":4090,"column":8},"end":{"line":4092,"column":4}},"919":{"start":{"line":4091,"column":4},"end":{"line":4091,"column":32}},"920":{"start":{"line":4095,"column":2},"end":{"line":4095,"column":17}},"921":{"start":{"line":4097,"column":2},"end":{"line":4099,"column":3}},"922":{"start":{"line":4098,"column":3},"end":{"line":4098,"column":57}},"923":{"start":{"line":4106,"column":2},"end":{"line":4106,"column":35}},"924":{"start":{"line":4106,"column":28},"end":{"line":4106,"column":35}},"925":{"start":{"line":4108,"column":2},"end":{"line":4123,"column":30}},"926":{"start":{"line":4109,"column":3},"end":{"line":4109,"column":29}},"927":{"start":{"line":4112,"column":18},"end":{"line":4112,"column":40}},"928":{"start":{"line":4113,"column":26},"end":{"line":4115,"column":4}},"929":{"start":{"line":4114,"column":4},"end":{"line":4114,"column":54}},"930":{"start":{"line":4117,"column":3},"end":{"line":4122,"column":4}},"931":{"start":{"line":4118,"column":4},"end":{"line":4118,"column":32}},"932":{"start":{"line":4119,"column":4},"end":{"line":4119,"column":31}},"933":{"start":{"line":4120,"column":10},"end":{"line":4122,"column":4}},"934":{"start":{"line":4121,"column":4},"end":{"line":4121,"column":31}},"935":{"start":{"line":4130,"column":2},"end":{"line":4133,"column":3}},"936":{"start":{"line":4131,"column":3},"end":{"line":4131,"column":39}},"937":{"start":{"line":4132,"column":3},"end":{"line":4132,"column":31}},"938":{"start":{"line":4142,"column":2},"end":{"line":4142,"column":21}},"939":{"start":{"line":4151,"column":2},"end":{"line":4151,"column":48}},"940":{"start":{"line":4160,"column":2},"end":{"line":4160,"column":47}},"941":{"start":{"line":4187,"column":2},"end":{"line":4187,"column":58}},"942":{"start":{"line":4189,"column":2},"end":{"line":4192,"column":3}},"943":{"start":{"line":4190,"column":3},"end":{"line":4190,"column":63}},"944":{"start":{"line":4191,"column":3},"end":{"line":4191,"column":10}},"945":{"start":{"line":4195,"column":2},"end":{"line":4195,"column":43}},"946":{"start":{"line":4198,"column":2},"end":{"line":4200,"column":3}},"947":{"start":{"line":4199,"column":3},"end":{"line":4199,"column":23}},"948":{"start":{"line":4216,"column":28},"end":{"line":4219,"column":10}},"949":{"start":{"line":4217,"column":3},"end":{"line":4219,"column":10}},"950":{"start":{"line":4222,"column":15},"end":{"line":4222,"column":34}},"951":{"start":{"line":4225,"column":2},"end":{"line":4225,"column":20}},"952":{"start":{"line":4225,"column":13},"end":{"line":4225,"column":20}},"953":{"start":{"line":4228,"column":2},"end":{"line":4228,"column":34}},"954":{"start":{"line":4231,"column":20},"end":{"line":4231,"column":59}},"955":{"start":{"line":4234,"column":2},"end":{"line":4234,"column":31}},"956":{"start":{"line":4235,"column":2},"end":{"line":4235,"column":29}},"957":{"start":{"line":4236,"column":2},"end":{"line":4236,"column":31}},"958":{"start":{"line":4239,"column":2},"end":{"line":4241,"column":4}},"959":{"start":{"line":4240,"column":3},"end":{"line":4240,"column":36}},"960":{"start":{"line":4244,"column":2},"end":{"line":4246,"column":4}},"961":{"start":{"line":4245,"column":3},"end":{"line":4245,"column":36}},"962":{"start":{"line":4249,"column":2},"end":{"line":4249,"column":30}},"963":{"start":{"line":4256,"column":2},"end":{"line":4256,"column":24}},"964":{"start":{"line":4258,"column":2},"end":{"line":4260,"column":41}},"965":{"start":{"line":4259,"column":3},"end":{"line":4259,"column":23}},"966":{"start":{"line":4267,"column":2},"end":{"line":4270,"column":3}},"967":{"start":{"line":4268,"column":3},"end":{"line":4268,"column":34}},"968":{"start":{"line":4269,"column":3},"end":{"line":4269,"column":26}},"969":{"start":{"line":4277,"column":2},"end":{"line":4279,"column":3}},"970":{"start":{"line":4278,"column":3},"end":{"line":4278,"column":22}},"971":{"start":{"line":4286,"column":2},"end":{"line":4288,"column":3}},"972":{"start":{"line":4287,"column":3},"end":{"line":4287,"column":23}},"973":{"start":{"line":4295,"column":2},"end":{"line":4295,"column":22}},"974":{"start":{"line":4296,"column":2},"end":{"line":4296,"column":27}},"975":{"start":{"line":4297,"column":2},"end":{"line":4297,"column":35}},"976":{"start":{"line":4298,"column":2},"end":{"line":4298,"column":24}},"977":{"start":{"line":4302,"column":2},"end":{"line":4302,"column":191}},"978":{"start":{"line":4337,"column":2},"end":{"line":4337,"column":27}},"979":{"start":{"line":4338,"column":2},"end":{"line":4338,"column":31}},"980":{"start":{"line":4339,"column":2},"end":{"line":4339,"column":52}},"981":{"start":{"line":4342,"column":2},"end":{"line":4342,"column":82}},"982":{"start":{"line":4343,"column":2},"end":{"line":4343,"column":76}},"983":{"start":{"line":4344,"column":2},"end":{"line":4344,"column":72}},"984":{"start":{"line":4345,"column":2},"end":{"line":4345,"column":70}},"985":{"start":{"line":4346,"column":2},"end":{"line":4346,"column":70}},"986":{"start":{"line":4347,"column":2},"end":{"line":4347,"column":72}},"987":{"start":{"line":4348,"column":2},"end":{"line":4348,"column":68}},"988":{"start":{"line":4349,"column":2},"end":{"line":4349,"column":72}},"989":{"start":{"line":4350,"column":2},"end":{"line":4350,"column":72}},"990":{"start":{"line":4351,"column":2},"end":{"line":4351,"column":74}},"991":{"start":{"line":4352,"column":2},"end":{"line":4352,"column":74}},"992":{"start":{"line":4354,"column":2},"end":{"line":4354,"column":14}},"993":{"start":{"line":4355,"column":2},"end":{"line":4355,"column":22}},"994":{"start":{"line":4362,"column":2},"end":{"line":4362,"column":22}},"995":{"start":{"line":4363,"column":2},"end":{"line":4363,"column":28}},"996":{"start":{"line":4364,"column":2},"end":{"line":4364,"column":39}},"997":{"start":{"line":4372,"column":2},"end":{"line":4372,"column":32}},"998":{"start":{"line":4372,"column":25},"end":{"line":4372,"column":32}},"999":{"start":{"line":4375,"column":2},"end":{"line":4375,"column":34}},"1000":{"start":{"line":4378,"column":17},"end":{"line":4378,"column":53}},"1001":{"start":{"line":4381,"column":28},"end":{"line":4381,"column":33}},"1002":{"start":{"line":4384,"column":2},"end":{"line":4402,"column":5}},"1003":{"start":{"line":4385,"column":18},"end":{"line":4385,"column":55}},"1004":{"start":{"line":4386,"column":3},"end":{"line":4386,"column":24}},"1005":{"start":{"line":4387,"column":3},"end":{"line":4387,"column":56}},"1006":{"start":{"line":4390,"column":3},"end":{"line":4399,"column":4}},"1007":{"start":{"line":4391,"column":4},"end":{"line":4391,"column":27}},"1008":{"start":{"line":4392,"column":4},"end":{"line":4392,"column":39}},"1009":{"start":{"line":4393,"column":4},"end":{"line":4393,"column":31}},"1010":{"start":{"line":4396,"column":8},"end":{"line":4399,"column":4}},"1011":{"start":{"line":4397,"column":4},"end":{"line":4397,"column":27}},"1012":{"start":{"line":4398,"column":4},"end":{"line":4398,"column":39}},"1013":{"start":{"line":4401,"column":3},"end":{"line":4401,"column":40}},"1014":{"start":{"line":4410,"column":2},"end":{"line":4416,"column":3}},"1015":{"start":{"line":4411,"column":3},"end":{"line":4415,"column":6}},"1016":{"start":{"line":4412,"column":19},"end":{"line":4412,"column":55}},"1017":{"start":{"line":4413,"column":26},"end":{"line":4413,"column":48}},"1018":{"start":{"line":4414,"column":4},"end":{"line":4414,"column":47}},"1019":{"start":{"line":4419,"column":2},"end":{"line":4426,"column":3}},"1020":{"start":{"line":4420,"column":3},"end":{"line":4425,"column":6}},"1021":{"start":{"line":4421,"column":17},"end":{"line":4421,"column":44}},"1022":{"start":{"line":4422,"column":4},"end":{"line":4424,"column":5}},"1023":{"start":{"line":4423,"column":5},"end":{"line":4423,"column":39}},"1024":{"start":{"line":4429,"column":2},"end":{"line":4433,"column":3}},"1025":{"start":{"line":4430,"column":3},"end":{"line":4432,"column":6}},"1026":{"start":{"line":4431,"column":4},"end":{"line":4431,"column":31}},"1027":{"start":{"line":4435,"column":2},"end":{"line":4439,"column":3}},"1028":{"start":{"line":4436,"column":3},"end":{"line":4438,"column":6}},"1029":{"start":{"line":4437,"column":4},"end":{"line":4437,"column":32}},"1030":{"start":{"line":4441,"column":2},"end":{"line":4445,"column":3}},"1031":{"start":{"line":4442,"column":3},"end":{"line":4444,"column":6}},"1032":{"start":{"line":4443,"column":4},"end":{"line":4443,"column":30}},"1033":{"start":{"line":4448,"column":2},"end":{"line":4454,"column":3}},"1034":{"start":{"line":4449,"column":3},"end":{"line":4453,"column":6}},"1035":{"start":{"line":4450,"column":17},"end":{"line":4450,"column":43}},"1036":{"start":{"line":4451,"column":4},"end":{"line":4451,"column":37}},"1037":{"start":{"line":4452,"column":4},"end":{"line":4452,"column":49}},"1038":{"start":{"line":4457,"column":2},"end":{"line":4463,"column":3}},"1039":{"start":{"line":4458,"column":3},"end":{"line":4462,"column":6}},"1040":{"start":{"line":4459,"column":18},"end":{"line":4459,"column":44}},"1041":{"start":{"line":4460,"column":4},"end":{"line":4460,"column":39}},"1042":{"start":{"line":4461,"column":4},"end":{"line":4461,"column":51}},"1043":{"start":{"line":4466,"column":2},"end":{"line":4470,"column":3}},"1044":{"start":{"line":4467,"column":3},"end":{"line":4469,"column":5}},"1045":{"start":{"line":4468,"column":4},"end":{"line":4468,"column":24}},"1046":{"start":{"line":4480,"column":2},"end":{"line":4482,"column":3}},"1047":{"start":{"line":4481,"column":3},"end":{"line":4481,"column":39}},"1048":{"start":{"line":4483,"column":2},"end":{"line":4483,"column":69}},"1049":{"start":{"line":4493,"column":2},"end":{"line":4495,"column":3}},"1050":{"start":{"line":4494,"column":3},"end":{"line":4494,"column":34}},"1051":{"start":{"line":4496,"column":2},"end":{"line":4496,"column":68}},"1052":{"start":{"line":4506,"column":2},"end":{"line":4508,"column":3}},"1053":{"start":{"line":4507,"column":3},"end":{"line":4507,"column":37}},"1054":{"start":{"line":4509,"column":2},"end":{"line":4509,"column":67}},"1055":{"start":{"line":4519,"column":2},"end":{"line":4521,"column":3}},"1056":{"start":{"line":4520,"column":3},"end":{"line":4520,"column":39}},"1057":{"start":{"line":4522,"column":19},"end":{"line":4522,"column":34}},"1058":{"start":{"line":4524,"column":2},"end":{"line":4541,"column":3}},"1059":{"start":{"line":4525,"column":3},"end":{"line":4525,"column":53}},"1060":{"start":{"line":4526,"column":3},"end":{"line":4528,"column":4}},"1061":{"start":{"line":4527,"column":4},"end":{"line":4527,"column":57}},"1062":{"start":{"line":4529,"column":3},"end":{"line":4531,"column":4}},"1063":{"start":{"line":4530,"column":4},"end":{"line":4530,"column":50}},"1064":{"start":{"line":4532,"column":9},"end":{"line":4541,"column":3}},"1065":{"start":{"line":4533,"column":3},"end":{"line":4533,"column":61}},"1066":{"start":{"line":4534,"column":3},"end":{"line":4536,"column":4}},"1067":{"start":{"line":4535,"column":4},"end":{"line":4535,"column":50}},"1068":{"start":{"line":4537,"column":9},"end":{"line":4541,"column":3}},"1069":{"start":{"line":4538,"column":3},"end":{"line":4538,"column":42}},"1070":{"start":{"line":4540,"column":3},"end":{"line":4540,"column":69}},"1071":{"start":{"line":4543,"column":2},"end":{"line":4543,"column":20}},"1072":{"start":{"line":4570,"column":2},"end":{"line":4570,"column":66}},"1073":{"start":{"line":4571,"column":2},"end":{"line":4571,"column":52}},"1074":{"start":{"line":4572,"column":2},"end":{"line":4572,"column":77}},"1075":{"start":{"line":4573,"column":2},"end":{"line":4573,"column":40}},"1076":{"start":{"line":4575,"column":2},"end":{"line":4577,"column":3}},"1077":{"start":{"line":4576,"column":3},"end":{"line":4576,"column":10}},"1078":{"start":{"line":4579,"column":23},"end":{"line":4579,"column":25}},"1079":{"start":{"line":4580,"column":17},"end":{"line":4580,"column":18}},"1080":{"start":{"line":4584,"column":2},"end":{"line":4594,"column":3}},"1081":{"start":{"line":4585,"column":3},"end":{"line":4585,"column":57}},"1082":{"start":{"line":4586,"column":3},"end":{"line":4586,"column":35}},"1083":{"start":{"line":4587,"column":22},"end":{"line":4587,"column":89}},"1084":{"start":{"line":4588,"column":3},"end":{"line":4588,"column":53}},"1085":{"start":{"line":4589,"column":9},"end":{"line":4594,"column":3}},"1086":{"start":{"line":4592,"column":3},"end":{"line":4592,"column":71}},"1087":{"start":{"line":4593,"column":3},"end":{"line":4593,"column":16}},"1088":{"start":{"line":4599,"column":2},"end":{"line":4602,"column":3}},"1089":{"start":{"line":4600,"column":3},"end":{"line":4600,"column":41}},"1090":{"start":{"line":4601,"column":3},"end":{"line":4601,"column":54}},"1091":{"start":{"line":4612,"column":20},"end":{"line":4612,"column":64}},"1092":{"start":{"line":4613,"column":2},"end":{"line":4613,"column":50}},"1093":{"start":{"line":4655,"column":2},"end":{"line":4655,"column":39}},"1094":{"start":{"line":4656,"column":2},"end":{"line":4656,"column":22}},"1095":{"start":{"line":4657,"column":2},"end":{"line":4657,"column":26}},"1096":{"start":{"line":4658,"column":2},"end":{"line":4658,"column":32}},"1097":{"start":{"line":4659,"column":2},"end":{"line":4659,"column":31}},"1098":{"start":{"line":4662,"column":2},"end":{"line":4662,"column":55}},"1099":{"start":{"l
[...]
ne":4989,"column":65}},"type":"binary-expr","locations":[{"start":{"line":4989,"column":44},"end":{"line":4989,"column":54}},{"start":{"line":4989,"column":58},"end":{"line":4989,"column":65}}],"line":4989},"306":{"loc":{"start":{"line":4991,"column":18},"end":{"line":4991,"column":83}},"type":"cond-expr","locations":[{"start":{"line":4991,"column":31},"end":{"line":4991,"column":78}},{"start":{"line":4991,"column":81},"end":{"line":4991,"column":83}}],"line":4991},"307":{"loc":{"start":{"line":5014,"column":1},"end":{"line":5016,"column":2}},"type":"if","locations":[{"start":{"line":5014,"column":1},"end":{"line":5016,"column":2}},{"start":{},"end":{}}],"line":5014},"308":{"loc":{"start":{"line":5014,"column":5},"end":{"line":5014,"column":60}},"type":"binary-expr","locations":[{"start":{"line":5014,"column":5},"end":{"line":5014,"column":17}},{"start":{"line":5014,"column":21},"end":{"line":5014,"column":39}},{"start":{"line":5014,"column":43},"end":{"line":5014,"column":60}}],"line":5014},"309":{"loc":{"start":{"line":5022,"column":1},"end":{"line":5024,"column":2}},"type":"if","locations":[{"start":{"line":5022,"column":1},"end":{"line":5024,"column":2}},{"start":{},"end":{}}],"line":5022},"310":{"loc":{"start":{"line":5027,"column":1},"end":{"line":5030,"column":2}},"type":"if","locations":[{"start":{"line":5027,"column":1},"end":{"line":5030,"column":2}},{"start":{},"end":{}}],"line":5027},"311":{"loc":{"start":{"line":5027,"column":5},"end":{"line":5028,"column":52}},"type":"binary-expr","locations":[{"start":{"line":5027,"column":5},"end":{"line":5027,"column":45}},{"start":{"line":5028,"column":2},"end":{"line":5028,"column":52}}],"line":5027},"312":{"loc":{"start":{"line":5067,"column":0},"end":{"line":5095,"column":1}},"type":"if","locations":[{"start":{"line":5067,"column":0},"end":{"line":5095,"column":1}},{"start":{},"end":{}}],"line":5067},"313":{"loc":{"start":{"line":5067,"column":4},"end":{"line":5067,"column":51}},"type":"binary-expr","locations":[{"start":{"line":5067,"column":4},"end":{"line":5067,"column":33}},{"start":{"line":5067,"column":37},"end":{"line":5067,"column":51}}],"line":5067}},"s":{"0":27,"1":27,"2":27,"3":27,"4":27,"5":27,"6":4,"7":27,"8":0,"9":0,"10":0,"11":0,"12":0,"13":0,"14":0,"15":0,"16":27,"17":0,"18":0,"19":27,"20":30,"21":17,"22":13,"23":13,"24":13,"25":13,"26":13,"27":13,"28":13,"29":27,"30":192,"31":192,"32":192,"33":7,"34":1,"35":27,"36":0,"37":0,"38":0,"39":0,"40":0,"41":27,"42":25,"43":25,"44":25,"45":25,"46":2,"47":27,"48":0,"49":0,"50":0,"51":0,"52":0,"53":0,"54":0,"55":0,"56":0,"57":0,"58":0,"59":0,"60":0,"61":0,"62":2,"63":0,"64":2,"65":0,"66":2,"67":2,"68":0,"69":0,"70":0,"71":0,"72":0,"73":0,"74":0,"75":0,"76":0,"77":0,"78":51,"79":51,"80":34,"81":32,"82":3,"83":5,"84":156,"85":156,"86":6,"87":5,"88":5,"89":16,"90":14,"91":1,"92":2,"93":153,"94":3,"95":3,"96":11,"97":10,"98":1,"99":1,"100":27,"101":27,"102":27,"103":27,"104":11,"105":1,"106":10,"107":0,"108":11,"109":1,"110":1,"111":1,"112":1,"113":0,"114":0,"115":6,"116":0,"117":0,"118":0,"119":0,"120":0,"121":0,"122":0,"123":0,"124":0,"125":0,"126":0,"127":0,"128":0,"129":0,"130":0,"131":0,"132":0,"133":0,"134":0,"135":0,"136":0,"137":0,"138":0,"139":0,"140":0,"141":0,"142":0,"143":0,"144":0,"145":0,"146":0,"147":0,"148":0,"149":0,"150":0,"151":12,"152":2,"153":10,"154":10,"155":11,"156":0,"157":0,"158":0,"159":0,"160":11,"161":5,"162":5,"163":9,"164":9,"165":9,"166":9,"167":9,"168":9,"169":9,"170":9,"171":9,"172":9,"173":0,"174":0,"175":0,"176":0,"177":0,"178":0,"179":0,"180":0,"181":6,"182":0,"183":0,"184":0,"185":0,"186":0,"187":0,"188":0,"189":0,"190":0,"191":0,"192":0,"193":0,"194":0,"195":0,"196":0,"197":0,"198":0,"199":0,"200":9,"201":9,"202":0,"203":0,"204":9,"205":0,"206":11,"207":7,"208":4,"209":4,"210":4,"211":4,"212":4,"213":4,"214":4,"215":0,"216":0,"217":0,"218":0,"219":0,"220":0,"221":0,"222":0,"223":0,"224":0,"225":0,"226":0,"227":0,"228":0,"229":0,"230":0,"231":0,"232":0,"233":0,"234":0,"235":0,"236":0,"237":0,"238":0,"239":0,"240":0,"241":0,"242":8,"243":4,"244":4,"245":162,"246":162,"247":162,"248":162,"249":162,"250":162,"251":162,"252":162,"253":8,"254":0,"255":8,"256":5,"257":3,"258":0,"259":8,"260":0,"261":8,"262":6,"263":2,"264":7,"265":0,"266":179,"267":179,"268":179,"269":179,"270":179,"271":179,"272":155,"273":24,"274":2,"275":22,"276":22,"277":17,"278":15,"279":2,"280":5,"281":3,"282":3,"283":1,"284":2,"285":0,"286":0,"287":0,"288":0,"289":0,"290":0,"291":0,"292":0,"293":0,"294":0,"295":0,"296":0,"297":0,"298":0,"299":0,"300":0,"301":0,"302":0,"303":0,"304":0,"305":0,"306":0,"307":0,"308":0,"309":0,"310":0,"311":0,"312":0,"313":0,"314":0,"315":0,"316":0,"317":0,"318":0,"319":0,"320":0,"321":0,"322":0,"323":0,"324":0,"325":0,"326":0,"327":0,"328":0,"329":0,"330":0,"331":0,"332":0,"333":0,"334":0,"335":0,"336":0,"337":0,"338":0,"339":0,"340":0,"341":0,"342":0,"343":0,"344":0,"345":0,"346":0,"347":0,"348":3,"349":3,"350":0,"351":0,"352":0,"353":0,"354":0,"355":0,"356":0,"357":0,"358":0,"359":0,"360":0,"361":0,"362":0,"363":0,"364":0,"365":0,"366":0,"367":0,"368":0,"369":0,"370":0,"371":0,"372":0,"373":0,"374":0,"375":0,"376":0,"377":0,"378":0,"379":0,"380":0,"381":0,"382":0,"383":0,"384":0,"385":0,"386":3,"387":3,"388":3,"389":0,"390":0,"391":0,"392":0,"393":0,"394":0,"395":0,"396":0,"397":0,"398":0,"399":0,"400":0,"401":0,"402":0,"403":0,"404":0,"405":0,"406":0,"407":0,"408":0,"409":6,"410":6,"411":6,"412":0,"413":0,"414":0,"415":0,"416":0,"417":0,"418":0,"419":0,"420":0,"421":0,"422":0,"423":0,"424":0,"425":0,"426":0,"427":0,"428":0,"429":0,"430":0,"431":0,"432":0,"433":0,"434":0,"435":0,"436":0,"437":0,"438":0,"439":0,"440":0,"441":155,"442":155,"443":155,"444":155,"445":155,"446":2,"447":153,"448":153,"449":153,"450":153,"451":153,"452":153,"453":153,"454":153,"455":153,"456":0,"457":27,"458":435,"459":8,"460":435,"461":8,"462":8,"463":8,"464":8,"465":8,"466":8,"467":8,"468":8,"469":8,"470":8,"471":8,"472":8,"473":8,"474":8,"475":150,"476":2,"477":148,"478":148,"479":148,"480":888,"481":148,"482":0,"483":132,"484":1,"485":1,"486":49,"487":1,"488":1,"489":1,"490":13,"491":133,"492":133,"493":1696,"494":0,"495":133,"496":0,"497":133,"498":0,"499":1,"500":132,"501":132,"502":132,"503":132,"504":132,"505":132,"506":132,"507":132,"508":132,"509":10,"510":10,"511":7,"512":7,"513":17,"514":17,"515":0,"516":0,"517":0,"518":0,"519":0,"520":0,"521":25,"522":6,"523":19,"524":19,"525":3,"526":16,"527":16,"528":6,"529":10,"530":10,"531":15,"532":23,"533":5,"534":18,"535":18,"536":2,"537":16,"538":16,"539":6,"540":10,"541":10,"542":15,"543":18,"544":6,"545":12,"546":12,"547":3,"548":9,"549":9,"550":1,"551":8,"552":8,"553":9,"554":4,"555":4,"556":4,"557":0,"558":5,"559":5,"560":5,"561":5,"562":5,"563":1,"564":10,"565":0,"566":10,"567":10,"568":10,"569":10,"570":10,"571":1,"572":9,"573":6,"574":6,"575":6,"576":6,"577":6,"578":3,"579":150,"580":150,"581":132,"582":132,"583":132,"584":0,"585":0,"586":0,"587":0,"588":0,"589":0,"590":0,"591":150,"592":150,"593":132,"594":132,"595":132,"596":132,"597":132,"598":132,"599":132,"600":132,"601":132,"602":132,"603":132,"604":4,"605":4,"606":4,"607":4,"608":0,"609":132,"610":4,"611":4,"612":4,"613":0,"614":132,"615":3,"616":3,"617":3,"618":0,"619":150,"620":150,"621":150,"622":150,"623":0,"624":0,"625":0,"626":0,"627":0,"628":0,"629":150,"630":0,"631":300,"632":0,"633":0,"634":0,"635":0,"636":0,"637":150,"638":0,"639":4,"640":0,"641":0,"642":0,"643":0,"644":0,"645":0,"646":0,"647":0,"648":0,"649":0,"650":0,"651":0,"652":0,"653":0,"654":0,"655":0,"656":0,"657":0,"658":0,"659":0,"660":0,"661":0,"662":0,"663":0,"664":0,"665":0,"666":0,"667":27,"668":0,"669":27,"670":27,"671":5,"672":5,"673":5,"674":5,"675":5,"676":0,"677":128,"678":10,"679":7,"680":17,"681":0,"682":0,"683":0,"684":15,"685":15,"686":9,"687":0,"688":1,"689":3,"690":88,"691":0,"692":27,"693":0,"694":0,"695":0,"696":0,"697":0,"698":0,"699":0,"700":18,"701":0,"702":22,"703":0,"704":28,"705":0,"706":0,"707":0,"708":0,"709":3,"710":0,"711":0,"712":0,"713":0,"714":0,"715":3,"716":3,"717":3,"718":3,"719":3,"720":3,"721":3,"722":3,"723":3,"724":3,"725":3,"726":3,"727":3,"728":3,"729":3,"730":3,"731":3,"732":3,"733":3,"734":0,"735":0,"736":3,"737":3,"738":3,"739":0,"740":0,"741":0,"742":0,"743":3,"744":3,"745":3,"746":0,"747":0,"748":0,"749":0,"750":3,"751":3,"752":3,"753":0,"754":0,"755":0,"756":0,"757":3,"758":0,"759":0,"760":0,"761":0,"762":0,"763":0,"764":0,"765":0,"766":0,"767":0,"768":0,"769":0,"770":0,"771":0,"772":0,"773":0,"774":0,"775":0,"776":0,"777":0,"778":0,"779":0,"780":0,"781":0,"782":0,"783":0,"784":0,"785":0,"786":0,"787":0,"788":0,"789":0,"790":0,"791":0,"792":0,"793":0,"794":0,"795":0,"796":0,"797":0,"798":0,"799":0,"800":0,"801":0,"802":0,"803":0,"804":0,"805":0,"806":0,"807":0,"808":0,"809":0,"810":0,"811":0,"812":0,"813":0,"814":0,"815":0,"816":0,"817":0,"818":0,"819":0,"820":0,"821":0,"822":0,"823":0,"824":0,"825":0,"826":0,"827":0,"828":0,"829":0,"830":0,"831":0,"832":0,"833":0,"834":0,"835":0,"836":1,"837":1,"838":1,"839":1,"840":1,"841":0,"842":5,"843":5,"844":5,"845":5,"846":0,"847":0,"848":0,"849":0,"850":0,"851":0,"852":0,"853":1,"854":0,"855":0,"856":0,"857":0,"858":0,"859":0,"860":0,"861":0,"862":1,"863":0,"864":1,"865":1,"866":1,"867":1,"868":1,"869":0,"870":0,"871":0,"872":0,"873":1,"874":1,"875":0,"876":1,"877":1,"878":0,"879":0,"880":0,"881":0,"882":0,"883":0,"884":0,"885":1,"886":1,"887":2,"888":2,"889":1,"890":2,"891":2,"892":0,"893":1,"894":5,"895":5,"896":5,"897":5,"898":5,"899":5,"900":5,"901":5,"902":5,"903":5,"904":5,"905":5,"906":5,"907":5,"908":5,"909":5,"910":5,"911":0,"912":5,"913":5,"914":0,"915":5,"916":5,"917":0,"918":5,"919":0,"920":5,"921":5,"922":5,"923":0,"924":0,"925":0,"926":0,"927":0,"928":0,"929":0,"930":0,"931":0,"932":0,"933":0,"934":0,"935":0,"936":0,"937":0,"938":0,"939":0,"940":0,"941":0,"942":0,"943":0,"944":0,"945":0,"946":0,"947":0,"948":0,"949":0,"950":0,"951":0,"952":0,"953":0,"954":0,"955":0,"956":0,"957":0,"958":0,"959":0,"960":0,"961":0,"962":0,"963":0,"964":0,"965":0,"966":2,"967":0,"968":0,"969":0,"970":0,"971":0,"972":0,"973":1,"974":1,"975":1,"976":1,"977":0,"978":0,"979":0,"980":0,"981":0,"982":0,"983":0,"984":0,"985":0,"986":0,"987":0,"988":0,"989":0,"990":0,"991":0,"992":0,"993":0,"994":0,"995":0,"996":0,"997":0,"998":0,"999":0,"1000":0,"1001":0,"1002":0,"1003":0,"1004":0,"1005":0,"1006":0,"1007":0,"1008":0,"1009":0,"1010":0,"1011":0,"1012":0,"1013":0,"1014":0,"1015":0,"1016":0,"1017":0,"1018":0,"1019":0,"1020":0,"1021":0,"1022":0,"1023":0,"1024":0,"1025":0,"1026":0,"1027":0,"1028":0,"1029":0,"1030":0,"1031":0,"1032":0,"1033":0,"1034":0,"1035":0,"1036":0,"1037":0,"1038":0,"1039":0,"1040":0,"1041":0,"1042":0,"1043":0,"1044":0,"1045":0,"1046":0,"1047":0,"1048":0,"1049":0,"1050":0,"1051":0,"1052":0,"1053":0,"1054":0,"1055":0,"1056":0,"1057":0,"1058":0,"1059":0,"1060":0,"1061":0,"1062":0,"1063":0,"1064":0,"1065":0,"1066":0,"1067":0,"1068":0,"1069":0,"1070":0,"1071":0,"1072":0,"1073":0,"1074":0,"1075":0,"1076":0,"1077":0,"1078":0,"1079":0,"1080":0,"1081":0,"1082":0,"1083":0,"1084":0,"1085":0,"1086":0,"1087":0,"1088":0,"1089":0,"1090":0,"1091":0,"1092":0,"1093":5,"1094":5,"1095":5,"1096":5,"1097":5,"1098":5,"1099":0,"1100":0,"1101":0,"1102":0,"1103":0,"1104":0,"1105":0,"1106":0,"1107":0,"1108":0,"1109":0,"1110":0,"1111":0,"1112":0,"1113":0,"1114":0,"1115":0,"1116":0,"1117":0,"1118":0,"1119":0,"1120":0,"1121":0,"1122":0,"1123":0,"1124":0,"1125":0,"1126":0,"1127":0,"1128":0,"1129":0,"1130":0,"1131":0,"1132":0,"1133":0,"1134":0,"1135":0,"1136":0,"1137":0,"1138":0,"1139":0,"1140":0,"1141":0,"1142":0,"1143":0,"1144":0,"1145":0,"1146":0,"1147":0,"1148":0,"1149":0,"1150":0,"1151":0,"1152":0,"1153":0,"1154":0,"1155":0,"1156":0,"1157":0,"1158":0,"1159":0,"1160":0,"1161":0,"1162":0,"1163":0,"1164":0,"1165":0,"1166":0,"1167":0,"1168":0,"1169":0,"1170":0,"1171":0,"1172":0,"1173":0,"1174":0,"1175":0,"1176":0,"1177":0,"1178":0,"1179":0,"1180":0,"1181":0,"1182":0,"1183":27,"1184":27},"f":{"0":27,"1":4,"2":0,"3":0,"4":0,"5":30,"6":192,"7":0,"8":0,"9":0,"10":2,"11":0,"12":0,"13":0,"14":0,"15":51,"16":34,"17":3,"18":5,"19":156,"20":6,"21":16,"22":1,"23":2,"24":153,"25":3,"26":11,"27":10,"28":1,"29":11,"30":1,"31":0,"32":6,"33":0,"34":0,"35":0,"36":0,"37":12,"38":11,"39":0,"40":11,"41":5,"42":9,"43":0,"44":0,"45":0,"46":6,"47":0,"48":0,"49":0,"50":0,"51":0,"52":9,"53":0,"54":0,"55":0,"56":11,"57":0,"58":0,"59":0,"60":0,"61":0,"62":0,"63":8,"64":162,"65":8,"66":0,"67":8,"68":7,"69":0,"70":179,"71":179,"72":3,"73":0,"74":0,"75":0,"76":0,"77":0,"78":0,"79":0,"80":0,"81":0,"82":0,"83":0,"84":0,"85":0,"86":0,"87":3,"88":0,"89":0,"90":0,"91":0,"92":3,"93":0,"94":0,"95":0,"96":6,"97":0,"98":0,"99":0,"100":155,"101":155,"102":0,"103":435,"104":8,"105":150,"106":888,"107":0,"108":132,"109":49,"110":133,"111":1696,"112":0,"113":0,"114":1,"115":132,"116":132,"117":10,"118":10,"119":7,"120":7,"121":17,"122":17,"123":0,"124":0,"125":0,"126":0,"127":0,"128":0,"129":25,"130":15,"131":23,"132":15,"133":18,"134":9,"135":4,"136":0,"137":5,"138":1,"139":10,"140":6,"141":3,"142":150,"143":150,"144":0,"145":0,"146":0,"147":0,"148":0,"149":0,"150":150,"151":0,"152":300,"153":0,"154":0,"155":0,"156":0,"157":0,"158":150,"159":0,"160":4,"161":0,"162":0,"163":0,"164":0,"165":0,"166":0,"167":0,"168":0,"169":0,"170":0,"171":0,"172":0,"173":0,"174":0,"175":0,"176":0,"177":0,"178":0,"179":0,"180":0,"181":0,"182":0,"183":0,"184":0,"185":0,"186":0,"187":0,"188":0,"189":5,"190":0,"191":128,"192":10,"193":7,"194":17,"195":0,"196":0,"197":0,"198":15,"199":15,"200":9,"201":0,"202":1,"203":3,"204":88,"205":0,"206":0,"207":0,"208":0,"209":0,"210":0,"211":0,"212":0,"213":18,"214":0,"215":22,"216":0,"217":28,"218":0,"219":0,"220":0,"221":0,"222":3,"223":0,"224":0,"225":0,"226":0,"227":0,"228":3,"229":3,"230":0,"231":0,"232":0,"233":0,"234":0,"235":0,"236":0,"237":0,"238":0,"239":0,"240":0,"241":0,"242":0,"243":0,"244":0,"245":0,"246":0,"247":0,"248":0,"249":0,"250":0,"251":0,"252":0,"253":0,"254":0,"255":0,"256":0,"257":0,"258":0,"259":0,"260":0,"261":0,"262":0,"263":0,"264":1,"265":1,"266":0,"267":5,"268":0,"269":0,"270":0,"271":0,"272":1,"273":0,"274":0,"275":1,"276":0,"277":1,"278":0,"279":0,"280":1,"281":2,"282":1,"283":1,"284":5,"285":5,"286":5,"287":0,"288":0,"289":0,"290":0,"291":0,"292":0,"293":0,"294":0,"295":0,"296":0,"297":0,"298":0,"299":0,"300":0,"301":0,"302":0,"303":2,"304":0,"305":0,"306":1,"307":0,"308":0,"309":0,"310":0,"311":0,"312":0,"313":0,"314":0,"315":0,"316":0,"317":0,"318":0,"319":0,"320":0,"321":0,"322":0,"323":0,"324":0,"325":0,"326":0,"327":5,"328":0,"329":0,"330":0,"331":0,"332":0,"333":0,"334":0,"335":0,"336":0,"337":0,"338":0,"339":0,"340":0,"341":0,"342":0,"343":0,"344":0,"345":0,"346":0,"347":0,"348":0},"b":{"0":[17,13],"1":[30,29],"2":[13,0,0,0],"3":[13,11],"4":[7,185],"5":[1,6],"6":[0,0],"7":[0,0],"8":[25,2],"9":[5,20],"10":[5,20],"11":[0,2],"12":[0,2],"13":[2,0],"14":[0,0],"15":[0,0],"16":[0,0],"17":[32,2],"18":[5,1],"19":[14,2],"20":[3,0],"21":[1,10],"22":[0,10],"23":[0,1],"24":[0,0],"25":[0,0],"26":[0,0],"27":[0,0],"28":[0,0,0,0,0],"29":[0,0],"30":[0,0],"31":[0,0],"32":[0,0],"33":[0,0],"34":[0,0],"35":[0,0],"36":[0,0,0],"37":[2,10],"38":[0,0],"39":[5,1],"40":[0,0],"41":[0,0],"42":[7,4],"43":[11,5],"44":[0,0],"45":[0,0],"46":[0,0],"47":[0,0,0],"48":[0,0],"49":[0,0],"50":[0,0],"51":[0,0],"52":[4,4],"53":[8,4],"54":[0,8],"55":[5,3],"56":[0,0],"57":[0,8],"58":[6,2],"59":[0,0],"60":[179,177,154],"61":[179,177,154],"62":[179,177,156],"63":[155,24],"64":[179,25],"65":[2,22],"66":[22,0],"67":[22,22],"68":[17,5],"69":[22,22],"70":[15,2],"71":[1,2],"72":[0,0],"73":[0,0],"74":[0,0],"75":[0,0],"76":[0,0],"77":[0,0],"78":[0,0],"79":[0,0],"80":[0,0],"81":[0,0],"82":[0,0],"83":[0,0],"84":[0,0],"85":[0,0],"86":[0,0],"87":[0,0],"88":[0,0],"89":[0,0],"90":[0,0],"91":[0,0],"92":[0,0],"93":[0,0],"94":[0,0],"95":[0,0],"96":[0,0],"97":[0,0],"98":[0,0],"99":[0,0],"100":[0,0],"101":[0,0],"102":[0,0],"103":[0,0],"104":[0,0],"105":[0,0],"106":[0,0],"107":[0,0],"108":[0,0],"109":[0,0],"110":[0,0],"111":[0,0],"112":[0,0],"113":[3],"114":[0,0],"115":[0,0],"116":[0,0],"117":[0,0],"118":[0,0],"119":[0,0],"120":[3],"121":[0,0],"122":[0,0],"123":[0,0],"124":[0,0],"125":[0,0],"126":[0,0],"127":[0,0],"128":[0,0],"129":[0,0],"130":[0,0],"131":[0,0,0],"132":[0,0],"133":[2,153],"134":[155,154],"135":[153,137,64,3,3],"136":[153,145,75],"137":[153,147,78,15,15],"138":[153,140,8,7,7,7],"139":[153,146,14,13],"140":[153,148,22],"141":[64,89],"142":[153,89],"143":[89,89],"144":[8,427],"145":[2,148],"146":[150,149],"147":[148,79,18],"148":[148,81],"149":[148,84,21],"150":[148,20,19,19],"151":[148,22],"152":[148,85],"153":[132,16],"154":[1,131],"155":[14,13],"156":[0,133],"157":[6,19],"158":[25,24],"159":[3,16],"160":[6,10],"161":[5,18],"162":[23,22],"163":[2,16],"164":[6,10],"165":[6,12],"166":[18,17],"167":[3,9],"168":[1,8],"169":[4,0],"170":[4,0],"171":[5,0],"172":[5,0],"173":[0,10],"174":[10,10],"175":[10,0],"176":[10,9],"177":[10,10],"178":[1,9],"179":[10,10,1],"180":[9,0,0,0],"181":[6,0],"182":[6,1],"183":[6,0],"184":[6,0],"185":[6,0],"186":[6,1],"187":[132,18],"188":[0,132],"189":[0,0],"190":[132,18],"191":[4,128],"192":[132,10],"193":[4,128],"194":[132,8],"195":[3,129],"196":[132,9],"197":[27,0],"198":[3,3],"199":[3,3],"200":[0,3],"201":[0,3],"202":[0,0],"203":[0,3],"204":[0,0],"205":[0,3],"206":[0,0],"207":[0,0],"208":[0,0],"209":[0,0],"210":[0,0],"211":[0,0],"212":[0,0],"213":[0,0],"214":[0],"215":[1],"216":[0],"217":[5],"218":[5],"219":[0,0],"220":[0,0],"221":[0,0],"222":[1],"223":[0,0],"224":[0,1],"225":[0,0],"226":[0,2],"227":[0,0],"228":[5,0],"229":[0,0],"230":[5,5,5],"231":[0,5],"232":[5,0],"233":[0,5],"234":[5,0,0],"235":[5,0],"236":[5,5],"237":[0,0],"238":[0,0],"239":[0,0],"240":[0,0],"241":[0,0],"242":[0],"243":[0,0],"244":[0,0],"245":[0,0],"246":[0,0],"247":[0,0],"248":[0,0],"249":[0,2],"250":[0,0],"251":[0,0],"252":[0,0],"253":[0,0],"254":[0,0],"255":[0,0],"256":[0,0],"257":[0,0],"258":[0,0],"259":[0,0],"260":[0,0],"261":[0,0],"262":[0,0],"263":[0,0],"264":[0,0],"265":[0,0],"266":[0,0],"267":[0,0],"268":[0,0],"269":[0,0],"270":[0,0],"271":[0,0],"272":[0,0],"273":[0,0],"274":[0,0],"275":[0,0],"276":[0,0],"277":[0,0],"278":[0,0],"279":[0,0],"280":[0,0],"281":[0,0],"282":[0,0],"283":[0,0],"284":[0,0],"285":[0,0],"286":[0,0],"287":[0,0],"288":[0,0],"289":[0,0],"290":[0,0],"291":[0,0],"292":[0,0],"293":[0,0],"294":[0,0],"295":[0,0],"296":[0,0],"297":[0,0],"298":[0,0],"299":[0,0],"300":[0,0],"301":[0,0],"302":[0,0],"303":[0,0],"304":[0,0],"305":[0,0],"306":[0,0],"307":[0,0],"308":[0,0,0],"309":[0,0],"310":[0,0],"311":[0,0],"312":[27,0],"313":[27,27]},"_coverageSchema":"1a1c01bbd47fc00a2c39e90264f33305004495a9","hash":"fb63c328be2474b5cc30b96ea05ac640e7d1d2a2"}
,"/home/mpb/Documents/GitHub/mpbarbosa_site/src/submodules/guia_turistico/src/libs/guia_js/src/guia_ibge.js": {"path":"/home/mpb/Documents/GitHub/mpbarbosa_site/src/submodules/guia_turistico/src/libs/guia_js/src/guia_ibge.js","statementMap":{"0":{"start":{"line":2,"column":1},"end":{"line":2,"column":102}},"1":{"start":{"line":6,"column":0},"end":{"line":10,"column":1}},"2":{"start":{"line":7,"column":1},"end":{"line":9,"column":3}}},"fnMap":{"0":{"name":"renderUrlUFNome","decl":{"start":{"line":1,"column":9},"end":{"line":1,"column":24}},"loc":{"start":{"line":1,"column":39},"end":{"line":3,"column":1}},"line":1}},"branchMap":{"0":{"loc":{"start":{"line":6,"column":0},"end":{"line":10,"column":1}},"type":"if","locations":[{"start":{"line":6,"column":0},"end":{"line":10,"column":1}},{"start":{},"end":{}}],"line":6},"1":{"loc":{"start":{"line":6,"column":4},"end":{"line":6,"column":51}},"type":"binary-expr","locations":[{"start":{"line":6,"column":4},"end":{"line":6,"column":33}},{"start":{"line":6,"column":37},"end":{"line":6,"column":51}}],"line":6}},"s":{"0":5,"1":1,"2":1},"f":{"0":5},"b":{"0":[1,0],"1":[1,1]},"_coverageSchema":"1a1c01bbd47fc00a2c39e90264f33305004495a9","hash":"334009e687f77de8d28cc9a0115ab5717f8cbda6"}
}
