TN:
SF:submodules/guia_turistico/src/libs/guia_js/src/guia.js
FN:8,(anonymous_0)
FN:44,(anonymous_1)
FN:81,(anonymous_2)
FN:96,(anonymous_3)
FN:96,(anonymous_4)
FN:123,(anonymous_5)
FN:146,(anonymous_6)
FN:159,(anonymous_7)
FN:193,(anonymous_8)
FN:194,(anonymous_9)
FN:241,(anonymous_10)
FN:270,(anonymous_11)
FN:295,(anonymous_12)
FN:320,(anonymous_13)
FN:341,(anonymous_14)
FN:420,(anonymous_15)
FN:442,(anonymous_16)
FN:457,(anonymous_17)
FN:458,(anonymous_18)
FN:471,(anonymous_19)
FN:473,(anonymous_20)
FN:494,(anonymous_21)
FN:509,(anonymous_22)
FN:511,(anonymous_23)
FN:524,(anonymous_24)
FN:525,(anonymous_25)
FN:537,(anonymous_26)
FN:546,(anonymous_27)
FN:555,(anonymous_28)
FN:623,(anonymous_29)
FN:652,(anonymous_30)
FN:666,(anonymous_31)
FN:691,(anonymous_32)
FN:713,(anonymous_33)
FN:730,(anonymous_34)
FN:774,(anonymous_35)
FN:862,(anonymous_36)
FN:878,(anonymous_37)
FN:887,(anonymous_38)
FN:891,(anonymous_39)
FN:900,(anonymous_40)
FN:904,(anonymous_41)
FN:911,(anonymous_42)
FN:929,(anonymous_43)
FN:933,(anonymous_44)
FN:938,(anonymous_45)
FN:947,(anonymous_46)
FN:951,(anonymous_47)
FN:955,(anonymous_48)
FN:959,(anonymous_49)
FN:963,(anonymous_50)
FN:1031,(anonymous_51)
FN:1076,(anonymous_52)
FN:1079,(anonymous_53)
FN:1080,(anonymous_54)
FN:1087,(anonymous_55)
FN:1091,(anonymous_56)
FN:1104,(anonymous_57)
FN:1108,(anonymous_58)
FN:1127,(anonymous_59)
FN:1141,(anonymous_60)
FN:1148,(anonymous_61)
FN:1215,(anonymous_62)
FN:1273,(anonymous_63)
FN:1299,(anonymous_64)
FN:1316,(anonymous_65)
FN:1330,(anonymous_66)
FN:1340,(anonymous_67)
FN:1355,(anonymous_68)
FN:1366,(anonymous_69)
FN:1411,(anonymous_70)
FN:1430,(anonymous_71)
FN:1470,(anonymous_72)
FN:1496,(anonymous_73)
FN:1511,(anonymous_74)
FN:1521,(anonymous_75)
FN:1533,(anonymous_76)
FN:1549,(anonymous_77)
FN:1564,(anonymous_78)
FN:1578,(anonymous_79)
FN:1585,(anonymous_80)
FN:1596,(anonymous_81)
FN:1617,(anonymous_82)
FN:1647,(anonymous_83)
FN:1668,(anonymous_84)
FN:1684,(anonymous_85)
FN:1697,(anonymous_86)
FN:1710,(anonymous_87)
FN:1722,(anonymous_88)
FN:1781,(anonymous_89)
FN:1802,(anonymous_90)
FN:1827,(anonymous_91)
FN:1834,(anonymous_92)
FN:1840,(anonymous_93)
FN:1853,(anonymous_94)
FN:1877,(anonymous_95)
FN:1890,(anonymous_96)
FN:1896,(anonymous_97)
FN:1936,(anonymous_98)
FN:1958,(anonymous_99)
FN:1993,(anonymous_100)
FN:2012,(anonymous_101)
FN:2055,(anonymous_102)
FN:2107,(anonymous_103)
FN:2124,(anonymous_104)
FN:2161,(anonymous_105)
FN:2182,(anonymous_106)
FN:2194,(anonymous_107)
FN:2208,(anonymous_108)
FN:2212,(anonymous_109)
FN:2231,(anonymous_110)
FN:2236,(anonymous_111)
FN:2237,(anonymous_112)
FN:2239,(anonymous_113)
FN:2251,(anonymous_114)
FN:2261,(anonymous_115)
FN:2277,(anonymous_116)
FN:2300,(anonymous_117)
FN:2309,(anonymous_118)
FN:2332,(anonymous_119)
FN:2341,(anonymous_120)
FN:2364,(anonymous_121)
FN:2373,(anonymous_122)
FN:2383,(anonymous_123)
FN:2392,(anonymous_124)
FN:2402,(anonymous_125)
FN:2411,(anonymous_126)
FN:2421,(anonymous_127)
FN:2430,(anonymous_128)
FN:2441,(anonymous_129)
FN:2470,(anonymous_130)
FN:2481,(anonymous_131)
FN:2510,(anonymous_132)
FN:2521,(anonymous_133)
FN:2550,(anonymous_134)
FN:2560,(anonymous_135)
FN:2581,(anonymous_136)
FN:2591,(anonymous_137)
FN:2618,(anonymous_138)
FN:2631,(anonymous_139)
FN:2656,(anonymous_140)
FN:2681,(anonymous_141)
FN:2695,(anonymous_142)
FN:2810,(anonymous_143)
FN:2814,(anonymous_144)
FN:2827,(anonymous_145)
FN:2831,(anonymous_146)
FN:2840,(anonymous_147)
FN:2844,(anonymous_148)
FN:2853,(anonymous_149)
FN:2857,(anonymous_150)
FN:2866,(anonymous_151)
FN:2870,(anonymous_152)
FN:2879,(anonymous_153)
FN:2883,(anonymous_154)
FN:2892,(anonymous_155)
FN:2896,(anonymous_156)
FN:2905,(anonymous_157)
FN:2909,(anonymous_158)
FN:2918,(anonymous_159)
FN:2927,(anonymous_160)
FN:2936,(anonymous_161)
FN:2945,(anonymous_162)
FN:2954,(anonymous_163)
FN:2963,(anonymous_164)
FN:2972,(anonymous_165)
FN:2981,(anonymous_166)
FN:2990,(anonymous_167)
FN:2999,(anonymous_168)
FN:3008,(anonymous_169)
FN:3017,(anonymous_170)
FN:3026,(anonymous_171)
FN:3035,(anonymous_172)
FN:3044,(anonymous_173)
FN:3053,(anonymous_174)
FN:3062,(anonymous_175)
FN:3071,(anonymous_176)
FN:3080,(anonymous_177)
FN:3089,(anonymous_178)
FN:3098,(anonymous_179)
FN:3107,(anonymous_180)
FN:3116,(anonymous_181)
FN:3125,(anonymous_182)
FN:3134,(anonymous_183)
FN:3143,(anonymous_184)
FN:3152,(anonymous_185)
FN:3161,(anonymous_186)
FN:3170,(anonymous_187)
FN:3178,(anonymous_188)
FN:3213,(anonymous_189)
FN:3225,(anonymous_190)
FN:3233,(anonymous_191)
FN:3241,(anonymous_192)
FN:3249,(anonymous_193)
FN:3257,(anonymous_194)
FN:3265,(anonymous_195)
FN:3273,(anonymous_196)
FN:3281,(anonymous_197)
FN:3289,(anonymous_198)
FN:3297,(anonymous_199)
FN:3305,(anonymous_200)
FN:3313,(anonymous_201)
FN:3321,(anonymous_202)
FN:3329,(anonymous_203)
FN:3338,(anonymous_204)
FN:3348,(anonymous_205)
FN:3358,(anonymous_206)
FN:3359,(anonymous_207)
FN:3362,(anonymous_208)
FN:3363,(anonymous_209)
FN:3366,(anonymous_210)
FN:3367,(anonymous_211)
FN:3370,(anonymous_212)
FN:3371,(anonymous_213)
FN:3374,(anonymous_214)
FN:3375,(anonymous_215)
FN:3378,(anonymous_216)
FN:3379,(anonymous_217)
FN:3382,(anonymous_218)
FN:3383,(anonymous_219)
FN:3386,(anonymous_220)
FN:3387,(anonymous_221)
FN:3390,(anonymous_222)
FN:3391,(anonymous_223)
FN:3394,(anonymous_224)
FN:3395,(anonymous_225)
FN:3398,(anonymous_226)
FN:3399,(anonymous_227)
FN:3409,(anonymous_228)
FN:3432,(anonymous_229)
FN:3443,(anonymous_230)
FN:3459,(anonymous_231)
FN:3489,(anonymous_232)
FN:3498,(anonymous_233)
FN:3502,(anonymous_234)
FN:3512,(anonymous_235)
FN:3516,(anonymous_236)
FN:3520,(anonymous_237)
FN:3533,(anonymous_238)
FN:3537,(anonymous_239)
FN:3541,(anonymous_240)
FN:3563,(anonymous_241)
FN:3573,(anonymous_242)
FN:3576,(anonymous_243)
FN:3586,(anonymous_244)
FN:3593,(anonymous_245)
FN:3598,(anonymous_246)
FN:3610,(anonymous_247)
FN:3630,(anonymous_248)
FN:3632,(anonymous_249)
FN:3640,(anonymous_250)
FN:3647,(anonymous_251)
FN:3649,(anonymous_252)
FN:3657,(anonymous_253)
FN:3664,(anonymous_254)
FN:3666,(anonymous_255)
FN:3674,(anonymous_256)
FN:3682,(anonymous_257)
FN:3698,(anonymous_258)
FN:3714,(anonymous_259)
FN:3730,(anonymous_260)
FN:3740,(anonymous_261)
FN:3776,(anonymous_262)
FN:3808,(anonymous_263)
FN:3832,(anonymous_264)
FN:3845,(anonymous_265)
FN:3849,(anonymous_266)
FN:3873,(anonymous_267)
FN:3885,(anonymous_268)
FN:3894,(anonymous_269)
FN:3898,(anonymous_270)
FN:3906,(anonymous_271)
FN:3910,(anonymous_272)
FN:3914,(anonymous_273)
FN:3922,(anonymous_274)
FN:3930,(anonymous_275)
FN:3931,(anonymous_276)
FN:3942,(anonymous_277)
FN:3977,(anonymous_278)
FN:3995,(anonymous_279)
FN:4005,(anonymous_280)
FN:4015,(anonymous_281)
FN:4017,(anonymous_282)
FN:4028,(anonymous_283)
FN:4045,(anonymous_284)
FN:4067,(anonymous_285)
FN:4068,(anonymous_286)
FN:4072,(anonymous_287)
FN:4078,(anonymous_288)
FN:4105,(anonymous_289)
FN:4108,(anonymous_290)
FN:4113,(anonymous_291)
FN:4129,(anonymous_292)
FN:4141,(anonymous_293)
FN:4150,(anonymous_294)
FN:4159,(anonymous_295)
FN:4186,(anonymous_296)
FN:4214,(anonymous_297)
FN:4216,(anonymous_298)
FN:4239,(anonymous_299)
FN:4244,(anonymous_300)
FN:4255,(anonymous_301)
FN:4258,(anonymous_302)
FN:4266,(anonymous_303)
FN:4276,(anonymous_304)
FN:4285,(anonymous_305)
FN:4294,(anonymous_306)
FN:4301,(anonymous_307)
FN:4336,(anonymous_308)
FN:4361,(anonymous_309)
FN:4371,(anonymous_310)
FN:4384,(anonymous_311)
FN:4408,(anonymous_312)
FN:4411,(anonymous_313)
FN:4420,(anonymous_314)
FN:4430,(anonymous_315)
FN:4436,(anonymous_316)
FN:4442,(anonymous_317)
FN:4449,(anonymous_318)
FN:4458,(anonymous_319)
FN:4467,(anonymous_320)
FN:4479,(anonymous_321)
FN:4492,(anonymous_322)
FN:4505,(anonymous_323)
FN:4518,(anonymous_324)
FN:4569,(anonymous_325)
FN:4611,(anonymous_326)
FN:4654,(anonymous_327)
FN:4683,(anonymous_328)
FN:4721,(anonymous_329)
FN:4722,(anonymous_330)
FN:4731,(anonymous_331)
FN:4744,(anonymous_332)
FN:4775,(anonymous_333)
FN:4786,(anonymous_334)
FN:4797,(anonymous_335)
FN:4826,(anonymous_336)
FN:4844,(anonymous_337)
FN:4859,(anonymous_338)
FN:4888,(anonymous_339)
FN:4923,(anonymous_340)
FN:4933,(anonymous_341)
FN:4943,(anonymous_342)
FN:4953,(anonymous_343)
FN:4974,displayError
FN:4982,(anonymous_345)
FN:5013,getAddressType
FN:5046,findNearbyRestaurants
FN:5061,fetchCityStatistics
FNF:349
FNH:111
FNDA:27,(anonymous_0)
FNDA:4,(anonymous_1)
FNDA:0,(anonymous_2)
FNDA:0,(anonymous_3)
FNDA:0,(anonymous_4)
FNDA:30,(anonymous_5)
FNDA:192,(anonymous_6)
FNDA:0,(anonymous_7)
FNDA:0,(anonymous_8)
FNDA:0,(anonymous_9)
FNDA:2,(anonymous_10)
FNDA:0,(anonymous_11)
FNDA:0,(anonymous_12)
FNDA:0,(anonymous_13)
FNDA:0,(anonymous_14)
FNDA:51,(anonymous_15)
FNDA:34,(anonymous_16)
FNDA:3,(anonymous_17)
FNDA:5,(anonymous_18)
FNDA:156,(anonymous_19)
FNDA:6,(anonymous_20)
FNDA:16,(anonymous_21)
FNDA:1,(anonymous_22)
FNDA:2,(anonymous_23)
FNDA:153,(anonymous_24)
FNDA:3,(anonymous_25)
FNDA:11,(anonymous_26)
FNDA:10,(anonymous_27)
FNDA:1,(anonymous_28)
FNDA:11,(anonymous_29)
FNDA:1,(anonymous_30)
FNDA:0,(anonymous_31)
FNDA:6,(anonymous_32)
FNDA:0,(anonymous_33)
FNDA:0,(anonymous_34)
FNDA:0,(anonymous_35)
FNDA:0,(anonymous_36)
FNDA:12,(anonymous_37)
FNDA:11,(anonymous_38)
FNDA:0,(anonymous_39)
FNDA:11,(anonymous_40)
FNDA:5,(anonymous_41)
FNDA:9,(anonymous_42)
FNDA:0,(anonymous_43)
FNDA:0,(anonymous_44)
FNDA:0,(anonymous_45)
FNDA:6,(anonymous_46)
FNDA:0,(anonymous_47)
FNDA:0,(anonymous_48)
FNDA:0,(anonymous_49)
FNDA:0,(anonymous_50)
FNDA:0,(anonymous_51)
FNDA:9,(anonymous_52)
FNDA:0,(anonymous_53)
FNDA:0,(anonymous_54)
FNDA:0,(anonymous_55)
FNDA:11,(anonymous_56)
FNDA:0,(anonymous_57)
FNDA:0,(anonymous_58)
FNDA:0,(anonymous_59)
FNDA:0,(anonymous_60)
FNDA:0,(anonymous_61)
FNDA:0,(anonymous_62)
FNDA:8,(anonymous_63)
FNDA:162,(anonymous_64)
FNDA:8,(anonymous_65)
FNDA:0,(anonymous_66)
FNDA:8,(anonymous_67)
FNDA:7,(anonymous_68)
FNDA:0,(anonymous_69)
FNDA:179,(anonymous_70)
FNDA:179,(anonymous_71)
FNDA:3,(anonymous_72)
FNDA:0,(anonymous_73)
FNDA:0,(anonymous_74)
FNDA:0,(anonymous_75)
FNDA:0,(anonymous_76)
FNDA:0,(anonymous_77)
FNDA:0,(anonymous_78)
FNDA:0,(anonymous_79)
FNDA:0,(anonymous_80)
FNDA:0,(anonymous_81)
FNDA:0,(anonymous_82)
FNDA:0,(anonymous_83)
FNDA:0,(anonymous_84)
FNDA:0,(anonymous_85)
FNDA:0,(anonymous_86)
FNDA:3,(anonymous_87)
FNDA:0,(anonymous_88)
FNDA:0,(anonymous_89)
FNDA:0,(anonymous_90)
FNDA:0,(anonymous_91)
FNDA:3,(anonymous_92)
FNDA:0,(anonymous_93)
FNDA:0,(anonymous_94)
FNDA:0,(anonymous_95)
FNDA:6,(anonymous_96)
FNDA:0,(anonymous_97)
FNDA:0,(anonymous_98)
FNDA:0,(anonymous_99)
FNDA:155,(anonymous_100)
FNDA:155,(anonymous_101)
FNDA:0,(anonymous_102)
FNDA:435,(anonymous_103)
FNDA:8,(anonymous_104)
FNDA:150,(anonymous_105)
FNDA:888,(anonymous_106)
FNDA:0,(anonymous_107)
FNDA:132,(anonymous_108)
FNDA:49,(anonymous_109)
FNDA:133,(anonymous_110)
FNDA:1696,(anonymous_111)
FNDA:0,(anonymous_112)
FNDA:0,(anonymous_113)
FNDA:1,(anonymous_114)
FNDA:132,(anonymous_115)
FNDA:132,(anonymous_116)
FNDA:10,(anonymous_117)
FNDA:10,(anonymous_118)
FNDA:7,(anonymous_119)
FNDA:7,(anonymous_120)
FNDA:17,(anonymous_121)
FNDA:17,(anonymous_122)
FNDA:0,(anonymous_123)
FNDA:0,(anonymous_124)
FNDA:0,(anonymous_125)
FNDA:0,(anonymous_126)
FNDA:0,(anonymous_127)
FNDA:0,(anonymous_128)
FNDA:25,(anonymous_129)
FNDA:15,(anonymous_130)
FNDA:23,(anonymous_131)
FNDA:15,(anonymous_132)
FNDA:18,(anonymous_133)
FNDA:9,(anonymous_134)
FNDA:4,(anonymous_135)
FNDA:0,(anonymous_136)
FNDA:5,(anonymous_137)
FNDA:1,(anonymous_138)
FNDA:10,(anonymous_139)
FNDA:6,(anonymous_140)
FNDA:3,(anonymous_141)
FNDA:150,(anonymous_142)
FNDA:150,(anonymous_143)
FNDA:0,(anonymous_144)
FNDA:0,(anonymous_145)
FNDA:0,(anonymous_146)
FNDA:0,(anonymous_147)
FNDA:0,(anonymous_148)
FNDA:0,(anonymous_149)
FNDA:150,(anonymous_150)
FNDA:0,(anonymous_151)
FNDA:300,(anonymous_152)
FNDA:0,(anonymous_153)
FNDA:0,(anonymous_154)
FNDA:0,(anonymous_155)
FNDA:0,(anonymous_156)
FNDA:0,(anonymous_157)
FNDA:150,(anonymous_158)
FNDA:0,(anonymous_159)
FNDA:4,(anonymous_160)
FNDA:0,(anonymous_161)
FNDA:0,(anonymous_162)
FNDA:0,(anonymous_163)
FNDA:0,(anonymous_164)
FNDA:0,(anonymous_165)
FNDA:0,(anonymous_166)
FNDA:0,(anonymous_167)
FNDA:0,(anonymous_168)
FNDA:0,(anonymous_169)
FNDA:0,(anonymous_170)
FNDA:0,(anonymous_171)
FNDA:0,(anonymous_172)
FNDA:0,(anonymous_173)
FNDA:0,(anonymous_174)
FNDA:0,(anonymous_175)
FNDA:0,(anonymous_176)
FNDA:0,(anonymous_177)
FNDA:0,(anonymous_178)
FNDA:0,(anonymous_179)
FNDA:0,(anonymous_180)
FNDA:0,(anonymous_181)
FNDA:0,(anonymous_182)
FNDA:0,(anonymous_183)
FNDA:0,(anonymous_184)
FNDA:0,(anonymous_185)
FNDA:0,(anonymous_186)
FNDA:0,(anonymous_187)
FNDA:0,(anonymous_188)
FNDA:5,(anonymous_189)
FNDA:0,(anonymous_190)
FNDA:128,(anonymous_191)
FNDA:10,(anonymous_192)
FNDA:7,(anonymous_193)
FNDA:17,(anonymous_194)
FNDA:0,(anonymous_195)
FNDA:0,(anonymous_196)
FNDA:0,(anonymous_197)
FNDA:15,(anonymous_198)
FNDA:15,(anonymous_199)
FNDA:9,(anonymous_200)
FNDA:0,(anonymous_201)
FNDA:1,(anonymous_202)
FNDA:3,(anonymous_203)
FNDA:88,(anonymous_204)
FNDA:0,(anonymous_205)
FNDA:0,(anonymous_206)
FNDA:0,(anonymous_207)
FNDA:0,(anonymous_208)
FNDA:0,(anonymous_209)
FNDA:0,(anonymous_210)
FNDA:0,(anonymous_211)
FNDA:0,(anonymous_212)
FNDA:18,(anonymous_213)
FNDA:0,(anonymous_214)
FNDA:22,(anonymous_215)
FNDA:0,(anonymous_216)
FNDA:28,(anonymous_217)
FNDA:0,(anonymous_218)
FNDA:0,(anonymous_219)
FNDA:0,(anonymous_220)
FNDA:0,(anonymous_221)
FNDA:3,(anonymous_222)
FNDA:0,(anonymous_223)
FNDA:0,(anonymous_224)
FNDA:0,(anonymous_225)
FNDA:0,(anonymous_226)
FNDA:0,(anonymous_227)
FNDA:3,(anonymous_228)
FNDA:3,(anonymous_229)
FNDA:0,(anonymous_230)
FNDA:0,(anonymous_231)
FNDA:0,(anonymous_232)
FNDA:0,(anonymous_233)
FNDA:0,(anonymous_234)
FNDA:0,(anonymous_235)
FNDA:0,(anonymous_236)
FNDA:0,(anonymous_237)
FNDA:0,(anonymous_238)
FNDA:0,(anonymous_239)
FNDA:0,(anonymous_240)
FNDA:0,(anonymous_241)
FNDA:0,(anonymous_242)
FNDA:0,(anonymous_243)
FNDA:0,(anonymous_244)
FNDA:0,(anonymous_245)
FNDA:0,(anonymous_246)
FNDA:0,(anonymous_247)
FNDA:0,(anonymous_248)
FNDA:0,(anonymous_249)
FNDA:0,(anonymous_250)
FNDA:0,(anonymous_251)
FNDA:0,(anonymous_252)
FNDA:0,(anonymous_253)
FNDA:0,(anonymous_254)
FNDA:0,(anonymous_255)
FNDA:0,(anonymous_256)
FNDA:0,(anonymous_257)
FNDA:0,(anonymous_258)
FNDA:0,(anonymous_259)
FNDA:0,(anonymous_260)
FNDA:0,(anonymous_261)
FNDA:0,(anonymous_262)
FNDA:0,(anonymous_263)
FNDA:1,(anonymous_264)
FNDA:1,(anonymous_265)
FNDA:0,(anonymous_266)
FNDA:5,(anonymous_267)
FNDA:0,(anonymous_268)
FNDA:0,(anonymous_269)
FNDA:0,(anonymous_270)
FNDA:0,(anonymous_271)
FNDA:1,(anonymous_272)
FNDA:0,(anonymous_273)
FNDA:0,(anonymous_274)
FNDA:1,(anonymous_275)
FNDA:0,(anonymous_276)
FNDA:1,(anonymous_277)
FNDA:0,(anonymous_278)
FNDA:0,(anonymous_279)
FNDA:1,(anonymous_280)
FNDA:2,(anonymous_281)
FNDA:1,(anonymous_282)
FNDA:1,(anonymous_283)
FNDA:5,(anonymous_284)
FNDA:5,(anonymous_285)
FNDA:5,(anonymous_286)
FNDA:0,(anonymous_287)
FNDA:0,(anonymous_288)
FNDA:0,(anonymous_289)
FNDA:0,(anonymous_290)
FNDA:0,(anonymous_291)
FNDA:0,(anonymous_292)
FNDA:0,(anonymous_293)
FNDA:0,(anonymous_294)
FNDA:0,(anonymous_295)
FNDA:0,(anonymous_296)
FNDA:0,(anonymous_297)
FNDA:0,(anonymous_298)
FNDA:0,(anonymous_299)
FNDA:0,(anonymous_300)
FNDA:0,(anonymous_301)
FNDA:0,(anonymous_302)
FNDA:2,(anonymous_303)
FNDA:0,(anonymous_304)
FNDA:0,(anonymous_305)
FNDA:1,(anonymous_306)
FNDA:0,(anonymous_307)
FNDA:0,(anonymous_308)
FNDA:0,(anonymous_309)
FNDA:0,(anonymous_310)
FNDA:0,(anonymous_311)
FNDA:0,(anonymous_312)
FNDA:0,(anonymous_313)
FNDA:0,(anonymous_314)
FNDA:0,(anonymous_315)
FNDA:0,(anonymous_316)
FNDA:0,(anonymous_317)
FNDA:0,(anonymous_318)
FNDA:0,(anonymous_319)
FNDA:0,(anonymous_320)
FNDA:0,(anonymous_321)
FNDA:0,(anonymous_322)
FNDA:0,(anonymous_323)
FNDA:0,(anonymous_324)
FNDA:0,(anonymous_325)
FNDA:0,(anonymous_326)
FNDA:5,(anonymous_327)
FNDA:0,(anonymous_328)
FNDA:0,(anonymous_329)
FNDA:0,(anonymous_330)
FNDA:0,(anonymous_331)
FNDA:0,(anonymous_332)
FNDA:0,(anonymous_333)
FNDA:0,(anonymous_334)
FNDA:0,(anonymous_335)
FNDA:0,(anonymous_336)
FNDA:0,(anonymous_337)
FNDA:0,(anonymous_338)
FNDA:0,(anonymous_339)
FNDA:0,(anonymous_340)
FNDA:0,(anonymous_341)
FNDA:0,(anonymous_342)
FNDA:0,(anonymous_343)
FNDA:0,displayError
FNDA:0,(anonymous_345)
FNDA:0,getAddressType
FNDA:0,findNearbyRestaurants
FNDA:0,fetchCityStatistics
DA:3,27
DA:9,27
DA:13,27
DA:14,27
DA:15,27
DA:44,27
DA:45,4
DA:81,27
DA:82,0
DA:83,0
DA:84,0
DA:85,0
DA:86,0
DA:89,0
DA:91,0
DA:93,0
DA:96,27
DA:123,27
DA:125,30
DA:126,17
DA:130,13
DA:131,13
DA:132,13
DA:135,13
DA:138,13
DA:141,13
DA:143,13
DA:146,27
DA:148,192
DA:149,192
DA:150,192
DA:152,7
DA:153,1
DA:159,27
DA:160,0
DA:161,0
DA:162,0
DA:163,0
DA:164,0
DA:172,27
DA:173,25
DA:174,25
DA:177,25
DA:178,25
DA:181,2
DA:185,27
DA:194,0
DA:195,0
DA:197,0
DA:198,0
DA:199,0
DA:200,0
DA:201,0
DA:202,0
DA:205,0
DA:206,0
DA:207,0
DA:208,0
DA:209,0
DA:210,0
DA:242,2
DA:243,0
DA:244,2
DA:245,0
DA:246,2
DA:247,2
DA:248,0
DA:249,0
DA:251,0
DA:271,0
DA:296,0
DA:321,0
DA:322,0
DA:342,0
DA:343,0
DA:345,0
DA:421,51
DA:422,51
DA:443,34
DA:444,32
DA:458,5
DA:472,156
DA:473,156
DA:474,6
DA:475,5
DA:476,5
DA:495,16
DA:496,14
DA:510,1
DA:511,2
DA:525,153
DA:526,3
DA:527,3
DA:538,11
DA:547,10
DA:556,1
DA:557,1
DA:568,27
DA:576,27
DA:584,27
DA:592,27
DA:624,11
DA:625,1
DA:626,10
DA:627,0
DA:629,11
DA:653,1
DA:654,1
DA:655,1
DA:656,1
DA:657,0
DA:667,0
DA:692,6
DA:714,0
DA:731,0
DA:775,0
DA:776,0
DA:779,0
DA:780,0
DA:781,0
DA:785,0
DA:790,0
DA:791,0
DA:792,0
DA:798,0
DA:805,0
DA:811,0
DA:812,0
DA:813,0
DA:814,0
DA:821,0
DA:822,0
DA:823,0
DA:826,0
DA:828,0
DA:829,0
DA:830,0
DA:834,0
DA:835,0
DA:837,0
DA:841,0
DA:842,0
DA:843,0
DA:844,0
DA:863,0
DA:864,0
DA:865,0
DA:867,0
DA:879,12
DA:880,2
DA:883,10
DA:884,10
DA:888,11
DA:892,0
DA:893,0
DA:894,0
DA:896,0
DA:901,11
DA:905,5
DA:906,5
DA:912,9
DA:913,9
DA:914,9
DA:915,9
DA:916,9
DA:917,9
DA:918,9
DA:919,9
DA:920,9
DA:921,9
DA:930,0
DA:935,0
DA:939,0
DA:940,0
DA:941,0
DA:942,0
DA:943,0
DA:944,0
DA:948,6
DA:952,0
DA:956,0
DA:960,0
DA:964,0
DA:1033,0
DA:1036,0
DA:1037,0
DA:1038,0
DA:1043,0
DA:1045,0
DA:1047,0
DA:1050,0
DA:1051,0
DA:1055,0
DA:1058,0
DA:1061,0
DA:1066,0
DA:1070,0
DA:1077,9
DA:1078,9
DA:1079,0
DA:1081,0
DA:1084,9
DA:1088,0
DA:1092,11
DA:1093,7
DA:1095,4
DA:1096,4
DA:1097,4
DA:1098,4
DA:1099,4
DA:1100,4
DA:1101,4
DA:1105,0
DA:1109,0
DA:1128,0
DA:1129,0
DA:1130,0
DA:1134,0
DA:1135,0
DA:1137,0
DA:1140,0
DA:1142,0
DA:1143,0
DA:1145,0
DA:1146,0
DA:1149,0
DA:1150,0
DA:1151,0
DA:1218,0
DA:1219,0
DA:1224,0
DA:1225,0
DA:1231,0
DA:1233,0
DA:1237,0
DA:1238,0
DA:1242,0
DA:1247,0
DA:1249,0
DA:1274,8
DA:1275,4
DA:1277,4
DA:1300,162
DA:1301,162
DA:1302,162
DA:1303,162
DA:1304,162
DA:1305,162
DA:1306,162
DA:1307,162
DA:1317,8
DA:1318,8
DA:1319,5
DA:1321,3
DA:1331,0
DA:1341,8
DA:1342,8
DA:1343,6
DA:1345,2
DA:1356,7
DA:1367,0
DA:1412,179
DA:1413,179
DA:1414,179
DA:1415,179
DA:1416,179
DA:1431,179
DA:1432,155
DA:1436,24
DA:1437,2
DA:1440,22
DA:1442,22
DA:1444,17
DA:1445,15
DA:1447,2
DA:1453,5
DA:1471,3
DA:1472,3
DA:1473,1
DA:1475,2
DA:1497,0
DA:1498,0
DA:1499,0
DA:1500,0
DA:1501,0
DA:1502,0
DA:1512,0
DA:1513,0
DA:1514,0
DA:1515,0
DA:1518,0
DA:1521,0
DA:1522,0
DA:1534,0
DA:1535,0
DA:1536,0
DA:1537,0
DA:1538,0
DA:1550,0
DA:1551,0
DA:1552,0
DA:1553,0
DA:1554,0
DA:1565,0
DA:1566,0
DA:1568,0
DA:1579,0
DA:1580,0
DA:1581,0
DA:1582,0
DA:1584,0
DA:1585,0
DA:1597,0
DA:1598,0
DA:1599,0
DA:1600,0
DA:1619,0
DA:1622,0
DA:1623,0
DA:1624,0
DA:1626,0
DA:1627,0
DA:1632,0
DA:1633,0
DA:1634,0
DA:1635,0
DA:1640,0
DA:1641,0
DA:1642,0
DA:1648,0
DA:1649,0
DA:1650,0
DA:1669,0
DA:1670,0
DA:1671,0
DA:1685,0
DA:1686,0
DA:1687,0
DA:1688,0
DA:1689,0
DA:1690,0
DA:1692,0
DA:1698,0
DA:1711,3
DA:1712,3
DA:1723,0
DA:1724,0
DA:1727,0
DA:1728,0
DA:1729,0
DA:1731,0
DA:1734,0
DA:1739,0
DA:1746,0
DA:1753,0
DA:1754,0
DA:1758,0
DA:1759,0
DA:1761,0
DA:1765,0
DA:1766,0
DA:1767,0
DA:1771,0
DA:1772,0
DA:1774,0
DA:1777,0
DA:1778,0
DA:1782,0
DA:1789,0
DA:1804,0
DA:1805,0
DA:1806,0
DA:1810,0
DA:1811,0
DA:1812,0
DA:1816,0
DA:1818,0
DA:1819,0
DA:1820,0
DA:1822,0
DA:1828,0
DA:1835,3
DA:1836,3
DA:1837,3
DA:1841,0
DA:1842,0
DA:1847,0
DA:1848,0
DA:1849,0
DA:1850,0
DA:1854,0
DA:1855,0
DA:1856,0
DA:1858,0
DA:1859,0
DA:1860,0
DA:1864,0
DA:1865,0
DA:1866,0
DA:1870,0
DA:1871,0
DA:1872,0
DA:1873,0
DA:1878,0
DA:1891,6
DA:1892,6
DA:1893,6
DA:1897,0
DA:1898,0
DA:1901,0
DA:1902,0
DA:1905,0
DA:1909,0
DA:1912,0
DA:1913,0
DA:1914,0
DA:1915,0
DA:1916,0
DA:1918,0
DA:1922,0
DA:1925,0
DA:1926,0
DA:1932,0
DA:1933,0
DA:1937,0
DA:1939,0
DA:1940,0
DA:1941,0
DA:1945,0
DA:1946,0
DA:1947,0
DA:1951,0
DA:1952,0
DA:1953,0
DA:1954,0
DA:1959,0
DA:1994,155
DA:1995,155
DA:1996,155
DA:1997,155
DA:2013,155
DA:2014,2
DA:2017,153
DA:2021,153
DA:2025,153
DA:2029,153
DA:2033,153
DA:2037,153
DA:2041,153
DA:2044,153
DA:2046,153
DA:2056,0
DA:2095,27
DA:2108,435
DA:2109,8
DA:2111,435
DA:2125,8
DA:2126,8
DA:2127,8
DA:2128,8
DA:2129,8
DA:2130,8
DA:2131,8
DA:2132,8
DA:2133,8
DA:2134,8
DA:2135,8
DA:2136,8
DA:2137,8
DA:2138,8
DA:2163,150
DA:2164,2
DA:2167,148
DA:2171,148
DA:2181,148
DA:2182,888
DA:2186,148
DA:2195,0
DA:2209,132
DA:2211,1
DA:2212,49
DA:2215,1
DA:2218,1
DA:2219,13
DA:2232,133
DA:2235,133
DA:2236,1696
DA:2237,0
DA:2239,133
DA:2241,133
DA:2242,0
DA:2252,1
DA:2262,132
DA:2263,132
DA:2264,132
DA:2265,132
DA:2266,132
DA:2267,132
DA:2268,132
DA:2269,132
DA:2278,132
DA:2301,10
DA:2310,10
DA:2333,7
DA:2342,7
DA:2365,17
DA:2374,17
DA:2384,0
DA:2393,0
DA:2403,0
DA:2412,0
DA:2422,0
DA:2431,0
DA:2442,25
DA:2443,6
DA:2446,19
DA:2448,19
DA:2449,3
DA:2453,16
DA:2456,16
DA:2457,6
DA:2461,10
DA:2462,10
DA:2471,15
DA:2482,23
DA:2483,5
DA:2486,18
DA:2488,18
DA:2489,2
DA:2493,16
DA:2496,16
DA:2497,6
DA:2501,10
DA:2502,10
DA:2511,15
DA:2522,18
DA:2523,6
DA:2526,12
DA:2528,12
DA:2529,3
DA:2533,9
DA:2536,9
DA:2537,1
DA:2541,8
DA:2542,8
DA:2551,9
DA:2561,4
DA:2562,4
DA:2564,4
DA:2582,0
DA:2592,5
DA:2593,5
DA:2596,5
DA:2597,5
DA:2599,5
DA:2619,1
DA:2632,10
DA:2633,0
DA:2636,10
DA:2637,10
DA:2638,10
DA:2639,10
DA:2642,10
DA:2643,1
DA:2647,9
DA:2657,6
DA:2658,6
DA:2659,6
DA:2660,6
DA:2662,6
DA:2682,3
DA:2696,150
DA:2698,150
DA:2700,132
DA:2703,132
DA:2704,132
DA:2705,0
DA:2706,0
DA:2708,0
DA:2710,0
DA:2711,0
DA:2713,0
DA:2716,0
DA:2722,150
DA:2725,150
DA:2727,132
DA:2729,132
DA:2730,132
DA:2738,132
DA:2739,132
DA:2740,132
DA:2741,132
DA:2745,132
DA:2746,132
DA:2747,132
DA:2751,132
DA:2753,4
DA:2754,4
DA:2755,4
DA:2756,4
DA:2758,0
DA:2767,132
DA:2769,4
DA:2770,4
DA:2771,4
DA:2773,0
DA:2782,132
DA:2784,3
DA:2785,3
DA:2786,3
DA:2788,0
DA:2796,150
DA:2798,150
DA:2802,150
DA:2811,150
DA:2815,0
DA:2828,0
DA:2832,0
DA:2841,0
DA:2845,0
DA:2854,0
DA:2858,150
DA:2867,0
DA:2871,300
DA:2880,0
DA:2884,0
DA:2893,0
DA:2897,0
DA:2906,0
DA:2910,150
DA:2919,0
DA:2928,4
DA:2937,0
DA:2946,0
DA:2955,0
DA:2964,0
DA:2973,0
DA:2982,0
DA:2991,0
DA:3000,0
DA:3009,0
DA:3018,0
DA:3027,0
DA:3036,0
DA:3045,0
DA:3054,0
DA:3063,0
DA:3072,0
DA:3081,0
DA:3090,0
DA:3099,0
DA:3108,0
DA:3117,0
DA:3126,0
DA:3135,0
DA:3144,0
DA:3153,0
DA:3162,0
DA:3171,0
DA:3178,27
DA:3179,0
DA:3183,27
DA:3184,27
DA:3214,5
DA:3215,5
DA:3216,5
DA:3217,5
DA:3218,5
DA:3226,0
DA:3234,128
DA:3242,10
DA:3250,7
DA:3258,17
DA:3266,0
DA:3274,0
DA:3282,0
DA:3290,15
DA:3298,15
DA:3306,9
DA:3314,0
DA:3322,1
DA:3330,3
DA:3339,88
DA:3349,0
DA:3356,27
DA:3358,0
DA:3359,0
DA:3362,0
DA:3363,0
DA:3366,0
DA:3367,0
DA:3370,0
DA:3371,18
DA:3374,0
DA:3375,22
DA:3378,0
DA:3379,28
DA:3382,0
DA:3383,0
DA:3386,0
DA:3387,0
DA:3390,3
DA:3391,0
DA:3394,0
DA:3395,0
DA:3398,0
DA:3399,0
DA:3410,3
DA:3411,3
DA:3412,3
DA:3413,3
DA:3414,3
DA:3415,3
DA:3416,3
DA:3418,3
DA:3420,3
DA:3421,3
DA:3423,3
DA:3424,3
DA:3425,3
DA:3426,3
DA:3427,3
DA:3428,3
DA:3429,3
DA:3433,3
DA:3434,3
DA:3435,0
DA:3436,0
DA:3438,3
DA:3441,3
DA:3442,3
DA:3443,0
DA:3444,0
DA:3445,0
DA:3450,0
DA:3454,3
DA:3457,3
DA:3458,3
DA:3459,0
DA:3460,0
DA:3461,0
DA:3466,0
DA:3470,3
DA:3473,3
DA:3474,3
DA:3475,0
DA:3476,0
DA:3477,0
DA:3478,0
DA:3480,3
DA:3490,0
DA:3499,0
DA:3503,0
DA:3504,0
DA:3507,0
DA:3509,0
DA:3513,0
DA:3517,0
DA:3521,0
DA:3522,0
DA:3525,0
DA:3527,0
DA:3530,0
DA:3534,0
DA:3538,0
DA:3542,0
DA:3558,0
DA:3559,0
DA:3560,0
DA:3564,0
DA:3565,0
DA:3574,0
DA:3577,0
DA:3578,0
DA:3579,0
DA:3580,0
DA:3581,0
DA:3583,0
DA:3587,0
DA:3588,0
DA:3590,0
DA:3591,0
DA:3594,0
DA:3599,0
DA:3607,0
DA:3610,0
DA:3611,0
DA:3615,0
DA:3618,0
DA:3621,0
DA:3624,0
DA:3632,0
DA:3633,0
DA:3641,0
DA:3649,0
DA:3650,0
DA:3658,0
DA:3666,0
DA:3667,0
DA:3675,0
DA:3683,0
DA:3685,0
DA:3687,0
DA:3699,0
DA:3701,0
DA:3703,0
DA:3715,0
DA:3717,0
DA:3719,0
DA:3732,0
DA:3733,0
DA:3742,0
DA:3743,0
DA:3744,0
DA:3745,0
DA:3755,0
DA:3756,0
DA:3757,0
DA:3764,0
DA:3778,0
DA:3779,0
DA:3780,0
DA:3781,0
DA:3791,0
DA:3792,0
DA:3793,0
DA:3800,0
DA:3809,0
DA:3833,1
DA:3834,1
DA:3835,1
DA:3836,1
DA:3846,1
DA:3850,0
DA:3874,5
DA:3875,5
DA:3876,5
DA:3877,5
DA:3886,0
DA:3895,0
DA:3899,0
DA:3900,0
DA:3901,0
DA:3903,0
DA:3907,0
DA:3911,1
DA:3915,0
DA:3916,0
DA:3917,0
DA:3919,0
DA:3923,0
DA:3924,0
DA:3925,0
DA:3927,0
DA:3931,1
DA:3932,0
DA:3944,1
DA:3947,1
DA:3950,1
DA:3951,1
DA:3952,0
DA:3953,0
DA:3954,0
DA:3956,0
DA:3960,1
DA:3963,1
DA:3964,0
DA:3967,1
DA:3968,1
DA:3979,0
DA:3982,0
DA:3984,0
DA:3985,0
DA:3987,0
DA:3996,0
DA:3997,0
DA:4006,1
DA:4007,1
DA:4016,2
DA:4017,2
DA:4019,2
DA:4020,2
DA:4021,0
DA:4029,1
DA:4046,5
DA:4047,5
DA:4048,5
DA:4049,5
DA:4050,5
DA:4051,5
DA:4052,5
DA:4053,5
DA:4054,5
DA:4055,5
DA:4056,5
DA:4057,5
DA:4058,5
DA:4059,5
DA:4068,5
DA:4069,5
DA:4072,5
DA:4073,0
DA:4077,5
DA:4078,5
DA:4079,0
DA:4083,5
DA:4086,5
DA:4087,0
DA:4090,5
DA:4091,0
DA:4095,5
DA:4097,5
DA:4098,5
DA:4106,0
DA:4108,0
DA:4109,0
DA:4112,0
DA:4113,0
DA:4114,0
DA:4117,0
DA:4118,0
DA:4119,0
DA:4120,0
DA:4121,0
DA:4130,0
DA:4131,0
DA:4132,0
DA:4142,0
DA:4151,0
DA:4160,0
DA:4187,0
DA:4189,0
DA:4190,0
DA:4191,0
DA:4195,0
DA:4198,0
DA:4199,0
DA:4216,0
DA:4217,0
DA:4222,0
DA:4225,0
DA:4228,0
DA:4231,0
DA:4234,0
DA:4235,0
DA:4236,0
DA:4239,0
DA:4240,0
DA:4244,0
DA:4245,0
DA:4249,0
DA:4256,0
DA:4258,0
DA:4259,0
DA:4267,2
DA:4268,0
DA:4269,0
DA:4277,0
DA:4278,0
DA:4286,0
DA:4287,0
DA:4295,1
DA:4296,1
DA:4297,1
DA:4298,1
DA:4302,0
DA:4337,0
DA:4338,0
DA:4339,0
DA:4342,0
DA:4343,0
DA:4344,0
DA:4345,0
DA:4346,0
DA:4347,0
DA:4348,0
DA:4349,0
DA:4350,0
DA:4351,0
DA:4352,0
DA:4354,0
DA:4355,0
DA:4362,0
DA:4363,0
DA:4364,0
DA:4372,0
DA:4375,0
DA:4378,0
DA:4381,0
DA:4384,0
DA:4385,0
DA:4386,0
DA:4387,0
DA:4390,0
DA:4391,0
DA:4392,0
DA:4393,0
DA:4396,0
DA:4397,0
DA:4398,0
DA:4401,0
DA:4410,0
DA:4411,0
DA:4412,0
DA:4413,0
DA:4414,0
DA:4419,0
DA:4420,0
DA:4421,0
DA:4422,0
DA:4423,0
DA:4429,0
DA:4430,0
DA:4431,0
DA:4435,0
DA:4436,0
DA:4437,0
DA:4441,0
DA:4442,0
DA:4443,0
DA:4448,0
DA:4449,0
DA:4450,0
DA:4451,0
DA:4452,0
DA:4457,0
DA:4458,0
DA:4459,0
DA:4460,0
DA:4461,0
DA:4466,0
DA:4467,0
DA:4468,0
DA:4480,0
DA:4481,0
DA:4483,0
DA:4493,0
DA:4494,0
DA:4496,0
DA:4506,0
DA:4507,0
DA:4509,0
DA:4519,0
DA:4520,0
DA:4522,0
DA:4524,0
DA:4525,0
DA:4526,0
DA:4527,0
DA:4529,0
DA:4530,0
DA:4532,0
DA:4533,0
DA:4534,0
DA:4535,0
DA:4537,0
DA:4538,0
DA:4540,0
DA:4543,0
DA:4570,0
DA:4571,0
DA:4572,0
DA:4573,0
DA:4575,0
DA:4576,0
DA:4579,0
DA:4580,0
DA:4584,0
DA:4585,0
DA:4586,0
DA:4587,0
DA:4588,0
DA:4589,0
DA:4592,0
DA:4593,0
DA:4599,0
DA:4600,0
DA:4601,0
DA:4612,0
DA:4613,0
DA:4655,5
DA:4656,5
DA:4657,5
DA:4658,5
DA:4659,5
DA:4662,5
DA:4684,0
DA:4685,0
DA:4686,0
DA:4687,0
DA:4688,0
DA:4691,0
DA:4694,0
DA:4695,0
DA:4722,0
DA:4723,0
DA:4724,0
DA:4725,0
DA:4726,0
DA:4727,0
DA:4730,0
DA:4732,0
DA:4735,0
DA:4738,0
DA:4739,0
DA:4742,0
DA:4745,0
DA:4748,0
DA:4749,0
DA:4752,0
DA:4776,0
DA:4777,0
DA:4778,0
DA:4781,0
DA:4782,0
DA:4785,0
DA:4787,0
DA:4790,0
DA:4793,0
DA:4794,0
DA:4798,0
DA:4801,0
DA:4802,0
DA:4808,0
DA:4810,0
DA:4827,0
DA:4828,0
DA:4829,0
DA:4830,0
DA:4832,0
DA:4845,0
DA:4847,0
DA:4848,0
DA:4860,0
DA:4862,0
DA:4868,0
DA:4870,0
DA:4889,0
DA:4904,0
DA:4909,0
DA:4910,0
DA:4911,0
DA:4912,0
DA:4914,0
DA:4924,0
DA:4934,0
DA:4944,0
DA:4954,0
DA:4955,0
DA:4956,0
DA:4975,0
DA:4978,0
DA:4982,0
DA:4984,0
DA:4985,0
DA:4986,0
DA:4996,0
DA:5014,0
DA:5015,0
DA:5018,0
DA:5019,0
DA:5022,0
DA:5023,0
DA:5027,0
DA:5029,0
DA:5033,0
DA:5048,0
DA:5063,0
DA:5067,27
DA:5068,27
LF:1170
LH:426
BRDA:125,0,0,17
BRDA:125,0,1,13
BRDA:125,1,0,30
BRDA:125,1,1,29
BRDA:130,2,0,13
BRDA:130,2,1,0
BRDA:130,2,2,0
BRDA:130,2,3,0
BRDA:135,3,0,13
BRDA:135,3,1,11
BRDA:150,4,0,7
BRDA:150,4,1,185
BRDA:152,5,0,1
BRDA:152,5,1,6
BRDA:161,6,0,0
BRDA:161,6,1,0
BRDA:163,7,0,0
BRDA:163,7,1,0
BRDA:172,8,0,25
BRDA:172,8,1,2
BRDA:174,9,0,5
BRDA:174,9,1,20
BRDA:177,10,0,5
BRDA:177,10,1,20
BRDA:242,11,0,0
BRDA:242,11,1,2
BRDA:244,12,0,0
BRDA:244,12,1,2
BRDA:246,13,0,2
BRDA:246,13,1,0
BRDA:248,14,0,0
BRDA:248,14,1,0
BRDA:342,15,0,0
BRDA:342,15,1,0
BRDA:342,16,0,0
BRDA:342,16,1,0
BRDA:443,17,0,32
BRDA:443,17,1,2
BRDA:474,18,0,5
BRDA:474,18,1,1
BRDA:495,19,0,14
BRDA:495,19,1,2
BRDA:526,20,0,3
BRDA:526,20,1,0
BRDA:624,21,0,1
BRDA:624,21,1,10
BRDA:626,22,0,0
BRDA:626,22,1,10
BRDA:656,23,0,0
BRDA:656,23,1,1
BRDA:779,24,0,0
BRDA:779,24,1,0
BRDA:779,25,0,0
BRDA:779,25,1,0
BRDA:785,26,0,0
BRDA:785,26,1,0
BRDA:798,27,0,0
BRDA:798,27,1,0
BRDA:799,28,0,0
BRDA:799,28,1,0
BRDA:799,28,2,0
BRDA:799,28,3,0
BRDA:799,28,4,0
BRDA:811,29,0,0
BRDA:811,29,1,0
BRDA:821,30,0,0
BRDA:821,30,1,0
BRDA:828,31,0,0
BRDA:828,31,1,0
BRDA:828,32,0,0
BRDA:828,32,1,0
BRDA:829,33,0,0
BRDA:829,33,1,0
BRDA:863,34,0,0
BRDA:863,34,1,0
BRDA:864,35,0,0
BRDA:864,35,1,0
BRDA:864,36,0,0
BRDA:864,36,1,0
BRDA:864,36,2,0
BRDA:879,37,0,2
BRDA:879,37,1,10
BRDA:893,38,0,0
BRDA:893,38,1,0
BRDA:905,39,0,5
BRDA:905,39,1,1
BRDA:1036,40,0,0
BRDA:1036,40,1,0
BRDA:1050,41,0,0
BRDA:1050,41,1,0
BRDA:1092,42,0,7
BRDA:1092,42,1,4
BRDA:1092,43,0,11
BRDA:1092,43,1,5
BRDA:1128,44,0,0
BRDA:1128,44,1,0
BRDA:1128,45,0,0
BRDA:1128,45,1,0
BRDA:1135,46,0,0
BRDA:1135,46,1,0
BRDA:1135,47,0,0
BRDA:1135,47,1,0
BRDA:1135,47,2,0
BRDA:1218,48,0,0
BRDA:1218,48,1,0
BRDA:1218,49,0,0
BRDA:1218,49,1,0
BRDA:1224,50,0,0
BRDA:1224,50,1,0
BRDA:1237,51,0,0
BRDA:1237,51,1,0
BRDA:1274,52,0,4
BRDA:1274,52,1,4
BRDA:1274,53,0,8
BRDA:1274,53,1,4
BRDA:1317,54,0,0
BRDA:1317,54,1,8
BRDA:1318,55,0,5
BRDA:1318,55,1,3
BRDA:1331,56,0,0
BRDA:1331,56,1,0
BRDA:1341,57,0,0
BRDA:1341,57,1,8
BRDA:1342,58,0,6
BRDA:1342,58,1,2
BRDA:1367,59,0,0
BRDA:1367,59,1,0
BRDA:1412,60,0,179
BRDA:1412,60,1,177
BRDA:1412,60,2,154
BRDA:1413,61,0,179
BRDA:1413,61,1,177
BRDA:1413,61,2,154
BRDA:1414,62,0,179
BRDA:1414,62,1,177
BRDA:1414,62,2,156
BRDA:1431,63,0,155
BRDA:1431,63,1,24
BRDA:1431,64,0,179
BRDA:1431,64,1,25
BRDA:1436,65,0,2
BRDA:1436,65,1,22
BRDA:1440,66,0,22
BRDA:1440,66,1,0
BRDA:1440,67,0,22
BRDA:1440,67,1,22
BRDA:1442,68,0,17
BRDA:1442,68,1,5
BRDA:1442,69,0,22
BRDA:1442,69,1,22
BRDA:1444,70,0,15
BRDA:1444,70,1,2
BRDA:1472,71,0,1
BRDA:1472,71,1,2
BRDA:1512,72,0,0
BRDA:1512,72,1,0
BRDA:1534,73,0,0
BRDA:1534,73,1,0
BRDA:1536,74,0,0
BRDA:1536,74,1,0
BRDA:1553,75,0,0
BRDA:1553,75,1,0
BRDA:1565,76,0,0
BRDA:1565,76,1,0
BRDA:1597,77,0,0
BRDA:1597,77,1,0
BRDA:1619,78,0,0
BRDA:1619,78,1,0
BRDA:1619,79,0,0
BRDA:1619,79,1,0
BRDA:1624,80,0,0
BRDA:1624,80,1,0
BRDA:1626,81,0,0
BRDA:1626,81,1,0
BRDA:1626,82,0,0
BRDA:1626,82,1,0
BRDA:1632,83,0,0
BRDA:1632,83,1,0
BRDA:1634,84,0,0
BRDA:1634,84,1,0
BRDA:1640,85,0,0
BRDA:1640,85,1,0
BRDA:1641,86,0,0
BRDA:1641,86,1,0
BRDA:1648,87,0,0
BRDA:1648,87,1,0
BRDA:1685,88,0,0
BRDA:1685,88,1,0
BRDA:1686,89,0,0
BRDA:1686,89,1,0
BRDA:1688,90,0,0
BRDA:1688,90,1,0
BRDA:1690,91,0,0
BRDA:1690,91,1,0
BRDA:1690,92,0,0
BRDA:1690,92,1,0
BRDA:1698,93,0,0
BRDA:1698,93,1,0
BRDA:1723,94,0,0
BRDA:1723,94,1,0
BRDA:1723,95,0,0
BRDA:1723,95,1,0
BRDA:1747,96,0,0
BRDA:1747,96,1,0
BRDA:1753,97,0,0
BRDA:1753,97,1,0
BRDA:1753,98,0,0
BRDA:1753,98,1,0
BRDA:1758,99,0,0
BRDA:1758,99,1,0
BRDA:1758,100,0,0
BRDA:1758,100,1,0
BRDA:1765,101,0,0
BRDA:1765,101,1,0
BRDA:1765,102,0,0
BRDA:1765,102,1,0
BRDA:1771,103,0,0
BRDA:1771,103,1,0
BRDA:1771,104,0,0
BRDA:1771,104,1,0
BRDA:1789,105,0,0
BRDA:1789,105,1,0
BRDA:1804,106,0,0
BRDA:1804,106,1,0
BRDA:1810,107,0,0
BRDA:1810,107,1,0
BRDA:1816,108,0,0
BRDA:1816,108,1,0
BRDA:1816,109,0,0
BRDA:1816,109,1,0
BRDA:1818,110,0,0
BRDA:1818,110,1,0
BRDA:1818,111,0,0
BRDA:1818,111,1,0
BRDA:1828,112,0,0
BRDA:1828,112,1,0
BRDA:1834,113,0,3
BRDA:1841,114,0,0
BRDA:1841,114,1,0
BRDA:1858,115,0,0
BRDA:1858,115,1,0
BRDA:1864,116,0,0
BRDA:1864,116,1,0
BRDA:1870,117,0,0
BRDA:1870,117,1,0
BRDA:1870,118,0,0
BRDA:1870,118,1,0
BRDA:1878,119,0,0
BRDA:1878,119,1,0
BRDA:1890,120,0,3
BRDA:1897,121,0,0
BRDA:1897,121,1,0
BRDA:1901,122,0,0
BRDA:1901,122,1,0
BRDA:1901,123,0,0
BRDA:1901,123,1,0
BRDA:1913,124,0,0
BRDA:1913,124,1,0
BRDA:1915,125,0,0
BRDA:1915,125,1,0
BRDA:1915,126,0,0
BRDA:1915,126,1,0
BRDA:1925,127,0,0
BRDA:1925,127,1,0
BRDA:1939,128,0,0
BRDA:1939,128,1,0
BRDA:1945,129,0,0
BRDA:1945,129,1,0
BRDA:1951,130,0,0
BRDA:1951,130,1,0
BRDA:1951,131,0,0
BRDA:1951,131,1,0
BRDA:1951,131,2,0
BRDA:1959,132,0,0
BRDA:1959,132,1,0
BRDA:2013,133,0,2
BRDA:2013,133,1,153
BRDA:2013,134,0,155
BRDA:2013,134,1,154
BRDA:2021,135,0,153
BRDA:2021,135,1,137
BRDA:2021,135,2,64
BRDA:2021,135,3,3
BRDA:2021,135,4,3
BRDA:2025,136,0,153
BRDA:2025,136,1,145
BRDA:2025,136,2,75
BRDA:2029,137,0,153
BRDA:2029,137,1,147
BRDA:2029,137,2,78
BRDA:2029,137,3,15
BRDA:2029,137,4,15
BRDA:2033,138,0,153
BRDA:2033,138,1,140
BRDA:2033,138,2,8
BRDA:2033,138,3,7
BRDA:2033,138,4,7
BRDA:2033,138,5,7
BRDA:2037,139,0,153
BRDA:2037,139,1,146
BRDA:2037,139,2,14
BRDA:2037,139,3,13
BRDA:2041,140,0,153
BRDA:2041,140,1,148
BRDA:2041,140,2,22
BRDA:2044,141,0,64
BRDA:2044,141,1,89
BRDA:2044,142,0,153
BRDA:2044,142,1,89
BRDA:2044,143,0,89
BRDA:2044,143,1,89
BRDA:2108,144,0,8
BRDA:2108,144,1,427
BRDA:2163,145,0,2
BRDA:2163,145,1,148
BRDA:2163,146,0,150
BRDA:2163,146,1,149
BRDA:2172,147,0,148
BRDA:2172,147,1,79
BRDA:2172,147,2,18
BRDA:2173,148,0,148
BRDA:2173,148,1,81
BRDA:2174,149,0,148
BRDA:2174,149,1,84
BRDA:2174,149,2,21
BRDA:2175,150,0,148
BRDA:2175,150,1,20
BRDA:2175,150,2,19
BRDA:2175,150,3,19
BRDA:2176,151,0,148
BRDA:2176,151,1,22
BRDA:2177,152,0,148
BRDA:2177,152,1,85
BRDA:2186,153,0,132
BRDA:2186,153,1,16
BRDA:2209,154,0,1
BRDA:2209,154,1,131
BRDA:2218,155,0,14
BRDA:2218,155,1,13
BRDA:2241,156,0,0
BRDA:2241,156,1,133
BRDA:2442,157,0,6
BRDA:2442,157,1,19
BRDA:2442,158,0,25
BRDA:2442,158,1,24
BRDA:2448,159,0,3
BRDA:2448,159,1,16
BRDA:2456,160,0,6
BRDA:2456,160,1,10
BRDA:2482,161,0,5
BRDA:2482,161,1,18
BRDA:2482,162,0,23
BRDA:2482,162,1,22
BRDA:2488,163,0,2
BRDA:2488,163,1,16
BRDA:2496,164,0,6
BRDA:2496,164,1,10
BRDA:2522,165,0,6
BRDA:2522,165,1,12
BRDA:2522,166,0,18
BRDA:2522,166,1,17
BRDA:2528,167,0,3
BRDA:2528,167,1,9
BRDA:2536,168,0,1
BRDA:2536,168,1,8
BRDA:2561,169,0,4
BRDA:2561,169,1,0
BRDA:2562,170,0,4
BRDA:2562,170,1,0
BRDA:2592,171,0,5
BRDA:2592,171,1,0
BRDA:2593,172,0,5
BRDA:2593,172,1,0
BRDA:2632,173,0,0
BRDA:2632,173,1,10
BRDA:2632,174,0,10
BRDA:2632,174,1,10
BRDA:2637,175,0,10
BRDA:2637,175,1,0
BRDA:2638,176,0,10
BRDA:2638,176,1,9
BRDA:2639,177,0,10
BRDA:2639,177,1,10
BRDA:2642,178,0,1
BRDA:2642,178,1,9
BRDA:2642,179,0,10
BRDA:2642,179,1,10
BRDA:2642,179,2,1
BRDA:2647,180,0,9
BRDA:2647,180,1,0
BRDA:2647,180,2,0
BRDA:2647,180,3,0
BRDA:2657,181,0,6
BRDA:2657,181,1,0
BRDA:2658,182,0,6
BRDA:2658,182,1,1
BRDA:2659,183,0,6
BRDA:2659,183,1,0
BRDA:2660,184,0,6
BRDA:2660,184,1,0
BRDA:2663,185,0,6
BRDA:2663,185,1,0
BRDA:2663,186,0,6
BRDA:2663,186,1,1
BRDA:2698,187,0,132
BRDA:2698,187,1,18
BRDA:2704,188,0,0
BRDA:2704,188,1,132
BRDA:2706,189,0,0
BRDA:2706,189,1,0
BRDA:2725,190,0,132
BRDA:2725,190,1,18
BRDA:2751,191,0,4
BRDA:2751,191,1,128
BRDA:2751,192,0,132
BRDA:2751,192,1,10
BRDA:2767,193,0,4
BRDA:2767,193,1,128
BRDA:2767,194,0,132
BRDA:2767,194,1,8
BRDA:2782,195,0,3
BRDA:2782,195,1,129
BRDA:2782,196,0,132
BRDA:2782,196,1,9
BRDA:3183,197,0,27
BRDA:3183,197,1,0
BRDA:3412,198,0,3
BRDA:3412,198,1,3
BRDA:3413,199,0,3
BRDA:3413,199,1,3
BRDA:3434,200,0,0
BRDA:3434,200,1,3
BRDA:3442,201,0,0
BRDA:3442,201,1,3
BRDA:3444,202,0,0
BRDA:3444,202,1,0
BRDA:3458,203,0,0
BRDA:3458,203,1,3
BRDA:3460,204,0,0
BRDA:3460,204,1,0
BRDA:3474,205,0,0
BRDA:3474,205,1,3
BRDA:3503,206,0,0
BRDA:3503,206,1,0
BRDA:3521,207,0,0
BRDA:3521,207,1,0
BRDA:3577,208,0,0
BRDA:3577,208,1,0
BRDA:3577,209,0,0
BRDA:3577,209,1,0
BRDA:3744,210,0,0
BRDA:3744,210,1,0
BRDA:3780,211,0,0
BRDA:3780,211,1,0
BRDA:3809,212,0,0
BRDA:3809,212,1,0
BRDA:3809,213,0,0
BRDA:3809,213,1,0
BRDA:3832,214,0,0
BRDA:3832,215,0,1
BRDA:3845,216,0,0
BRDA:3873,217,0,5
BRDA:3873,218,0,5
BRDA:3899,219,0,0
BRDA:3899,219,1,0
BRDA:3915,220,0,0
BRDA:3915,220,1,0
BRDA:3923,221,0,0
BRDA:3923,221,1,0
BRDA:3942,222,0,1
BRDA:3952,223,0,0
BRDA:3952,223,1,0
BRDA:3963,224,0,0
BRDA:3963,224,1,1
BRDA:3987,225,0,0
BRDA:3987,225,1,0
BRDA:4020,226,0,0
BRDA:4020,226,1,2
BRDA:4073,227,0,0
BRDA:4073,227,1,0
BRDA:4077,228,0,5
BRDA:4077,228,1,0
BRDA:4079,229,0,0
BRDA:4079,229,1,0
BRDA:4083,230,0,5
BRDA:4083,230,1,5
BRDA:4083,230,2,5
BRDA:4086,231,0,0
BRDA:4086,231,1,5
BRDA:4086,232,0,5
BRDA:4086,232,1,0
BRDA:4090,233,0,0
BRDA:4090,233,1,5
BRDA:4090,234,0,5
BRDA:4090,234,1,0
BRDA:4090,234,2,0
BRDA:4097,235,0,5
BRDA:4097,235,1,0
BRDA:4097,236,0,5
BRDA:4097,236,1,5
BRDA:4106,237,0,0
BRDA:4106,237,1,0
BRDA:4114,238,0,0
BRDA:4114,238,1,0
BRDA:4117,239,0,0
BRDA:4117,239,1,0
BRDA:4120,240,0,0
BRDA:4120,240,1,0
BRDA:4130,241,0,0
BRDA:4130,241,1,0
BRDA:4186,242,0,0
BRDA:4189,243,0,0
BRDA:4189,243,1,0
BRDA:4189,244,0,0
BRDA:4189,244,1,0
BRDA:4198,245,0,0
BRDA:4198,245,1,0
BRDA:4217,246,0,0
BRDA:4217,246,1,0
BRDA:4217,247,0,0
BRDA:4217,247,1,0
BRDA:4225,248,0,0
BRDA:4225,248,1,0
BRDA:4267,249,0,0
BRDA:4267,249,1,2
BRDA:4277,250,0,0
BRDA:4277,250,1,0
BRDA:4286,251,0,0
BRDA:4286,251,1,0
BRDA:4302,252,0,0
BRDA:4302,252,1,0
BRDA:4372,253,0,0
BRDA:4372,253,1,0
BRDA:4390,254,0,0
BRDA:4390,254,1,0
BRDA:4396,255,0,0
BRDA:4396,255,1,0
BRDA:4396,256,0,0
BRDA:4396,256,1,0
BRDA:4410,257,0,0
BRDA:4410,257,1,0
BRDA:4419,258,0,0
BRDA:4419,258,1,0
BRDA:4419,259,0,0
BRDA:4419,259,1,0
BRDA:4422,260,0,0
BRDA:4422,260,1,0
BRDA:4429,261,0,0
BRDA:4429,261,1,0
BRDA:4435,262,0,0
BRDA:4435,262,1,0
BRDA:4441,263,0,0
BRDA:4441,263,1,0
BRDA:4448,264,0,0
BRDA:4448,264,1,0
BRDA:4448,265,0,0
BRDA:4448,265,1,0
BRDA:4457,266,0,0
BRDA:4457,266,1,0
BRDA:4457,267,0,0
BRDA:4457,267,1,0
BRDA:4466,268,0,0
BRDA:4466,268,1,0
BRDA:4480,269,0,0
BRDA:4480,269,1,0
BRDA:4480,270,0,0
BRDA:4480,270,1,0
BRDA:4493,271,0,0
BRDA:4493,271,1,0
BRDA:4493,272,0,0
BRDA:4493,272,1,0
BRDA:4506,273,0,0
BRDA:4506,273,1,0
BRDA:4506,274,0,0
BRDA:4506,274,1,0
BRDA:4519,275,0,0
BRDA:4519,275,1,0
BRDA:4524,276,0,0
BRDA:4524,276,1,0
BRDA:4526,277,0,0
BRDA:4526,277,1,0
BRDA:4529,278,0,0
BRDA:4529,278,1,0
BRDA:4532,279,0,0
BRDA:4532,279,1,0
BRDA:4534,280,0,0
BRDA:4534,280,1,0
BRDA:4537,281,0,0
BRDA:4537,281,1,0
BRDA:4575,282,0,0
BRDA:4575,282,1,0
BRDA:4584,283,0,0
BRDA:4584,283,1,0
BRDA:4589,284,0,0
BRDA:4589,284,1,0
BRDA:4599,285,0,0
BRDA:4599,285,1,0
BRDA:4599,286,0,0
BRDA:4599,286,1,0
BRDA:4612,287,0,0
BRDA:4612,287,1,0
BRDA:4685,288,0,0
BRDA:4685,288,1,0
BRDA:4723,289,0,0
BRDA:4723,289,1,0
BRDA:4738,290,0,0
BRDA:4738,290,1,0
BRDA:4748,291,0,0
BRDA:4748,291,1,0
BRDA:4776,292,0,0
BRDA:4776,292,1,0
BRDA:4781,293,0,0
BRDA:4781,293,1,0
BRDA:4793,294,0,0
BRDA:4793,294,1,0
BRDA:4801,295,0,0
BRDA:4801,295,1,0
BRDA:4827,296,0,0
BRDA:4827,296,1,0
BRDA:4827,297,0,0
BRDA:4827,297,1,0
BRDA:4845,298,0,0
BRDA:4845,298,1,0
BRDA:4860,299,0,0
BRDA:4860,299,1,0
BRDA:4868,300,0,0
BRDA:4868,300,1,0
BRDA:4904,301,0,0
BRDA:4904,301,1,0
BRDA:4954,302,0,0
BRDA:4954,302,1,0
BRDA:4955,303,0,0
BRDA:4955,303,1,0
BRDA:4984,304,0,0
BRDA:4984,304,1,0
BRDA:4989,305,0,0
BRDA:4989,305,1,0
BRDA:4991,306,0,0
BRDA:4991,306,1,0
BRDA:5014,307,0,0
BRDA:5014,307,1,0
BRDA:5014,308,0,0
BRDA:5014,308,1,0
BRDA:5014,308,2,0
BRDA:5022,309,0,0
BRDA:5022,309,1,0
BRDA:5027,310,0,0
BRDA:5027,310,1,0
BRDA:5027,311,0,0
BRDA:5027,311,1,0
BRDA:5067,312,0,27
BRDA:5067,312,1,0
BRDA:5067,313,0,27
BRDA:5067,313,1,27
BRF:654
BRH:239
end_of_record
TN:
SF:submodules/guia_turistico/src/libs/guia_js/src/guia_ibge.js
FN:1,renderUrlUFNome
FNF:1
FNH:1
FNDA:5,renderUrlUFNome
DA:2,5
DA:6,1
DA:7,1
LF:3
LH:3
BRDA:6,0,0,1
BRDA:6,0,1,0
BRDA:6,1,0,1
BRDA:6,1,1,1
BRF:4
BRH:3
end_of_record
