TN:
SF:scripts/main.js
FN:4,(anonymous_0)
FN:7,(anonymous_1)
FN:8,(anonymous_2)
FN:19,(anonymous_3)
FNF:4
FNH:0
FNDA:0,(anonymous_0)
FNDA:0,(anonymous_1)
FNDA:0,(anonymous_2)
FNDA:0,(anonymous_3)
DA:4,0
DA:6,0
DA:7,0
DA:8,0
DA:9,0
DA:10,0
DA:11,0
DA:12,0
DA:17,0
DA:18,0
DA:19,0
DA:20,0
DA:22,0
DA:23,0
LF:14
LH:0
BRDA:18,0,0,0
BRDA:18,0,1,0
BRF:2
BRH:0
end_of_record
TN:
SF:scripts/main.mjs
FN:6,setupSmoothScrolling
FN:8,(anonymous_1)
FN:9,(anonymous_2)
FN:24,setupContactForm
FN:27,(anonymous_4)
FN:41,initializeSite
FNF:6
FNH:6
FNDA:22,setupSmoothScrolling
FNDA:153,(anonymous_1)
FNDA:47,(anonymous_2)
FNDA:15,setupContactForm
FNDA:9,(anonymous_4)
FNDA:4,initializeSite
DA:7,22
DA:8,22
DA:9,153
DA:10,47
DA:11,47
DA:12,47
DA:13,47
DA:14,45
DA:18,22
DA:25,15
DA:26,15
DA:27,10
DA:28,9
DA:30,9
DA:31,9
DA:33,10
DA:35,5
DA:42,4
DA:43,4
DA:47,1
DA:48,1
DA:49,0
DA:50,0
LF:23
LH:21
BRDA:13,0,0,45
BRDA:13,0,1,2
BRDA:26,1,0,10
BRDA:26,1,1,5
BRDA:47,2,0,1
BRDA:47,2,1,0
BRDA:47,3,0,1
BRDA:47,3,1,1
BRDA:49,4,0,0
BRDA:49,4,1,0
BRF:10
BRH:7
end_of_record
TN:
SF:scripts/initialization/InitializationUtilities.js
FN:33,(anonymous_0)
FN:49,(anonymous_1)
FN:70,(anonymous_2)
FN:119,(anonymous_3)
FN:173,(anonymous_4)
FN:225,(anonymous_5)
FN:246,(anonymous_6)
FN:247,(anonymous_7)
FN:248,(anonymous_8)
FN:249,(anonymous_9)
FN:250,(anonymous_10)
FN:251,(anonymous_11)
FN:252,(anonymous_12)
FN:253,(anonymous_13)
FN:258,(anonymous_14)
FN:259,(anonymous_15)
FN:260,(anonymous_16)
FN:261,(anonymous_17)
FN:262,(anonymous_18)
FN:263,(anonymous_19)
FN:264,(anonymous_20)
FN:265,(anonymous_21)
FN:274,(anonymous_22)
FN:295,(anonymous_23)
FN:296,(anonymous_24)
FN:297,(anonymous_25)
FN:298,(anonymous_26)
FN:299,(anonymous_27)
FN:300,(anonymous_28)
FN:301,(anonymous_29)
FN:302,(anonymous_30)
FN:303,(anonymous_31)
FN:304,(anonymous_32)
FN:309,(anonymous_33)
FN:310,(anonymous_34)
FN:311,(anonymous_35)
FN:312,(anonymous_36)
FN:313,(anonymous_37)
FN:314,(anonymous_38)
FN:315,(anonymous_39)
FN:316,(anonymous_40)
FN:317,(anonymous_41)
FN:318,(anonymous_42)
FN:327,(anonymous_43)
FN:348,(anonymous_44)
FN:349,(anonymous_45)
FN:350,(anonymous_46)
FN:351,(anonymous_47)
FN:352,(anonymous_48)
FN:353,(anonymous_49)
FN:354,(anonymous_50)
FN:359,(anonymous_51)
FN:360,(anonymous_52)
FN:361,(anonymous_53)
FN:362,(anonymous_54)
FN:363,(anonymous_55)
FN:364,(anonymous_56)
FN:365,(anonymous_57)
FN:374,(anonymous_58)
FN:395,(anonymous_59)
FN:399,(anonymous_60)
FN:403,(anonymous_61)
FN:407,(anonymous_62)
FN:411,(anonymous_63)
FN:415,(anonymous_64)
FN:419,(anonymous_65)
FN:423,(anonymous_66)
FN:432,(anonymous_67)
FN:433,(anonymous_68)
FN:434,(anonymous_69)
FN:435,(anonymous_70)
FN:436,(anonymous_71)
FN:437,(anonymous_72)
FN:438,(anonymous_73)
FN:439,(anonymous_74)
FN:453,(anonymous_75)
FN:501,(anonymous_76)
FN:559,(anonymous_77)
FN:616,(anonymous_78)
FN:657,(anonymous_79)
FN:660,(anonymous_80)
FN:662,(anonymous_81)
FN:665,(anonymous_82)
FN:673,(anonymous_83)
FN:679,(anonymous_84)
FN:690,(anonymous_85)
FN:705,(anonymous_86)
FN:710,(anonymous_87)
FN:724,(anonymous_88)
FN:725,(anonymous_89)
FN:726,(anonymous_90)
FN:735,(anonymous_91)
FNF:92
FNH:0
FNDA:0,(anonymous_0)
FNDA:0,(anonymous_1)
FNDA:0,(anonymous_2)
FNDA:0,(anonymous_3)
FNDA:0,(anonymous_4)
FNDA:0,(anonymous_5)
FNDA:0,(anonymous_6)
FNDA:0,(anonymous_7)
FNDA:0,(anonymous_8)
FNDA:0,(anonymous_9)
FNDA:0,(anonymous_10)
FNDA:0,(anonymous_11)
FNDA:0,(anonymous_12)
FNDA:0,(anonymous_13)
FNDA:0,(anonymous_14)
FNDA:0,(anonymous_15)
FNDA:0,(anonymous_16)
FNDA:0,(anonymous_17)
FNDA:0,(anonymous_18)
FNDA:0,(anonymous_19)
FNDA:0,(anonymous_20)
FNDA:0,(anonymous_21)
FNDA:0,(anonymous_22)
FNDA:0,(anonymous_23)
FNDA:0,(anonymous_24)
FNDA:0,(anonymous_25)
FNDA:0,(anonymous_26)
FNDA:0,(anonymous_27)
FNDA:0,(anonymous_28)
FNDA:0,(anonymous_29)
FNDA:0,(anonymous_30)
FNDA:0,(anonymous_31)
FNDA:0,(anonymous_32)
FNDA:0,(anonymous_33)
FNDA:0,(anonymous_34)
FNDA:0,(anonymous_35)
FNDA:0,(anonymous_36)
FNDA:0,(anonymous_37)
FNDA:0,(anonymous_38)
FNDA:0,(anonymous_39)
FNDA:0,(anonymous_40)
FNDA:0,(anonymous_41)
FNDA:0,(anonymous_42)
FNDA:0,(anonymous_43)
FNDA:0,(anonymous_44)
FNDA:0,(anonymous_45)
FNDA:0,(anonymous_46)
FNDA:0,(anonymous_47)
FNDA:0,(anonymous_48)
FNDA:0,(anonymous_49)
FNDA:0,(anonymous_50)
FNDA:0,(anonymous_51)
FNDA:0,(anonymous_52)
FNDA:0,(anonymous_53)
FNDA:0,(anonymous_54)
FNDA:0,(anonymous_55)
FNDA:0,(anonymous_56)
FNDA:0,(anonymous_57)
FNDA:0,(anonymous_58)
FNDA:0,(anonymous_59)
FNDA:0,(anonymous_60)
FNDA:0,(anonymous_61)
FNDA:0,(anonymous_62)
FNDA:0,(anonymous_63)
FNDA:0,(anonymous_64)
FNDA:0,(anonymous_65)
FNDA:0,(anonymous_66)
FNDA:0,(anonymous_67)
FNDA:0,(anonymous_68)
FNDA:0,(anonymous_69)
FNDA:0,(anonymous_70)
FNDA:0,(anonymous_71)
FNDA:0,(anonymous_72)
FNDA:0,(anonymous_73)
FNDA:0,(anonymous_74)
FNDA:0,(anonymous_75)
FNDA:0,(anonymous_76)
FNDA:0,(anonymous_77)
FNDA:0,(anonymous_78)
FNDA:0,(anonymous_79)
FNDA:0,(anonymous_80)
FNDA:0,(anonymous_81)
FNDA:0,(anonymous_82)
FNDA:0,(anonymous_83)
FNDA:0,(anonymous_84)
FNDA:0,(anonymous_85)
FNDA:0,(anonymous_86)
FNDA:0,(anonymous_87)
FNDA:0,(anonymous_88)
FNDA:0,(anonymous_89)
FNDA:0,(anonymous_90)
FNDA:0,(anonymous_91)
DA:33,0
DA:37,0
DA:39,0
DA:40,0
DA:42,0
DA:45,0
DA:71,0
DA:72,0
DA:85,0
DA:86,0
DA:87,0
DA:88,0
DA:89,0
DA:92,0
DA:93,0
DA:94,0
DA:97,0
DA:99,0
DA:120,0
DA:121,0
DA:129,0
DA:131,0
DA:132,0
DA:137,0
DA:141,0
DA:142,0
DA:147,0
DA:148,0
DA:149,0
DA:150,0
DA:151,0
DA:154,0
DA:156,0
DA:158,0
DA:174,0
DA:175,0
DA:187,0
DA:188,0
DA:189,0
DA:190,0
DA:191,0
DA:192,0
DA:193,0
DA:194,0
DA:195,0
DA:199,0
DA:201,0
DA:226,0
DA:228,0
DA:229,0
DA:232,0
DA:233,0
DA:236,0
DA:237,0
DA:238,0
DA:245,0
DA:246,0
DA:247,0
DA:248,0
DA:249,0
DA:250,0
DA:251,0
DA:252,0
DA:253,0
DA:256,0
DA:257,0
DA:258,0
DA:259,0
DA:260,0
DA:261,0
DA:262,0
DA:263,0
DA:264,0
DA:265,0
DA:275,0
DA:277,0
DA:278,0
DA:281,0
DA:282,0
DA:285,0
DA:286,0
DA:287,0
DA:294,0
DA:295,0
DA:296,0
DA:297,0
DA:298,0
DA:299,0
DA:300,0
DA:301,0
DA:302,0
DA:303,0
DA:304,0
DA:307,0
DA:308,0
DA:309,0
DA:310,0
DA:311,0
DA:312,0
DA:313,0
DA:314,0
DA:315,0
DA:316,0
DA:317,0
DA:318,0
DA:328,0
DA:330,0
DA:331,0
DA:334,0
DA:335,0
DA:338,0
DA:339,0
DA:340,0
DA:347,0
DA:348,0
DA:349,0
DA:350,0
DA:351,0
DA:352,0
DA:353,0
DA:354,0
DA:357,0
DA:358,0
DA:359,0
DA:360,0
DA:361,0
DA:362,0
DA:363,0
DA:364,0
DA:365,0
DA:375,0
DA:377,0
DA:378,0
DA:381,0
DA:382,0
DA:385,0
DA:386,0
DA:387,0
DA:394,0
DA:396,0
DA:400,0
DA:404,0
DA:408,0
DA:412,0
DA:416,0
DA:420,0
DA:424,0
DA:428,0
DA:430,0
DA:431,0
DA:433,0
DA:434,0
DA:435,0
DA:436,0
DA:437,0
DA:438,0
DA:439,0
DA:454,0
DA:455,0
DA:487,0
DA:488,0
DA:490,0
DA:492,0
DA:493,0
DA:502,0
DA:503,0
DA:545,0
DA:546,0
DA:548,0
DA:550,0
DA:551,0
DA:560,0
DA:561,0
DA:602,0
DA:603,0
DA:605,0
DA:607,0
DA:608,0
DA:617,0
DA:658,0
DA:659,0
DA:660,0
DA:662,0
DA:665,0
DA:674,0
DA:675,0
DA:680,0
DA:681,0
DA:682,0
DA:684,0
DA:691,0
DA:692,0
DA:693,0
DA:695,0
DA:696,0
DA:697,0
DA:698,0
DA:706,0
DA:707,0
DA:708,0
DA:710,0
DA:716,0
DA:721,0
DA:723,0
DA:726,0
DA:736,0
DA:761,0
LF:207
LH:0
BRDA:37,0,0,0
BRDA:37,0,1,0
BRDA:37,1,0,0
BRDA:37,1,1,0
BRDA:40,2,0,0
BRDA:40,2,1,0
BRDA:40,3,0,0
BRDA:40,3,1,0
BRDA:47,4,0,0
BRDA:47,4,1,0
BRDA:48,5,0,0
BRDA:48,5,1,0
BRDA:49,6,0,0
BRDA:49,6,1,0
BRDA:74,7,0,0
BRDA:74,7,1,0
BRDA:74,7,2,0
BRDA:76,8,0,0
BRDA:76,8,1,0
BRDA:76,8,2,0
BRDA:85,9,0,0
BRDA:85,9,1,0
BRDA:88,10,0,0
BRDA:88,10,1,0
BRDA:89,11,0,0
BRDA:89,11,1,0
BRDA:92,12,0,0
BRDA:92,12,1,0
BRDA:93,13,0,0
BRDA:93,13,1,0
BRDA:94,14,0,0
BRDA:94,14,1,0
BRDA:129,15,0,0
BRDA:129,15,1,0
BRDA:132,16,0,0
BRDA:132,16,1,0
BRDA:132,16,2,0
BRDA:137,17,0,0
BRDA:137,17,1,0
BRDA:142,18,0,0
BRDA:142,18,1,0
BRDA:142,18,2,0
BRDA:147,19,0,0
BRDA:147,19,1,0
BRDA:148,20,0,0
BRDA:148,20,1,0
BRDA:149,21,0,0
BRDA:149,21,1,0
BRDA:150,22,0,0
BRDA:150,22,1,0
BRDA:151,23,0,0
BRDA:151,23,1,0
BRDA:187,24,0,0
BRDA:187,24,1,0
BRDA:195,25,0,0
BRDA:195,25,1,0
BRDA:228,26,0,0
BRDA:228,26,1,0
BRDA:228,27,0,0
BRDA:228,27,1,0
BRDA:232,28,0,0
BRDA:232,28,1,0
BRDA:232,29,0,0
BRDA:232,29,1,0
BRDA:236,30,0,0
BRDA:236,30,1,0
BRDA:246,31,0,0
BRDA:246,31,1,0
BRDA:249,32,0,0
BRDA:249,32,1,0
BRDA:250,33,0,0
BRDA:250,33,1,0
BRDA:251,34,0,0
BRDA:251,34,1,0
BRDA:277,35,0,0
BRDA:277,35,1,0
BRDA:277,36,0,0
BRDA:277,36,1,0
BRDA:281,37,0,0
BRDA:281,37,1,0
BRDA:281,38,0,0
BRDA:281,38,1,0
BRDA:285,39,0,0
BRDA:285,39,1,0
BRDA:295,40,0,0
BRDA:295,40,1,0
BRDA:296,41,0,0
BRDA:296,41,1,0
BRDA:297,42,0,0
BRDA:297,42,1,0
BRDA:298,43,0,0
BRDA:298,43,1,0
BRDA:299,44,0,0
BRDA:299,44,1,0
BRDA:300,45,0,0
BRDA:300,45,1,0
BRDA:301,46,0,0
BRDA:301,46,1,0
BRDA:302,47,0,0
BRDA:302,47,1,0
BRDA:303,48,0,0
BRDA:303,48,1,0
BRDA:304,49,0,0
BRDA:304,49,1,0
BRDA:330,50,0,0
BRDA:330,50,1,0
BRDA:330,51,0,0
BRDA:330,51,1,0
BRDA:334,52,0,0
BRDA:334,52,1,0
BRDA:334,53,0,0
BRDA:334,53,1,0
BRDA:338,54,0,0
BRDA:338,54,1,0
BRDA:377,55,0,0
BRDA:377,55,1,0
BRDA:377,56,0,0
BRDA:377,56,1,0
BRDA:381,57,0,0
BRDA:381,57,1,0
BRDA:381,58,0,0
BRDA:381,58,1,0
BRDA:385,59,0,0
BRDA:385,59,1,0
BRDA:395,60,0,0
BRDA:657,61,0,0
BRDA:659,62,0,0
BRDA:659,62,1,0
BRDA:659,63,0,0
BRDA:659,63,1,0
BRDA:681,64,0,0
BRDA:681,64,1,0
BRDA:681,65,0,0
BRDA:681,65,1,0
BRDA:692,66,0,0
BRDA:692,66,1,0
BRDA:692,67,0,0
BRDA:692,67,1,0
BRDA:697,68,0,0
BRDA:697,68,1,0
BRDA:697,69,0,0
BRDA:697,69,1,0
BRDA:707,70,0,0
BRDA:707,70,1,0
BRDA:707,71,0,0
BRDA:707,71,1,0
BRF:146
BRH:0
end_of_record
TN:
SF:submodules/guia_turistico/src/libs/guia_js/src/guia.js
FN:56,(anonymous_0)
FN:69,(anonymous_1)
FN:82,(anonymous_2)
FN:89,(anonymous_3)
FN:89,(anonymous_4)
FN:104,(anonymous_5)
FN:109,(anonymous_6)
FN:125,(anonymous_7)
FN:138,(anonymous_8)
FN:271,displayError
FN:279,(anonymous_10)
FN:310,getAddressType
FN:343,findNearbyRestaurants
FN:358,fetchCityStatistics
FNF:14
FNH:7
FNDA:58,(anonymous_0)
FNDA:102,(anonymous_1)
FNDA:58,(anonymous_2)
FNDA:40,(anonymous_3)
FNDA:0,(anonymous_4)
FNDA:44,(anonymous_5)
FNDA:0,(anonymous_6)
FNDA:40,(anonymous_7)
FNDA:0,(anonymous_8)
FNDA:0,displayError
FNDA:0,(anonymous_10)
FNDA:3,getAddressType
FNDA:0,findNearbyRestaurants
FNDA:0,fetchCityStatistics
DA:56,58
DA:58,58
DA:59,58
DA:60,58
DA:62,14
DA:63,0
DA:69,58
DA:70,102
DA:71,102
DA:72,58
DA:73,58
DA:74,0
DA:82,58
DA:83,58
DA:85,58
DA:86,18
DA:89,40
DA:90,40
DA:91,40
DA:94,0
DA:95,0
DA:97,0
DA:98,0
DA:99,0
DA:101,58
DA:103,58
DA:105,44
DA:106,44
DA:110,0
DA:113,58
DA:118,58
DA:119,40
DA:121,40
DA:122,40
DA:125,40
DA:126,40
DA:127,40
DA:133,58
DA:134,58
DA:135,58
DA:136,58
DA:138,58
DA:139,0
DA:146,58
DA:147,56
DA:148,56
DA:151,56
DA:152,56
DA:155,2
DA:159,58
DA:272,0
DA:275,0
DA:279,0
DA:281,0
DA:282,0
DA:283,0
DA:293,0
DA:311,3
DA:312,1
DA:315,2
DA:316,2
DA:319,2
DA:320,1
DA:324,1
DA:326,0
DA:330,1
DA:345,0
DA:360,0
DA:403,58
DA:404,40
DA:405,40
DA:406,40
DA:407,40
DA:408,40
DA:409,40
DA:410,40
DA:411,40
DA:412,40
DA:413,40
DA:414,40
DA:415,40
DA:416,40
DA:417,40
DA:418,40
DA:419,40
DA:420,40
DA:421,40
DA:422,40
DA:423,40
DA:424,40
DA:425,40
DA:426,40
DA:427,40
DA:428,40
DA:429,40
DA:430,40
DA:431,40
DA:432,40
DA:433,40
DA:434,40
DA:435,40
LF:101
LH:82
BRDA:60,0,0,14
BRDA:60,0,1,44
BRDA:62,1,0,0
BRDA:62,1,1,14
BRDA:71,2,0,58
BRDA:71,2,1,44
BRDA:73,3,0,0
BRDA:73,3,1,58
BRDA:85,4,0,18
BRDA:85,4,1,40
BRDA:94,5,0,0
BRDA:94,5,1,0
BRDA:94,6,0,0
BRDA:94,6,1,0
BRDA:104,7,0,0
BRDA:118,8,0,40
BRDA:118,8,1,18
BRDA:126,9,0,40
BRDA:126,9,1,0
BRDA:146,10,0,56
BRDA:146,10,1,2
BRDA:148,11,0,8
BRDA:148,11,1,48
BRDA:151,12,0,8
BRDA:151,12,1,48
BRDA:281,13,0,0
BRDA:281,13,1,0
BRDA:286,14,0,0
BRDA:286,14,1,0
BRDA:288,15,0,0
BRDA:288,15,1,0
BRDA:311,16,0,1
BRDA:311,16,1,2
BRDA:311,17,0,3
BRDA:311,17,1,2
BRDA:311,17,2,2
BRDA:319,18,0,1
BRDA:319,18,1,1
BRDA:324,19,0,0
BRDA:324,19,1,1
BRDA:324,20,0,1
BRDA:324,20,1,1
BRDA:403,21,0,40
BRDA:403,21,1,18
BRF:44
BRH:29
end_of_record
TN:
SF:submodules/guia_turistico/src/libs/guia_js/src/guia_ibge.js
FN:1,renderUrlUFNome
FNF:1
FNH:1
FNDA:5,renderUrlUFNome
DA:2,5
LF:1
LH:1
BRF:0
BRH:0
end_of_record
TN:
SF:submodules/guia_turistico/src/libs/guia_js/src/config/defaults.js
FN:18,(anonymous_0)
FN:83,(anonymous_1)
FNF:2
FNH:2
FNDA:58,(anonymous_0)
FNDA:117,(anonymous_1)
DA:13,59
DA:19,58
DA:23,59
DA:24,59
DA:28,59
DA:31,59
DA:34,59
DA:38,59
DA:41,59
DA:50,59
DA:57,59
DA:64,59
DA:72,59
DA:83,117
LF:14
LH:14
BRF:0
BRH:0
end_of_record
TN:
SF:submodules/guia_turistico/src/libs/guia_js/src/coordination/WebGeocodingManager.js
FN:202,(anonymous_0)
FN:272,(anonymous_1)
FN:329,(anonymous_2)
FN:371,(anonymous_3)
FN:396,(anonymous_4)
FN:420,(anonymous_5)
FN:430,(anonymous_6)
FN:444,(anonymous_7)
FN:453,(anonymous_8)
FN:456,(anonymous_9)
FN:468,(anonymous_10)
FN:489,(anonymous_11)
FN:492,(anonymous_12)
FN:504,(anonymous_13)
FN:525,(anonymous_14)
FN:542,(anonymous_15)
FN:556,(anonymous_16)
FN:569,(anonymous_17)
FN:591,(anonymous_18)
FN:605,(anonymous_19)
FN:617,(anonymous_20)
FN:639,(anonymous_21)
FN:654,(anonymous_22)
FN:666,(anonymous_23)
FN:682,(anonymous_24)
FN:707,(anonymous_25)
FN:719,(anonymous_26)
FN:747,(anonymous_27)
FN:750,(anonymous_28)
FN:762,(anonymous_29)
FN:771,(anonymous_30)
FN:797,(anonymous_31)
FN:821,(anonymous_32)
FN:832,(anonymous_33)
FN:843,(anonymous_34)
FN:854,(anonymous_35)
FN:865,(anonymous_36)
FN:876,(anonymous_37)
FN:887,(anonymous_38)
FN:895,(anonymous_39)
FN:925,(anonymous_40)
FNF:41
FNH:18
FNDA:0,(anonymous_0)
FNDA:44,(anonymous_1)
FNDA:44,(anonymous_2)
FNDA:44,(anonymous_3)
FNDA:44,(anonymous_4)
FNDA:44,(anonymous_5)
FNDA:44,(anonymous_6)
FNDA:44,(anonymous_7)
FNDA:44,(anonymous_8)
FNDA:0,(anonymous_9)
FNDA:0,(anonymous_10)
FNDA:44,(anonymous_11)
FNDA:0,(anonymous_12)
FNDA:0,(anonymous_13)
FNDA:44,(anonymous_14)
FNDA:0,(anonymous_15)
FNDA:4,(anonymous_16)
FNDA:4,(anonymous_17)
FNDA:4,(anonymous_18)
FNDA:1,(anonymous_19)
FNDA:0,(anonymous_20)
FNDA:3,(anonymous_21)
FNDA:1,(anonymous_22)
FNDA:1,(anonymous_23)
FNDA:0,(anonymous_24)
FNDA:0,(anonymous_25)
FNDA:0,(anonymous_26)
FNDA:0,(anonymous_27)
FNDA:0,(anonymous_28)
FNDA:0,(anonymous_29)
FNDA:0,(anonymous_30)
FNDA:0,(anonymous_31)
FNDA:0,(anonymous_32)
FNDA:0,(anonymous_33)
FNDA:0,(anonymous_34)
FNDA:0,(anonymous_35)
FNDA:0,(anonymous_36)
FNDA:0,(anonymous_37)
FNDA:0,(anonymous_38)
FNDA:0,(anonymous_39)
FNDA:4,(anonymous_40)
DA:114,58
DA:133,58
DA:134,58
DA:204,0
DA:205,0
DA:206,0
DA:208,0
DA:210,0
DA:274,44
DA:275,0
DA:277,44
DA:278,0
DA:282,44
DA:283,44
DA:284,44
DA:285,44
DA:288,44
DA:289,44
DA:292,44
DA:295,44
DA:298,44
DA:299,44
DA:302,44
DA:305,44
DA:309,44
DA:312,44
DA:318,44
DA:319,44
DA:320,44
DA:330,44
DA:333,44
DA:337,44
DA:338,44
DA:339,44
DA:347,44
DA:349,0
DA:350,0
DA:353,0
DA:357,44
DA:372,44
DA:375,44
DA:379,44
DA:398,44
DA:399,44
DA:421,44
DA:422,44
DA:423,44
DA:431,44
DA:432,44
DA:433,6
DA:434,6
DA:436,38
DA:445,44
DA:446,44
DA:454,44
DA:455,44
DA:456,5
DA:457,0
DA:460,39
DA:469,0
DA:471,0
DA:472,0
DA:478,0
DA:481,0
DA:490,44
DA:491,44
DA:492,5
DA:493,0
DA:496,39
DA:505,0
DA:507,0
DA:508,0
DA:514,0
DA:517,0
DA:526,44
DA:527,44
DA:528,5
DA:529,5
DA:530,5
DA:531,5
DA:533,39
DA:543,0
DA:544,0
DA:557,4
DA:570,4
DA:592,4
DA:593,2
DA:594,2
DA:596,2
DA:606,1
DA:618,0
DA:640,3
DA:641,1
DA:642,1
DA:644,2
DA:645,2
DA:655,1
DA:667,1
DA:683,0
DA:687,0
DA:688,0
DA:689,0
DA:709,0
DA:712,0
DA:719,0
DA:720,0
DA:721,0
DA:723,0
DA:748,0
DA:751,0
DA:752,0
DA:753,0
DA:754,0
DA:755,0
DA:756,0
DA:757,0
DA:759,0
DA:763,0
DA:764,0
DA:765,0
DA:767,0
DA:768,0
DA:772,0
DA:799,0
DA:804,0
DA:808,0
DA:811,0
DA:822,0
DA:833,0
DA:844,0
DA:855,0
DA:866,0
DA:877,0
DA:888,0
DA:891,0
DA:895,0
DA:897,0
DA:898,0
DA:899,0
DA:909,0
DA:926,4
LF:141
LH:74
BRDA:204,0,0,0
BRDA:204,0,1,0
BRDA:204,1,0,0
BRDA:204,1,1,0
BRDA:274,2,0,0
BRDA:274,2,1,44
BRDA:277,3,0,0
BRDA:277,3,1,44
BRDA:277,4,0,44
BRDA:277,4,1,44
BRDA:284,5,0,44
BRDA:284,5,1,40
BRDA:285,6,0,44
BRDA:285,6,1,40
BRDA:288,7,0,44
BRDA:288,7,1,42
BRDA:292,8,0,44
BRDA:292,8,1,36
BRDA:305,9,0,44
BRDA:305,9,1,42
BRDA:333,10,0,44
BRDA:333,10,1,44
BRDA:333,10,2,44
BRDA:333,10,3,0
BRDA:333,10,4,0
BRDA:337,11,0,44
BRDA:337,11,1,0
BRDA:357,12,0,44
BRDA:357,12,1,40
BRDA:432,13,0,6
BRDA:432,13,1,38
BRDA:455,14,0,5
BRDA:455,14,1,39
BRDA:469,15,0,0
BRDA:469,15,1,0
BRDA:471,16,0,0
BRDA:471,16,1,0
BRDA:471,17,0,0
BRDA:471,17,1,0
BRDA:491,18,0,5
BRDA:491,18,1,39
BRDA:505,19,0,0
BRDA:505,19,1,0
BRDA:507,20,0,0
BRDA:507,20,1,0
BRDA:507,21,0,0
BRDA:507,21,1,0
BRDA:527,22,0,5
BRDA:527,22,1,39
BRDA:592,23,0,2
BRDA:592,23,1,2
BRDA:640,24,0,1
BRDA:640,24,1,2
BRDA:709,25,0,0
BRDA:709,25,1,0
BRDA:751,26,0,0
BRDA:751,26,1,0
BRDA:751,27,0,0
BRDA:751,27,1,0
BRDA:763,28,0,0
BRDA:763,28,1,0
BRDA:897,29,0,0
BRDA:897,29,1,0
BRDA:902,30,0,0
BRDA:902,30,1,0
BRDA:904,31,0,0
BRDA:904,31,1,0
BRDA:926,32,0,1
BRDA:926,32,1,3
BRDA:926,33,0,1
BRDA:926,33,1,3
BRF:71
BRH:36
end_of_record
TN:
SF:submodules/guia_turistico/src/libs/guia_js/src/core/GeoPosition.js
FN:21,(anonymous_0)
FN:68,(anonymous_1)
FN:97,(anonymous_2)
FN:122,(anonymous_3)
FN:147,(anonymous_4)
FNF:5
FNH:4
FNDA:65,(anonymous_0)
FNDA:80,(anonymous_1)
FNDA:0,(anonymous_2)
FNDA:7,(anonymous_3)
FNDA:7,(anonymous_4)
DA:23,65
DA:24,65
DA:25,65
DA:26,65
DA:27,65
DA:28,65
DA:29,65
DA:32,65
DA:33,65
DA:34,65
DA:35,65
DA:36,65
DA:37,65
DA:69,80
DA:70,25
DA:71,55
DA:72,32
DA:73,23
DA:74,8
DA:75,15
DA:76,6
DA:78,9
DA:98,0
DA:123,7
DA:148,7
DA:149,1
DA:151,6
LF:27
LH:26
BRDA:23,0,0,65
BRDA:23,0,1,3
BRDA:24,1,0,63
BRDA:24,1,1,2
BRDA:25,2,0,65
BRDA:25,2,1,0
BRDA:69,3,0,25
BRDA:69,3,1,55
BRDA:71,4,0,32
BRDA:71,4,1,23
BRDA:73,5,0,8
BRDA:73,5,1,15
BRDA:75,6,0,6
BRDA:75,6,1,9
BRDA:148,7,0,1
BRDA:148,7,1,6
BRDA:148,8,0,7
BRDA:148,8,1,6
BRF:18
BRH:17
end_of_record
TN:
SF:submodules/guia_turistico/src/libs/guia_js/src/core/ObserverSubject.js
FN:59,(anonymous_0)
FN:91,(anonymous_1)
FN:116,(anonymous_2)
FN:117,(anonymous_3)
FN:130,(anonymous_4)
FN:132,(anonymous_5)
FN:155,(anonymous_6)
FN:173,(anonymous_7)
FN:175,(anonymous_8)
FN:188,(anonymous_9)
FN:189,(anonymous_10)
FN:201,(anonymous_11)
FN:210,(anonymous_12)
FN:219,(anonymous_13)
FNF:14
FNH:14
FNDA:290,(anonymous_0)
FNDA:146,(anonymous_1)
FNDA:7,(anonymous_2)
FNDA:11,(anonymous_3)
FNDA:3246,(anonymous_4)
FNDA:21,(anonymous_5)
FNDA:30,(anonymous_6)
FNDA:3,(anonymous_7)
FNDA:4,(anonymous_8)
FNDA:150,(anonymous_9)
FNDA:3,(anonymous_10)
FNDA:11,(anonymous_11)
FNDA:10,(anonymous_12)
FNDA:1,(anonymous_13)
DA:60,290
DA:61,290
DA:92,146
DA:93,142
DA:117,11
DA:131,3246
DA:132,3246
DA:133,21
DA:134,20
DA:135,20
DA:156,30
DA:157,28
DA:174,3
DA:175,4
DA:189,150
DA:190,3
DA:191,3
DA:202,11
DA:211,10
DA:220,1
DA:221,1
LF:21
LH:21
BRDA:92,0,0,142
BRDA:92,0,1,4
BRDA:133,1,0,20
BRDA:133,1,1,1
BRDA:156,2,0,28
BRDA:156,2,1,2
BRDA:190,3,0,3
BRDA:190,3,1,0
BRF:8
BRH:7
end_of_record
TN:
SF:submodules/guia_turistico/src/libs/guia_js/src/core/PositionManager.js
FN:70,initializeConfig
FN:165,(anonymous_1)
FN:194,(anonymous_2)
FN:208,(anonymous_3)
FN:236,(anonymous_4)
FN:254,(anonymous_5)
FN:261,(anonymous_6)
FN:265,(anonymous_7)
FN:269,(anonymous_8)
FN:273,(anonymous_9)
FN:277,(anonymous_10)
FN:281,(anonymous_11)
FN:285,(anonymous_12)
FN:289,(anonymous_13)
FN:301,(anonymous_14)
FN:345,(anonymous_15)
FN:435,(anonymous_16)
FNF:17
FNH:10
FNDA:0,initializeConfig
FNDA:161,(anonymous_1)
FNDA:20,(anonymous_2)
FNDA:14,(anonymous_3)
FNDA:106,(anonymous_4)
FNDA:1,(anonymous_5)
FNDA:2,(anonymous_6)
FNDA:1,(anonymous_7)
FNDA:0,(anonymous_8)
FNDA:0,(anonymous_9)
FNDA:0,(anonymous_10)
FNDA:0,(anonymous_11)
FNDA:0,(anonymous_12)
FNDA:0,(anonymous_13)
FNDA:18,(anonymous_14)
FNDA:17,(anonymous_15)
FNDA:2,(anonymous_16)
DA:64,59
DA:71,0
DA:75,59
DA:76,59
DA:77,59
DA:80,0
DA:110,59
DA:118,59
DA:126,59
DA:134,59
DA:166,161
DA:167,8
DA:168,153
DA:169,2
DA:171,161
DA:195,20
DA:196,20
DA:197,20
DA:198,20
DA:199,14
DA:209,14
DA:237,106
DA:255,1
DA:262,2
DA:266,1
DA:270,0
DA:274,0
DA:278,0
DA:282,0
DA:286,0
DA:290,0
DA:302,18
DA:346,17
DA:347,17
DA:350,17
DA:351,0
DA:352,0
DA:356,17
DA:363,0
DA:364,0
DA:365,0
DA:371,17
DA:378,3
DA:384,3
DA:385,2
DA:386,2
DA:387,2
DA:394,17
DA:395,2
DA:396,2
DA:399,15
DA:401,15
DA:402,0
DA:403,0
DA:407,0
DA:408,0
DA:410,15
DA:414,15
DA:415,15
DA:416,15
DA:417,15
DA:436,2
DA:437,2
DA:438,1
DA:440,1
LF:65
LH:48
BRDA:166,0,0,8
BRDA:166,0,1,153
BRDA:168,1,0,2
BRDA:168,1,1,151
BRDA:198,2,0,14
BRDA:198,2,1,6
BRDA:301,3,0,0
BRDA:301,4,0,1
BRDA:350,5,0,0
BRDA:350,5,1,17
BRDA:350,6,0,17
BRDA:350,6,1,17
BRDA:356,7,0,0
BRDA:356,7,1,17
BRDA:357,8,0,17
BRDA:357,8,1,0
BRDA:357,8,2,0
BRDA:371,9,0,3
BRDA:371,9,1,14
BRDA:372,10,0,17
BRDA:372,10,1,3
BRDA:372,10,2,3
BRDA:372,10,3,3
BRDA:372,10,4,3
BRDA:384,11,0,2
BRDA:384,11,1,1
BRDA:394,12,0,2
BRDA:394,12,1,15
BRDA:401,13,0,0
BRDA:401,13,1,15
BRDA:401,14,0,15
BRDA:401,14,1,14
BRDA:402,15,0,0
BRDA:402,15,1,0
BRDA:436,16,0,2
BRDA:436,16,1,1
BRDA:437,17,0,1
BRDA:437,17,1,1
BRDA:437,18,0,2
BRDA:437,18,1,2
BRDA:437,18,2,1
BRF:41
BRH:33
end_of_record
TN:
SF:submodules/guia_turistico/src/libs/guia_js/src/data/AddressCache.js
FN:43,(anonymous_0)
FN:60,(anonymous_1)
FN:97,(anonymous_2)
FN:118,(anonymous_3)
FN:130,(anonymous_4)
FN:144,(anonymous_5)
FN:148,(anonymous_6)
FN:167,(anonymous_7)
FN:172,(anonymous_8)
FN:173,(anonymous_9)
FN:175,(anonymous_10)
FN:187,(anonymous_11)
FN:197,(anonymous_12)
FN:213,(anonymous_13)
FN:236,(anonymous_14)
FN:245,(anonymous_15)
FN:268,(anonymous_16)
FN:277,(anonymous_17)
FN:300,(anonymous_18)
FN:309,(anonymous_19)
FN:319,(anonymous_20)
FN:328,(anonymous_21)
FN:338,(anonymous_22)
FN:347,(anonymous_23)
FN:357,(anonymous_24)
FN:366,(anonymous_25)
FN:377,(anonymous_26)
FN:406,(anonymous_27)
FN:417,(anonymous_28)
FN:446,(anonymous_29)
FN:457,(anonymous_30)
FN:486,(anonymous_31)
FN:496,(anonymous_32)
FN:517,(anonymous_33)
FN:527,(anonymous_34)
FN:554,(anonymous_35)
FN:567,(anonymous_36)
FN:592,(anonymous_37)
FN:617,(anonymous_38)
FN:631,(anonymous_39)
FN:746,(anonymous_40)
FN:750,(anonymous_41)
FN:763,(anonymous_42)
FN:767,(anonymous_43)
FN:776,(anonymous_44)
FN:780,(anonymous_45)
FN:789,(anonymous_46)
FN:793,(anonymous_47)
FN:802,(anonymous_48)
FN:806,(anonymous_49)
FN:815,(anonymous_50)
FN:819,(anonymous_51)
FN:828,(anonymous_52)
FN:832,(anonymous_53)
FN:841,(anonymous_54)
FN:845,(anonymous_55)
FN:854,(anonymous_56)
FN:863,(anonymous_57)
FN:872,(anonymous_58)
FN:881,(anonymous_59)
FN:890,(anonymous_60)
FN:899,(anonymous_61)
FN:908,(anonymous_62)
FN:917,(anonymous_63)
FN:926,(anonymous_64)
FN:935,(anonymous_65)
FN:944,(anonymous_66)
FN:953,(anonymous_67)
FN:962,(anonymous_68)
FN:971,(anonymous_69)
FN:980,(anonymous_70)
FN:989,(anonymous_71)
FN:998,(anonymous_72)
FN:1007,(anonymous_73)
FN:1016,(anonymous_74)
FN:1025,(anonymous_75)
FN:1034,(anonymous_76)
FN:1043,(anonymous_77)
FN:1052,(anonymous_78)
FN:1061,(anonymous_79)
FN:1070,(anonymous_80)
FN:1079,(anonymous_81)
FN:1088,(anonymous_82)
FN:1097,(anonymous_83)
FN:1106,(anonymous_84)
FN:1114,(anonymous_85)
FNF:86
FNH:40
FNDA:484,(anonymous_0)
FNDA:11,(anonymous_1)
FNDA:153,(anonymous_2)
FNDA:906,(anonymous_3)
FNDA:0,(anonymous_4)
FNDA:122,(anonymous_5)
FNDA:49,(anonymous_6)
FNDA:128,(anonymous_7)
FNDA:1704,(anonymous_8)
FNDA:0,(anonymous_9)
FNDA:0,(anonymous_10)
FNDA:1,(anonymous_11)
FNDA:121,(anonymous_12)
FNDA:120,(anonymous_13)
FNDA:31,(anonymous_14)
FNDA:30,(anonymous_15)
FNDA:33,(anonymous_16)
FNDA:33,(anonymous_17)
FNDA:43,(anonymous_18)
FNDA:43,(anonymous_19)
FNDA:7,(anonymous_20)
FNDA:6,(anonymous_21)
FNDA:4,(anonymous_22)
FNDA:4,(anonymous_23)
FNDA:4,(anonymous_24)
FNDA:4,(anonymous_25)
FNDA:5,(anonymous_26)
FNDA:0,(anonymous_27)
FNDA:23,(anonymous_28)
FNDA:15,(anonymous_29)
FNDA:18,(anonymous_30)
FNDA:9,(anonymous_31)
FNDA:2,(anonymous_32)
FNDA:0,(anonymous_33)
FNDA:5,(anonymous_34)
FNDA:1,(anonymous_35)
FNDA:10,(anonymous_36)
FNDA:6,(anonymous_37)
FNDA:3,(anonymous_38)
FNDA:152,(anonymous_39)
FNDA:152,(anonymous_40)
FNDA:0,(anonymous_41)
FNDA:0,(anonymous_42)
FNDA:0,(anonymous_43)
FNDA:0,(anonymous_44)
FNDA:0,(anonymous_45)
FNDA:0,(anonymous_46)
FNDA:147,(anonymous_47)
FNDA:0,(anonymous_48)
FNDA:294,(anonymous_49)
FNDA:0,(anonymous_50)
FNDA:0,(anonymous_51)
FNDA:0,(anonymous_52)
FNDA:0,(anonymous_53)
FNDA:0,(anonymous_54)
FNDA:147,(anonymous_55)
FNDA:0,(anonymous_56)
FNDA:4,(anonymous_57)
FNDA:0,(anonymous_58)
FNDA:0,(anonymous_59)
FNDA:0,(anonymous_60)
FNDA:0,(anonymous_61)
FNDA:0,(anonymous_62)
FNDA:0,(anonymous_63)
FNDA:0,(anonymous_64)
FNDA:0,(anonymous_65)
FNDA:0,(anonymous_66)
FNDA:0,(anonymous_67)
FNDA:0,(anonymous_68)
FNDA:0,(anonymous_69)
FNDA:0,(anonymous_70)
FNDA:0,(anonymous_71)
FNDA:0,(anonymous_72)
FNDA:0,(anonymous_73)
FNDA:0,(anonymous_74)
FNDA:0,(anonymous_75)
FNDA:0,(anonymous_76)
FNDA:0,(anonymous_77)
FNDA:0,(anonymous_78)
FNDA:0,(anonymous_79)
FNDA:0,(anonymous_80)
FNDA:0,(anonymous_81)
FNDA:0,(anonymous_82)
FNDA:0,(anonymous_83)
FNDA:0,(anonymous_84)
FNDA:0,(anonymous_85)
DA:31,58
DA:44,484
DA:45,11
DA:47,484
DA:61,11
DA:62,11
DA:63,11
DA:64,11
DA:65,11
DA:66,11
DA:67,11
DA:68,11
DA:69,11
DA:70,11
DA:71,11
DA:72,11
DA:73,11
DA:74,11
DA:99,153
DA:100,2
DA:103,151
DA:107,151
DA:117,151
DA:118,906
DA:122,151
DA:131,0
DA:145,122
DA:147,1
DA:148,49
DA:151,1
DA:154,1
DA:155,13
DA:168,128
DA:171,128
DA:172,1704
DA:173,0
DA:175,128
DA:177,128
DA:178,0
DA:188,1
DA:198,121
DA:199,121
DA:200,121
DA:201,121
DA:202,121
DA:203,121
DA:204,121
DA:205,121
DA:214,120
DA:237,31
DA:246,30
DA:269,33
DA:278,33
DA:301,43
DA:310,43
DA:320,7
DA:329,6
DA:339,4
DA:348,4
DA:358,4
DA:367,4
DA:378,5
DA:379,2
DA:382,3
DA:384,3
DA:385,1
DA:389,2
DA:392,2
DA:393,0
DA:397,2
DA:398,2
DA:407,0
DA:418,23
DA:419,5
DA:422,18
DA:424,18
DA:425,2
DA:429,16
DA:432,16
DA:433,6
DA:437,10
DA:438,10
DA:447,15
DA:458,18
DA:459,6
DA:462,12
DA:464,12
DA:465,3
DA:469,9
DA:472,9
DA:473,1
DA:477,8
DA:478,8
DA:487,9
DA:497,2
DA:498,2
DA:500,2
DA:518,0
DA:528,5
DA:529,5
DA:532,5
DA:533,5
DA:535,5
DA:555,1
DA:568,10
DA:569,0
DA:572,10
DA:573,10
DA:574,10
DA:575,10
DA:578,10
DA:579,1
DA:583,9
DA:593,6
DA:594,6
DA:595,6
DA:596,6
DA:598,6
DA:618,3
DA:632,152
DA:634,152
DA:636,127
DA:639,127
DA:640,127
DA:641,5
DA:642,5
DA:644,5
DA:646,5
DA:647,5
DA:649,5
DA:652,0
DA:658,147
DA:661,147
DA:663,122
DA:665,122
DA:666,122
DA:674,122
DA:675,122
DA:676,122
DA:677,122
DA:681,122
DA:682,122
DA:683,122
DA:687,122
DA:689,2
DA:690,2
DA:691,2
DA:692,2
DA:694,0
DA:703,122
DA:705,4
DA:706,4
DA:707,4
DA:709,0
DA:718,122
DA:720,3
DA:721,3
DA:722,3
DA:724,0
DA:732,147
DA:734,147
DA:738,147
DA:747,152
DA:751,0
DA:764,0
DA:768,0
DA:777,0
DA:781,0
DA:790,0
DA:794,147
DA:803,0
DA:807,294
DA:816,0
DA:820,0
DA:829,0
DA:833,0
DA:842,0
DA:846,147
DA:855,0
DA:864,4
DA:873,0
DA:882,0
DA:891,0
DA:900,0
DA:909,0
DA:918,0
DA:927,0
DA:936,0
DA:945,0
DA:954,0
DA:963,0
DA:972,0
DA:981,0
DA:990,0
DA:999,0
DA:1008,0
DA:1017,0
DA:1026,0
DA:1035,0
DA:1044,0
DA:1053,0
DA:1062,0
DA:1071,0
DA:1080,0
DA:1089,0
DA:1098,0
DA:1107,0
DA:1114,58
DA:1115,0
DA:1119,58
DA:1120,44
LF:211
LH:159
BRDA:44,0,0,11
BRDA:44,0,1,473
BRDA:99,1,0,2
BRDA:99,1,1,151
BRDA:99,2,0,153
BRDA:99,2,1,152
BRDA:108,3,0,151
BRDA:108,3,1,82
BRDA:108,3,2,37
BRDA:109,4,0,151
BRDA:109,4,1,100
BRDA:110,5,0,151
BRDA:110,5,1,103
BRDA:110,5,2,39
BRDA:111,6,0,151
BRDA:111,6,1,25
BRDA:111,6,2,24
BRDA:111,6,3,24
BRDA:112,7,0,151
BRDA:112,7,1,40
BRDA:113,8,0,151
BRDA:113,8,1,104
BRDA:122,9,0,128
BRDA:122,9,1,23
BRDA:145,10,0,1
BRDA:145,10,1,121
BRDA:154,11,0,14
BRDA:154,11,1,13
BRDA:177,12,0,0
BRDA:177,12,1,128
BRDA:378,13,0,2
BRDA:378,13,1,3
BRDA:378,14,0,5
BRDA:378,14,1,5
BRDA:384,15,0,1
BRDA:384,15,1,2
BRDA:392,16,0,0
BRDA:392,16,1,2
BRDA:418,17,0,5
BRDA:418,17,1,18
BRDA:418,18,0,23
BRDA:418,18,1,22
BRDA:424,19,0,2
BRDA:424,19,1,16
BRDA:432,20,0,6
BRDA:432,20,1,10
BRDA:458,21,0,6
BRDA:458,21,1,12
BRDA:458,22,0,18
BRDA:458,22,1,17
BRDA:464,23,0,3
BRDA:464,23,1,9
BRDA:472,24,0,1
BRDA:472,24,1,8
BRDA:497,25,0,2
BRDA:497,25,1,0
BRDA:498,26,0,2
BRDA:498,26,1,0
BRDA:528,27,0,5
BRDA:528,27,1,0
BRDA:529,28,0,5
BRDA:529,28,1,0
BRDA:568,29,0,0
BRDA:568,29,1,10
BRDA:568,30,0,10
BRDA:568,30,1,10
BRDA:573,31,0,10
BRDA:573,31,1,0
BRDA:574,32,0,10
BRDA:574,32,1,9
BRDA:575,33,0,10
BRDA:575,33,1,10
BRDA:578,34,0,1
BRDA:578,34,1,9
BRDA:578,35,0,10
BRDA:578,35,1,10
BRDA:578,35,2,1
BRDA:583,36,0,9
BRDA:583,36,1,0
BRDA:583,36,2,0
BRDA:583,36,3,0
BRDA:593,37,0,6
BRDA:593,37,1,0
BRDA:594,38,0,6
BRDA:594,38,1,1
BRDA:595,39,0,6
BRDA:595,39,1,0
BRDA:596,40,0,6
BRDA:596,40,1,0
BRDA:599,41,0,6
BRDA:599,41,1,0
BRDA:599,42,0,6
BRDA:599,42,1,1
BRDA:634,43,0,127
BRDA:634,43,1,25
BRDA:640,44,0,5
BRDA:640,44,1,122
BRDA:642,45,0,5
BRDA:642,45,1,0
BRDA:661,46,0,122
BRDA:661,46,1,25
BRDA:687,47,0,2
BRDA:687,47,1,120
BRDA:687,48,0,122
BRDA:687,48,1,5
BRDA:703,49,0,4
BRDA:703,49,1,118
BRDA:703,50,0,122
BRDA:703,50,1,8
BRDA:718,51,0,3
BRDA:718,51,1,119
BRDA:718,52,0,122
BRDA:718,52,1,9
BRDA:1119,53,0,44
BRDA:1119,53,1,14
BRF:115
BRH:99
end_of_record
TN:
SF:submodules/guia_turistico/src/libs/guia_js/src/data/AddressDataExtractor.js
FN:52,(anonymous_0)
FN:64,(anonymous_1)
FN:72,(anonymous_2)
FN:80,(anonymous_3)
FN:88,(anonymous_4)
FN:96,(anonymous_5)
FN:104,(anonymous_6)
FN:112,(anonymous_7)
FN:120,(anonymous_8)
FN:128,(anonymous_9)
FN:136,(anonymous_10)
FN:144,(anonymous_11)
FN:152,(anonymous_12)
FN:160,(anonymous_13)
FN:168,(anonymous_14)
FN:177,(anonymous_15)
FN:187,(anonymous_16)
FN:197,(anonymous_17)
FN:198,(anonymous_18)
FN:201,(anonymous_19)
FN:202,(anonymous_20)
FN:205,(anonymous_21)
FN:206,(anonymous_22)
FN:209,(anonymous_23)
FN:210,(anonymous_24)
FN:213,(anonymous_25)
FN:214,(anonymous_26)
FN:217,(anonymous_27)
FN:218,(anonymous_28)
FN:221,(anonymous_29)
FN:222,(anonymous_30)
FN:225,(anonymous_31)
FN:226,(anonymous_32)
FN:229,(anonymous_33)
FN:230,(anonymous_34)
FN:233,(anonymous_35)
FN:234,(anonymous_36)
FN:237,(anonymous_37)
FN:238,(anonymous_38)
FNF:39
FNH:16
FNDA:13,(anonymous_0)
FNDA:0,(anonymous_1)
FNDA:116,(anonymous_2)
FNDA:30,(anonymous_3)
FNDA:33,(anonymous_4)
FNDA:43,(anonymous_5)
FNDA:6,(anonymous_6)
FNDA:4,(anonymous_7)
FNDA:4,(anonymous_8)
FNDA:0,(anonymous_9)
FNDA:15,(anonymous_10)
FNDA:9,(anonymous_11)
FNDA:0,(anonymous_12)
FNDA:1,(anonymous_13)
FNDA:3,(anonymous_14)
FNDA:90,(anonymous_15)
FNDA:0,(anonymous_16)
FNDA:0,(anonymous_17)
FNDA:0,(anonymous_18)
FNDA:0,(anonymous_19)
FNDA:0,(anonymous_20)
FNDA:0,(anonymous_21)
FNDA:0,(anonymous_22)
FNDA:0,(anonymous_23)
FNDA:0,(anonymous_24)
FNDA:0,(anonymous_25)
FNDA:22,(anonymous_26)
FNDA:0,(anonymous_27)
FNDA:28,(anonymous_28)
FNDA:0,(anonymous_29)
FNDA:0,(anonymous_30)
FNDA:0,(anonymous_31)
FNDA:0,(anonymous_32)
FNDA:3,(anonymous_33)
FNDA:0,(anonymous_34)
FNDA:0,(anonymous_35)
FNDA:0,(anonymous_36)
FNDA:0,(anonymous_37)
FNDA:0,(anonymous_38)
DA:53,13
DA:54,13
DA:55,13
DA:56,13
DA:57,13
DA:65,0
DA:73,116
DA:81,30
DA:89,33
DA:97,43
DA:105,6
DA:113,4
DA:121,4
DA:129,0
DA:137,15
DA:145,9
DA:153,0
DA:161,1
DA:169,3
DA:178,90
DA:188,0
DA:195,58
DA:197,0
DA:198,0
DA:201,0
DA:202,0
DA:205,0
DA:206,0
DA:209,0
DA:210,0
DA:213,0
DA:214,22
DA:217,0
DA:218,28
DA:221,0
DA:222,0
DA:225,0
DA:226,0
DA:229,3
DA:230,0
DA:233,0
DA:234,0
DA:237,0
DA:238,0
LF:44
LH:21
BRF:0
BRH:0
end_of_record
TN:
SF:submodules/guia_turistico/src/libs/guia_js/src/data/AddressExtractor.js
FN:34,(anonymous_0)
FN:58,(anonymous_1)
FN:80,(anonymous_2)
FN:135,(anonymous_3)
FNF:4
FNH:3
FNDA:164,(anonymous_0)
FNDA:149,(anonymous_1)
FNDA:164,(anonymous_2)
FNDA:0,(anonymous_3)
DA:35,164
DA:36,164
DA:37,164
DA:38,164
DA:59,149
DA:60,135
DA:64,14
DA:65,14
DA:81,164
DA:82,14
DA:85,150
DA:89,150
DA:93,150
DA:97,150
DA:101,150
DA:107,150
DA:112,150
DA:115,150
DA:116,58
DA:121,150
DA:124,150
DA:126,150
DA:136,0
LF:23
LH:22
BRDA:59,0,0,135
BRDA:59,0,1,14
BRDA:59,1,0,149
BRDA:59,1,1,14
BRDA:65,2,0,12
BRDA:65,2,1,2
BRDA:81,3,0,14
BRDA:81,3,1,150
BRDA:81,4,0,164
BRDA:81,4,1,151
BRDA:89,5,0,150
BRDA:89,5,1,134
BRDA:89,5,2,62
BRDA:89,5,3,17
BRDA:89,5,4,17
BRDA:93,6,0,150
BRDA:93,6,1,142
BRDA:93,6,2,91
BRDA:97,7,0,150
BRDA:97,7,1,144
BRDA:97,7,2,95
BRDA:97,7,3,31
BRDA:97,7,4,31
BRDA:101,8,0,150
BRDA:101,8,1,137
BRDA:101,8,2,15
BRDA:101,8,3,14
BRDA:101,8,4,14
BRDA:101,8,5,14
BRDA:107,9,0,150
BRDA:107,9,1,142
BRDA:107,9,2,26
BRDA:112,10,0,150
BRDA:112,10,1,145
BRDA:112,10,2,135
BRDA:115,11,0,58
BRDA:115,11,1,92
BRDA:115,12,0,150
BRDA:115,12,1,124
BRDA:121,13,0,150
BRDA:121,13,1,145
BRDA:121,13,2,34
BRDA:124,14,0,48
BRDA:124,14,1,102
BRDA:124,15,0,150
BRDA:124,15,1,102
BRDA:124,16,0,102
BRDA:124,16,1,102
BRF:48
BRH:48
end_of_record
TN:
SF:submodules/guia_turistico/src/libs/guia_js/src/data/BrazilianStandardAddress.js
FN:32,(anonymous_0)
FN:50,(anonymous_1)
FN:64,(anonymous_2)
FN:74,(anonymous_3)
FN:89,(anonymous_4)
FN:100,(anonymous_5)
FNF:6
FNH:5
FNDA:179,(anonymous_0)
FNDA:10,(anonymous_1)
FNDA:1,(anonymous_2)
FNDA:10,(anonymous_3)
FNDA:8,(anonymous_4)
FNDA:0,(anonymous_5)
DA:33,179
DA:34,179
DA:35,179
DA:36,179
DA:37,179
DA:38,179
DA:39,179
DA:40,179
DA:41,179
DA:51,10
DA:52,10
DA:53,7
DA:55,3
DA:65,1
DA:75,10
DA:76,10
DA:77,8
DA:79,2
DA:90,8
DA:101,0
LF:20
LH:19
BRDA:51,0,0,0
BRDA:51,0,1,10
BRDA:52,1,0,7
BRDA:52,1,1,3
BRDA:65,2,0,1
BRDA:65,2,1,0
BRDA:75,3,0,0
BRDA:75,3,1,10
BRDA:76,4,0,8
BRDA:76,4,1,2
BRDA:101,5,0,0
BRDA:101,5,1,0
BRF:12
BRH:7
end_of_record
TN:
SF:submodules/guia_turistico/src/libs/guia_js/src/data/ReferencePlace.js
FN:73,(anonymous_0)
FN:92,(anonymous_1)
FN:132,(anonymous_2)
FNF:3
FNH:3
FNDA:189,(anonymous_0)
FNDA:189,(anonymous_1)
FNDA:3,(anonymous_2)
DA:47,58
DA:74,189
DA:75,189
DA:76,189
DA:77,189
DA:78,189
DA:93,189
DA:94,157
DA:98,32
DA:99,3
DA:102,29
DA:104,29
DA:106,24
DA:107,21
DA:109,3
DA:115,5
DA:133,3
DA:134,3
DA:135,1
DA:137,2
LF:20
LH:20
BRDA:74,0,0,189
BRDA:74,0,1,186
BRDA:74,0,2,156
BRDA:75,1,0,189
BRDA:75,1,1,186
BRDA:75,1,2,156
BRDA:76,2,0,189
BRDA:76,2,1,186
BRDA:76,2,2,158
BRDA:93,3,0,157
BRDA:93,3,1,32
BRDA:93,4,0,189
BRDA:93,4,1,33
BRDA:98,5,0,3
BRDA:98,5,1,29
BRDA:102,6,0,29
BRDA:102,6,1,0
BRDA:102,7,0,29
BRDA:102,7,1,29
BRDA:104,8,0,24
BRDA:104,8,1,5
BRDA:104,9,0,29
BRDA:104,9,1,29
BRDA:106,10,0,21
BRDA:106,10,1,3
BRDA:134,11,0,1
BRDA:134,11,1,2
BRF:27
BRH:26
end_of_record
TN:
SF:submodules/guia_turistico/src/libs/guia_js/src/html/DisplayerFactory.js
FN:70,(anonymous_0)
FN:104,(anonymous_1)
FN:139,(anonymous_2)
FN:159,(anonymous_3)
FN:165,(anonymous_4)
FNF:5
FNH:4
FNDA:1298,(anonymous_0)
FNDA:1286,(anonymous_1)
FNDA:1277,(anonymous_2)
FNDA:1,(anonymous_3)
FNDA:0,(anonymous_4)
DA:71,1298
DA:72,1298
DA:105,1286
DA:106,1286
DA:140,1277
DA:141,1277
DA:160,1
DA:165,59
DA:166,0
DA:170,59
DA:177,59
DA:178,41
LF:12
LH:11
BRDA:104,0,0,1123
BRDA:139,1,0,1216
BRDA:177,2,0,41
BRDA:177,2,1,18
BRF:4
BRH:4
end_of_record
TN:
SF:submodules/guia_turistico/src/libs/guia_js/src/html/HTMLAddressDisplayer.js
FN:59,(anonymous_0)
FN:95,(anonymous_1)
FN:182,(anonymous_2)
FN:231,(anonymous_3)
FNF:4
FNH:4
FNDA:1351,(anonymous_0)
FNDA:1145,(anonymous_1)
FNDA:1013,(anonymous_2)
FNDA:129,(anonymous_3)
DA:60,1351
DA:61,1351
DA:62,1351
DA:96,1145
DA:98,1145
DA:99,2
DA:103,1143
DA:104,2
DA:105,2
DA:109,1143
DA:113,1143
DA:118,1143
DA:119,2307
DA:120,2307
DA:121,2307
DA:123,1141
DA:126,1166
DA:130,1143
DA:133,1143
DA:134,1139
DA:140,1143
DA:141,1143
DA:184,1013
DA:186,1013
DA:187,1
DA:188,1
DA:192,1012
DA:193,4
DA:194,4
DA:198,1008
DA:199,2
DA:200,2
DA:204,1006
DA:205,1004
DA:208,1004
DA:209,1004
DA:232,129
DA:241,60
DA:242,42
LF:39
LH:39
BRDA:59,0,0,62
BRDA:98,1,0,2
BRDA:98,1,1,1143
BRDA:103,2,0,2
BRDA:103,2,1,1141
BRDA:103,3,0,1143
BRDA:103,3,1,2
BRDA:119,4,0,2307
BRDA:119,4,1,0
BRDA:121,5,0,1141
BRDA:121,5,1,1166
BRDA:121,6,0,2307
BRDA:121,6,1,1143
BRDA:133,7,0,1139
BRDA:133,7,1,4
BRDA:186,8,0,1
BRDA:186,8,1,1012
BRDA:192,9,0,4
BRDA:192,9,1,1008
BRDA:198,10,0,2
BRDA:198,10,1,1006
BRDA:204,11,0,1004
BRDA:204,11,1,2
BRDA:204,12,0,1006
BRDA:204,12,1,1005
BRDA:204,12,2,1
BRDA:232,13,0,129
BRDA:232,13,1,2
BRDA:241,14,0,42
BRDA:241,14,1,18
BRF:30
BRH:29
end_of_record
TN:
SF:submodules/guia_turistico/src/libs/guia_js/src/html/HTMLPositionDisplayer.js
FN:51,(anonymous_0)
FN:77,(anonymous_1)
FN:151,(anonymous_2)
FN:191,(anonymous_3)
FN:230,(anonymous_4)
FNF:5
FNH:5
FNDA:1337,(anonymous_0)
FNDA:1018,(anonymous_1)
FNDA:1125,(anonymous_2)
FNDA:1009,(anonymous_3)
FNDA:121,(anonymous_4)
DA:52,1337
DA:53,1337
DA:78,1018
DA:79,2
DA:82,1016
DA:83,1016
DA:84,1016
DA:86,1016
DA:89,1016
DA:94,1016
DA:101,1016
DA:108,1016
DA:109,7
DA:113,7
DA:114,6
DA:116,7
DA:120,1016
DA:121,7
DA:122,7
DA:126,7
DA:127,6
DA:129,7
DA:132,1016
DA:133,1016
DA:152,1125
DA:159,1125
DA:193,1009
DA:194,3
DA:195,3
DA:199,1006
DA:200,1
DA:201,1
DA:205,1005
DA:206,1004
DA:207,1002
DA:208,1002
DA:210,2
DA:231,121
DA:240,60
DA:241,42
LF:40
LH:40
BRDA:78,0,0,2
BRDA:78,0,1,1016
BRDA:78,1,0,1018
BRDA:78,1,1,1017
BRDA:96,2,0,1015
BRDA:96,2,1,1
BRDA:96,3,0,1014
BRDA:96,3,1,1
BRDA:97,4,0,1015
BRDA:97,4,1,1
BRDA:97,5,0,1014
BRDA:97,5,1,1
BRDA:102,6,0,1015
BRDA:102,6,1,1
BRDA:102,7,0,1014
BRDA:102,7,1,1
BRDA:108,8,0,7
BRDA:108,8,1,1009
BRDA:108,9,0,1016
BRDA:108,9,1,1015
BRDA:108,9,2,1014
BRDA:113,10,0,6
BRDA:113,10,1,1
BRDA:113,11,0,7
BRDA:113,11,1,7
BRDA:120,12,0,7
BRDA:120,12,1,1009
BRDA:120,13,0,1016
BRDA:120,13,1,1015
BRDA:120,13,2,1014
BRDA:126,14,0,6
BRDA:126,14,1,1
BRDA:126,15,0,7
BRDA:126,15,1,7
BRDA:159,16,0,1125
BRDA:159,16,1,4
BRDA:193,17,0,3
BRDA:193,17,1,1006
BRDA:199,18,0,1
BRDA:199,18,1,1005
BRDA:205,19,0,1004
BRDA:205,19,1,1
BRDA:205,20,0,1005
BRDA:205,20,1,2
BRDA:206,21,0,1002
BRDA:206,21,1,2
BRDA:206,22,0,1004
BRDA:206,22,1,1003
BRDA:231,23,0,121
BRDA:231,23,1,1
BRDA:240,24,0,42
BRDA:240,24,1,18
BRF:52
BRH:52
end_of_record
TN:
SF:submodules/guia_turistico/src/libs/guia_js/src/html/HTMLReferencePlaceDisplayer.js
FN:58,(anonymous_0)
FN:89,(anonymous_1)
FN:174,(anonymous_2)
FN:226,(anonymous_3)
FNF:4
FNH:4
FNDA:1331,(anonymous_0)
FNDA:1138,(anonymous_1)
FNDA:1010,(anonymous_2)
FNDA:129,(anonymous_3)
DA:59,1331
DA:60,1331
DA:61,1331
DA:90,1138
DA:91,3
DA:95,1135
DA:96,3
DA:100,1132
DA:103,1132
DA:106,1132
DA:107,1131
DA:110,1131
DA:111,1028
DA:113,1
DA:115,1
DA:118,1132
DA:121,1132
DA:122,8
DA:123,8
DA:124,8
DA:126,8
DA:127,8
DA:129,8
DA:132,1132
DA:133,1132
DA:176,1010
DA:178,1010
DA:179,1004
DA:180,1004
DA:184,1010
DA:185,2
DA:186,2
DA:190,1008
DA:191,2
DA:192,2
DA:196,1006
DA:197,1003
DA:200,1003
DA:203,1003
DA:204,1003
DA:227,129
DA:236,60
DA:237,42
LF:43
LH:43
BRDA:58,0,0,53
BRDA:90,1,0,3
BRDA:90,1,1,1135
BRDA:95,2,0,3
BRDA:95,2,1,1132
BRDA:95,3,0,1135
BRDA:95,3,1,4
BRDA:106,4,0,1131
BRDA:106,4,1,1
BRDA:110,5,0,1028
BRDA:110,5,1,103
BRDA:110,6,0,1131
BRDA:110,6,1,1029
BRDA:113,7,0,1
BRDA:113,7,1,0
BRDA:121,8,0,8
BRDA:121,8,1,1124
BRDA:121,9,0,1132
BRDA:121,9,1,1124
BRDA:123,10,0,8
BRDA:123,10,1,0
BRDA:126,11,0,8
BRDA:126,11,1,0
BRDA:178,12,0,1004
BRDA:178,12,1,6
BRDA:184,13,0,2
BRDA:184,13,1,1008
BRDA:190,14,0,2
BRDA:190,14,1,1006
BRDA:196,15,0,1003
BRDA:196,15,1,3
BRDA:196,16,0,1006
BRDA:196,16,1,1005
BRDA:227,17,0,129
BRDA:227,17,1,1
BRDA:236,18,0,42
BRDA:236,18,1,18
BRF:37
BRH:34
end_of_record
TN:
SF:submodules/guia_turistico/src/libs/guia_js/src/html/HtmlSpeechSynthesisDisplayer.js
FN:155,(anonymous_0)
FN:291,(anonymous_1)
FN:327,(anonymous_2)
FN:340,(anonymous_3)
FN:383,(anonymous_4)
FN:386,(anonymous_5)
FN:395,(anonymous_6)
FN:405,(anonymous_7)
FN:411,(anonymous_8)
FN:417,(anonymous_9)
FN:424,(anonymous_10)
FN:433,(anonymous_11)
FN:442,(anonymous_12)
FN:477,(anonymous_13)
FN:512,(anonymous_14)
FN:563,(anonymous_15)
FN:619,(anonymous_16)
FN:714,(anonymous_17)
FN:784,(anonymous_18)
FNF:19
FNH:5
FNDA:8,(anonymous_0)
FNDA:8,(anonymous_1)
FNDA:8,(anonymous_2)
FNDA:0,(anonymous_3)
FNDA:8,(anonymous_4)
FNDA:0,(anonymous_5)
FNDA:0,(anonymous_6)
FNDA:0,(anonymous_7)
FNDA:0,(anonymous_8)
FNDA:0,(anonymous_9)
FNDA:0,(anonymous_10)
FNDA:0,(anonymous_11)
FNDA:0,(anonymous_12)
FNDA:0,(anonymous_13)
FNDA:0,(anonymous_14)
FNDA:7,(anonymous_15)
FNDA:0,(anonymous_16)
FNDA:0,(anonymous_17)
FNDA:0,(anonymous_18)
DA:157,8
DA:158,0
DA:161,8
DA:162,0
DA:165,8
DA:166,0
DA:174,8
DA:181,8
DA:188,8
DA:196,8
DA:203,8
DA:210,8
DA:217,8
DA:224,8
DA:231,8
DA:238,8
DA:245,8
DA:252,8
DA:259,8
DA:266,8
DA:269,8
DA:272,8
DA:292,8
DA:293,8
DA:294,8
DA:328,8
DA:331,0
DA:334,0
DA:337,0
DA:340,0
DA:341,0
DA:342,0
DA:343,0
DA:346,0
DA:347,0
DA:348,0
DA:349,0
DA:352,0
DA:353,0
DA:354,0
DA:357,0
DA:385,8
DA:386,0
DA:387,0
DA:388,0
DA:389,0
DA:394,8
DA:395,0
DA:396,0
DA:397,0
DA:398,0
DA:404,8
DA:405,0
DA:406,0
DA:410,8
DA:411,0
DA:412,0
DA:416,8
DA:417,0
DA:418,0
DA:423,8
DA:424,0
DA:425,0
DA:426,0
DA:427,0
DA:432,8
DA:433,0
DA:434,0
DA:435,0
DA:436,0
DA:441,8
DA:442,8
DA:443,0
DA:478,0
DA:479,0
DA:481,0
DA:513,0
DA:514,0
DA:516,0
DA:564,7
DA:565,1
DA:569,6
DA:570,4
DA:574,2
DA:620,0
DA:621,0
DA:624,0
DA:626,0
DA:627,0
DA:628,0
DA:629,0
DA:631,0
DA:632,0
DA:634,0
DA:635,0
DA:636,0
DA:637,0
DA:639,0
DA:640,0
DA:642,0
DA:645,0
DA:716,0
DA:717,0
DA:718,0
DA:719,0
DA:720,0
DA:724,0
DA:725,0
DA:728,0
DA:729,0
DA:733,0
DA:734,0
DA:735,0
DA:739,0
DA:740,0
DA:741,0
DA:742,0
DA:743,0
DA:744,0
DA:745,0
DA:746,0
DA:747,0
DA:749,0
DA:752,0
DA:753,0
DA:759,0
DA:760,0
DA:761,0
DA:785,0
DA:786,0
LF:130
LH:37
BRDA:157,0,0,0
BRDA:157,0,1,8
BRDA:161,1,0,0
BRDA:161,1,1,8
BRDA:165,2,0,0
BRDA:165,2,1,8
BRDA:328,3,0,8
BRDA:328,3,1,0
BRDA:346,4,0,0
BRDA:346,4,1,0
BRDA:352,5,0,0
BRDA:352,5,1,0
BRDA:352,6,0,0
BRDA:352,6,1,0
BRDA:385,7,0,0
BRDA:385,7,1,8
BRDA:394,8,0,0
BRDA:394,8,1,8
BRDA:394,9,0,8
BRDA:394,9,1,0
BRDA:397,10,0,0
BRDA:397,10,1,0
BRDA:404,11,0,0
BRDA:404,11,1,8
BRDA:410,12,0,0
BRDA:410,12,1,8
BRDA:416,13,0,0
BRDA:416,13,1,8
BRDA:423,14,0,0
BRDA:423,14,1,8
BRDA:423,15,0,8
BRDA:423,15,1,0
BRDA:432,16,0,0
BRDA:432,16,1,8
BRDA:432,17,0,8
BRDA:432,17,1,0
BRDA:441,18,0,8
BRDA:441,18,1,0
BRDA:441,19,0,8
BRDA:441,19,1,8
BRDA:441,19,2,8
BRDA:478,20,0,0
BRDA:478,20,1,0
BRDA:478,21,0,0
BRDA:478,21,1,0
BRDA:513,22,0,0
BRDA:513,22,1,0
BRDA:513,23,0,0
BRDA:513,23,1,0
BRDA:564,24,0,1
BRDA:564,24,1,6
BRDA:564,25,0,7
BRDA:564,25,1,7
BRDA:569,26,0,4
BRDA:569,26,1,2
BRDA:569,27,0,6
BRDA:569,27,1,5
BRDA:569,27,2,5
BRDA:620,28,0,0
BRDA:620,28,1,0
BRDA:626,29,0,0
BRDA:626,29,1,0
BRDA:628,30,0,0
BRDA:628,30,1,0
BRDA:631,31,0,0
BRDA:631,31,1,0
BRDA:634,32,0,0
BRDA:634,32,1,0
BRDA:636,33,0,0
BRDA:636,33,1,0
BRDA:639,34,0,0
BRDA:639,34,1,0
BRDA:716,35,0,0
BRDA:716,35,1,0
BRDA:716,36,0,0
BRDA:716,36,1,0
BRDA:724,37,0,0
BRDA:724,37,1,0
BRDA:733,38,0,0
BRDA:733,38,1,0
BRDA:734,39,0,0
BRDA:734,39,1,0
BRDA:734,40,0,0
BRDA:734,40,1,0
BRDA:739,41,0,0
BRDA:739,41,1,0
BRDA:742,42,0,0
BRDA:742,42,1,0
BRDA:745,43,0,0
BRDA:745,43,1,0
BRDA:749,44,0,0
BRDA:749,44,1,0
BRDA:759,45,0,0
BRDA:759,45,1,0
BRDA:759,46,0,0
BRDA:759,46,1,0
BRDA:785,47,0,0
BRDA:785,47,1,0
BRF:98
BRH:27
end_of_record
TN:
SF:submodules/guia_turistico/src/libs/guia_js/src/html/HtmlText.js
FN:57,(anonymous_0)
FN:97,(anonymous_1)
FN:125,(anonymous_2)
FNF:3
FNH:3
FNDA:48,(anonymous_0)
FNDA:1026,(anonymous_1)
FNDA:6,(anonymous_2)
DA:58,48
DA:59,48
DA:62,48
DA:67,48
DA:98,1026
DA:99,1025
DA:100,3
DA:101,1022
DA:102,1
DA:103,1021
DA:105,1017
DA:126,6
LF:12
LH:12
BRDA:57,0,0,44
BRDA:63,1,0,48
BRDA:63,1,1,44
BRDA:64,2,0,48
BRDA:64,2,1,45
BRDA:98,3,0,1025
BRDA:98,3,1,1
BRDA:99,4,0,3
BRDA:99,4,1,1022
BRDA:101,5,0,1
BRDA:101,5,1,1021
BRDA:103,6,0,1017
BRDA:103,6,1,4
BRDA:103,7,0,1021
BRDA:103,7,1,6
BRDA:126,8,0,6
BRDA:126,8,1,3
BRF:17
BRH:17
end_of_record
TN:
SF:submodules/guia_turistico/src/libs/guia_js/src/services/ChangeDetectionCoordinator.js
FN:29,(anonymous_0)
FN:48,(anonymous_1)
FN:58,(anonymous_2)
FN:71,(anonymous_3)
FN:85,(anonymous_4)
FN:100,(anonymous_5)
FN:106,(anonymous_6)
FN:119,(anonymous_7)
FN:132,(anonymous_8)
FN:138,(anonymous_9)
FN:148,(anonymous_10)
FN:161,(anonymous_11)
FN:167,(anonymous_12)
FN:177,(anonymous_13)
FN:195,(anonymous_14)
FN:218,(anonymous_15)
FN:241,(anonymous_16)
FN:270,(anonymous_17)
FN:299,(anonymous_18)
FN:326,(anonymous_19)
FN:344,(anonymous_20)
FN:362,(anonymous_21)
FNF:22
FNH:18
FNDA:76,(anonymous_0)
FNDA:0,(anonymous_1)
FNDA:3,(anonymous_2)
FNDA:2,(anonymous_3)
FNDA:1,(anonymous_4)
FNDA:6,(anonymous_5)
FNDA:0,(anonymous_6)
FNDA:3,(anonymous_7)
FNDA:4,(anonymous_8)
FNDA:0,(anonymous_9)
FNDA:2,(anonymous_10)
FNDA:4,(anonymous_11)
FNDA:0,(anonymous_12)
FNDA:2,(anonymous_13)
FNDA:2,(anonymous_14)
FNDA:1,(anonymous_15)
FNDA:1,(anonymous_16)
FNDA:12,(anonymous_17)
FNDA:11,(anonymous_18)
FNDA:8,(anonymous_19)
FNDA:2,(anonymous_20)
FNDA:2,(anonymous_21)
DA:30,76
DA:31,76
DA:32,76
DA:36,76
DA:49,0
DA:59,3
DA:72,2
DA:73,2
DA:74,2
DA:86,1
DA:87,1
DA:88,1
DA:101,6
DA:102,6
DA:103,6
DA:106,0
DA:107,0
DA:120,3
DA:121,0
DA:133,4
DA:134,4
DA:135,4
DA:138,0
DA:139,0
DA:149,2
DA:150,0
DA:162,4
DA:163,4
DA:164,4
DA:167,0
DA:168,0
DA:178,2
DA:179,0
DA:196,2
DA:197,2
DA:199,1
DA:219,1
DA:220,1
DA:222,0
DA:242,1
DA:243,1
DA:245,0
DA:272,12
DA:273,4
DA:278,12
DA:279,5
DA:280,5
DA:285,11
DA:300,11
DA:301,4
DA:302,4
DA:309,2
DA:327,8
DA:345,2
DA:363,2
LF:55
LH:43
BRDA:101,0,0,6
BRDA:101,0,1,0
BRDA:120,1,0,3
BRDA:120,1,1,0
BRDA:133,2,0,4
BRDA:133,2,1,0
BRDA:149,3,0,2
BRDA:149,3,1,0
BRDA:162,4,0,4
BRDA:162,4,1,0
BRDA:178,5,0,2
BRDA:178,5,1,0
BRDA:272,6,0,4
BRDA:272,6,1,8
BRDA:279,7,0,5
BRDA:279,7,1,0
BRF:16
BRH:9
end_of_record
TN:
SF:submodules/guia_turistico/src/libs/guia_js/src/services/GeolocationService.js
FN:50,(anonymous_0)
FN:81,(anonymous_1)
FN:110,(anonymous_2)
FN:138,(anonymous_3)
FN:171,(anonymous_4)
FN:183,(anonymous_5)
FN:248,(anonymous_6)
FN:302,(anonymous_7)
FN:356,(anonymous_8)
FN:357,(anonymous_9)
FN:376,(anonymous_10)
FN:390,(anonymous_11)
FN:428,(anonymous_12)
FN:439,(anonymous_13)
FN:450,(anonymous_14)
FN:480,(anonymous_15)
FN:504,(anonymous_16)
FN:531,(anonymous_17)
FN:547,(anonymous_18)
FN:557,(anonymous_19)
FN:567,(anonymous_20)
FN:588,(anonymous_21)
FNF:22
FNH:5
FNDA:0,(anonymous_0)
FNDA:0,(anonymous_1)
FNDA:0,(anonymous_2)
FNDA:0,(anonymous_3)
FNDA:0,(anonymous_4)
FNDA:1,(anonymous_5)
FNDA:45,(anonymous_6)
FNDA:1,(anonymous_7)
FNDA:0,(anonymous_8)
FNDA:0,(anonymous_9)
FNDA:0,(anonymous_10)
FNDA:0,(anonymous_11)
FNDA:0,(anonymous_12)
FNDA:0,(anonymous_13)
FNDA:0,(anonymous_14)
FNDA:0,(anonymous_15)
FNDA:0,(anonymous_16)
FNDA:0,(anonymous_17)
FNDA:0,(anonymous_18)
FNDA:1,(anonymous_19)
FNDA:0,(anonymous_20)
FNDA:1,(anonymous_21)
DA:50,58
DA:52,0
DA:68,0
DA:81,58
DA:82,0
DA:84,0
DA:85,0
DA:86,0
DA:87,0
DA:89,0
DA:110,58
DA:112,0
DA:119,0
DA:138,58
DA:140,0
DA:143,0
DA:171,58
DA:173,0
DA:183,58
DA:184,1
DA:250,45
DA:253,45
DA:254,45
DA:255,45
DA:256,45
DA:261,45
DA:267,45
DA:275,45
DA:281,45
DA:303,1
DA:304,1
DA:305,1
DA:306,1
DA:307,1
DA:310,0
DA:313,0
DA:314,0
DA:357,0
DA:359,0
DA:360,0
DA:361,0
DA:362,0
DA:363,0
DA:366,0
DA:367,0
DA:368,0
DA:369,0
DA:370,0
DA:373,0
DA:375,0
DA:377,0
DA:378,0
DA:381,0
DA:384,0
DA:385,0
DA:388,0
DA:391,0
DA:393,0
DA:396,0
DA:397,0
DA:400,0
DA:429,0
DA:430,0
DA:431,0
DA:434,0
DA:435,0
DA:438,0
DA:440,0
DA:443,0
DA:446,0
DA:447,0
DA:452,0
DA:455,0
DA:456,0
DA:462,0
DA:464,0
DA:481,0
DA:482,0
DA:483,0
DA:484,0
DA:486,0
DA:506,0
DA:509,0
DA:510,0
DA:533,0
DA:538,0
DA:548,0
DA:558,1
DA:568,0
DA:589,1
LF:90
LH:23
BRDA:68,0,0,0
BRDA:68,0,1,0
BRDA:119,1,0,0
BRDA:119,1,1,0
BRDA:173,2,0,0
BRDA:173,2,1,0
BRDA:184,3,0,1
BRDA:184,3,1,1
BRDA:248,4,0,45
BRDA:268,5,0,45
BRDA:268,5,1,45
BRDA:275,6,0,45
BRDA:275,6,1,42
BRDA:275,7,0,42
BRDA:275,7,1,0
BRDA:281,8,0,45
BRDA:281,8,1,42
BRDA:304,9,0,1
BRDA:304,9,1,0
BRDA:359,10,0,0
BRDA:359,10,1,0
BRDA:366,11,0,0
BRDA:366,11,1,0
BRDA:384,12,0,0
BRDA:384,12,1,0
BRDA:393,13,0,0
BRDA:393,13,1,0
BRDA:396,14,0,0
BRDA:396,14,1,0
BRDA:429,15,0,0
BRDA:429,15,1,0
BRDA:434,16,0,0
BRDA:434,16,1,0
BRDA:446,17,0,0
BRDA:446,17,1,0
BRDA:452,18,0,0
BRDA:452,18,1,0
BRDA:455,19,0,0
BRDA:455,19,1,0
BRDA:481,20,0,0
BRDA:481,20,1,0
BRDA:481,21,0,0
BRDA:481,21,1,0
BRDA:506,22,0,0
BRDA:506,22,1,0
BRDA:533,23,0,0
BRDA:533,23,1,0
BRF:47
BRH:11
end_of_record
TN:
SF:submodules/guia_turistico/src/libs/guia_js/src/services/ReverseGeocoder.js
FN:48,(anonymous_0)
FN:87,(anonymous_1)
FN:100,(anonymous_2)
FN:101,(anonymous_3)
FN:120,(anonymous_4)
FN:128,(anonymous_5)
FN:129,(anonymous_6)
FN:138,(anonymous_7)
FN:146,(anonymous_8)
FN:155,(anonymous_9)
FN:171,(anonymous_10)
FN:201,(anonymous_11)
FN:215,(anonymous_12)
FN:247,(anonymous_13)
FN:276,(anonymous_14)
FN:290,(anonymous_15)
FN:359,(anonymous_16)
FN:410,(anonymous_17)
FNF:18
FNH:7
FNDA:5,(anonymous_0)
FNDA:51,(anonymous_1)
FNDA:0,(anonymous_2)
FNDA:0,(anonymous_3)
FNDA:1,(anonymous_4)
FNDA:0,(anonymous_5)
FNDA:0,(anonymous_6)
FNDA:0,(anonymous_7)
FNDA:1,(anonymous_8)
FNDA:0,(anonymous_9)
FNDA:7,(anonymous_10)
FNDA:1,(anonymous_11)
FNDA:0,(anonymous_12)
FNDA:0,(anonymous_13)
FNDA:0,(anonymous_14)
FNDA:0,(anonymous_15)
FNDA:0,(anonymous_16)
FNDA:10,(anonymous_17)
DA:48,58
DA:49,5
DA:89,51
DA:92,51
DA:99,51
DA:100,0
DA:102,0
DA:108,51
DA:121,1
DA:129,0
DA:130,0
DA:139,0
DA:147,1
DA:156,0
DA:173,7
DA:174,2
DA:178,5
DA:179,5
DA:182,5
DA:185,5
DA:186,5
DA:187,5
DA:188,5
DA:202,1
DA:216,0
DA:252,0
DA:253,0
DA:259,0
DA:260,0
DA:261,0
DA:267,0
DA:268,0
DA:270,0
DA:275,0
DA:278,0
DA:283,0
DA:284,0
DA:288,0
DA:294,0
DA:295,0
DA:296,0
DA:362,0
DA:363,0
DA:368,0
DA:369,0
DA:372,0
DA:377,0
DA:379,0
DA:384,0
DA:411,10
DA:412,5
DA:414,5
LF:52
LH:21
BRDA:87,0,0,51
BRDA:93,1,0,51
BRDA:93,1,1,51
BRDA:173,2,0,2
BRDA:173,2,1,5
BRDA:173,3,0,7
BRDA:173,3,1,6
BRDA:252,4,0,0
BRDA:252,4,1,0
BRDA:259,5,0,0
BRDA:259,5,1,0
BRDA:259,6,0,0
BRDA:259,6,1,0
BRDA:268,7,0,0
BRDA:268,7,1,0
BRDA:268,8,0,0
BRDA:268,8,1,0
BRDA:268,8,2,0
BRDA:283,9,0,0
BRDA:283,9,1,0
BRDA:362,10,0,0
BRDA:362,10,1,0
BRDA:362,11,0,0
BRDA:362,11,1,0
BRDA:368,12,0,0
BRDA:368,12,1,0
BRDA:411,13,0,5
BRDA:411,13,1,5
BRDA:411,14,0,10
BRDA:411,14,1,5
BRF:30
BRH:11
end_of_record
TN:
SF:submodules/guia_turistico/src/libs/guia_js/src/speech/SpeechItem.js
FN:78,(anonymous_0)
FN:137,(anonymous_1)
FN:170,(anonymous_2)
FNF:3
FNH:3
FNDA:4768,(anonymous_0)
FNDA:486977,(anonymous_1)
FNDA:14,(anonymous_2)
DA:80,4768
DA:81,7
DA:83,4761
DA:84,4
DA:86,4757
DA:87,3
DA:91,4754
DA:92,4754
DA:93,4754
DA:96,4754
DA:138,486977
DA:171,14
DA:174,14
DA:183,61
DA:184,43
LF:15
LH:15
BRDA:78,0,0,18
BRDA:78,1,0,4742
BRDA:80,2,0,7
BRDA:80,2,1,4761
BRDA:83,3,0,4
BRDA:83,3,1,4757
BRDA:86,4,0,3
BRDA:86,4,1,4754
BRDA:137,5,0,14
BRDA:171,6,0,1
BRDA:171,6,1,13
BRDA:183,7,0,43
BRDA:183,7,1,18
BRF:13
BRH:13
end_of_record
TN:
SF:submodules/guia_turistico/src/libs/guia_js/src/speech/SpeechQueue.js
FN:69,(anonymous_0)
FN:131,(anonymous_1)
FN:144,(anonymous_2)
FN:154,(anonymous_3)
FN:165,(anonymous_4)
FN:176,(anonymous_5)
FN:189,(anonymous_6)
FN:211,(anonymous_7)
FN:229,(anonymous_8)
FN:241,(anonymous_9)
FN:259,(anonymous_10)
FN:277,(anonymous_11)
FN:294,(anonymous_12)
FN:295,(anonymous_13)
FN:321,(anonymous_14)
FN:379,(anonymous_15)
FN:407,(anonymous_16)
FN:423,(anonymous_17)
FN:437,(anonymous_18)
FN:441,(anonymous_19)
FN:459,(anonymous_20)
FN:476,(anonymous_21)
FN:493,(anonymous_22)
FNF:23
FNH:19
FNDA:116,(anonymous_0)
FNDA:10,(anonymous_1)
FNDA:6,(anonymous_2)
FNDA:0,(anonymous_3)
FNDA:0,(anonymous_4)
FNDA:0,(anonymous_5)
FNDA:0,(anonymous_6)
FNDA:14,(anonymous_7)
FNDA:2,(anonymous_8)
FNDA:3075,(anonymous_9)
FNDA:12,(anonymous_10)
FNDA:3,(anonymous_11)
FNDA:3075,(anonymous_12)
FNDA:6,(anonymous_13)
FNDA:2073,(anonymous_14)
FNDA:1014,(anonymous_15)
FNDA:943,(anonymous_16)
FNDA:369,(anonymous_17)
FNDA:4389,(anonymous_18)
FNDA:485942,(anonymous_19)
FNDA:4,(anonymous_20)
FNDA:2,(anonymous_21)
FNDA:6,(anonymous_22)
DA:71,116
DA:72,4
DA:75,112
DA:76,5
DA:79,107
DA:80,0
DA:88,107
DA:95,107
DA:102,107
DA:109,107
DA:116,107
DA:132,10
DA:145,6
DA:155,0
DA:166,0
DA:177,0
DA:190,0
DA:191,0
DA:212,14
DA:213,2
DA:214,2
DA:217,12
DA:218,2
DA:221,10
DA:230,2
DA:242,3075
DA:260,12
DA:261,2
DA:262,2
DA:265,10
DA:266,2
DA:269,8
DA:278,3
DA:279,2
DA:280,2
DA:283,1
DA:295,3075
DA:296,6
DA:297,6
DA:299,2
DA:323,2073
DA:324,5
DA:327,2068
DA:328,4
DA:331,2064
DA:332,7
DA:336,2057
DA:339,2057
DA:342,2057
DA:343,2057
DA:344,155909
DA:345,848
DA:346,848
DA:348,155061
DA:352,2057
DA:355,2057
DA:356,911
DA:360,2057
DA:361,2057
DA:381,1014
DA:384,1014
DA:387,1014
DA:388,1014
DA:390,1014
DA:408,943
DA:409,943
DA:424,369
DA:425,369
DA:438,4389
DA:441,485942
DA:443,4389
DA:444,4389
DA:446,0
DA:460,4
DA:463,4
DA:464,4
DA:477,2
DA:494,6
DA:495,6
LF:79
LH:72
BRDA:69,0,0,85
BRDA:69,1,0,89
BRDA:69,2,0,108
BRDA:71,3,0,4
BRDA:71,3,1,112
BRDA:71,4,0,116
BRDA:71,4,1,113
BRDA:71,4,2,112
BRDA:75,5,0,5
BRDA:75,5,1,107
BRDA:75,6,0,112
BRDA:75,6,1,110
BRDA:75,6,2,108
BRDA:79,7,0,0
BRDA:79,7,1,107
BRDA:212,8,0,2
BRDA:212,8,1,12
BRDA:217,9,0,2
BRDA:217,9,1,10
BRDA:260,10,0,2
BRDA:260,10,1,10
BRDA:265,11,0,2
BRDA:265,11,1,8
BRDA:278,12,0,2
BRDA:278,12,1,1
BRDA:321,13,0,64
BRDA:323,14,0,5
BRDA:323,14,1,2068
BRDA:327,15,0,4
BRDA:327,15,1,2064
BRDA:331,16,0,7
BRDA:331,16,1,2057
BRDA:331,17,0,2064
BRDA:331,17,1,2060
BRDA:344,18,0,848
BRDA:344,18,1,155061
BRDA:355,19,0,911
BRDA:355,19,1,1146
BRDA:384,20,0,1014
BRDA:384,20,1,1
BRDA:444,21,0,0
BRDA:444,21,1,4389
BRDA:444,22,0,4389
BRDA:444,22,1,5
BRF:44
BRH:42
end_of_record
TN:
SF:submodules/guia_turistico/src/libs/guia_js/src/speech/SpeechSynthesisManager.js
FN:159,(anonymous_0)
FN:212,(anonymous_1)
FN:223,(anonymous_2)
FN:235,(anonymous_3)
FN:249,(anonymous_4)
FN:262,(anonymous_5)
FN:276,(anonymous_6)
FN:309,(anonymous_7)
FN:318,(anonymous_8)
FN:325,(anonymous_9)
FN:331,(anonymous_10)
FN:396,(anonymous_11)
FN:405,(anonymous_12)
FN:411,(anonymous_13)
FN:443,(anonymous_14)
FN:473,(anonymous_15)
FN:511,(anonymous_16)
FN:552,(anonymous_17)
FN:589,(anonymous_18)
FN:612,(anonymous_19)
FN:656,(anonymous_20)
FN:711,(anonymous_21)
FN:713,(anonymous_22)
FN:744,(anonymous_23)
FN:752,(anonymous_24)
FN:757,(anonymous_25)
FN:764,(anonymous_26)
FN:778,(anonymous_27)
FN:809,(anonymous_28)
FN:815,(anonymous_29)
FN:833,(anonymous_30)
FN:856,(anonymous_31)
FN:878,(anonymous_32)
FN:912,(anonymous_33)
FN:948,(anonymous_34)
FN:972,(anonymous_35)
FN:1007,(anonymous_36)
FN:1037,(anonymous_37)
FNF:38
FNH:7
FNDA:9,(anonymous_0)
FNDA:0,(anonymous_1)
FNDA:0,(anonymous_2)
FNDA:0,(anonymous_3)
FNDA:0,(anonymous_4)
FNDA:32,(anonymous_5)
FNDA:8,(anonymous_6)
FNDA:8,(anonymous_7)
FNDA:8,(anonymous_8)
FNDA:0,(anonymous_9)
FNDA:0,(anonymous_10)
FNDA:0,(anonymous_11)
FNDA:0,(anonymous_12)
FNDA:0,(anonymous_13)
FNDA:0,(anonymous_14)
FNDA:0,(anonymous_15)
FNDA:0,(anonymous_16)
FNDA:0,(anonymous_17)
FNDA:0,(anonymous_18)
FNDA:0,(anonymous_19)
FNDA:0,(anonymous_20)
FNDA:0,(anonymous_21)
FNDA:0,(anonymous_22)
FNDA:0,(anonymous_23)
FNDA:0,(anonymous_24)
FNDA:0,(anonymous_25)
FNDA:0,(anonymous_26)
FNDA:0,(anonymous_27)
FNDA:8,(anonymous_28)
FNDA:0,(anonymous_29)
FNDA:8,(anonymous_30)
FNDA:0,(anonymous_31)
FNDA:0,(anonymous_32)
FNDA:0,(anonymous_33)
FNDA:0,(anonymous_34)
FNDA:0,(anonymous_35)
FNDA:0,(anonymous_36)
FNDA:0,(anonymous_37)
DA:73,58
DA:96,58
DA:161,9
DA:162,0
DA:166,9
DA:169,9
DA:170,1
DA:174,8
DA:177,8
DA:178,8
DA:181,8
DA:182,8
DA:185,8
DA:188,8
DA:191,8
DA:192,8
DA:195,8
DA:196,8
DA:197,8
DA:198,8
DA:201,8
DA:203,8
DA:213,0
DA:224,0
DA:225,0
DA:236,0
DA:237,0
DA:250,0
DA:251,0
DA:252,0
DA:263,32
DA:264,0
DA:265,0
DA:277,8
DA:278,0
DA:318,8
DA:320,8
DA:322,8
DA:325,8
DA:326,0
DA:330,8
DA:331,8
DA:332,0
DA:337,8
DA:340,8
DA:341,0
DA:346,0
DA:348,8
DA:352,8
DA:354,0
DA:355,0
DA:356,8
DA:358,0
DA:359,0
DA:364,8
DA:367,8
DA:368,8
DA:369,8
DA:398,0
DA:399,0
DA:400,0
DA:403,0
DA:405,0
DA:406,0
DA:407,0
DA:410,0
DA:411,0
DA:412,0
DA:415,0
DA:417,0
DA:418,0
DA:419,0
DA:420,0
DA:422,0
DA:423,0
DA:444,0
DA:445,0
DA:446,0
DA:447,0
DA:475,0
DA:476,0
DA:479,0
DA:481,0
DA:482,0
DA:484,0
DA:513,0
DA:514,0
DA:518,0
DA:519,0
DA:522,0
DA:523,0
DA:525,0
DA:554,0
DA:555,0
DA:559,0
DA:560,0
DA:563,0
DA:564,0
DA:566,0
DA:591,0
DA:613,0
DA:657,0
DA:660,0
DA:661,0
DA:664,0
DA:665,0
DA:668,0
DA:669,0
DA:673,0
DA:674,0
DA:677,0
DA:678,0
DA:679,0
DA:681,0
DA:713,0
DA:715,0
DA:716,0
DA:718,0
DA:722,0
DA:725,0
DA:726,0
DA:727,0
DA:730,0
DA:733,0
DA:736,0
DA:739,0
DA:740,0
DA:741,0
DA:744,0
DA:745,0
DA:746,0
DA:749,0
DA:750,0
DA:752,0
DA:757,0
DA:758,0
DA:759,0
DA:762,0
DA:763,0
DA:764,0
DA:769,0
DA:770,0
DA:771,0
DA:773,0
DA:774,0
DA:777,0
DA:778,0
DA:811,8
DA:813,8
DA:815,8
DA:816,0
DA:834,8
DA:835,0
DA:836,0
DA:837,0
DA:857,0
DA:858,0
DA:859,0
DA:861,0
DA:879,0
DA:880,0
DA:881,0
DA:883,0
DA:914,0
DA:917,0
DA:918,0
DA:921,0
DA:924,0
DA:926,0
DA:949,0
DA:973,0
DA:1008,0
DA:1038,0
LF:173
LH:42
BRDA:159,0,0,9
BRDA:161,1,0,0
BRDA:161,1,1,9
BRDA:169,2,0,1
BRDA:169,2,1,8
BRDA:169,3,0,9
BRDA:169,3,1,9
BRDA:263,4,0,0
BRDA:263,4,1,32
BRDA:263,5,0,32
BRDA:263,5,1,0
BRDA:263,5,2,0
BRDA:277,6,0,0
BRDA:277,6,1,8
BRDA:277,7,0,8
BRDA:277,7,1,0
BRDA:277,7,2,0
BRDA:326,8,0,0
BRDA:326,8,1,0
BRDA:330,9,0,8
BRDA:330,9,1,0
BRDA:332,10,0,0
BRDA:332,10,1,0
BRDA:337,11,0,8
BRDA:337,11,1,8
BRDA:337,11,2,8
BRDA:340,12,0,0
BRDA:340,12,1,8
BRDA:341,13,0,0
BRDA:341,13,1,0
BRDA:343,14,0,0
BRDA:343,14,1,0
BRDA:352,15,0,0
BRDA:352,15,1,8
BRDA:352,16,0,8
BRDA:352,16,1,0
BRDA:356,17,0,0
BRDA:356,17,1,8
BRDA:356,18,0,8
BRDA:356,18,1,0
BRDA:356,18,2,0
BRDA:367,19,0,8
BRDA:367,19,1,0
BRDA:367,20,0,8
BRDA:367,20,1,8
BRDA:398,21,0,0
BRDA:398,21,1,0
BRDA:412,22,0,0
BRDA:412,22,1,0
BRDA:415,23,0,0
BRDA:415,23,1,0
BRDA:420,24,0,0
BRDA:420,24,1,0
BRDA:444,25,0,0
BRDA:444,25,1,0
BRDA:475,26,0,0
BRDA:475,26,1,0
BRDA:475,27,0,0
BRDA:475,27,1,0
BRDA:475,27,2,0
BRDA:481,28,0,0
BRDA:481,28,1,0
BRDA:513,29,0,0
BRDA:513,29,1,0
BRDA:513,30,0,0
BRDA:513,30,1,0
BRDA:522,31,0,0
BRDA:522,31,1,0
BRDA:554,32,0,0
BRDA:554,32,1,0
BRDA:554,33,0,0
BRDA:554,33,1,0
BRDA:563,34,0,0
BRDA:563,34,1,0
BRDA:656,35,0,0
BRDA:660,36,0,0
BRDA:660,36,1,0
BRDA:664,37,0,0
BRDA:664,37,1,0
BRDA:664,38,0,0
BRDA:664,38,1,0
BRDA:668,39,0,0
BRDA:668,39,1,0
BRDA:668,40,0,0
BRDA:668,40,1,0
BRDA:677,41,0,0
BRDA:677,41,1,0
BRDA:715,42,0,0
BRDA:715,42,1,0
BRDA:715,43,0,0
BRDA:715,43,1,0
BRDA:725,44,0,0
BRDA:725,44,1,0
BRDA:749,45,0,0
BRDA:749,45,1,0
BRDA:762,46,0,0
BRDA:762,46,1,0
BRDA:777,47,0,0
BRDA:777,47,1,0
BRDA:834,48,0,0
BRDA:834,48,1,8
BRDA:857,49,0,0
BRDA:857,49,1,0
BRDA:857,50,0,0
BRDA:857,50,1,0
BRDA:879,51,0,0
BRDA:879,51,1,0
BRDA:1009,52,0,0
BRDA:1009,52,1,0
BRDA:1038,53,0,0
BRDA:1038,53,1,0
BRF:111
BRH:23
end_of_record
TN:
SF:submodules/guia_turistico/src/libs/guia_js/src/status/SingletonStatusManager.js
FN:84,(anonymous_0)
FN:130,(anonymous_1)
FN:176,(anonymous_2)
FN:235,(anonymous_3)
FN:268,(anonymous_4)
FN:295,(anonymous_5)
FNF:6
FNH:6
FNDA:89,(anonymous_0)
FNDA:10157,(anonymous_1)
FNDA:20443,(anonymous_2)
FNDA:12325,(anonymous_3)
FNDA:152,(anonymous_4)
FNDA:17,(anonymous_5)
DA:86,89
DA:87,13
DA:91,76
DA:94,76
DA:131,10157
DA:178,20443
DA:179,56
DA:183,20387
DA:187,20387
DA:188,20385
DA:189,10201
DA:191,10184
DA:237,12325
DA:238,12325
DA:269,152
DA:296,17
DA:304,60
DA:305,42
LF:18
LH:18
BRDA:86,0,0,13
BRDA:86,0,1,76
BRDA:178,1,0,56
BRDA:178,1,1,20387
BRDA:187,2,0,20385
BRDA:187,2,1,2
BRDA:187,3,0,20387
BRDA:187,3,1,20385
BRDA:188,4,0,10201
BRDA:188,4,1,10184
BRDA:237,5,0,12325
BRDA:237,5,1,69
BRDA:304,6,0,42
BRDA:304,6,1,18
BRF:14
BRH:14
end_of_record
TN:
SF:submodules/guia_turistico/src/libs/guia_js/src/timing/Chronometer.js
FN:61,(anonymous_0)
FN:92,(anonymous_1)
FN:102,(anonymous_2)
FN:122,(anonymous_3)
FN:145,(anonymous_4)
FN:171,(anonymous_5)
FN:197,(anonymous_6)
FN:204,(anonymous_7)
FN:220,(anonymous_8)
FN:255,(anonymous_9)
FN:299,(anonymous_10)
FNF:11
FNH:11
FNDA:69,(anonymous_0)
FNDA:41,(anonymous_1)
FNDA:10,(anonymous_2)
FNDA:33,(anonymous_3)
FNDA:14,(anonymous_4)
FNDA:54,(anonymous_5)
FNDA:67,(anonymous_6)
FNDA:201,(anonymous_7)
FNDA:54,(anonymous_8)
FNDA:14,(anonymous_9)
FNDA:3,(anonymous_10)
DA:62,69
DA:63,69
DA:64,69
DA:65,69
DA:66,69
DA:67,69
DA:70,69
DA:93,41
DA:94,40
DA:95,40
DA:96,40
DA:99,40
DA:102,40
DA:103,10
DA:123,33
DA:124,24
DA:125,24
DA:126,24
DA:127,24
DA:146,14
DA:147,14
DA:148,14
DA:149,14
DA:150,12
DA:172,54
DA:173,2
DA:175,52
DA:198,67
DA:199,67
DA:200,67
DA:201,67
DA:203,67
DA:204,201
DA:221,54
DA:222,48
DA:223,48
DA:224,48
DA:257,14
DA:260,5
DA:261,5
DA:262,9
DA:264,3
DA:265,1
DA:270,14
DA:271,2
DA:272,2
DA:273,1
DA:278,14
DA:279,2
DA:280,1
DA:300,3
DA:301,3
DA:302,3
LF:53
LH:53
BRDA:61,0,0,66
BRDA:71,1,0,69
BRDA:71,1,1,66
BRDA:72,2,0,69
BRDA:72,2,1,68
BRDA:73,3,0,69
BRDA:73,3,1,67
BRDA:93,4,0,40
BRDA:93,4,1,1
BRDA:123,5,0,24
BRDA:123,5,1,9
BRDA:125,6,0,24
BRDA:125,6,1,0
BRDA:149,7,0,12
BRDA:149,7,1,2
BRDA:172,8,0,2
BRDA:172,8,1,52
BRDA:221,9,0,48
BRDA:221,9,1,6
BRDA:257,10,0,5
BRDA:257,10,1,9
BRDA:257,11,0,14
BRDA:257,11,1,11
BRDA:262,12,0,3
BRDA:262,12,1,6
BRDA:264,13,0,1
BRDA:264,13,1,2
BRDA:264,14,0,3
BRDA:264,14,1,1
BRDA:270,15,0,2
BRDA:270,15,1,12
BRDA:272,16,0,1
BRDA:272,16,1,1
BRDA:278,17,0,2
BRDA:278,17,1,12
BRDA:279,18,0,1
BRDA:279,18,1,1
BRDA:300,19,0,2
BRDA:300,19,1,1
BRF:39
BRH:38
end_of_record
TN:
SF:submodules/guia_turistico/src/libs/guia_js/src/utils/device.js
FN:75,(anonymous_0)
FNF:1
FNH:1
FNDA:73,(anonymous_0)
DA:75,58
DA:77,73
DA:78,73
DA:81,73
DA:82,17
DA:87,56
DA:89,56
DA:90,56
DA:94,56
DA:98,56
DA:99,56
DA:102,56
DA:104,56
LF:13
LH:13
BRDA:75,0,0,68
BRDA:77,1,0,73
BRDA:77,1,1,68
BRDA:77,2,0,67
BRDA:77,2,1,1
BRDA:78,3,0,73
BRDA:78,3,1,68
BRDA:78,4,0,51
BRDA:78,4,1,17
BRDA:81,5,0,17
BRDA:81,5,1,56
BRDA:81,6,0,73
BRDA:81,6,1,72
BRDA:87,7,0,56
BRDA:87,7,1,4
BRDA:87,7,2,2
BRDA:87,7,3,2
BRDA:88,8,0,0
BRDA:88,8,1,2
BRDA:94,9,0,56
BRDA:94,9,1,28
BRDA:98,10,0,44
BRDA:98,10,1,12
BRF:23
BRH:22
end_of_record
TN:
SF:submodules/guia_turistico/src/libs/guia_js/src/utils/distance.js
FN:49,(anonymous_0)
FN:75,(anonymous_1)
FN:75,(anonymous_2)
FNF:3
FNH:1
FNDA:10,(anonymous_0)
FNDA:0,(anonymous_1)
FNDA:0,(anonymous_2)
DA:13,59
DA:49,59
DA:50,10
DA:51,10
DA:52,10
DA:53,10
DA:54,10
DA:57,10
DA:59,10
DA:61,10
DA:75,59
LF:11
LH:11
BRF:0
BRH:0
end_of_record
TN:
SF:submodules/guia_turistico/src/libs/guia_js/src/utils/logger.js
FN:23,(anonymous_0)
FN:37,(anonymous_1)
FN:53,(anonymous_2)
FN:69,(anonymous_3)
FNF:4
FNH:3
FNDA:3522,(anonymous_0)
FNDA:3362,(anonymous_1)
FNDA:160,(anonymous_2)
FNDA:0,(anonymous_3)
DA:23,3522
DA:37,61
DA:38,3362
DA:53,61
DA:54,160
DA:69,61
DA:70,0
LF:7
LH:6
BRF:0
BRH:0
end_of_record
TN:
SF:submodules/monitora_vagas/src/App.js
FN:4,App
FNF:1
FNH:0
FNDA:0,App
DA:5,0
LF:1
LH:0
BRF:0
BRH:0
end_of_record
TN:
SF:submodules/monitora_vagas/src/main.js
FN:19,(anonymous_0)
FN:36,(anonymous_1)
FN:67,(anonymous_2)
FN:106,(anonymous_3)
FN:108,(anonymous_4)
FN:116,(anonymous_5)
FN:120,(anonymous_6)
FN:124,(anonymous_7)
FN:128,(anonymous_8)
FN:133,(anonymous_9)
FN:144,(anonymous_10)
FN:155,(anonymous_11)
FN:169,(anonymous_12)
FN:191,(anonymous_13)
FN:195,(anonymous_14)
FN:200,(anonymous_15)
FN:202,(anonymous_16)
FN:211,(anonymous_17)
FN:238,(anonymous_18)
FN:250,(anonymous_19)
FN:268,(anonymous_20)
FN:289,(anonymous_21)
FN:307,(anonymous_22)
FN:326,(anonymous_23)
FN:343,(anonymous_24)
FN:362,(anonymous_25)
FN:379,(anonymous_26)
FN:398,(anonymous_27)
FN:407,(anonymous_28)
FNF:29
FNH:0
FNDA:0,(anonymous_0)
FNDA:0,(anonymous_1)
FNDA:0,(anonymous_2)
FNDA:0,(anonymous_3)
FNDA:0,(anonymous_4)
FNDA:0,(anonymous_5)
FNDA:0,(anonymous_6)
FNDA:0,(anonymous_7)
FNDA:0,(anonymous_8)
FNDA:0,(anonymous_9)
FNDA:0,(anonymous_10)
FNDA:0,(anonymous_11)
FNDA:0,(anonymous_12)
FNDA:0,(anonymous_13)
FNDA:0,(anonymous_14)
FNDA:0,(anonymous_15)
FNDA:0,(anonymous_16)
FNDA:0,(anonymous_17)
FNDA:0,(anonymous_18)
FNDA:0,(anonymous_19)
FNDA:0,(anonymous_20)
FNDA:0,(anonymous_21)
FNDA:0,(anonymous_22)
FNDA:0,(anonymous_23)
FNDA:0,(anonymous_24)
FNDA:0,(anonymous_25)
FNDA:0,(anonymous_26)
FNDA:0,(anonymous_27)
FNDA:0,(anonymous_28)
DA:20,0
DA:21,0
DA:22,0
DA:30,0
DA:37,0
DA:39,0
DA:40,0
DA:41,0
DA:42,0
DA:43,0
DA:47,0
DA:48,0
DA:52,0
DA:53,0
DA:54,0
DA:56,0
DA:59,0
DA:60,0
DA:69,0
DA:70,0
DA:71,0
DA:72,0
DA:73,0
DA:77,0
DA:108,0
DA:109,0
DA:110,0
DA:111,0
DA:116,0
DA:117,0
DA:120,0
DA:121,0
DA:124,0
DA:125,0
DA:128,0
DA:129,0
DA:133,0
DA:134,0
DA:135,0
DA:145,0
DA:147,0
DA:150,0
DA:151,0
DA:155,0
DA:156,0
DA:157,0
DA:158,0
DA:163,0
DA:170,0
DA:171,0
DA:173,0
DA:175,0
DA:176,0
DA:178,0
DA:179,0
DA:181,0
DA:182,0
DA:184,0
DA:192,0
DA:195,0
DA:196,0
DA:200,0
DA:202,0
DA:203,0
DA:212,0
DA:234,0
DA:235,0
DA:238,0
DA:239,0
DA:243,0
DA:244,0
DA:251,0
DA:269,0
DA:270,0
DA:271,0
DA:274,0
DA:275,0
DA:276,0
DA:280,0
DA:281,0
DA:282,0
DA:290,0
DA:293,0
DA:294,0
DA:295,0
DA:298,0
DA:299,0
DA:300,0
DA:308,0
DA:309,0
DA:310,0
DA:311,0
DA:314,0
DA:315,0
DA:316,0
DA:320,0
DA:327,0
DA:328,0
DA:330,0
DA:331,0
DA:334,0
DA:335,0
DA:336,0
DA:344,0
DA:345,0
DA:347,0
DA:348,0
DA:355,0
DA:362,0
DA:373,0
DA:381,0
DA:382,0
DA:383,0
DA:384,0
DA:395,0
DA:398,0
DA:399,0
DA:400,0
DA:407,0
DA:408,0
LF:120
LH:0
BRDA:40,0,0,0
BRDA:40,0,1,0
BRDA:47,1,0,0
BRDA:47,1,1,0
BRDA:70,2,0,0
BRDA:70,2,1,0
BRDA:109,3,0,0
BRDA:109,3,1,0
BRDA:134,4,0,0
BRDA:134,4,1,0
BRDA:144,5,0,0
BRDA:145,6,0,0
BRDA:145,6,1,0
BRDA:150,7,0,0
BRDA:150,7,1,0
BRDA:157,8,0,0
BRDA:157,8,1,0
BRDA:171,9,0,0
BRDA:171,9,1,0
BRDA:173,10,0,0
BRDA:173,10,1,0
BRDA:173,10,2,0
BRDA:173,10,3,0
BRDA:275,11,0,0
BRDA:275,11,1,0
BRDA:281,12,0,0
BRDA:281,12,1,0
BRDA:294,13,0,0
BRDA:294,13,1,0
BRDA:299,14,0,0
BRDA:299,14,1,0
BRDA:300,15,0,0
BRDA:300,15,1,0
BRDA:311,16,0,0
BRDA:311,16,1,0
BRDA:315,17,0,0
BRDA:315,17,1,0
BRDA:331,18,0,0
BRDA:331,18,1,0
BRDA:335,19,0,0
BRDA:335,19,1,0
BRDA:345,20,0,0
BRDA:345,20,1,0
BRDA:347,21,0,0
BRDA:347,21,1,0
BRDA:347,22,0,0
BRDA:347,22,1,0
BRDA:399,23,0,0
BRDA:399,23,1,0
BRF:49
BRH:0
end_of_record
TN:
SF:submodules/monitora_vagas/src/sw.js
FN:15,(anonymous_0)
FN:18,(anonymous_1)
FN:26,(anonymous_2)
FN:29,(anonymous_3)
FN:38,(anonymous_4)
FN:40,(anonymous_5)
FN:42,(anonymous_6)
FNF:7
FNH:0
FNDA:0,(anonymous_0)
FNDA:0,(anonymous_1)
FNDA:0,(anonymous_2)
FNDA:0,(anonymous_3)
FNDA:0,(anonymous_4)
FNDA:0,(anonymous_5)
FNDA:0,(anonymous_6)
DA:4,0
DA:5,0
DA:15,0
DA:16,0
DA:19,0
DA:20,0
DA:26,0
DA:27,0
DA:31,0
DA:38,0
DA:39,0
DA:41,0
DA:43,0
DA:44,0
DA:45,0
LF:15
LH:0
BRDA:31,0,0,0
BRDA:31,0,1,0
BRDA:43,1,0,0
BRDA:43,1,1,0
BRF:4
BRH:0
end_of_record
TN:
SF:submodules/monitora_vagas/src/components/index.js
FNF:0
FNH:0
LF:0
LH:0
BRF:0
BRH:0
end_of_record
TN:
SF:submodules/monitora_vagas/src/components/AdvancedSearchModal/AdvancedSearchModal.js
FN:1,AdvancedSearchModal
FNF:1
FNH:0
FNDA:0,AdvancedSearchModal
DA:2,0
LF:1
LH:0
BRF:0
BRH:0
end_of_record
TN:
SF:submodules/monitora_vagas/src/components/AdvancedSearchModal/index.js
FNF:0
FNH:0
LF:0
LH:0
BRF:0
BRH:0
end_of_record
TN:
SF:submodules/monitora_vagas/src/components/ProgressBar/ProgressBar.js
FN:1,ProgressBar
FN:20,getStatusContent
FNF:2
FNH:0
FNDA:0,ProgressBar
FNDA:0,getStatusContent
DA:2,0
DA:4,0
DA:21,0
DA:44,0
DA:45,0
DA:47,0
LF:6
LH:0
BRDA:1,0,0,0
BRDA:1,1,0,0
BRDA:1,2,0,0
BRDA:2,3,0,0
BRDA:2,3,1,0
BRDA:44,4,0,0
BRDA:44,4,1,0
BRDA:45,5,0,0
BRDA:45,5,1,0
BRF:9
BRH:0
end_of_record
TN:
SF:submodules/monitora_vagas/src/components/ProgressBar/index.js
FNF:0
FNH:0
LF:0
LH:0
BRF:0
BRH:0
end_of_record
TN:
SF:submodules/monitora_vagas/src/components/QuickSearch/QuickSearch.js
FN:3,(anonymous_0)
FN:12,(anonymous_1)
FN:30,(anonymous_2)
FN:66,(anonymous_3)
FN:110,(anonymous_4)
FN:120,(anonymous_5)
FN:125,(anonymous_6)
FN:126,(anonymous_7)
FN:127,(anonymous_8)
FN:136,(anonymous_9)
FN:158,(anonymous_10)
FN:166,(anonymous_11)
FN:199,(anonymous_12)
FN:208,(anonymous_13)
FN:253,(anonymous_14)
FN:276,(anonymous_15)
FN:278,(anonymous_16)
FN:286,(anonymous_17)
FN:299,(anonymous_18)
FN:314,(anonymous_19)
FN:379,(anonymous_20)
FN:419,(anonymous_21)
FN:436,(anonymous_22)
FN:458,(anonymous_23)
FN:461,(anonymous_24)
FN:462,(anonymous_25)
FN:466,(anonymous_26)
FN:482,(anonymous_27)
FN:490,(anonymous_28)
FN:506,(anonymous_29)
FN:549,(anonymous_30)
FN:565,(anonymous_31)
FN:582,(anonymous_32)
FN:590,(anonymous_33)
FN:599,(anonymous_34)
FN:616,(anonymous_35)
FN:687,(anonymous_36)
FN:690,(anonymous_37)
FN:697,(anonymous_38)
FN:719,(anonymous_39)
FN:733,(anonymous_40)
FN:743,(anonymous_41)
FN:760,(anonymous_42)
FN:767,(anonymous_43)
FN:777,(anonymous_44)
FN:827,(anonymous_45)
FN:829,(anonymous_46)
FN:841,(anonymous_47)
FN:863,(anonymous_48)
FN:889,(anonymous_49)
FN:891,(anonymous_50)
FN:937,(anonymous_51)
FN:962,(anonymous_52)
FN:974,(anonymous_53)
FN:1006,(anonymous_54)
FN:1009,(anonymous_55)
FN:1021,(anonymous_56)
FN:1042,QuickSearch
FN:1127,initializeQuickSearch
FN:1143,(anonymous_59)
FN:1152,(anonymous_60)
FN:1161,(anonymous_61)
FN:1173,handleQuickSearch
FN:1234,displaySearchResults
FN:1252,(anonymous_64)
FN:1256,(anonymous_65)
FN:1309,displayError
FN:1327,handleWeekendSearch
FN:1374,displayWeekendSearchResults
FN:1375,(anonymous_69)
FN:1376,(anonymous_70)
FN:1398,(anonymous_71)
FN:1448,handlePopupSearch
FNF:73
FNH:0
FNDA:0,(anonymous_0)
FNDA:0,(anonymous_1)
FNDA:0,(anonymous_2)
FNDA:0,(anonymous_3)
FNDA:0,(anonymous_4)
FNDA:0,(anonymous_5)
FNDA:0,(anonymous_6)
FNDA:0,(anonymous_7)
FNDA:0,(anonymous_8)
FNDA:0,(anonymous_9)
FNDA:0,(anonymous_10)
FNDA:0,(anonymous_11)
FNDA:0,(anonymous_12)
FNDA:0,(anonymous_13)
FNDA:0,(anonymous_14)
FNDA:0,(anonymous_15)
FNDA:0,(anonymous_16)
FNDA:0,(anonymous_17)
FNDA:0,(anonymous_18)
FNDA:0,(anonymous_19)
FNDA:0,(anonymous_20)
FNDA:0,(anonymous_21)
FNDA:0,(anonymous_22)
FNDA:0,(anonymous_23)
FNDA:0,(anonymous_24)
FNDA:0,(anonymous_25)
FNDA:0,(anonymous_26)
FNDA:0,(anonymous_27)
FNDA:0,(anonymous_28)
FNDA:0,(anonymous_29)
FNDA:0,(anonymous_30)
FNDA:0,(anonymous_31)
FNDA:0,(anonymous_32)
FNDA:0,(anonymous_33)
FNDA:0,(anonymous_34)
FNDA:0,(anonymous_35)
FNDA:0,(anonymous_36)
FNDA:0,(anonymous_37)
FNDA:0,(anonymous_38)
FNDA:0,(anonymous_39)
FNDA:0,(anonymous_40)
FNDA:0,(anonymous_41)
FNDA:0,(anonymous_42)
FNDA:0,(anonymous_43)
FNDA:0,(anonymous_44)
FNDA:0,(anonymous_45)
FNDA:0,(anonymous_46)
FNDA:0,(anonymous_47)
FNDA:0,(anonymous_48)
FNDA:0,(anonymous_49)
FNDA:0,(anonymous_50)
FNDA:0,(anonymous_51)
FNDA:0,(anonymous_52)
FNDA:0,(anonymous_53)
FNDA:0,(anonymous_54)
FNDA:0,(anonymous_55)
FNDA:0,(anonymous_56)
FNDA:0,QuickSearch
FNDA:0,initializeQuickSearch
FNDA:0,(anonymous_59)
FNDA:0,(anonymous_60)
FNDA:0,(anonymous_61)
FNDA:0,handleQuickSearch
FNDA:0,displaySearchResults
FNDA:0,(anonymous_64)
FNDA:0,(anonymous_65)
FNDA:0,displayError
FNDA:0,handleWeekendSearch
FNDA:0,displayWeekendSearchResults
FNDA:0,(anonymous_69)
FNDA:0,(anonymous_70)
FNDA:0,(anonymous_71)
FNDA:0,handlePopupSearch
DA:5,0
DA:6,0
DA:7,0
DA:8,0
DA:13,0
DA:14,0
DA:15,0
DA:17,0
DA:18,0
DA:20,0
DA:23,0
DA:24,0
DA:26,0
DA:31,0
DA:33,0
DA:34,0
DA:35,0
DA:36,0
DA:38,0
DA:39,0
DA:41,0
DA:42,0
DA:44,0
DA:47,0
DA:48,0
DA:49,0
DA:51,0
DA:58,0
DA:61,0
DA:62,0
DA:67,0
DA:68,0
DA:70,0
DA:71,0
DA:73,0
DA:75,0
DA:76,0
DA:77,0
DA:78,0
DA:79,0
DA:81,0
DA:82,0
DA:84,0
DA:93,0
DA:96,0
DA:97,0
DA:108,0
DA:109,0
DA:110,0
DA:115,0
DA:116,0
DA:121,0
DA:122,0
DA:123,0
DA:125,0
DA:126,0
DA:127,0
DA:129,0
DA:130,0
DA:131,0
DA:132,0
DA:134,0
DA:135,0
DA:136,0
DA:137,0
DA:138,0
DA:139,0
DA:144,0
DA:145,0
DA:146,0
DA:147,0
DA:149,0
DA:150,0
DA:153,0
DA:154,0
DA:159,0
DA:160,0
DA:161,0
DA:162,0
DA:167,0
DA:168,0
DA:169,0
DA:172,0
DA:174,0
DA:175,0
DA:178,0
DA:179,0
DA:180,0
DA:181,0
DA:183,0
DA:186,0
DA:187,0
DA:191,0
DA:192,0
DA:194,0
DA:200,0
DA:201,0
DA:204,0
DA:209,0
DA:210,0
DA:213,0
DA:214,0
DA:215,0
DA:216,0
DA:217,0
DA:218,0
DA:221,0
DA:225,0
DA:226,0
DA:228,0
DA:229,0
DA:230,0
DA:231,0
DA:233,0
DA:235,0
DA:254,0
DA:257,0
DA:258,0
DA:261,0
DA:264,0
DA:270,0
DA:271,0
DA:274,0
DA:276,0
DA:278,0
DA:279,0
DA:280,0
DA:282,0
DA:286,0
DA:287,0
DA:288,0
DA:289,0
DA:292,0
DA:293,0
DA:294,0
DA:299,0
DA:300,0
DA:301,0
DA:302,0
DA:303,0
DA:304,0
DA:305,0
DA:309,0
DA:315,0
DA:374,0
DA:375,0
DA:380,0
DA:382,0
DA:383,0
DA:386,0
DA:387,0
DA:388,0
DA:389,0
DA:390,0
DA:394,0
DA:395,0
DA:396,0
DA:397,0
DA:398,0
DA:402,0
DA:403,0
DA:404,0
DA:405,0
DA:406,0
DA:410,0
DA:414,0
DA:415,0
DA:416,0
DA:419,0
DA:422,0
DA:423,0
DA:425,0
DA:427,0
DA:431,0
DA:437,0
DA:438,0
DA:440,0
DA:441,0
DA:450,0
DA:451,0
DA:453,0
DA:454,0
DA:459,0
DA:461,0
DA:462,0
DA:463,0
DA:466,0
DA:467,0
DA:468,0
DA:470,0
DA:472,0
DA:473,0
DA:474,0
DA:475,0
DA:477,0
DA:478,0
DA:482,0
DA:483,0
DA:484,0
DA:491,0
DA:493,0
DA:494,0
DA:497,0
DA:498,0
DA:499,0
DA:500,0
DA:501,0
DA:502,0
DA:506,0
DA:507,0
DA:508,0
DA:509,0
DA:510,0
DA:513,0
DA:514,0
DA:517,0
DA:518,0
DA:519,0
DA:520,0
DA:521,0
DA:522,0
DA:526,0
DA:527,0
DA:528,0
DA:529,0
DA:530,0
DA:531,0
DA:534,0
DA:544,0
DA:550,0
DA:552,0
DA:553,0
DA:556,0
DA:560,0
DA:561,0
DA:562,0
DA:565,0
DA:568,0
DA:569,0
DA:571,0
DA:573,0
DA:577,0
DA:583,0
DA:586,0
DA:591,0
DA:592,0
DA:593,0
DA:594,0
DA:600,0
DA:603,0
DA:612,0
DA:617,0
DA:619,0
DA:620,0
DA:623,0
DA:624,0
DA:625,0
DA:628,0
DA:629,0
DA:631,0
DA:633,0
DA:646,0
DA:647,0
DA:650,0
DA:651,0
DA:654,0
DA:656,0
DA:659,0
DA:661,0
DA:662,0
DA:663,0
DA:664,0
DA:665,0
DA:667,0
DA:671,0
DA:672,0
DA:674,0
DA:675,0
DA:676,0
DA:677,0
DA:678,0
DA:679,0
DA:681,0
DA:688,0
DA:690,0
DA:691,0
DA:692,0
DA:693,0
DA:697,0
DA:698,0
DA:700,0
DA:702,0
DA:703,0
DA:707,0
DA:708,0
DA:709,0
DA:710,0
DA:712,0
DA:714,0
DA:715,0
DA:716,0
DA:719,0
DA:720,0
DA:721,0
DA:722,0
DA:723,0
DA:724,0
DA:725,0
DA:730,0
DA:733,0
DA:734,0
DA:735,0
DA:736,0
DA:743,0
DA:744,0
DA:745,0
DA:746,0
DA:750,0
DA:754,0
DA:755,0
DA:756,0
DA:760,0
DA:761,0
DA:762,0
DA:763,0
DA:767,0
DA:768,0
DA:769,0
DA:772,0
DA:778,0
DA:780,0
DA:781,0
DA:782,0
DA:785,0
DA:786,0
DA:788,0
DA:789,0
DA:790,0
DA:805,0
DA:807,0
DA:808,0
DA:811,0
DA:812,0
DA:813,0
DA:816,0
DA:817,0
DA:821,0
DA:827,0
DA:828,0
DA:829,0
DA:831,0
DA:833,0
DA:834,0
DA:841,0
DA:842,0
DA:843,0
DA:846,0
DA:847,0
DA:849,0
DA:857,0
DA:858,0
DA:859,0
DA:863,0
DA:873,0
DA:891,0
DA:893,0
DA:894,0
DA:897,0
DA:899,0
DA:900,0
DA:915,0
DA:923,0
DA:931,0
DA:932,0
DA:935,0
DA:937,0
DA:938,0
DA:939,0
DA:941,0
DA:942,0
DA:943,0
DA:944,0
DA:946,0
DA:947,0
DA:948,0
DA:955,0
DA:958,0
DA:962,0
DA:975,0
DA:977,0
DA:978,0
DA:981,0
DA:984,0
DA:986,0
DA:987,0
DA:990,0
DA:991,0
DA:992,0
DA:995,0
DA:996,0
DA:1000,0
DA:1006,0
DA:1007,0
DA:1008,0
DA:1009,0
DA:1011,0
DA:1013,0
DA:1014,0
DA:1021,0
DA:1022,0
DA:1025,0
DA:1026,0
DA:1028,0
DA:1036,0
DA:1038,0
DA:1043,0
DA:1128,0
DA:1131,0
DA:1132,0
DA:1133,0
DA:1135,0
DA:1136,0
DA:1137,0
DA:1141,0
DA:1142,0
DA:1143,0
DA:1144,0
DA:1145,0
DA:1150,0
DA:1151,0
DA:1152,0
DA:1153,0
DA:1154,0
DA:1159,0
DA:1160,0
DA:1161,0
DA:1162,0
DA:1163,0
DA:1167,0
DA:1168,0
DA:1169,0
DA:1174,0
DA:1175,0
DA:1176,0
DA:1177,0
DA:1178,0
DA:1181,0
DA:1182,0
DA:1184,0
DA:1185,0
DA:1186,0
DA:1189,0
DA:1190,0
DA:1193,0
DA:1194,0
DA:1195,0
DA:1198,0
DA:1199,0
DA:1200,0
DA:1203,0
DA:1205,0
DA:1206,0
DA:1207,0
DA:1208,0
DA:1210,0
DA:1213,0
DA:1216,0
DA:1217,0
DA:1220,0
DA:1223,0
DA:1224,0
DA:1227,0
DA:1228,0
DA:1229,0
DA:1235,0
DA:1237,0
DA:1239,0
DA:1240,0
DA:1252,0
DA:1256,0
DA:1282,0
DA:1305,0
DA:1310,0
DA:1311,0
DA:1313,0
DA:1314,0
DA:1320,0
DA:1322,0
DA:1328,0
DA:1330,0
DA:1331,0
DA:1332,0
DA:1333,0
DA:1334,0
DA:1336,0
DA:1338,0
DA:1339,0
DA:1340,0
DA:1343,0
DA:1344,0
DA:1357,0
DA:1360,0
DA:1363,0
DA:1364,0
DA:1367,0
DA:1368,0
DA:1369,0
DA:1375,0
DA:1376,0
DA:1378,0
DA:1398,0
DA:1449,0
DA:1451,0
DA:1452,0
DA:1453,0
DA:1454,0
DA:1455,0
DA:1458,0
DA:1459,0
DA:1461,0
DA:1462,0
DA:1463,0
DA:1466,0
DA:1467,0
DA:1469,0
DA:1471,0
DA:1472,0
DA:1473,0
DA:1476,0
DA:1477,0
DA:1493,0
DA:1496,0
DA:1499,0
DA:1501,0
DA:1502,0
DA:1503,0
DA:1504,0
DA:1505,0
DA:1507,0
DA:1508,0
DA:1509,0
DA:1510,0
DA:1512,0
DA:1515,0
DA:1517,0
DA:1518,0
DA:1519,0
DA:1520,0
DA:1522,0
DA:1526,0
DA:1529,0
DA:1530,0
DA:1531,0
LF:553
LH:0
BRDA:17,0,0,0
BRDA:17,0,1,0
BRDA:17,1,0,0
BRDA:17,1,1,0
BRDA:30,2,0,0
BRDA:41,3,0,0
BRDA:41,3,1,0
BRDA:41,4,0,0
BRDA:41,4,1,0
BRDA:89,5,0,0
BRDA:89,5,1,0
BRDA:90,6,0,0
BRDA:90,6,1,0
BRDA:90,7,0,0
BRDA:90,7,1,0
BRDA:108,8,0,0
BRDA:108,8,1,0
BRDA:125,9,0,0
BRDA:125,9,1,0
BRDA:126,10,0,0
BRDA:126,10,1,0
BRDA:134,11,0,0
BRDA:134,11,1,0
BRDA:138,12,0,0
BRDA:138,12,1,0
BRDA:138,13,0,0
BRDA:138,13,1,0
BRDA:145,14,0,0
BRDA:145,14,1,0
BRDA:168,15,0,0
BRDA:168,15,1,0
BRDA:216,16,0,0
BRDA:216,16,1,0
BRDA:270,17,0,0
BRDA:270,17,1,0
BRDA:279,18,0,0
BRDA:279,18,1,0
BRDA:287,19,0,0
BRDA:287,19,1,0
BRDA:300,20,0,0
BRDA:300,20,1,0
BRDA:300,21,0,0
BRDA:300,21,1,0
BRDA:387,22,0,0
BRDA:387,22,1,0
BRDA:395,23,0,0
BRDA:395,23,1,0
BRDA:403,24,0,0
BRDA:403,24,1,0
BRDA:410,25,0,0
BRDA:410,25,1,0
BRDA:410,25,2,0
BRDA:414,26,0,0
BRDA:414,26,1,0
BRDA:472,27,0,0
BRDA:472,27,1,0
BRDA:494,28,0,0
BRDA:494,28,1,0
BRDA:499,29,0,0
BRDA:499,29,1,0
BRDA:519,30,0,0
BRDA:519,30,1,0
BRDA:528,31,0,0
BRDA:528,31,1,0
BRDA:553,32,0,0
BRDA:553,32,1,0
BRDA:556,33,0,0
BRDA:556,33,1,0
BRDA:556,33,2,0
BRDA:560,34,0,0
BRDA:560,34,1,0
BRDA:592,35,0,0
BRDA:592,35,1,0
BRDA:592,36,0,0
BRDA:592,36,1,0
BRDA:646,37,0,0
BRDA:646,37,1,0
BRDA:659,38,0,0
BRDA:659,38,1,0
BRDA:659,39,0,0
BRDA:659,39,1,0
BRDA:659,39,2,0
BRDA:659,39,3,0
BRDA:700,40,0,0
BRDA:700,40,1,0
BRDA:702,41,0,0
BRDA:702,41,1,0
BRDA:712,42,0,0
BRDA:712,42,1,0
BRDA:712,43,0,0
BRDA:712,43,1,0
BRDA:712,43,2,0
BRDA:712,43,3,0
BRDA:721,44,0,0
BRDA:721,44,1,0
BRDA:721,45,0,0
BRDA:721,45,1,0
BRDA:788,46,0,0
BRDA:788,46,1,0
BRDA:812,47,0,0
BRDA:812,47,1,0
BRDA:816,48,0,0
BRDA:816,48,1,0
BRDA:828,49,0,0
BRDA:828,49,1,0
BRDA:833,50,0,0
BRDA:833,50,1,0
BRDA:833,51,0,0
BRDA:833,51,1,0
BRDA:841,52,0,0
BRDA:841,52,1,0
BRDA:846,53,0,0
BRDA:846,53,1,0
BRDA:857,54,0,0
BRDA:857,54,1,0
BRDA:857,55,0,0
BRDA:857,55,1,0
BRDA:894,56,0,0
BRDA:894,56,1,0
BRDA:897,57,0,0
BRDA:897,57,1,0
BRDA:897,58,0,0
BRDA:897,58,1,0
BRDA:899,59,0,0
BRDA:899,59,1,0
BRDA:991,60,0,0
BRDA:991,60,1,0
BRDA:995,61,0,0
BRDA:995,61,1,0
BRDA:1008,62,0,0
BRDA:1008,62,1,0
BRDA:1013,63,0,0
BRDA:1013,63,1,0
BRDA:1013,64,0,0
BRDA:1013,64,1,0
BRDA:1021,65,0,0
BRDA:1021,65,1,0
BRDA:1025,66,0,0
BRDA:1025,66,1,0
BRDA:1135,67,0,0
BRDA:1135,67,1,0
BRDA:1135,68,0,0
BRDA:1135,68,1,0
BRDA:1142,69,0,0
BRDA:1142,69,1,0
BRDA:1151,70,0,0
BRDA:1151,70,1,0
BRDA:1160,71,0,0
BRDA:1160,71,1,0
BRDA:1184,72,0,0
BRDA:1184,72,1,0
BRDA:1184,73,0,0
BRDA:1184,73,1,0
BRDA:1193,74,0,0
BRDA:1193,74,1,0
BRDA:1198,75,0,0
BRDA:1198,75,1,0
BRDA:1235,76,0,0
BRDA:1235,76,1,0
BRDA:1235,77,0,0
BRDA:1235,77,1,0
BRDA:1239,78,0,0
BRDA:1239,78,1,0
BRDA:1239,79,0,0
BRDA:1239,79,1,0
BRDA:1261,80,0,0
BRDA:1261,80,1,0
BRDA:1313,81,0,0
BRDA:1313,81,1,0
BRDA:1313,82,0,0
BRDA:1313,82,1,0
BRDA:1375,83,0,0
BRDA:1375,83,1,0
BRDA:1376,84,0,0
BRDA:1376,84,1,0
BRDA:1395,85,0,0
BRDA:1395,85,1,0
BRDA:1404,86,0,0
BRDA:1404,86,1,0
BRDA:1428,87,0,0
BRDA:1428,87,1,0
BRDA:1461,88,0,0
BRDA:1461,88,1,0
BRDA:1461,89,0,0
BRDA:1461,89,1,0
BRDA:1502,90,0,0
BRDA:1502,90,1,0
BRDA:1504,91,0,0
BRDA:1504,91,1,0
BRF:189
BRH:0
end_of_record
TN:
SF:submodules/monitora_vagas/src/components/QuickSearch/index.js
FNF:0
FNH:0
LF:0
LH:0
BRF:0
BRH:0
end_of_record
TN:
SF:submodules/monitora_vagas/src/components/SearchForm/SearchForm.js
FN:1,SearchForm
FNF:1
FNH:0
FNDA:0,SearchForm
DA:2,0
LF:1
LH:0
BRF:0
BRH:0
end_of_record
TN:
SF:submodules/monitora_vagas/src/components/SearchForm/SearchFormHandler.js
FN:7,(anonymous_0)
FN:16,(anonymous_1)
FN:24,(anonymous_2)
FN:41,(anonymous_3)
FN:50,(anonymous_4)
FN:63,(anonymous_5)
FN:80,(anonymous_6)
FN:94,(anonymous_7)
FN:105,(anonymous_8)
FN:118,(anonymous_9)
FN:129,(anonymous_10)
FN:139,(anonymous_11)
FN:156,(anonymous_12)
FN:183,(anonymous_13)
FNF:14
FNH:0
FNDA:0,(anonymous_0)
FNDA:0,(anonymous_1)
FNDA:0,(anonymous_2)
FNDA:0,(anonymous_3)
FNDA:0,(anonymous_4)
FNDA:0,(anonymous_5)
FNDA:0,(anonymous_6)
FNDA:0,(anonymous_7)
FNDA:0,(anonymous_8)
FNDA:0,(anonymous_9)
FNDA:0,(anonymous_10)
FNDA:0,(anonymous_11)
FNDA:0,(anonymous_12)
FNDA:0,(anonymous_13)
DA:8,0
DA:9,0
DA:10,0
DA:17,0
DA:18,0
DA:26,0
DA:27,0
DA:30,0
DA:31,0
DA:32,0
DA:33,0
DA:35,0
DA:36,0
DA:37,0
DA:41,0
DA:42,0
DA:43,0
DA:44,0
DA:45,0
DA:50,0
DA:51,0
DA:52,0
DA:53,0
DA:54,0
DA:55,0
DA:65,0
DA:66,0
DA:70,0
DA:71,0
DA:81,0
DA:82,0
DA:84,0
DA:85,0
DA:89,0
DA:90,0
DA:91,0
DA:94,0
DA:95,0
DA:96,0
DA:99,0
DA:100,0
DA:105,0
DA:106,0
DA:107,0
DA:108,0
DA:109,0
DA:119,0
DA:120,0
DA:122,0
DA:123,0
DA:130,0
DA:131,0
DA:132,0
DA:140,0
DA:141,0
DA:143,0
DA:144,0
DA:145,0
DA:146,0
DA:148,0
DA:149,0
DA:157,0
DA:158,0
DA:160,0
DA:161,0
DA:162,0
DA:166,0
DA:167,0
DA:168,0
DA:170,0
DA:177,0
DA:184,0
DA:186,0
DA:187,0
DA:188,0
DA:194,0
DA:195,0
DA:197,0
DA:198,0
DA:205,0
LF:80
LH:0
BRDA:26,0,0,0
BRDA:26,0,1,0
BRDA:35,1,0,0
BRDA:35,1,1,0
BRDA:35,2,0,0
BRDA:35,2,1,0
BRDA:35,2,2,0
BRDA:35,2,3,0
BRDA:42,3,0,0
BRDA:42,3,1,0
BRDA:51,4,0,0
BRDA:51,4,1,0
BRDA:65,5,0,0
BRDA:65,5,1,0
BRDA:70,6,0,0
BRDA:70,6,1,0
BRDA:84,7,0,0
BRDA:84,7,1,0
BRDA:84,8,0,0
BRDA:84,8,1,0
BRDA:95,9,0,0
BRDA:95,9,1,0
BRDA:99,10,0,0
BRDA:99,10,1,0
BRDA:99,11,0,0
BRDA:99,11,1,0
BRDA:106,12,0,0
BRDA:106,12,1,0
BRDA:106,13,0,0
BRDA:106,13,1,0
BRDA:107,14,0,0
BRDA:107,14,1,0
BRDA:122,15,0,0
BRDA:122,15,1,0
BRDA:123,16,0,0
BRDA:123,16,1,0
BRDA:131,17,0,0
BRDA:131,17,1,0
[...]
DA:261,0
DA:273,0
DA:275,0
DA:277,0
DA:279,0
DA:283,0
DA:285,0
DA:288,0
DA:290,0
DA:294,0
DA:295,0
DA:299,0
DA:310,0
DA:312,0
DA:313,0
DA:320,0
DA:321,0
DA:324,0
DA:325,0
DA:328,0
DA:343,0
DA:345,0
DA:346,0
DA:348,0
DA:349,0
DA:351,0
DA:352,0
DA:355,0
DA:357,0
DA:360,0
DA:362,0
DA:363,0
DA:367,0
DA:368,0
DA:372,0
DA:373,0
DA:377,0
DA:378,0
DA:379,0
DA:380,0
DA:392,0
DA:394,0
DA:396,0
DA:399,0
DA:400,0
DA:401,0
DA:402,0
DA:403,0
DA:405,0
DA:407,0
DA:408,0
DA:417,0
DA:419,0
DA:420,0
DA:421,0
DA:422,0
DA:424,0
DA:425,0
DA:426,0
DA:427,0
DA:437,0
DA:439,0
DA:440,0
DA:441,0
DA:442,0
DA:443,0
DA:454,0
DA:455,0
DA:456,0
DA:457,0
DA:459,0
DA:460,0
DA:473,0
DA:475,0
DA:476,0
DA:477,0
DA:488,0
DA:489,0
DA:501,0
DA:516,0
DA:518,0
DA:519,0
DA:520,0
DA:521,0
DA:522,0
DA:523,0
DA:524,0
DA:525,0
DA:534,0
DA:535,0
DA:536,0
DA:537,0
DA:538,0
DA:547,0
DA:548,0
DA:549,0
DA:550,0
DA:551,0
DA:560,0
DA:561,0
DA:562,0
DA:563,0
DA:572,0
DA:574,0
DA:575,0
DA:576,0
DA:580,0
DA:581,0
DA:591,0
DA:594,0
DA:595,0
DA:596,0
DA:608,0
DA:609,0
DA:620,0
DA:621,0
DA:622,0
DA:623,0
DA:627,0
DA:628,0
LF:157
LH:0
BRDA:20,0,0,0
BRDA:23,1,0,0
BRDA:23,1,1,0
BRDA:24,2,0,0
BRDA:24,2,1,0
BRDA:27,3,0,0
BRDA:27,3,1,0
BRDA:35,4,0,0
BRDA:35,4,1,0
BRDA:36,5,0,0
BRDA:36,5,1,0
BRDA:39,6,0,0
BRDA:39,6,1,0
BRDA:40,7,0,0
BRDA:40,7,1,0
BRDA:41,8,0,0
BRDA:41,8,1,0
BRDA:42,9,0,0
BRDA:42,9,1,0
BRDA:45,10,0,0
BRDA:45,10,1,0
BRDA:46,11,0,0
BRDA:46,11,1,0
BRDA:47,12,0,0
BRDA:47,12,1,0
BRDA:50,13,0,0
BRDA:50,13,1,0
BRDA:51,14,0,0
BRDA:51,14,1,0
BRDA:52,15,0,0
BRDA:52,15,1,0
BRDA:55,16,0,0
BRDA:55,16,1,0
BRDA:79,17,0,0
BRDA:119,18,0,0
BRDA:119,18,1,0
BRDA:121,19,0,0
BRDA:121,19,1,0
BRDA:142,20,0,0
BRDA:187,21,0,0
BRDA:187,21,1,0
BRDA:207,22,0,0
BRDA:221,23,0,0
BRDA:221,23,1,0
BRDA:237,24,0,0
BRDA:237,24,1,0
BRDA:238,25,0,0
BRDA:238,25,1,0
BRDA:249,26,0,0
BRDA:252,27,0,0
BRDA:252,27,1,0
BRDA:252,27,2,0
BRDA:252,27,3,0
BRDA:252,27,4,0
BRDA:273,28,0,0
BRDA:273,28,1,0
BRDA:273,29,0,0
BRDA:273,29,1,0
BRDA:273,29,2,0
BRDA:275,30,0,0
BRDA:275,30,1,0
BRDA:275,31,0,0
BRDA:275,31,1,0
BRDA:275,31,2,0
BRDA:283,32,0,0
BRDA:283,32,1,0
BRDA:283,33,0,0
BRDA:283,33,1,0
BRDA:285,34,0,0
BRDA:285,34,1,0
BRDA:285,35,0,0
BRDA:285,35,1,0
BRDA:285,35,2,0
BRDA:294,36,0,0
BRDA:294,36,1,0
BRDA:309,37,0,0
BRDA:310,38,0,0
BRDA:310,39,0,0
BRDA:312,40,0,0
BRDA:314,41,0,0
BRDA:314,41,1,0
BRDA:320,42,0,0
BRDA:320,42,1,0
BRDA:320,43,0,0
BRDA:320,43,1,0
BRDA:324,44,0,0
BRDA:324,44,1,0
BRDA:324,45,0,0
BRDA:324,45,1,0
BRDA:338,46,0,0
BRDA:340,47,0,0
BRDA:341,48,0,0
BRDA:342,49,0,0
BRDA:346,50,0,0
BRDA:346,50,1,0
BRDA:351,51,0,0
BRDA:351,51,1,0
BRDA:362,52,0,0
BRDA:362,52,1,0
BRDA:362,53,0,0
BRDA:362,53,1,0
BRDA:367,54,0,0
BRDA:367,54,1,0
BRDA:367,55,0,0
BRDA:367,55,1,0
BRDA:372,56,0,0
BRDA:372,56,1,0
BRDA:372,57,0,0
BRDA:372,57,1,0
BRDA:377,58,0,0
BRDA:377,58,1,0
BRDA:377,59,0,0
BRDA:377,59,1,0
BRDA:379,60,0,0
BRDA:379,60,1,0
BRDA:400,61,0,0
BRDA:400,61,1,0
BRDA:422,62,0,0
BRDA:422,62,1,0
BRDA:424,63,0,0
BRDA:424,63,1,0
BRDA:427,64,0,0
BRDA:427,64,1,0
BRDA:440,65,0,0
BRDA:440,65,1,0
BRDA:454,66,0,0
BRDA:454,67,0,0
BRDA:459,68,0,0
BRDA:459,68,1,0
BRDA:476,69,0,0
BRDA:476,69,1,0
BRDA:595,70,0,0
BRDA:595,70,1,0
BRDA:620,71,0,0
BRDA:620,71,1,0
BRDA:620,72,0,0
BRDA:620,72,1,0
BRDA:622,73,0,0
BRDA:622,73,1,0
BRDA:627,74,0,0
BRDA:627,74,1,0
BRF:141
BRH:0
end_of_record
TN:
SF:submodules/music_in_numbers/src/scripts/ui-components/UIComponentsValidators.js
FN:20,(anonymous_0)
FN:31,(anonymous_1)
FN:55,(anonymous_2)
FN:69,(anonymous_3)
FN:87,(anonymous_4)
FN:98,(anonymous_5)
FN:116,(anonymous_6)
FN:155,(anonymous_7)
FN:170,(anonymous_8)
FN:197,(anonymous_9)
FN:207,(anonymous_10)
FN:234,(anonymous_11)
FN:244,(anonymous_12)
FN:272,(anonymous_13)
FN:300,(anonymous_14)
FN:337,(anonymous_15)
FNF:16
FNH:0
FNDA:0,(anonymous_0)
FNDA:0,(anonymous_1)
FNDA:0,(anonymous_2)
FNDA:0,(anonymous_3)
FNDA:0,(anonymous_4)
FNDA:0,(anonymous_5)
FNDA:0,(anonymous_6)
FNDA:0,(anonymous_7)
FNDA:0,(anonymous_8)
FNDA:0,(anonymous_9)
FNDA:0,(anonymous_10)
FNDA:0,(anonymous_11)
FNDA:0,(anonymous_12)
FNDA:0,(anonymous_13)
FNDA:0,(anonymous_14)
FNDA:0,(anonymous_15)
DA:21,0
DA:22,0
DA:30,0
DA:31,0
DA:33,0
DA:34,0
DA:42,0
DA:43,0
DA:44,0
DA:47,0
DA:56,0
DA:57,0
DA:64,0
DA:69,0
DA:71,0
DA:72,0
DA:79,0
DA:88,0
DA:89,0
DA:97,0
DA:98,0
DA:100,0
DA:101,0
DA:108,0
DA:117,0
DA:118,0
DA:119,0
DA:127,0
DA:128,0
DA:129,0
DA:136,0
DA:139,0
DA:140,0
DA:143,0
DA:156,0
DA:157,0
DA:160,0
DA:161,0
DA:169,0
DA:170,0
DA:172,0
DA:173,0
DA:181,0
DA:182,0
DA:189,0
DA:198,0
DA:199,0
DA:206,0
DA:207,0
DA:209,0
DA:210,0
DA:218,0
DA:219,0
DA:226,0
DA:235,0
DA:236,0
DA:243,0
DA:244,0
DA:246,0
DA:247,0
DA:255,0
DA:256,0
DA:263,0
DA:273,0
DA:274,0
DA:281,0
DA:282,0
DA:283,0
DA:290,0
DA:302,0
DA:303,0
DA:304,0
DA:312,0
DA:313,0
DA:321,0
DA:322,0
DA:329,0
DA:338,0
DA:339,0
DA:346,0
DA:347,0
DA:354,0
DA:359,0
DA:360,0
DA:361,0
DA:362,0
DA:366,0
DA:367,0
LF:88
LH:0
BRDA:21,0,0,0
BRDA:21,0,1,0
BRDA:21,1,0,0
BRDA:21,1,1,0
BRDA:33,2,0,0
BRDA:33,2,1,0
BRDA:43,3,0,0
BRDA:43,3,1,0
BRDA:56,4,0,0
BRDA:56,4,1,0
BRDA:56,5,0,0
BRDA:56,5,1,0
BRDA:71,6,0,0
BRDA:71,6,1,0
BRDA:88,7,0,0
BRDA:88,7,1,0
BRDA:88,8,0,0
BRDA:88,8,1,0
BRDA:100,9,0,0
BRDA:100,9,1,0
BRDA:117,10,0,0
BRDA:117,10,1,0
BRDA:118,11,0,0
BRDA:118,11,1,0
BRDA:128,12,0,0
BRDA:128,12,1,0
BRDA:139,13,0,0
BRDA:139,13,1,0
BRDA:139,14,0,0
BRDA:139,14,1,0
BRDA:139,14,2,0
BRDA:156,15,0,0
BRDA:156,15,1,0
BRDA:160,16,0,0
BRDA:160,16,1,0
BRDA:172,17,0,0
BRDA:172,17,1,0
BRDA:181,18,0,0
BRDA:181,18,1,0
BRDA:181,19,0,0
BRDA:181,19,1,0
BRDA:198,20,0,0
BRDA:198,20,1,0
BRDA:198,21,0,0
BRDA:198,21,1,0
BRDA:209,22,0,0
BRDA:209,22,1,0
BRDA:218,23,0,0
BRDA:218,23,1,0
BRDA:218,24,0,0
BRDA:218,24,1,0
BRDA:235,25,0,0
BRDA:235,25,1,0
BRDA:235,26,0,0
BRDA:235,26,1,0
BRDA:246,27,0,0
BRDA:246,27,1,0
BRDA:255,28,0,0
BRDA:255,28,1,0
BRDA:255,29,0,0
BRDA:255,29,1,0
BRDA:273,30,0,0
BRDA:273,30,1,0
BRDA:273,31,0,0
BRDA:273,31,1,0
BRDA:282,32,0,0
BRDA:282,32,1,0
BRDA:303,33,0,0
BRDA:303,33,1,0
BRDA:312,34,0,0
BRDA:312,34,1,0
BRDA:321,35,0,0
BRDA:321,35,1,0
BRDA:338,36,0,0
BRDA:338,36,1,0
BRDA:338,37,0,0
BRDA:338,37,1,0
BRDA:346,38,0,0
BRDA:346,38,1,0
BRDA:359,39,0,0
BRDA:359,39,1,0
BRDA:359,40,0,0
BRDA:359,40,1,0
BRDA:361,41,0,0
BRDA:361,41,1,0
BRDA:366,42,0,0
BRDA:366,42,1,0
BRF:87
BRH:0
end_of_record
TN:
SF:submodules/music_in_numbers/src/scripts/utils/UtilsBuilders.js
FN:18,(anonymous_0)
FN:47,(anonymous_1)
FN:57,(anonymous_2)
FN:58,(anonymous_3)
FN:67,(anonymous_4)
FN:80,(anonymous_5)
FN:92,(anonymous_6)
FN:117,(anonymous_7)
FN:131,(anonymous_8)
FN:143,(anonymous_9)
FN:152,(anonymous_10)
FN:165,(anonymous_11)
FN:179,(anonymous_12)
FN:205,(anonymous_13)
FN:216,(anonymous_14)
FN:233,(anonymous_15)
FN:246,(anonymous_16)
FN:262,(anonymous_17)
FN:285,(anonymous_18)
FNF:19
FNH:0
FNDA:0,(anonymous_0)
FNDA:0,(anonymous_1)
FNDA:0,(anonymous_2)
FNDA:0,(anonymous_3)
FNDA:0,(anonymous_4)
FNDA:0,(anonymous_5)
FNDA:0,(anonymous_6)
FNDA:0,(anonymous_7)
FNDA:0,(anonymous_8)
FNDA:0,(anonymous_9)
FNDA:0,(anonymous_10)
FNDA:0,(anonymous_11)
FNDA:0,(anonymous_12)
FNDA:0,(anonymous_13)
FNDA:0,(anonymous_14)
FNDA:0,(anonymous_15)
FNDA:0,(anonymous_16)
FNDA:0,(anonymous_17)
FNDA:0,(anonymous_18)
DA:19,0
DA:22,0
DA:23,0
DA:26,0
DA:27,0
DA:30,0
DA:31,0
DA:32,0
DA:35,0
DA:36,0
DA:39,0
DA:48,0
DA:51,0
DA:52,0
DA:55,0
DA:56,0
DA:57,0
DA:58,0
DA:59,0
DA:60,0
DA:66,0
DA:67,0
DA:68,0
DA:72,0
DA:81,0
DA:82,0
DA:93,0
DA:95,0
DA:118,0
DA:119,0
DA:121,0
DA:132,0
DA:133,0
DA:134,0
DA:135,0
DA:144,0
DA:153,0
DA:166,0
DA:180,0
DA:184,0
DA:185,0
DA:186,0
DA:188,0
DA:189,0
DA:192,0
DA:193,0
DA:196,0
DA:206,0
DA:217,0
DA:234,0
DA:235,0
DA:237,0
DA:247,0
DA:263,0
DA:270,0
DA:272,0
DA:273,0
DA:276,0
DA:286,0
DA:294,0
DA:295,0
DA:300,0
DA:301,0
DA:304,0
DA:305,0
LF:65
LH:0
BRDA:55,0,0,0
BRDA:55,0,1,0
BRDA:59,1,0,0
BRDA:59,1,1,0
BRDA:59,2,0,0
BRDA:59,2,1,0
BRDA:66,3,0,0
BRDA:66,3,1,0
BRDA:107,4,0,0
BRDA:107,4,1,0
BRDA:117,5,0,0
BRDA:152,6,0,0
BRDA:179,7,0,0
BRDA:184,8,0,0
BRDA:184,8,1,0
BRDA:192,9,0,0
BRDA:192,9,1,0
BRDA:216,10,0,0
BRDA:233,11,0,0
BRDA:233,12,0,0
BRDA:234,13,0,0
BRDA:234,13,1,0
BRDA:246,14,0,0
BRDA:270,15,0,0
BRDA:270,15,1,0
BRDA:272,16,0,0
BRDA:272,16,1,0
BRDA:294,17,0,0
BRDA:294,17,1,0
BRDA:300,18,0,0
BRDA:300,18,1,0
BRDA:300,19,0,0
BRDA:300,19,1,0
BRDA:304,20,0,0
BRDA:304,20,1,0
BRF:35
BRH:0
end_of_record
TN:
SF:submodules/music_in_numbers/src/scripts/utils/UtilsCore.js
FN:22,(anonymous_0)
FN:90,(anonymous_1)
FN:164,(anonymous_2)
FN:226,(anonymous_3)
FN:282,(anonymous_4)
FN:310,(anonymous_5)
FN:322,(anonymous_6)
FN:334,(anonymous_7)
FN:361,(anonymous_8)
FNF:9
FNH:0
FNDA:0,(anonymous_0)
FNDA:0,(anonymous_1)
FNDA:0,(anonymous_2)
FNDA:0,(anonymous_3)
FNDA:0,(anonymous_4)
FNDA:0,(anonymous_5)
FNDA:0,(anonymous_6)
FNDA:0,(anonymous_7)
FNDA:0,(anonymous_8)
DA:23,0
DA:25,0
DA:27,0
DA:28,0
DA:29,0
DA:30,0
DA:34,0
DA:35,0
DA:38,0
DA:41,0
DA:42,0
DA:43,0
DA:44,0
DA:48,0
DA:49,0
DA:50,0
DA:51,0
DA:54,0
DA:57,0
DA:58,0
DA:60,0
DA:61,0
DA:62,0
DA:63,0
DA:66,0
DA:67,0
DA:69,0
DA:72,0
DA:73,0
DA:74,0
DA:91,0
DA:93,0
DA:95,0
DA:96,0
DA:97,0
DA:98,0
DA:99,0
DA:103,0
DA:104,0
DA:105,0
DA:108,0
DA:111,0
DA:119,0
DA:120,0
DA:121,0
DA:122,0
DA:126,0
DA:127,0
DA:128,0
DA:129,0
DA:132,0
DA:135,0
DA:136,0
DA:138,0
DA:139,0
DA:140,0
DA:141,0
DA:144,0
DA:145,0
DA:147,0
DA:150,0
DA:151,0
DA:152,0
DA:165,0
DA:167,0
DA:169,0
DA:172,0
DA:173,0
DA:174,0
DA:175,0
DA:176,0
DA:180,0
DA:181,0
DA:184,0
DA:191,0
DA:194,0
DA:195,0
DA:198,0
DA:199,0
DA:200,0
DA:201,0
DA:204,0
DA:205,0
DA:207,0
DA:210,0
DA:211,0
DA:212,0
DA:227,0
DA:229,0
DA:231,0
DA:234,0
DA:235,0
DA:236,0
DA:237,0
DA:241,0
DA:244,0
DA:245,0
DA:246,0
DA:249,0
DA:252,0
DA:253,0
DA:255,0
DA:256,0
DA:257,0
DA:258,0
DA:261,0
DA:262,0
DA:264,0
DA:267,0
DA:268,0
DA:269,0
DA:283,0
DA:285,0
DA:287,0
DA:288,0
DA:289,0
DA:290,0
DA:294,0
DA:295,0
DA:296,0
DA:297,0
DA:301,0
DA:302,0
DA:305,0
DA:306,0
DA:307,0
DA:310,0
DA:311,0
DA:315,0
DA:316,0
DA:317,0
DA:319,0
DA:322,0
DA:323,0
DA:328,0
DA:329,0
DA:332,0
DA:333,0
DA:334,0
DA:335,0
DA:336,0
DA:340,0
DA:341,0
DA:345,0
DA:348,0
DA:349,0
DA:362,0
DA:364,0
DA:366,0
DA:367,0
DA:368,0
DA:372,0
DA:373,0
DA:374,0
DA:376,0
DA:381,0
DA:384,0
DA:390,0
DA:391,0
DA:394,0
DA:395,0
LF:161
LH:0
BRDA:28,0,0,0
BRDA:28,0,1,0
BRDA:34,1,0,0
BRDA:34,1,1,0
BRDA:35,2,0,0
BRDA:35,2,1,0
BRDA:42,3,0,0
BRDA:42,3,1,0
BRDA:97,4,0,0
BRDA:97,4,1,0
BRDA:103,5,0,0
BRDA:103,5,1,0
BRDA:104,6,0,0
BRDA:104,6,1,0
BRDA:105,7,0,0
BRDA:105,7,1,0
BRDA:108,8,0,0
BRDA:108,8,1,0
BRDA:120,9,0,0
BRDA:120,9,1,0
BRDA:169,10,0,0
BRDA:169,10,1,0
BRDA:174,11,0,0
BRDA:174,11,1,0
BRDA:235,12,0,0
BRDA:235,12,1,0
BRDA:288,13,0,0
BRDA:288,13,1,0
BRDA:295,14,0,0
BRDA:295,14,1,0
BRDA:315,15,0,0
BRDA:315,15,1,0
BRDA:316,16,0,0
BRDA:316,16,1,0
BRDA:333,17,0,0
BRDA:333,17,1,0
BRDA:335,18,0,0
BRDA:335,18,1,0
BRDA:340,19,0,0
BRDA:340,19,1,0
BRDA:367,20,0,0
BRDA:367,20,1,0
BRDA:390,21,0,0
BRDA:390,21,1,0
BRDA:390,22,0,0
BRDA:390,22,1,0
BRDA:394,23,0,0
BRDA:394,23,1,0
BRF:48
BRH:0
end_of_record
TN:
SF:submodules/music_in_numbers/src/scripts/utils/UtilsProcessors.js
FN:16,(anonymous_0)
FN:40,(anonymous_1)
FN:60,(anonymous_2)
FN:88,(anonymous_3)
FN:133,(anonymous_4)
FN:145,(anonymous_5)
FN:162,(anonymous_6)
FN:175,(anonymous_7)
FN:204,(anonymous_8)
FN:245,(anonymous_9)
FN:268,(anonymous_10)
FN:285,(anonymous_11)
FNF:12
FNH:0
FNDA:0,(anonymous_0)
FNDA:0,(anonymous_1)
FNDA:0,(anonymous_2)
FNDA:0,(anonymous_3)
FNDA:0,(anonymous_4)
FNDA:0,(anonymous_5)
FNDA:0,(anonymous_6)
FNDA:0,(anonymous_7)
FNDA:0,(anonymous_8)
FNDA:0,(anonymous_9)
FNDA:0,(anonymous_10)
FNDA:0,(anonymous_11)
DA:18,0
DA:19,0
DA:20,0
DA:23,0
DA:24,0
DA:25,0
DA:27,0
DA:41,0
DA:43,0
DA:66,0
DA:68,0
DA:89,0
DA:90,0
DA:93,0
DA:94,0
DA:96,0
DA:133,0
DA:146,0
DA:147,0
DA:150,0
DA:151,0
DA:152,0
DA:163,0
DA:164,0
DA:176,0
DA:178,0
DA:205,0
DA:236,0
DA:246,0
DA:253,0
DA:255,0
DA:269,0
DA:286,0
DA:287,0
DA:291,0
DA:292,0
DA:293,0
DA:295,0
DA:300,0
DA:301,0
DA:304,0
DA:305,0
LF:42
LH:0
BRDA:19,0,0,0
BRDA:19,0,1,0
BRDA:19,1,0,0
BRDA:19,1,1,0
BRDA:40,2,0,0
BRDA:41,3,0,0
BRDA:41,4,0,0
BRDA:60,5,0,0
BRDA:62,6,0,0
BRDA:63,7,0,0
BRDA:64,8,0,0
BRDA:65,9,0,0
BRDA:89,10,0,0
BRDA:89,10,1,0
BRDA:101,11,0,0
BRDA:101,11,1,0
BRDA:102,12,0,0
BRDA:102,12,1,0
BRDA:103,13,0,0
BRDA:103,13,1,0
BRDA:104,14,0,0
BRDA:104,14,1,0
BRDA:105,15,0,0
BRDA:105,15,1,0
BRDA:108,16,0,0
BRDA:108,16,1,0
BRDA:109,17,0,0
BRDA:109,17,1,0
BRDA:110,18,0,0
BRDA:110,18,1,0
BRDA:111,19,0,0
BRDA:111,19,1,0
BRDA:112,20,0,0
BRDA:112,20,1,0
BRDA:115,21,0,0
BRDA:115,21,1,0
BRDA:116,22,0,0
BRDA:116,22,1,0
BRDA:117,23,0,0
BRDA:117,23,1,0
BRDA:118,24,0,0
BRDA:118,24,1,0
BRDA:119,25,0,0
BRDA:119,25,1,0
BRDA:120,26,0,0
BRDA:120,26,1,0
BRDA:123,27,0,0
BRDA:123,27,1,0
BRDA:124,28,0,0
BRDA:124,28,1,0
BRDA:125,29,0,0
BRDA:125,29,1,0
BRDA:128,30,0,0
BRDA:128,30,1,0
BRDA:129,31,0,0
BRDA:129,31,1,0
BRDA:130,32,0,0
BRDA:130,32,1,0
BRDA:133,33,0,0
BRDA:133,33,1,0
BRDA:146,34,0,0
BRDA:146,34,1,0
BRDA:146,35,0,0
BRDA:146,35,1,0
BRDA:162,36,0,0
BRDA:175,37,0,0
BRDA:176,38,0,0
BRDA:176,39,0,0
BRDA:176,40,0,0
BRDA:236,41,0,0
BRDA:236,41,1,0
BRDA:253,42,0,0
BRDA:253,42,1,0
BRDA:253,42,2,0
BRDA:286,43,0,0
BRDA:286,43,1,0
BRDA:300,44,0,0
BRDA:300,44,1,0
BRDA:300,45,0,0
BRDA:300,45,1,0
BRDA:304,46,0,0
BRDA:304,46,1,0
BRF:82
BRH:0
end_of_record
TN:
SF:submodules/music_in_numbers/src/scripts/utils/UtilsUtilities.js
FN:17,(anonymous_0)
FN:20,(anonymous_1)
FN:21,(anonymous_2)
FN:24,(anonymous_3)
FN:25,(anonymous_4)
FN:26,(anonymous_5)
FN:27,(anonymous_6)
FN:42,(anonymous_7)
FN:43,(anonymous_8)
FN:44,(anonymous_9)
FN:47,(anonymous_10)
FN:55,(anonymous_11)
FN:69,(anonymous_12)
FN:74,(anonymous_13)
FN:75,(anonymous_14)
FN:76,(anonymous_15)
FN:77,(anonymous_16)
FN:78,(anonymous_17)
FN:83,(anonymous_18)
FN:92,(anonymous_19)
FN:93,(anonymous_20)
FN:99,(anonymous_21)
FN:102,(anonymous_22)
FN:103,(anonymous_23)
FN:104,(anonymous_24)
FN:105,(anonymous_25)
FN:124,(anonymous_26)
FN:125,(anonymous_27)
FN:132,(anonymous_28)
FN:136,(anonymous_29)
FN:139,(anonymous_30)
FN:140,(anonymous_31)
FN:143,(anonymous_32)
FN:144,(anonymous_33)
FN:145,(anonymous_34)
FN:148,(anonymous_35)
FN:156,(anonymous_36)
FN:167,(anonymous_37)
FN:172,(anonymous_38)
FN:177,(anonymous_39)
FN:183,(anonymous_40)
FN:189,(anonymous_41)
FN:198,(anonymous_42)
FN:221,(anonymous_43)
FN:246,(anonymous_44)
FN:278,(anonymous_45)
FN:279,(anonymous_46)
FN:300,(anonymous_47)
FN:301,(anonymous_48)
FN:318,(anonymous_49)
FN:319,(anonymous_50)
FN:330,(anonymous_51)
FN:343,(anonymous_52)
FN:361,(anonymous_53)
FN:364,(anonymous_54)
FN:365,(anonymous_55)
FN:366,(anonymous_56)
FN:366,(anonymous_57)
FN:370,(anonymous_58)
FN:371,(anonymous_59)
FN:374,(anonymous_60)
FN:381,(anonymous_61)
FN:387,(anonymous_62)
FNF:63
FNH:0
FNDA:0,(anonymous_0)
FNDA:0,(anonymous_1)
FNDA:0,(anonymous_2)
FNDA:0,(anonymous_3)
FNDA:0,(anonymous_4)
FNDA:0,(anonymous_5)
FNDA:0,(anonymous_6)
FNDA:0,(anonymous_7)
FNDA:0,(anonymous_8)
FNDA:0,(anonymous_9)
FNDA:0,(anonymous_10)
FNDA:0,(anonymous_11)
FNDA:0,(anonymous_12)
FNDA:0,(anonymous_13)
FNDA:0,(anonymous_14)
FNDA:0,(anonymous_15)
FNDA:0,(anonymous_16)
FNDA:0,(anonymous_17)
FNDA:0,(anonymous_18)
FNDA:0,(anonymous_19)
FNDA:0,(anonymous_20)
FNDA:0,(anonymous_21)
FNDA:0,(anonymous_22)
FNDA:0,(anonymous_23)
FNDA:0,(anonymous_24)
FNDA:0,(anonymous_25)
FNDA:0,(anonymous_26)
FNDA:0,(anonymous_27)
FNDA:0,(anonymous_28)
FNDA:0,(anonymous_29)
FNDA:0,(anonymous_30)
FNDA:0,(anonymous_31)
FNDA:0,(anonymous_32)
FNDA:0,(anonymous_33)
FNDA:0,(anonymous_34)
FNDA:0,(anonymous_35)
FNDA:0,(anonymous_36)
FNDA:0,(anonymous_37)
FNDA:0,(anonymous_38)
FNDA:0,(anonymous_39)
FNDA:0,(anonymous_40)
FNDA:0,(anonymous_41)
FNDA:0,(anonymous_42)
FNDA:0,(anonymous_43)
FNDA:0,(anonymous_44)
FNDA:0,(anonymous_45)
FNDA:0,(anonymous_46)
FNDA:0,(anonymous_47)
FNDA:0,(anonymous_48)
FNDA:0,(anonymous_49)
FNDA:0,(anonymous_50)
FNDA:0,(anonymous_51)
FNDA:0,(anonymous_52)
FNDA:0,(anonymous_53)
FNDA:0,(anonymous_54)
FNDA:0,(anonymous_55)
FNDA:0,(anonymous_56)
FNDA:0,(anonymous_57)
FNDA:0,(anonymous_58)
FNDA:0,(anonymous_59)
FNDA:0,(anonymous_60)
FNDA:0,(anonymous_61)
FNDA:0,(anonymous_62)
DA:18,0
DA:20,0
DA:21,0
DA:24,0
DA:25,0
DA:26,0
DA:27,0
DA:42,0
DA:43,0
DA:44,0
DA:47,0
DA:56,0
DA:57,0
DA:61,0
DA:70,0
DA:81,0
DA:84,0
DA:96,0
DA:99,0
DA:102,0
DA:103,0
DA:105,0
DA:132,0
DA:136,0
DA:139,0
DA:140,0
DA:148,0
DA:156,0
DA:159,0
DA:168,0
DA:170,0
DA:173,0
DA:174,0
DA:178,0
DA:179,0
DA:180,0
DA:184,0
DA:185,0
DA:190,0
DA:191,0
DA:192,0
DA:193,0
DA:194,0
DA:199,0
DA:200,0
DA:201,0
DA:202,0
DA:203,0
DA:204,0
DA:205,0
DA:213,0
DA:223,0
DA:228,0
DA:231,0
DA:232,0
DA:233,0
DA:234,0
DA:236,0
DA:247,0
DA:249,0
DA:254,0
DA:256,0
DA:257,0
DA:258,0
DA:262,0
DA:263,0
DA:269,0
DA:279,0
DA:280,0
DA:281,0
DA:282,0
DA:283,0
DA:284,0
DA:285,0
DA:287,0
DA:288,0
DA:289,0
DA:301,0
DA:302,0
DA:303,0
DA:305,0
DA:306,0
DA:319,0
DA:322,0
DA:323,0
DA:324,0
DA:326,0
DA:327,0
DA:329,0
DA:330,0
DA:335,0
DA:344,0
DA:362,0
DA:364,0
DA:365,0
DA:370,0
DA:375,0
DA:376,0
DA:383,0
DA:387,0
DA:393,0
DA:394,0
DA:397,0
DA:398,0
LF:104
LH:0
BRDA:17,0,0,0
BRDA:30,1,0,0
BRDA:30,1,1,0
BRDA:31,2,0,0
BRDA:31,2,1,0
BRDA:34,3,0,0
BRDA:34,3,1,0
BRDA:35,4,0,0
BRDA:35,4,1,0
BRDA:47,5,0,0
BRDA:47,5,1,0
BRDA:50,6,0,0
BRDA:50,6,1,0
BRDA:50,6,2,0
BRDA:51,7,0,0
BRDA:51,7,1,0
BRDA:55,8,0,0
BRDA:69,9,0,0
BRDA:96,10,0,0
BRDA:96,10,1,0
BRDA:167,11,0,0
BRDA:198,12,0,0
BRDA:221,13,0,0
BRDA:223,14,0,0
BRDA:223,14,1,0
BRDA:223,14,2,0
BRDA:228,15,0,0
BRDA:228,15,1,0
BRDA:231,16,0,0
BRDA:231,16,1,0
BRDA:233,17,0,0
BRDA:233,17,1,0
BRDA:246,18,0,0
BRDA:257,19,0,0
BRDA:257,19,1,0
BRDA:257,20,0,0
BRDA:257,20,1,0
BRDA:262,21,0,0
BRDA:262,21,1,0
BRDA:318,22,0,0
BRDA:318,23,0,0
BRDA:329,24,0,0
BRDA:329,24,1,0
BRDA:345,25,0,0
BRDA:345,25,1,0
BRDA:345,25,2,0
BRDA:346,26,0,0
BRDA:346,26,1,0
BRDA:348,27,0,0
BRDA:348,27,1,0
BRDA:352,28,0,0
BRDA:352,28,1,0
BRDA:376,29,0,0
BRDA:376,29,1,0
BRDA:393,30,0,0
BRDA:393,30,1,0
BRDA:393,31,0,0
BRDA:393,31,1,0
BRDA:397,32,0,0
BRDA:397,32,1,0
BRF:60
BRH:0
end_of_record
TN:
SF:submodules/music_in_numbers/src/scripts/utils/UtilsValidators.js
FN:16,(anonymous_0)
FN:39,(anonymous_1)
FN:72,(anonymous_2)
FN:98,(anonymous_3)
FN:133,(anonymous_4)
FN:158,(anonymous_5)
FN:189,(anonymous_6)
FN:222,(anonymous_7)
FNF:8
FNH:0
FNDA:0,(anonymous_0)
FNDA:0,(anonymous_1)
FNDA:0,(anonymous_2)
FNDA:0,(anonymous_3)
FNDA:0,(anonymous_4)
FNDA:0,(anonymous_5)
FNDA:0,(anonymous_6)
FNDA:0,(anonymous_7)
DA:17,0
DA:18,0
DA:24,0
DA:25,0
DA:31,0
DA:40,0
DA:41,0
DA:48,0
DA:49,0
DA:56,0
DA:57,0
DA:58,0
DA:64,0
DA:73,0
DA:74,0
DA:80,0
DA:81,0
DA:82,0
DA:83,0
DA:90,0
DA:99,0
DA:100,0
DA:106,0
DA:107,0
DA:108,0
DA:109,0
DA:117,0
DA:118,0
DA:124,0
DA:134,0
DA:135,0
DA:141,0
DA:142,0
DA:143,0
DA:149,0
DA:159,0
DA:160,0
DA:166,0
DA:167,0
DA:174,0
DA:175,0
DA:181,0
DA:190,0
DA:191,0
DA:198,0
DA:199,0
DA:200,0
DA:207,0
DA:208,0
DA:214,0
DA:223,0
DA:224,0
DA:230,0
DA:231,0
DA:237,0
DA:242,0
DA:243,0
DA:246,0
DA:247,0
LF:59
LH:0
BRDA:17,0,0,0
BRDA:17,0,1,0
BRDA:17,1,0,0
BRDA:17,1,1,0
BRDA:24,2,0,0
BRDA:24,2,1,0
BRDA:40,3,0,0
BRDA:40,3,1,0
BRDA:40,4,0,0
BRDA:40,4,1,0
BRDA:48,5,0,0
BRDA:48,5,1,0
BRDA:48,6,0,0
BRDA:48,6,1,0
BRDA:57,7,0,0
BRDA:57,7,1,0
BRDA:73,8,0,0
BRDA:73,8,1,0
BRDA:73,9,0,0
BRDA:73,9,1,0
BRDA:82,10,0,0
BRDA:82,10,1,0
BRDA:99,11,0,0
BRDA:99,11,1,0
BRDA:99,12,0,0
BRDA:99,12,1,0
BRDA:108,13,0,0
BRDA:108,13,1,0
BRDA:117,14,0,0
BRDA:117,14,1,0
BRDA:117,15,0,0
BRDA:117,15,1,0
BRDA:134,16,0,0
BRDA:134,16,1,0
BRDA:134,17,0,0
BRDA:134,17,1,0
BRDA:142,18,0,0
BRDA:142,18,1,0
BRDA:142,19,0,0
BRDA:142,19,1,0
BRDA:159,20,0,0
BRDA:159,20,1,0
BRDA:159,21,0,0
BRDA:159,21,1,0
BRDA:166,22,0,0
BRDA:166,22,1,0
BRDA:166,23,0,0
BRDA:166,23,1,0
BRDA:174,24,0,0
BRDA:174,24,1,0
BRDA:174,25,0,0
BRDA:174,25,1,0
BRDA:190,26,0,0
BRDA:190,26,1,0
BRDA:190,27,0,0
BRDA:190,27,1,0
BRDA:199,28,0,0
BRDA:199,28,1,0
BRDA:207,29,0,0
BRDA:207,29,1,0
BRDA:223,30,0,0
BRDA:223,30,1,0
BRDA:223,31,0,0
BRDA:223,31,1,0
BRDA:230,32,0,0
BRDA:230,32,1,0
BRDA:230,33,0,0
BRDA:230,33,1,0
BRDA:242,34,0,0
BRDA:242,34,1,0
BRDA:242,35,0,0
BRDA:242,35,1,0
BRDA:246,36,0,0
BRDA:246,36,1,0
BRF:74
BRH:0
end_of_record
